<?xml version="1.0" encoding="UTF-8"?>
<testng-results ignored="0" total="2" passed="2" failed="0" skipped="0">
  <reporter-output>
  </reporter-output>
  <suite started-at="2026-02-15T16:08:40 IST" name="Suite_SeleniumGrid" finished-at="2026-02-15T16:08:55 IST" duration-ms="14938">
    <groups>
    </groups>
    <test started-at="2026-02-15T16:08:40 IST" name="TestSeleniumGrid" finished-at="2026-02-15T16:08:55 IST" duration-ms="14938">
      <class name="SeleniumGridStandAlone.LoginFeature">
        <test-method is-config="true" signature="setUp()[pri:0, instance:SeleniumGridStandAlone.LoginFeature@6db9f5a4]" started-at="2026-02-15T16:08:40 IST" name="setUp" finished-at="2026-02-15T16:08:43 IST" duration-ms="2870" status="PASS">
          <reporter-output>
          </reporter-output>
        </test-method> <!-- setUp -->
        <test-method signature="loginFeatureTest()[pri:0, instance:SeleniumGridStandAlone.LoginFeature@6db9f5a4]" started-at="2026-02-15T16:08:43 IST" name="loginFeatureTest" finished-at="2026-02-15T16:08:55 IST" duration-ms="11724" status="PASS">
          <reporter-output>
          </reporter-output>
        </test-method> <!-- loginFeatureTest -->
        <test-method is-config="true" signature="tearDown()[pri:0, instance:SeleniumGridStandAlone.LoginFeature@6db9f5a4]" started-at="2026-02-15T16:08:55 IST" name="tearDown" finished-at="2026-02-15T16:08:55 IST" duration-ms="1" status="PASS">
          <reporter-output>
          </reporter-output>
        </test-method> <!-- tearDown -->
      </class> <!-- SeleniumGridStandAlone.LoginFeature -->
      <class name="SeleniumGridStandAlone.CreateAnAccount">
        <test-method is-config="true" signature="setUp()[pri:0, instance:SeleniumGridStandAlone.CreateAnAccount@5f16132a]" started-at="2026-02-15T16:08:40 IST" name="setUp" finished-at="2026-02-15T16:08:43 IST" duration-ms="3083" status="PASS">
          <reporter-output>
          </reporter-output>
        </test-method> <!-- setUp -->
        <test-method signature="createAccountfeature()[pri:0, instance:SeleniumGridStandAlone.CreateAnAccount@5f16132a]" started-at="2026-02-15T16:08:43 IST" name="createAccountfeature" finished-at="2026-02-15T16:08:49 IST" duration-ms="5405" status="PASS">
          <reporter-output>
          </reporter-output>
        </test-method> <!-- createAccountfeature -->
        <test-method is-config="true" signature="tearDown()[pri:0, instance:SeleniumGridStandAlone.CreateAnAccount@5f16132a]" started-at="2026-02-15T16:08:49 IST" name="tearDown" finished-at="2026-02-15T16:08:49 IST" duration-ms="0" status="PASS">
          <reporter-output>
          </reporter-output>
        </test-method> <!-- tearDown -->
      </class> <!-- SeleniumGridStandAlone.CreateAnAccount -->
    </test> <!-- TestSeleniumGrid -->
  </suite> <!-- Suite_SeleniumGrid -->
</testng-results>
