<?xml version="1.0" encoding="UTF-8"?>
<!-- Generated by org.testng.reporters.JUnitXMLReporter -->
<testsuite ignored="0" hostname="RS0070" failures="1" tests="1" name="AutomationP001Test" time="9.376" errors="0" timestamp="2026-07-26T22:43:39 IST">
  <testcase classname="com.qa.TestCases.VerifyRegistration" name="verifyRegPage" time="0.639">
    <failure type="java.lang.AssertionError" message="expected [true] but found [false]">
      <![CDATA[java.lang.AssertionError: expected [true] but found [false]
at com.qa.TestCases.VerifyRegistration.verifyRegPage(VerifyRegistration.java:20)
at java.base/java.util.ArrayList.forEach(ArrayList.java:1596)
at java.base/java.util.concurrent.FutureTask.run(FutureTask.java:317)
at java.base/java.util.concurrent.ThreadPoolExecutor.runWorker(ThreadPoolExecutor.java:1144)
at java.base/java.util.concurrent.ThreadPoolExecutor$Worker.run(ThreadPoolExecutor.java:642)
at java.base/java.lang.Thread.run(Thread.java:1583)
... Removed 19 stack frames]]>
    </failure>
  </testcase> <!-- verifyRegPage -->
</testsuite> <!-- AutomationP001Test -->
