<?xml version="1.0" encoding="UTF-8"?>
<!-- Generated by org.testng.reporters.JUnitReportReporter -->
<testsuite hostname="DESKTOP-0G0FBLN" failures="0" tests="1" name="johnclementspreprod.sniperai.com_Sanity_test_classes.TC026_Req_BotCandidatePage" time="24.849" errors="0" timestamp="2024-09-15T23:40:12 IST" skipped="0">
  <testcase classname="johnclementspreprod.sniperai.com_Sanity_test_classes.TC026_Req_BotCandidatePage" name="OpenBotCandidatesPage" time="24.849"/>
  <system-out/>
</testsuite> <!-- johnclementspreprod.sniperai.com_Sanity_test_classes.TC026_Req_BotCandidatePage -->
