<?xml version="1.0" encoding="UTF-8"?>
<!-- Generated by org.testng.reporters.JUnitReportReporter -->
<testsuite hostname="DESKTOP-0G0FBLN" failures="0" tests="1" name="johnclementspreprod.sniperai.com_Sanity_test_classes.TC037_Rec_SettingsPage" time="23.571" errors="0" timestamp="2024-09-15T23:40:12 IST" skipped="0">
  <testcase classname="johnclementspreprod.sniperai.com_Sanity_test_classes.TC037_Rec_SettingsPage" name="SettingsPage" time="23.571"/>
  <system-out/>
</testsuite> <!-- johnclementspreprod.sniperai.com_Sanity_test_classes.TC037_Rec_SettingsPage -->
