<?xml version="1.0" encoding="UTF-8"?>
<!-- Generated by org.testng.reporters.JUnitReportReporter -->
<testsuite hostname="RS0070" failures="0" tests="4" name="day71_ExtentReportsTestNG.TestClass" time="12.213" errors="0" timestamp="2026-05-30T15:37:33 IST" skipped="0">
  <testcase classname="day71_ExtentReportsTestNG.TestClass" name="OpenWebPage" time="7.769"/>
  <testcase classname="day71_ExtentReportsTestNG.TestClass" name="CheckPresenseOfLogo" time="0.035"/>
  <testcase classname="day71_ExtentReportsTestNG.TestClass" name="Login" time="3.217"/>
  <testcase classname="day71_ExtentReportsTestNG.TestClass" name="Logout" time="1.192"/>
</testsuite> <!-- day71_ExtentReportsTestNG.TestClass -->
