<?xml version="1.0" encoding="UTF-8"?>
<!-- Generated by org.testng.reporters.JUnitReportReporter -->
<testsuite hostname="RS0070" failures="0" tests="4" name="day67.TestNGAnnotaionsSequence" time="0.018" errors="0" timestamp="2025-12-24T14:51:33 IST" skipped="0">
  <testcase classname="day67.TestNGAnnotaionsSequence" name="search" time="0.008"/>
  <testcase classname="day67.TestNGAnnotaionsSequence" name="search" time="0.003"/>
  <testcase classname="day67.TestNGAnnotaionsSequence" name="Advancesearch" time="0.004"/>
  <testcase classname="day67.TestNGAnnotaionsSequence" name="Advancesearch" time="0.003"/>
</testsuite> <!-- day67.TestNGAnnotaionsSequence -->
