<?xml version="1.0" encoding="UTF-8"?>
<!-- Generated by org.testng.reporters.JUnitReportReporter -->
<testsuite hostname="RS0070" failures="0" tests="1" name="day72_73_DataDrivenFrameworkExcelFile.DDF_Excel_LoginFeature" time="23.114" errors="0" timestamp="2026-01-11T23:06:44 IST" skipped="0">
  <testcase classname="day72_73_DataDrivenFrameworkExcelFile.DDF_Excel_LoginFeature" name="loginWithMultipleUsers" time="23.114"/>
</testsuite> <!-- day72_73_DataDrivenFrameworkExcelFile.DDF_Excel_LoginFeature -->
