<?xml version="1.0" encoding="UTF-8"?>
<!-- Generated by org.testng.reporters.JUnitReportReporter -->
<testsuite hostname="RS0070" failures="0" tests="4" name="day71_ExtentReportsTestNG.TestClass" time="19.423" errors="0" timestamp="2026-01-11T11:21:26 IST" skipped="0">
  <testcase classname="day71_ExtentReportsTestNG.TestClass" name="OpenWebPage" time="11.516"/>
  <testcase classname="day71_ExtentReportsTestNG.TestClass" name="CheckPresenseOfLogo" time="0.079"/>
  <testcase classname="day71_ExtentReportsTestNG.TestClass" name="Login" time="3.473"/>
  <testcase classname="day71_ExtentReportsTestNG.TestClass" name="Logout" time="4.355"/>
</testsuite> <!-- day71_ExtentReportsTestNG.TestClass -->
