<?xml version="1.0" encoding="UTF-8"?>
<!-- Generated by org.testng.reporters.JUnitXMLReporter -->
<testsuite ignored="0" hostname="DESKTOP-0G0FBLN" failures="0" tests="17" name="Test" time="438.404" errors="0" timestamp="2025-02-20T08:18:31 IST">
  <testcase classname="cbtg.sniperai.com_Sanity_test_classes.TC001Open_Terms_Page" name="TermsPage" time="16.716"/>
  <testcase classname="cbtg.sniperai.com_Sanity_test_classes.TC020_Login_RecruiterModule" name="RecruiterLogin" time="8.712"/>
  <testcase classname="cbtg.sniperai.com_Sanity_test_classes.TC021_JobListPage_Actions" name="JobListPageActions_Rec" time="15.948"/>
  <testcase classname="cbtg.sniperai.com_Sanity_test_classes.TC022_Rec_UserCreationPage" name="OpenUserCreationPage" time="12.456"/>
  <testcase classname="cbtg.sniperai.com_Sanity_test_classes.TC029_Rec_RawReport_Dowload" name="DownloadRawReport" time="14.537"/>
  <testcase classname="cbtg.sniperai.com_Sanity_test_classes.TC030_Rec_ReccomdSummaryRP_Download" name="DownloadReccomdSummaryRep" time="13.191"/>
  <testcase classname="cbtg.sniperai.com_Sanity_test_classes.TC032_Rec_SuccessReport_Download" name="SuccessEmailReport" time="14.003"/>
  <testcase classname="cbtg.sniperai.com_Sanity_test_classes.TC033_Rec_FailedReport_Download" name="FailedEmailReport" time="12.483"/>
  <testcase classname="cbtg.sniperai.com_Sanity_test_classes.TC037_Rec_SettingsPage" name="SettingsPage" time="14.221"/>
  <testcase classname="cbtg.sniperai.com_Sanity_test_classes.TC039_Rec_JobSettingsPage" name="JobSettingsPage" time="8.667"/>
  <testcase classname="cbtg.sniperai.com_Sanity_test_classes.TC042_Rec_ScoreReprePage" name="ScoreRepreConfig" time="12.578"/>
  <testcase classname="cbtg.sniperai.com_Sanity_test_classes.TC043_Rec_VideoInterviewConfig" name="VideoInterviewConfig" time="13.015"/>
  <testcase classname="cbtg.sniperai.com_Sanity_test_classes.TC049_Rec_RsplusCofiguratiosPage" name="RSplusCofig" time="9.874"/>
  <testcase classname="cbtg.sniperai.com_Sanity_test_classes.TC050_Rec_RsplusReports" name="RSplusReports" time="9.549"/>
  <testcase classname="cbtg.sniperai.com_Sanity_test_classes.TC051_RsplusCandidates" name="RSplusCadidates" time="14.624"/>
  <testcase classname="cbtg.sniperai.com_Sanity_test_classes.TC055_Rec_CandidatesPage" name="CandidatesPage" time="12.38"/>
  <testcase classname="cbtg.sniperai.com_Sanity_test_classes.TC056_CadidatesPageActios" name="CandidatesPageActions" time="17.478"/>
</testsuite> <!-- Test -->
