<?xml version="1.0" encoding="UTF-8"?>
<!-- Generated by org.testng.reporters.JUnitReportReporter -->
<testsuite hostname="DESKTOP-0G0FBLN" failures="0" tests="1" name="insightinc.sniperai.com_Sanity_test_classes.TC055_Rec_CandidatesPage" time="19.580" errors="0" timestamp="2024-10-02T19:12:51 IST" skipped="0">
  <testcase classname="insightinc.sniperai.com_Sanity_test_classes.TC055_Rec_CandidatesPage" name="CandidatesPage" time="19.580"/>
  <system-out/>
</testsuite> <!-- insightinc.sniperai.com_Sanity_test_classes.TC055_Rec_CandidatesPage -->
