<?xml version="1.0" encoding="UTF-8"?>
<!-- Generated by org.testng.reporters.JUnitReportReporter -->
<testsuite hostname="DESKTOP-0G0FBLN" failures="0" tests="1" name="demov1.sniperai.com_Sanity_test_classes.TC051_RsplusCandidates" time="21.200" errors="0" timestamp="2024-09-29T12:16:10 IST" skipped="0">
  <testcase classname="demov1.sniperai.com_Sanity_test_classes.TC051_RsplusCandidates" name="RSplusCadidates" time="21.200"/>
  <system-out/>
</testsuite> <!-- demov1.sniperai.com_Sanity_test_classes.TC051_RsplusCandidates -->
