<?xml version="1.0" encoding="UTF-8"?>
<!-- Generated by org.testng.reporters.JUnitReportReporter -->
<testsuite hostname="DESKTOP-0G0FBLN" failures="0" tests="1" name="demov1.sniperai.com_Sanity_test_classes.TC036_Rec_DashboardPage_Open" time="25.901" errors="0" timestamp="2024-09-29T12:16:09 IST" skipped="0">
  <testcase classname="demov1.sniperai.com_Sanity_test_classes.TC036_Rec_DashboardPage_Open" name="OpenDashboardPage" time="25.901"/>
  <system-out/>
</testsuite> <!-- demov1.sniperai.com_Sanity_test_classes.TC036_Rec_DashboardPage_Open -->
