<?xml version="1.0" encoding="UTF-8"?>
<!-- Generated by org.testng.reporters.JUnitReportReporter -->
<testsuite hostname="DESKTOP-0G0FBLN" failures="0" tests="1" name="ixceed.sniperai.com_Sanity_test_classes.TC049_Rec_RsplusCofiguratiosPage" time="25.136" errors="0" timestamp="2025-02-20T08:29:56 IST" skipped="0">
  <testcase classname="ixceed.sniperai.com_Sanity_test_classes.TC049_Rec_RsplusCofiguratiosPage" name="RSplusCofig" time="25.136"/>
  <system-out/>
</testsuite> <!-- ixceed.sniperai.com_Sanity_test_classes.TC049_Rec_RsplusCofiguratiosPage -->
