<?xml version="1.0" encoding="UTF-8"?>
<!-- Generated by org.testng.reporters.JUnitReportReporter -->
<testsuite hostname="DESKTOP-0G0FBLN" failures="0" tests="1" name="ixceed.sniperai.com_Sanity_test_classes.TC030_Rec_ReccomdSummaryRP_Download" time="25.379" errors="0" timestamp="2025-02-20T08:29:56 IST" skipped="0">
  <testcase classname="ixceed.sniperai.com_Sanity_test_classes.TC030_Rec_ReccomdSummaryRP_Download" name="DownloadReccomdSummaryRep" time="25.379"/>
  <system-out/>
</testsuite> <!-- ixceed.sniperai.com_Sanity_test_classes.TC030_Rec_ReccomdSummaryRP_Download -->
