<?xml version="1.0" encoding="UTF-8"?>
<!-- Generated by org.testng.reporters.JUnitReportReporter -->
<testsuite hostname="DESKTOP-0G0FBLN" failures="0" tests="1" name="demov1.sniperai.com_Sanity_test_classes.TC031_Rec_HideUhideRep_Download" time="24.675" errors="0" timestamp="2024-09-29T12:16:10 IST" skipped="0">
  <testcase classname="demov1.sniperai.com_Sanity_test_classes.TC031_Rec_HideUhideRep_Download" name="HideUnhideReport" time="24.675"/>
  <system-out/>
</testsuite> <!-- demov1.sniperai.com_Sanity_test_classes.TC031_Rec_HideUhideRep_Download -->
