<?xml version="1.0" encoding="UTF-8"?>
<!-- Generated by org.testng.reporters.JUnitReportReporter -->
<testsuite hostname="DESKTOP-0G0FBLN" failures="0" tests="1" name="deveregrouppoc.sniperai.com_Sanity_test_classes.TC001Open_Terms_Page" time="24.864" errors="0" timestamp="2024-10-01T00:13:52 IST" skipped="0">
  <testcase classname="deveregrouppoc.sniperai.com_Sanity_test_classes.TC001Open_Terms_Page" name="TermsPage" time="24.864"/>
  <system-out/>
</testsuite> <!-- deveregrouppoc.sniperai.com_Sanity_test_classes.TC001Open_Terms_Page -->
