<?xml version="1.0" encoding="UTF-8"?>
<!-- Generated by org.testng.reporters.JUnitReportReporter -->
<testsuite hostname="DESKTOP-0G0FBLN" failures="0" tests="1" name="afgPreprod.sniperai.com_Sanity_test_classes.TC030_Rec_ReccomdSummaryRP_Download" time="21.542" errors="0" timestamp="2024-09-10T02:16:09 IST" skipped="0">
  <testcase classname="afgPreprod.sniperai.com_Sanity_test_classes.TC030_Rec_ReccomdSummaryRP_Download" name="DownloadReccomdSummaryRep" time="21.542"/>
  <system-out/>
</testsuite> <!-- afgPreprod.sniperai.com_Sanity_test_classes.TC030_Rec_ReccomdSummaryRP_Download -->
