<?xml version="1.0" encoding="UTF-8"?>
<!-- Generated by org.testng.reporters.JUnitReportReporter -->
<testsuite hostname="DESKTOP-0G0FBLN" failures="0" tests="1" name="afgPreprod.sniperai.com_Sanity_test_classes.TC029_Rec_RawReport_Dowload" time="25.428" errors="0" timestamp="2024-09-10T02:16:09 IST" skipped="0">
  <testcase classname="afgPreprod.sniperai.com_Sanity_test_classes.TC029_Rec_RawReport_Dowload" name="DownloadRawReport" time="25.428"/>
  <system-out/>
</testsuite> <!-- afgPreprod.sniperai.com_Sanity_test_classes.TC029_Rec_RawReport_Dowload -->
