<?xml version="1.0" encoding="UTF-8"?>
<!-- Generated by org.testng.reporters.JUnitReportReporter -->
<testsuite hostname="DESKTOP-0G0FBLN" failures="0" tests="1" name="afgDev.sniperai.com_Sanity_test_classes.TC046_Rec_UtilitiesJobRefresh" time="29.050" errors="0" timestamp="2024-11-18T16:24:26 IST" skipped="0">
  <testcase classname="afgDev.sniperai.com_Sanity_test_classes.TC046_Rec_UtilitiesJobRefresh" name="JobRefreshUtility" time="29.050"/>
  <system-out/>
</testsuite> <!-- afgDev.sniperai.com_Sanity_test_classes.TC046_Rec_UtilitiesJobRefresh -->
