<?xml version="1.0" encoding="UTF-8"?>
<!-- Generated by org.testng.reporters.JUnitReportReporter -->
<testsuite hostname="DESKTOP-0G0FBLN" failures="0" tests="1" name="afgDev.sniperai.com_Sanity_test_classes.TC048_Rec_UtilitiesAddSupportRec" time="33.498" errors="0" timestamp="2024-11-18T16:24:25 IST" skipped="0">
  <testcase classname="afgDev.sniperai.com_Sanity_test_classes.TC048_Rec_UtilitiesAddSupportRec" name="AddSupportRecruiterUtility" time="33.498"/>
  <system-out/>
</testsuite> <!-- afgDev.sniperai.com_Sanity_test_classes.TC048_Rec_UtilitiesAddSupportRec -->
