<?xml version="1.0" encoding="UTF-8"?>
<!-- Generated by org.testng.reporters.JUnitXMLReporter -->
<testsuite ignored="0" hostname="DESKTOP-0G0FBLN" failures="0" tests="3" name="CompatibilityTest1" time="47.178" errors="0" timestamp="2024-06-09T16:35:06 IST">
  <testcase classname="sauceDemo.TestClass_Copy.TC003LogoutFunctionality_Copy" name="LogOutTestScenario" time="0.866"/>
  <testcase classname="sauceDemo.TestClass_Copy.TC002AddToCartFunctionality_Copy" name="AddProductFunctionality" time="1.578"/>
  <testcase classname="sauceDemo.TestClass_Copy.TC001LoginFunctionality_Copy" name="LoginFunctionality" time="0.77"/>
</testsuite> <!-- CompatibilityTest1 -->
