<?xml version="1.0" encoding="UTF-8"?>
<!-- Generated by org.testng.reporters.JUnitXMLReporter -->
<testsuite ignored="0" hostname="RS0070" failures="1" tests="2" name="LoginFeature" time="16.052" errors="0" timestamp="2026-02-01T18:18:24 IST">
  <testcase classname="io.cucumber.testng.AbstractTestNGCucumberTests" name="runScenario" time="5.963"/>
  <testcase classname="io.cucumber.testng.AbstractTestNGCucumberTests" name="runScenario" time="8.223">
    <failure type="java.lang.AssertionError" message="Passed expected [My Account] but found [Account Login]">
      <![CDATA[java.lang.AssertionError: Passed expected [My Account] but found [Account Login]
at stepDefinations.LoginFunctionality.then_user_get_dashboard_page_title(LoginFunctionality.java:73)
at âœ½.then user get Dashboard page title "My Account"(file:///C:/Users/ADMIN/eclipse-workspace/Stad_CucumberPOM_Practice/src/test/resources/features/01_loginFunctionality.feature:15)
... Removed 5 stack frames]]>
    </failure>
  </testcase> <!-- runScenario -->
</testsuite> <!-- LoginFeature -->
