<!DOCTYPE html PUBLIC "-//W3C//DTD XHTML 1.1//EN" "https://www.w3.org/TR/xhtml11/DTD/xhtml11.dtd">
<html xmlns="https://www.w3.org/1999/xhtml">
<head>
<meta http-equiv="content-type" content="text/html; charset=UTF-8"/>
<title>TestNG Report</title>
<style type="text/css">table {margin-bottom:10px;border-collapse:collapse;empty-cells:show}th,td {border:1px solid #009;padding:.25em .5em}th {vertical-align:bottom}td {vertical-align:top}table a {font-weight:bold}.stripe td {background-color: #E6EBF9}.num {text-align:right}.passedodd td {background-color: #3F3}.passedeven td {background-color: #0A0}.skippedodd td {background-color: #DDD}.skippedeven td {background-color: #CCC}.failedodd td,.attn {background-color: #F33}.failedeven td,.stripe .attn {background-color: #D00}.stacktrace {white-space:pre;font-family:monospace}.totop {font-size:85%;text-align:center;border-bottom:2px solid #000}.invisible {display:none}</style>
</head>
<body>
<table>
<tr><th>Test</th><th># Passed</th><th># Skipped</th><th># Retried</th><th># Failed</th><th>Time (ms)</th><th>Included Groups</th><th>Excluded Groups</th></tr>
<tr><th colspan="8">Suite</th></tr>
<tr><td><a href="#t0">Test</a></td><td class="num">34</td><td class="num">0</td><td class="num">0</td><td class="num attn">10</td><td class="num">1,588,309</td><td></td><td></td></tr>
</table>
<table id='summary'><thead><tr><th>Class</th><th>Method</th><th>Start</th><th>Time (ms)</th></tr></thead><tbody><tr><th colspan="4">Suite</th></tr></tbody><tbody id="t0"><tr><th colspan="4">Test &#8212; failed (configuration methods)</th></tr><tr class="failedeven"><td rowspan="1">design.sniperai.com_Sanity_test_classes.TC036_Rec_DashboardPage_Open</td><td><a href="#m0">teardown</a></td><td rowspan="1">1758709443640</td><td rowspan="1">20427</td></tr><tr class="failedodd"><td rowspan="1">design.sniperai.com_Sanity_test_classes.TC042_Rec_ScoreReprePage</td><td><a href="#m1">teardown</a></td><td rowspan="1">1758709610456</td><td rowspan="1">20643</td></tr><tr class="failedeven"><td rowspan="1">design.sniperai.com_Sanity_test_classes.TC044_Rec_UtilitiesSkillUpload</td><td><a href="#m2">teardown</a></td><td rowspan="1">1758709695661</td><td rowspan="1">20735</td></tr><tr class="failedodd"><td rowspan="1">design.sniperai.com_Sanity_test_classes.TC047_Rec_UtilitiesScoreLock</td><td><a href="#m3">teardown</a></td><td rowspan="1">1758709795603</td><td rowspan="1">20411</td></tr><tr class="failedeven"><td rowspan="1">design.sniperai.com_Sanity_test_classes.TC053_Rec_AddClient</td><td><a href="#m4">teardown</a></td><td rowspan="1">1758709944040</td><td rowspan="1">20610</td></tr><tr class="failedodd"><td rowspan="1">design.sniperai.com_Sanity_test_classes.TC054_Rec_ClientSummary</td><td><a href="#m5">teardown</a></td><td rowspan="1">1758709997198</td><td rowspan="1">20604</td></tr><tr><th colspan="4">Test &#8212; failed</th></tr><tr class="failedeven"><td rowspan="1">design.sniperai.com_Sanity_test_classes.TC014_Can_Change_Password</td><td><a href="#m6">ChangePassword</a></td><td rowspan="1">1758708971238</td><td rowspan="1">9764</td></tr><tr class="failedodd"><td rowspan="1">design.sniperai.com_Sanity_test_classes.TC021_JobListPage_Actions</td><td><a href="#m7">JobListPageActions_Rec</a></td><td rowspan="1">1758709094925</td><td rowspan="1">31640</td></tr><tr class="failedeven"><td rowspan="1">design.sniperai.com_Sanity_test_classes.TC029_Rec_RawReport_Dowload</td><td><a href="#m8">DownloadRawReport</a></td><td rowspan="1">1758709248153</td><td rowspan="1">11307</td></tr><tr class="failedodd"><td rowspan="1">design.sniperai.com_Sanity_test_classes.TC036_Rec_DashboardPage_Open</td><td><a href="#m9">OpenDashboardPage</a></td><td rowspan="1">1758709418661</td><td rowspan="1">24975</td></tr><tr class="failedeven"><td rowspan="1">design.sniperai.com_Sanity_test_classes.TC042_Rec_ScoreReprePage</td><td><a href="#m10">ScoreRepreConfig</a></td><td rowspan="1">1758709584000</td><td rowspan="1">26450</td></tr><tr class="failedodd"><td rowspan="1">design.sniperai.com_Sanity_test_classes.TC044_Rec_UtilitiesSkillUpload</td><td><a href="#m11">SkillUploadUtility</a></td><td rowspan="1">1758709670378</td><td rowspan="1">25279</td></tr><tr class="failedeven"><td rowspan="1">design.sniperai.com_Sanity_test_classes.TC047_Rec_UtilitiesScoreLock</td><td><a href="#m12">ScoreLockUtility</a></td><td rowspan="1">1758709775142</td><td rowspan="1">20458</td></tr><tr class="failedodd"><td rowspan="1">design.sniperai.com_Sanity_test_classes.TC053_Rec_AddClient</td><td><a href="#m13">AddCliet</a></td><td rowspan="1">1758709918562</td><td rowspan="1">25471</td></tr><tr class="failedeven"><td rowspan="1">design.sniperai.com_Sanity_test_classes.TC054_Rec_ClientSummary</td><td><a href="#m14">ClietSummary</a></td><td rowspan="1">1758709971323</td><td rowspan="1">25871</td></tr><tr class="failedodd"><td rowspan="1">design.sniperai.com_Sanity_test_classes.TC056_CadidatesPageActios</td><td><a href="#m15">CandidatesPageActions</a></td><td rowspan="1">1758710055993</td><td rowspan="1">199468</td></tr><tr><th colspan="4">Test &#8212; passed</th></tr><tr class="passedeven"><td rowspan="1">design.sniperai.com_Sanity_test_classes.TC001Open_Terms_Page</td><td><a href="#m16">TermsPage</a></td><td rowspan="1">1758708847093</td><td rowspan="1">10583</td></tr><tr class="passedodd"><td rowspan="1">design.sniperai.com_Sanity_test_classes.TC002ForgotPassword_Button</td><td><a href="#m17">ForgotPassword</a></td><td rowspan="1">1758708864805</td><td rowspan="1">9190</td></tr><tr class="passedeven"><td rowspan="1">design.sniperai.com_Sanity_test_classes.TC003VerifySignUpPage</td><td><a href="#m18">SignUp</a></td><td rowspan="1">1758708880070</td><td rowspan="1">5926</td></tr><tr class="passedodd"><td rowspan="1">design.sniperai.com_Sanity_test_classes.TC004Verify_JobOpeningsPage</td><td><a href="#m19">JobOpeningsPage</a></td><td rowspan="1">1758708891617</td><td rowspan="1">9910</td></tr><tr class="passedeven"><td rowspan="1">design.sniperai.com_Sanity_test_classes.TC011_Login_Candidate_Module</td><td><a href="#m20">CandidateLogin</a></td><td rowspan="1">1758708914023</td><td rowspan="1">2406</td></tr><tr class="passedodd"><td rowspan="1">design.sniperai.com_Sanity_test_classes.TC012_Applicatios_Page_Can_mod</td><td><a href="#m21">AppliedJobsFromDB</a></td><td rowspan="1">1758708927254</td><td rowspan="1">7242</td></tr><tr class="passedeven"><td rowspan="1">design.sniperai.com_Sanity_test_classes.TC013_Can_Profile_Update</td><td><a href="#m22">ProfilePageUpdate</a></td><td rowspan="1">1758708944130</td><td rowspan="1">16355</td></tr><tr class="passedodd"><td rowspan="1">design.sniperai.com_Sanity_test_classes.TC015_Open_contactsPage</td><td><a href="#m23">OpenContactsPage</a></td><td rowspan="1">1758708995236</td><td rowspan="1">6506</td></tr><tr class="passedeven"><td rowspan="1">design.sniperai.com_Sanity_test_classes.TC016_Open_JobsPage</td><td><a href="#m24">OpenJobsPage</a></td><td rowspan="1">1758709015858</td><td rowspan="1">5268</td></tr><tr class="passedodd"><td rowspan="1">design.sniperai.com_Sanity_test_classes.TC017_Actions_JobsPage</td><td><a href="#m25">JobsPageGTesting</a></td><td rowspan="1">1758709031126</td><td rowspan="1">11263</td></tr><tr class="passedeven"><td rowspan="1">design.sniperai.com_Sanity_test_classes.TC019_ApplicationsPageTesting</td><td><a href="#m26">ApplicationsPageTesting</a></td><td rowspan="1">1758709053471</td><td rowspan="1">7451</td></tr><tr class="passedodd"><td rowspan="1">design.sniperai.com_Sanity_test_classes.TC020_Login_RecruiterModule</td><td><a href="#m27">RecruiterLogin</a></td><td rowspan="1">1758709079216</td><td rowspan="1">7212</td></tr><tr class="passedeven"><td rowspan="1">design.sniperai.com_Sanity_test_classes.TC022_Rec_UserCreationPage</td><td><a href="#m28">OpenUserCreationPage</a></td><td rowspan="1">1758709136813</td><td rowspan="1">17221</td></tr><tr class="passedodd"><td rowspan="1">design.sniperai.com_Sanity_test_classes.TC024_Rec_AddSupportRecruiterPage</td><td><a href="#m29">OpenAddSupportRecPage</a></td><td rowspan="1">1758709173594</td><td rowspan="1">6828</td></tr><tr class="passedeven"><td rowspan="1">design.sniperai.com_Sanity_test_classes.TC025_Rec_EquitibleHiringPage</td><td><a href="#m30">OpenEquitibleHiringPage</a></td><td rowspan="1">1758709193198</td><td rowspan="1">12260</td></tr><tr class="passedodd"><td rowspan="1">design.sniperai.com_Sanity_test_classes.TC026_Req_BotCandidatePage</td><td><a href="#m31">OpenBotCandidatesPage</a></td><td rowspan="1">1758709225449</td><td rowspan="1">12099</td></tr><tr class="passedeven"><td rowspan="1">design.sniperai.com_Sanity_test_classes.TC030_Rec_ReccomdSummaryRP_Download</td><td><a href="#m32">DownloadReccomdSummaryRep</a></td><td rowspan="1">1758709271090</td><td rowspan="1">16948</td></tr><tr class="passedodd"><td rowspan="1">design.sniperai.com_Sanity_test_classes.TC031_Rec_HideUhideRep_Download</td><td><a href="#m33">HideUnhideReport</a></td><td rowspan="1">1758709297947</td><td rowspan="1">10920</td></tr><tr class="passedeven"><td rowspan="1">design.sniperai.com_Sanity_test_classes.TC032_Rec_SuccessReport_Download</td><td><a href="#m34">SuccessEmailReport</a></td><td rowspan="1">1758709319309</td><td rowspan="1">15976</td></tr><tr class="passedodd"><td rowspan="1">design.sniperai.com_Sanity_test_classes.TC033_Rec_FailedReport_Download</td><td><a href="#m35">FailedEmailReport</a></td><td rowspan="1">1758709349313</td><td rowspan="1">11222</td></tr><tr class="passedeven"><td rowspan="1">design.sniperai.com_Sanity_test_classes.TC034_Rec_ChatotHistReport_Download</td><td><a href="#m36">ChatotHistoryReport</a></td><td rowspan="1">1758709369855</td><td rowspan="1">10990</td></tr><tr class="passedodd"><td rowspan="1">design.sniperai.com_Sanity_test_classes.TC035_Rec_InterviewRep_Download</td><td><a href="#m37">InterviewSchedulerReport</a></td><td rowspan="1">1758709393653</td><td rowspan="1">13883</td></tr><tr class="passedeven"><td rowspan="1">design.sniperai.com_Sanity_test_classes.TC037_Rec_SettingsPage</td><td><a href="#m38">SettingsPage</a></td><td rowspan="1">1758709480079</td><td rowspan="1">8469</td></tr><tr class="passedodd"><td rowspan="1">design.sniperai.com_Sanity_test_classes.TC039_Rec_JobSettingsPage</td><td><a href="#m39">JobSettingsPage</a></td><td rowspan="1">1758709505768</td><td rowspan="1">7751</td></tr><tr class="passedeven"><td rowspan="1">design.sniperai.com_Sanity_test_classes.TC040_Rec_JobWizardSettings</td><td><a href="#m40">JobWizardSettingsPage</a></td><td rowspan="1">1758709532941</td><td rowspan="1">6549</td></tr><tr class="passedodd"><td rowspan="1">design.sniperai.com_Sanity_test_classes.TC041_Rec_LinkedInConfigPage</td><td><a href="#m41">LinkedInConfig</a></td><td rowspan="1">1758709550927</td><td rowspan="1">23339</td></tr><tr class="passedeven"><td rowspan="1">design.sniperai.com_Sanity_test_classes.TC043_Rec_VideoInterviewConfig</td><td><a href="#m42">VideoInterviewConfig</a></td><td rowspan="1">1758709638251</td><td rowspan="1">18692</td></tr><tr class="passedodd"><td rowspan="1">design.sniperai.com_Sanity_test_classes.TC045_UtilitiesSkillAffinity</td><td><a href="#m43">SkillAffinityUtility</a></td><td rowspan="1">1758709723244</td><td rowspan="1">13654</td></tr><tr class="passedeven"><td rowspan="1">design.sniperai.com_Sanity_test_classes.TC046_Rec_UtilitiesJobRefresh</td><td><a href="#m44">JobRefreshUtility</a></td><td rowspan="1">1758709745072</td><td rowspan="1">13094</td></tr><tr class="passedodd"><td rowspan="1">design.sniperai.com_Sanity_test_classes.TC048_Rec_UtilitiesAddSupportRec</td><td><a href="#m45">AddSupportRecruiterUtility</a></td><td rowspan="1">1758709822588</td><td rowspan="1">11028</td></tr><tr class="passedeven"><td rowspan="1">design.sniperai.com_Sanity_test_classes.TC049_Rec_RsplusCofiguratiosPage</td><td><a href="#m46">RSplusCofig</a></td><td rowspan="1">1758709851833</td><td rowspan="1">6229</td></tr><tr class="passedodd"><td rowspan="1">design.sniperai.com_Sanity_test_classes.TC050_Rec_RsplusReports</td><td><a href="#m47">RSplusReports</a></td><td rowspan="1">1758709876918</td><td rowspan="1">6769</td></tr><tr class="passedeven"><td rowspan="1">design.sniperai.com_Sanity_test_classes.TC051_RsplusCandidates</td><td><a href="#m48">RSplusCadidates</a></td><td rowspan="1">1758709899460</td><td rowspan="1">6498</td></tr><tr class="passedodd"><td rowspan="1">design.sniperai.com_Sanity_test_classes.TC055_Rec_CandidatesPage</td><td><a href="#m49">CandidatesPage</a></td><td rowspan="1">1758710024990</td><td rowspan="1">16777</td></tr></tbody>
</table>
<h2>Test</h2><h3 id="m0">design.sniperai.com_Sanity_test_classes.TC036_Rec_DashboardPage_Open#teardown</h3><table class="result"><tr class="param"><th>Parameter #1</th></tr><tr class="param stripe"><td>[TestResult name=OpenDashboardPage status=FAILURE method=TC036_Rec_DashboardPage_Open.OpenDashboardPage()[pri:0, instance:design.sniperai.com_Sanity_test_classes.TC036_Rec_DashboardPage_Open@f381794] output={null}]</td></tr><tr><th>Exception</th></tr><tr><td><div class="stacktrace">org.openqa.selenium.ElementNotInteractableException: element not interactable
  (Session info: chrome=140.0.7339.208)
Build info: version: &apos;4.33.0&apos;, revision: &apos;2c6aaad03a&apos;
System info: os.name: &apos;Windows 10&apos;, os.arch: &apos;amd64&apos;, os.version: &apos;10.0&apos;, java.version: &apos;21.0.7&apos;
Driver info: org.openqa.selenium.chrome.ChromeDriver
Command: [aaa8fd9c7fb109d0d61b814f9ab1e466, clickElement {id=f.341F96E9A1EBD29F38D9384273B503DB.d.33C875F51C14C3619283A80899A3539E.e.182}]
Capabilities {acceptInsecureCerts: false, browserName: chrome, browserVersion: 140.0.7339.208, chrome: {chromedriverVersion: 140.0.7339.207 (17230b545fd..., userDataDir: C:\Users\ADMIN\AppData\Loca...}, fedcm:accounts: true, goog:chromeOptions: {debuggerAddress: localhost:51264}, networkConnectionEnabled: false, pageLoadStrategy: normal, platformName: windows, proxy: Proxy(), se:cdp: ws://localhost:51264/devtoo..., se:cdpVersion: 140.0.7339.208, setWindowRect: true, strictFileInteractability: false, timeouts: {implicit: 0, pageLoad: 300000, script: 30000}, unhandledPromptBehavior: dismiss and notify, webauthn:extension:credBlob: true, webauthn:extension:largeBlob: true, webauthn:extension:minPinLength: true, webauthn:extension:prf: true, webauthn:virtualAuthenticators: true}
Element: [[ChromeDriver: chrome on windows (aaa8fd9c7fb109d0d61b814f9ab1e466)] -&gt; xpath: //span [text() = &apos;Sign out&apos;]]
Session ID: aaa8fd9c7fb109d0d61b814f9ab1e466
	at org.openqa.selenium.remote.ErrorCodec.decode(ErrorCodec.java:167)
	at org.openqa.selenium.remote.codec.w3c.W3CHttpResponseCodec.decode(W3CHttpResponseCodec.java:138)
	at org.openqa.selenium.remote.codec.w3c.W3CHttpResponseCodec.decode(W3CHttpResponseCodec.java:50)
	at org.openqa.selenium.remote.HttpCommandExecutor.execute(HttpCommandExecutor.java:215)
	at org.openqa.selenium.remote.service.DriverCommandExecutor.invokeExecute(DriverCommandExecutor.java:216)
	at org.openqa.selenium.remote.service.DriverCommandExecutor.execute(DriverCommandExecutor.java:174)
	at org.openqa.selenium.remote.RemoteWebDriver.execute(RemoteWebDriver.java:544)
	at org.openqa.selenium.remote.RemoteWebElement.execute(RemoteWebElement.java:223)
	at org.openqa.selenium.remote.RemoteWebElement.click(RemoteWebElement.java:76)
	at org.openqa.selenium.support.pagefactory.internal.LocatingElementHandler.invoke(LocatingElementHandler.java:51)
	at jdk.proxy2/jdk.proxy2.$Proxy12.click(Unknown Source)
	at dev_preprod_RecMod_POM_classes.Rec_JobListPage_POM_Class.Signout(Rec_JobListPage_POM_Class.java:570)
	at design.sniperai.com_Sanity_test_classes.A003_BaseTestClass_Rec_Design.logoutAndQuitDriver(A003_BaseTestClass_Rec_Design.java:125)
	at design.sniperai.com_Sanity_test_classes.A003_BaseTestClass_Rec_Design.teardown(A003_BaseTestClass_Rec_Design.java:115)
	at java.base/java.util.ArrayList.forEach(ArrayList.java:1596)
... Removed 35 stack frames</div></td></tr></table><p class="totop"><a href="#summary">back to summary</a></p>
<h3 id="m1">design.sniperai.com_Sanity_test_classes.TC042_Rec_ScoreReprePage#teardown</h3><table class="result"><tr class="param"><th>Parameter #1</th></tr><tr class="param stripe"><td>[TestResult name=ScoreRepreConfig status=FAILURE method=TC042_Rec_ScoreReprePage.ScoreRepreConfig()[pri:0, instance:design.sniperai.com_Sanity_test_classes.TC042_Rec_ScoreReprePage@2525ff7e] output={null}]</td></tr><tr><th>Exception</th></tr><tr><td><div class="stacktrace">org.openqa.selenium.ElementNotInteractableException: element not interactable
  (Session info: chrome=140.0.7339.208)
Build info: version: &apos;4.33.0&apos;, revision: &apos;2c6aaad03a&apos;
System info: os.name: &apos;Windows 10&apos;, os.arch: &apos;amd64&apos;, os.version: &apos;10.0&apos;, java.version: &apos;21.0.7&apos;
Driver info: org.openqa.selenium.chrome.ChromeDriver
Command: [a7dda34c392bdc9cede3adb06f9acd15, clickElement {id=f.BB0D114AF1B9CE48BA1587384E8945E8.d.FD15C083A7CBA4D70CB163BB1652D05C.e.182}]
Capabilities {acceptInsecureCerts: false, browserName: chrome, browserVersion: 140.0.7339.208, chrome: {chromedriverVersion: 140.0.7339.207 (17230b545fd..., userDataDir: C:\Users\ADMIN\AppData\Loca...}, fedcm:accounts: true, goog:chromeOptions: {debuggerAddress: localhost:51890}, networkConnectionEnabled: false, pageLoadStrategy: normal, platformName: windows, proxy: Proxy(), se:cdp: ws://localhost:51890/devtoo..., se:cdpVersion: 140.0.7339.208, setWindowRect: true, strictFileInteractability: false, timeouts: {implicit: 0, pageLoad: 300000, script: 30000}, unhandledPromptBehavior: dismiss and notify, webauthn:extension:credBlob: true, webauthn:extension:largeBlob: true, webauthn:extension:minPinLength: true, webauthn:extension:prf: true, webauthn:virtualAuthenticators: true}
Element: [[ChromeDriver: chrome on windows (a7dda34c392bdc9cede3adb06f9acd15)] -&gt; xpath: //span [text() = &apos;Sign out&apos;]]
Session ID: a7dda34c392bdc9cede3adb06f9acd15
	at org.openqa.selenium.remote.ErrorCodec.decode(ErrorCodec.java:167)
	at org.openqa.selenium.remote.codec.w3c.W3CHttpResponseCodec.decode(W3CHttpResponseCodec.java:138)
	at org.openqa.selenium.remote.codec.w3c.W3CHttpResponseCodec.decode(W3CHttpResponseCodec.java:50)
	at org.openqa.selenium.remote.HttpCommandExecutor.execute(HttpCommandExecutor.java:215)
	at org.openqa.selenium.remote.service.DriverCommandExecutor.invokeExecute(DriverCommandExecutor.java:216)
	at org.openqa.selenium.remote.service.DriverCommandExecutor.execute(DriverCommandExecutor.java:174)
	at org.openqa.selenium.remote.RemoteWebDriver.execute(RemoteWebDriver.java:544)
	at org.openqa.selenium.remote.RemoteWebElement.execute(RemoteWebElement.java:223)
	at org.openqa.selenium.remote.RemoteWebElement.click(RemoteWebElement.java:76)
	at org.openqa.selenium.support.pagefactory.internal.LocatingElementHandler.invoke(LocatingElementHandler.java:51)
	at jdk.proxy2/jdk.proxy2.$Proxy12.click(Unknown Source)
	at dev_preprod_RecMod_POM_classes.Rec_JobListPage_POM_Class.Signout(Rec_JobListPage_POM_Class.java:570)
	at design.sniperai.com_Sanity_test_classes.A003_BaseTestClass_Rec_Design.logoutAndQuitDriver(A003_BaseTestClass_Rec_Design.java:125)
	at design.sniperai.com_Sanity_test_classes.A003_BaseTestClass_Rec_Design.teardown(A003_BaseTestClass_Rec_Design.java:115)
	at java.base/java.util.ArrayList.forEach(ArrayList.java:1596)
... Removed 35 stack frames</div></td></tr></table><p class="totop"><a href="#summary">back to summary</a></p>
<h3 id="m2">design.sniperai.com_Sanity_test_classes.TC044_Rec_UtilitiesSkillUpload#teardown</h3><table class="result"><tr class="param"><th>Parameter #1</th></tr><tr class="param stripe"><td>[TestResult name=SkillUploadUtility status=FAILURE method=TC044_Rec_UtilitiesSkillUpload.SkillUploadUtility()[pri:0, instance:design.sniperai.com_Sanity_test_classes.TC044_Rec_UtilitiesSkillUpload@152aa092] output={null}]</td></tr><tr><th>Exception</th></tr><tr><td><div class="stacktrace">org.openqa.selenium.ElementNotInteractableException: element not interactable
  (Session info: chrome=140.0.7339.208)
Build info: version: &apos;4.33.0&apos;, revision: &apos;2c6aaad03a&apos;
System info: os.name: &apos;Windows 10&apos;, os.arch: &apos;amd64&apos;, os.version: &apos;10.0&apos;, java.version: &apos;21.0.7&apos;
Driver info: org.openqa.selenium.chrome.ChromeDriver
Command: [da6f4b6f14829910d14fc9406041f267, clickElement {id=f.8308CE55C53694824B41FE82E5BACFB6.d.2C7496F89F923F1ED73442A96EF506FF.e.364}]
Capabilities {acceptInsecureCerts: false, browserName: chrome, browserVersion: 140.0.7339.208, chrome: {chromedriverVersion: 140.0.7339.207 (17230b545fd..., userDataDir: C:\Users\ADMIN\AppData\Loca...}, fedcm:accounts: true, goog:chromeOptions: {debuggerAddress: localhost:52277}, networkConnectionEnabled: false, pageLoadStrategy: normal, platformName: windows, proxy: Proxy(), se:cdp: ws://localhost:52277/devtoo..., se:cdpVersion: 140.0.7339.208, setWindowRect: true, strictFileInteractability: false, timeouts: {implicit: 0, pageLoad: 300000, script: 30000}, unhandledPromptBehavior: dismiss and notify, webauthn:extension:credBlob: true, webauthn:extension:largeBlob: true, webauthn:extension:minPinLength: true, webauthn:extension:prf: true, webauthn:virtualAuthenticators: true}
Element: [[ChromeDriver: chrome on windows (da6f4b6f14829910d14fc9406041f267)] -&gt; xpath: //span [text() = &apos;Sign out&apos;]]
Session ID: da6f4b6f14829910d14fc9406041f267
	at org.openqa.selenium.remote.ErrorCodec.decode(ErrorCodec.java:167)
	at org.openqa.selenium.remote.codec.w3c.W3CHttpResponseCodec.decode(W3CHttpResponseCodec.java:138)
	at org.openqa.selenium.remote.codec.w3c.W3CHttpResponseCodec.decode(W3CHttpResponseCodec.java:50)
	at org.openqa.selenium.remote.HttpCommandExecutor.execute(HttpCommandExecutor.java:215)
	at org.openqa.selenium.remote.service.DriverCommandExecutor.invokeExecute(DriverCommandExecutor.java:216)
	at org.openqa.selenium.remote.service.DriverCommandExecutor.execute(DriverCommandExecutor.java:174)
	at org.openqa.selenium.remote.RemoteWebDriver.execute(RemoteWebDriver.java:544)
	at org.openqa.selenium.remote.RemoteWebElement.execute(RemoteWebElement.java:223)
	at org.openqa.selenium.remote.RemoteWebElement.click(RemoteWebElement.java:76)
	at org.openqa.selenium.support.pagefactory.internal.LocatingElementHandler.invoke(LocatingElementHandler.java:51)
	at jdk.proxy2/jdk.proxy2.$Proxy12.click(Unknown Source)
	at dev_preprod_RecMod_POM_classes.Rec_JobListPage_POM_Class.Signout(Rec_JobListPage_POM_Class.java:570)
	at design.sniperai.com_Sanity_test_classes.A003_BaseTestClass_Rec_Design.logoutAndQuitDriver(A003_BaseTestClass_Rec_Design.java:125)
	at design.sniperai.com_Sanity_test_classes.A003_BaseTestClass_Rec_Design.teardown(A003_BaseTestClass_Rec_Design.java:115)
	at java.base/java.util.ArrayList.forEach(ArrayList.java:1596)
... Removed 35 stack frames</div></td></tr></table><p class="totop"><a href="#summary">back to summary</a></p>
<h3 id="m3">design.sniperai.com_Sanity_test_classes.TC047_Rec_UtilitiesScoreLock#teardown</h3><table class="result"><tr class="param"><th>Parameter #1</th></tr><tr class="param stripe"><td>[TestResult name=ScoreLockUtility status=FAILURE method=TC047_Rec_UtilitiesScoreLock.ScoreLockUtility()[pri:0, instance:design.sniperai.com_Sanity_test_classes.TC047_Rec_UtilitiesScoreLock@776b83cc] output={null}]</td></tr><tr><th>Exception</th></tr><tr><td><div class="stacktrace">org.openqa.selenium.ElementNotInteractableException: element not interactable
  (Session info: chrome=140.0.7339.208)
Build info: version: &apos;4.33.0&apos;, revision: &apos;2c6aaad03a&apos;
System info: os.name: &apos;Windows 10&apos;, os.arch: &apos;amd64&apos;, os.version: &apos;10.0&apos;, java.version: &apos;21.0.7&apos;
Driver info: org.openqa.selenium.chrome.ChromeDriver
Command: [414d704cc5396806e6094d9e041803de, clickElement {id=f.87638D885EBD59F75E4DC3C30E1207A9.d.D5EF39F6A5DF30536B87B415F3547DB8.e.182}]
Capabilities {acceptInsecureCerts: false, browserName: chrome, browserVersion: 140.0.7339.208, chrome: {chromedriverVersion: 140.0.7339.207 (17230b545fd..., userDataDir: C:\Users\ADMIN\AppData\Loca...}, fedcm:accounts: true, goog:chromeOptions: {debuggerAddress: localhost:52717}, networkConnectionEnabled: false, pageLoadStrategy: normal, platformName: windows, proxy: Proxy(), se:cdp: ws://localhost:52717/devtoo..., se:cdpVersion: 140.0.7339.208, setWindowRect: true, strictFileInteractability: false, timeouts: {implicit: 0, pageLoad: 300000, script: 30000}, unhandledPromptBehavior: dismiss and notify, webauthn:extension:credBlob: true, webauthn:extension:largeBlob: true, webauthn:extension:minPinLength: true, webauthn:extension:prf: true, webauthn:virtualAuthenticators: true}
Element: [[ChromeDriver: chrome on windows (414d704cc5396806e6094d9e041803de)] -&gt; xpath: //span [text() = &apos;Sign out&apos;]]
Session ID: 414d704cc5396806e6094d9e041803de
	at org.openqa.selenium.remote.ErrorCodec.decode(ErrorCodec.java:167)
	at org.openqa.selenium.remote.codec.w3c.W3CHttpResponseCodec.decode(W3CHttpResponseCodec.java:138)
	at org.openqa.selenium.remote.codec.w3c.W3CHttpResponseCodec.decode(W3CHttpResponseCodec.java:50)
	at org.openqa.selenium.remote.HttpCommandExecutor.execute(HttpCommandExecutor.java:215)
	at org.openqa.selenium.remote.service.DriverCommandExecutor.invokeExecute(DriverCommandExecutor.java:216)
	at org.openqa.selenium.remote.service.DriverCommandExecutor.execute(DriverCommandExecutor.java:174)
	at org.openqa.selenium.remote.RemoteWebDriver.execute(RemoteWebDriver.java:544)
	at org.openqa.selenium.remote.RemoteWebElement.execute(RemoteWebElement.java:223)
	at org.openqa.selenium.remote.RemoteWebElement.click(RemoteWebElement.java:76)
	at org.openqa.selenium.support.pagefactory.internal.LocatingElementHandler.invoke(LocatingElementHandler.java:51)
	at jdk.proxy2/jdk.proxy2.$Proxy12.click(Unknown Source)
	at dev_preprod_RecMod_POM_classes.Rec_JobListPage_POM_Class.Signout(Rec_JobListPage_POM_Class.java:570)
	at design.sniperai.com_Sanity_test_classes.A003_BaseTestClass_Rec_Design.logoutAndQuitDriver(A003_BaseTestClass_Rec_Design.java:125)
	at design.sniperai.com_Sanity_test_classes.A003_BaseTestClass_Rec_Design.teardown(A003_BaseTestClass_Rec_Design.java:115)
	at java.base/java.util.ArrayList.forEach(ArrayList.java:1596)
... Removed 35 stack frames</div></td></tr></table><p class="totop"><a href="#summary">back to summary</a></p>
<h3 id="m4">design.sniperai.com_Sanity_test_classes.TC053_Rec_AddClient#teardown</h3><table class="result"><tr class="param"><th>Parameter #1</th></tr><tr class="param stripe"><td>[TestResult name=AddCliet status=FAILURE method=TC053_Rec_AddClient.AddCliet()[pri:0, instance:design.sniperai.com_Sanity_test_classes.TC053_Rec_AddClient@2beee7ff] output={null}]</td></tr><tr><th>Exception</th></tr><tr><td><div class="stacktrace">org.openqa.selenium.ElementNotInteractableException: element not interactable
  (Session info: chrome=140.0.7339.208)
Build info: version: &apos;4.33.0&apos;, revision: &apos;2c6aaad03a&apos;
System info: os.name: &apos;Windows 10&apos;, os.arch: &apos;amd64&apos;, os.version: &apos;10.0&apos;, java.version: &apos;21.0.7&apos;
Driver info: org.openqa.selenium.chrome.ChromeDriver
Command: [689b287c6c1c6bccecba34a2e403c2cd, clickElement {id=f.9FF68E45CC3A11EC9B4B83BF5243C522.d.23DD505CAEF54C3DB90DA5479EB31CE4.e.182}]
Capabilities {acceptInsecureCerts: false, browserName: chrome, browserVersion: 140.0.7339.208, chrome: {chromedriverVersion: 140.0.7339.207 (17230b545fd..., userDataDir: C:\Users\ADMIN\AppData\Loca...}, fedcm:accounts: true, goog:chromeOptions: {debuggerAddress: localhost:53121}, networkConnectionEnabled: false, pageLoadStrategy: normal, platformName: windows, proxy: Proxy(), se:cdp: ws://localhost:53121/devtoo..., se:cdpVersion: 140.0.7339.208, setWindowRect: true, strictFileInteractability: false, timeouts: {implicit: 0, pageLoad: 300000, script: 30000}, unhandledPromptBehavior: dismiss and notify, webauthn:extension:credBlob: true, webauthn:extension:largeBlob: true, webauthn:extension:minPinLength: true, webauthn:extension:prf: true, webauthn:virtualAuthenticators: true}
Element: [[ChromeDriver: chrome on windows (689b287c6c1c6bccecba34a2e403c2cd)] -&gt; xpath: //span [text() = &apos;Sign out&apos;]]
Session ID: 689b287c6c1c6bccecba34a2e403c2cd
	at org.openqa.selenium.remote.ErrorCodec.decode(ErrorCodec.java:167)
	at org.openqa.selenium.remote.codec.w3c.W3CHttpResponseCodec.decode(W3CHttpResponseCodec.java:138)
	at org.openqa.selenium.remote.codec.w3c.W3CHttpResponseCodec.decode(W3CHttpResponseCodec.java:50)
	at org.openqa.selenium.remote.HttpCommandExecutor.execute(HttpCommandExecutor.java:215)
	at org.openqa.selenium.remote.service.DriverCommandExecutor.invokeExecute(DriverCommandExecutor.java:216)
	at org.openqa.selenium.remote.service.DriverCommandExecutor.execute(DriverCommandExecutor.java:174)
	at org.openqa.selenium.remote.RemoteWebDriver.execute(RemoteWebDriver.java:544)
	at org.openqa.selenium.remote.RemoteWebElement.execute(RemoteWebElement.java:223)
	at org.openqa.selenium.remote.RemoteWebElement.click(RemoteWebElement.java:76)
	at org.openqa.selenium.support.pagefactory.internal.LocatingElementHandler.invoke(LocatingElementHandler.java:51)
	at jdk.proxy2/jdk.proxy2.$Proxy12.click(Unknown Source)
	at dev_preprod_RecMod_POM_classes.Rec_JobListPage_POM_Class.Signout(Rec_JobListPage_POM_Class.java:570)
	at design.sniperai.com_Sanity_test_classes.A003_BaseTestClass_Rec_Design.logoutAndQuitDriver(A003_BaseTestClass_Rec_Design.java:125)
	at design.sniperai.com_Sanity_test_classes.A003_BaseTestClass_Rec_Design.teardown(A003_BaseTestClass_Rec_Design.java:115)
	at java.base/java.util.ArrayList.forEach(ArrayList.java:1596)
... Removed 35 stack frames</div></td></tr></table><p class="totop"><a href="#summary">back to summary</a></p>
<h3 id="m5">design.sniperai.com_Sanity_test_classes.TC054_Rec_ClientSummary#teardown</h3><table class="result"><tr class="param"><th>Parameter #1</th></tr><tr class="param stripe"><td>[TestResult name=ClietSummary status=FAILURE method=TC054_Rec_ClientSummary.ClietSummary()[pri:0, instance:design.sniperai.com_Sanity_test_classes.TC054_Rec_ClientSummary@5136d012] output={null}]</td></tr><tr><th>Exception</th></tr><tr><td><div class="stacktrace">org.openqa.selenium.ElementNotInteractableException: element not interactable
  (Session info: chrome=140.0.7339.208)
Build info: version: &apos;4.33.0&apos;, revision: &apos;2c6aaad03a&apos;
System info: os.name: &apos;Windows 10&apos;, os.arch: &apos;amd64&apos;, os.version: &apos;10.0&apos;, java.version: &apos;21.0.7&apos;
Driver info: org.openqa.selenium.chrome.ChromeDriver
Command: [0284e034eec62b327519dab0afeeef91, clickElement {id=f.B4ED07E504DDC2D7CCC61C732DFAC082.d.EE8CBBFEDEB6D4D8C04014333F677631.e.181}]
Capabilities {acceptInsecureCerts: false, browserName: chrome, browserVersion: 140.0.7339.208, chrome: {chromedriverVersion: 140.0.7339.207 (17230b545fd..., userDataDir: C:\Users\ADMIN\AppData\Loca...}, fedcm:accounts: true, goog:chromeOptions: {debuggerAddress: localhost:53213}, networkConnectionEnabled: false, pageLoadStrategy: normal, platformName: windows, proxy: Proxy(), se:cdp: ws://localhost:53213/devtoo..., se:cdpVersion: 140.0.7339.208, setWindowRect: true, strictFileInteractability: false, timeouts: {implicit: 0, pageLoad: 300000, script: 30000}, unhandledPromptBehavior: dismiss and notify, webauthn:extension:credBlob: true, webauthn:extension:largeBlob: true, webauthn:extension:minPinLength: true, webauthn:extension:prf: true, webauthn:virtualAuthenticators: true}
Element: [[ChromeDriver: chrome on windows (0284e034eec62b327519dab0afeeef91)] -&gt; xpath: //span [text() = &apos;Sign out&apos;]]
Session ID: 0284e034eec62b327519dab0afeeef91
	at org.openqa.selenium.remote.ErrorCodec.decode(ErrorCodec.java:167)
	at org.openqa.selenium.remote.codec.w3c.W3CHttpResponseCodec.decode(W3CHttpResponseCodec.java:138)
	at org.openqa.selenium.remote.codec.w3c.W3CHttpResponseCodec.decode(W3CHttpResponseCodec.java:50)
	at org.openqa.selenium.remote.HttpCommandExecutor.execute(HttpCommandExecutor.java:215)
	at org.openqa.selenium.remote.service.DriverCommandExecutor.invokeExecute(DriverCommandExecutor.java:216)
	at org.openqa.selenium.remote.service.DriverCommandExecutor.execute(DriverCommandExecutor.java:174)
	at org.openqa.selenium.remote.RemoteWebDriver.execute(RemoteWebDriver.java:544)
	at org.openqa.selenium.remote.RemoteWebElement.execute(RemoteWebElement.java:223)
	at org.openqa.selenium.remote.RemoteWebElement.click(RemoteWebElement.java:76)
	at org.openqa.selenium.support.pagefactory.internal.LocatingElementHandler.invoke(LocatingElementHandler.java:51)
	at jdk.proxy2/jdk.proxy2.$Proxy12.click(Unknown Source)
	at dev_preprod_RecMod_POM_classes.Rec_JobListPage_POM_Class.Signout(Rec_JobListPage_POM_Class.java:570)
	at design.sniperai.com_Sanity_test_classes.A003_BaseTestClass_Rec_Design.logoutAndQuitDriver(A003_BaseTestClass_Rec_Design.java:125)
	at design.sniperai.com_Sanity_test_classes.A003_BaseTestClass_Rec_Design.teardown(A003_BaseTestClass_Rec_Design.java:115)
	at java.base/java.util.ArrayList.forEach(ArrayList.java:1596)
... Removed 35 stack frames</div></td></tr></table><p class="totop"><a href="#summary">back to summary</a></p>
<h3 id="m6">design.sniperai.com_Sanity_test_classes.TC014_Can_Change_Password#ChangePassword</h3><table class="result"><tr><th>Exception</th></tr><tr><td><div class="stacktrace">org.openqa.selenium.NoAlertPresentException: no such alert
  (Session info: chrome=140.0.7339.208)
Build info: version: &apos;4.33.0&apos;, revision: &apos;2c6aaad03a&apos;
System info: os.name: &apos;Windows 10&apos;, os.arch: &apos;amd64&apos;, os.version: &apos;10.0&apos;, java.version: &apos;21.0.7&apos;
Driver info: org.openqa.selenium.chrome.ChromeDriver
Command: [897826a0105aa9b8685bf0ed840d71d8, getAlertText {}]
Capabilities {acceptInsecureCerts: false, browserName: chrome, browserVersion: 140.0.7339.208, chrome: {chromedriverVersion: 140.0.7339.207 (17230b545fd..., userDataDir: C:\Users\ADMIN\AppData\Loca...}, fedcm:accounts: true, goog:chromeOptions: {debuggerAddress: localhost:50296}, networkConnectionEnabled: false, pageLoadStrategy: normal, platformName: windows, proxy: Proxy(), se:cdp: ws://localhost:50296/devtoo..., se:cdpVersion: 140.0.7339.208, setWindowRect: true, strictFileInteractability: false, timeouts: {implicit: 0, pageLoad: 300000, script: 30000}, unhandledPromptBehavior: dismiss and notify, webauthn:extension:credBlob: true, webauthn:extension:largeBlob: true, webauthn:extension:minPinLength: true, webauthn:extension:prf: true, webauthn:virtualAuthenticators: true}
Session ID: 897826a0105aa9b8685bf0ed840d71d8
	at org.openqa.selenium.remote.ErrorCodec.decode(ErrorCodec.java:167)
	at org.openqa.selenium.remote.codec.w3c.W3CHttpResponseCodec.decode(W3CHttpResponseCodec.java:138)
	at org.openqa.selenium.remote.codec.w3c.W3CHttpResponseCodec.decode(W3CHttpResponseCodec.java:50)
	at org.openqa.selenium.remote.HttpCommandExecutor.execute(HttpCommandExecutor.java:215)
	at org.openqa.selenium.remote.service.DriverCommandExecutor.invokeExecute(DriverCommandExecutor.java:216)
	at org.openqa.selenium.remote.service.DriverCommandExecutor.execute(DriverCommandExecutor.java:174)
	at org.openqa.selenium.remote.RemoteWebDriver.execute(RemoteWebDriver.java:544)
	at org.openqa.selenium.remote.RemoteWebDriver.execute(RemoteWebDriver.java:617)
	at org.openqa.selenium.remote.RemoteWebDriver.execute(RemoteWebDriver.java:621)
	at org.openqa.selenium.remote.RemoteWebDriver$RemoteTargetLocator.alert(RemoteWebDriver.java:1175)
	at design.sniperai.com_Sanity_test_classes.TC014_Can_Change_Password.ChangePassword(TC014_Can_Change_Password.java:61)
	at java.base/java.util.ArrayList.forEach(ArrayList.java:1596)
... Removed 28 stack frames</div></td></tr></table><p class="totop"><a href="#summary">back to summary</a></p>
<h3 id="m7">design.sniperai.com_Sanity_test_classes.TC021_JobListPage_Actions#JobListPageActions_Rec</h3><table class="result"><tr><th>Exception</th></tr><tr><td><div class="stacktrace">org.openqa.selenium.ElementNotInteractableException: element not interactable
  (Session info: chrome=140.0.7339.208)
Build info: version: &apos;4.33.0&apos;, revision: &apos;2c6aaad03a&apos;
System info: os.name: &apos;Windows 10&apos;, os.arch: &apos;amd64&apos;, os.version: &apos;10.0&apos;, java.version: &apos;21.0.7&apos;
Driver info: org.openqa.selenium.chrome.ChromeDriver
Command: [2cafa53651d32bc304394dfff4eb1819, clickElement {id=f.F5EF85D24D80EFAD9D30AF5F9017DF91.d.8265A331A4EA4F0B736C733A2E947D7B.e.357}]
Capabilities {acceptInsecureCerts: false, browserName: chrome, browserVersion: 140.0.7339.208, chrome: {chromedriverVersion: 140.0.7339.207 (17230b545fd..., userDataDir: C:\Users\ADMIN\AppData\Loca...}, fedcm:accounts: true, goog:chromeOptions: {debuggerAddress: localhost:50613}, networkConnectionEnabled: false, pageLoadStrategy: normal, platformName: windows, proxy: Proxy(), se:cdp: ws://localhost:50613/devtoo..., se:cdpVersion: 140.0.7339.208, setWindowRect: true, strictFileInteractability: false, timeouts: {implicit: 0, pageLoad: 300000, script: 30000}, unhandledPromptBehavior: dismiss and notify, webauthn:extension:credBlob: true, webauthn:extension:largeBlob: true, webauthn:extension:minPinLength: true, webauthn:extension:prf: true, webauthn:virtualAuthenticators: true}
Element: [[ChromeDriver: chrome on windows (2cafa53651d32bc304394dfff4eb1819)] -&gt; xpath: (//button [@class=&apos;light-button filterSubmit&apos;])[4]]
Session ID: 2cafa53651d32bc304394dfff4eb1819
	at org.openqa.selenium.remote.ErrorCodec.decode(ErrorCodec.java:167)
	at org.openqa.selenium.remote.codec.w3c.W3CHttpResponseCodec.decode(W3CHttpResponseCodec.java:138)
	at org.openqa.selenium.remote.codec.w3c.W3CHttpResponseCodec.decode(W3CHttpResponseCodec.java:50)
	at org.openqa.selenium.remote.HttpCommandExecutor.execute(HttpCommandExecutor.java:215)
	at org.openqa.selenium.remote.service.DriverCommandExecutor.invokeExecute(DriverCommandExecutor.java:216)
	at org.openqa.selenium.remote.service.DriverCommandExecutor.execute(DriverCommandExecutor.java:174)
	at org.openqa.selenium.remote.RemoteWebDriver.execute(RemoteWebDriver.java:544)
	at org.openqa.selenium.remote.RemoteWebElement.execute(RemoteWebElement.java:223)
	at org.openqa.selenium.remote.RemoteWebElement.click(RemoteWebElement.java:76)
	at org.openqa.selenium.support.pagefactory.internal.LocatingElementHandler.invoke(LocatingElementHandler.java:51)
	at jdk.proxy2/jdk.proxy2.$Proxy12.click(Unknown Source)
	at dev_preprod_RecMod_POM_classes.Rec_JobListPage_POM_Class.JobLocationColumnFilterSearch(Rec_JobListPage_POM_Class.java:700)
	at design.sniperai.com_Sanity_test_classes.TC021_JobListPage_Actions.JobListPageActions_Rec(TC021_JobListPage_Actions.java:68)
	at java.base/java.util.ArrayList.forEach(ArrayList.java:1596)
... Removed 30 stack frames</div></td></tr></table><p class="totop"><a href="#summary">back to summary</a></p>
<h3 id="m8">design.sniperai.com_Sanity_test_classes.TC029_Rec_RawReport_Dowload#DownloadRawReport</h3><table class="result"><tr><th>Exception</th></tr><tr><td><div class="stacktrace">org.openqa.selenium.ElementClickInterceptedException: element click intercepted: Element &lt;span class=&quot;ui-icon ui-icon-circle-triangle-w&quot;&gt;...&lt;/span&gt; is not clickable at point (703, 321). Other element would receive the click: &lt;div class=&quot;ui-datepicker-header ui-widget-header ui-helper-clearfix ui-corner-all&quot;&gt;...&lt;/div&gt;
  (Session info: chrome=140.0.7339.208)
Build info: version: &apos;4.33.0&apos;, revision: &apos;2c6aaad03a&apos;
System info: os.name: &apos;Windows 10&apos;, os.arch: &apos;amd64&apos;, os.version: &apos;10.0&apos;, java.version: &apos;21.0.7&apos;
Driver info: org.openqa.selenium.chrome.ChromeDriver
Command: [b028f2b4f185abc2b12af61d18915e4e, clickElement {id=f.C76F1A872826850D16A9DF11E92AB97E.d.837B5F79E95EB656DE7CCDC50C73D8C2.e.243}]
Capabilities {acceptInsecureCerts: false, browserName: chrome, browserVersion: 140.0.7339.208, chrome: {chromedriverVersion: 140.0.7339.207 (17230b545fd..., userDataDir: C:\Users\ADMIN\AppData\Loca...}, fedcm:accounts: true, goog:chromeOptions: {debuggerAddress: localhost:50906}, networkConnectionEnabled: false, pageLoadStrategy: normal, platformName: windows, proxy: Proxy(), se:cdp: ws://localhost:50906/devtoo..., se:cdpVersion: 140.0.7339.208, setWindowRect: true, strictFileInteractability: false, timeouts: {implicit: 0, pageLoad: 300000, script: 30000}, unhandledPromptBehavior: dismiss and notify, webauthn:extension:credBlob: true, webauthn:extension:largeBlob: true, webauthn:extension:minPinLength: true, webauthn:extension:prf: true, webauthn:virtualAuthenticators: true}
Element: [[ChromeDriver: chrome on windows (b028f2b4f185abc2b12af61d18915e4e)] -&gt; xpath: //span [text() = &apos;Prev&apos;]]
Session ID: b028f2b4f185abc2b12af61d18915e4e
	at org.openqa.selenium.remote.ErrorCodec.decode(ErrorCodec.java:167)
	at org.openqa.selenium.remote.codec.w3c.W3CHttpResponseCodec.decode(W3CHttpResponseCodec.java:138)
	at org.openqa.selenium.remote.codec.w3c.W3CHttpResponseCodec.decode(W3CHttpResponseCodec.java:50)
	at org.openqa.selenium.remote.HttpCommandExecutor.execute(HttpCommandExecutor.java:215)
	at org.openqa.selenium.remote.service.DriverCommandExecutor.invokeExecute(DriverCommandExecutor.java:216)
	at org.openqa.selenium.remote.service.DriverCommandExecutor.execute(DriverCommandExecutor.java:174)
	at org.openqa.selenium.remote.RemoteWebDriver.execute(RemoteWebDriver.java:544)
	at org.openqa.selenium.remote.RemoteWebElement.execute(RemoteWebElement.java:223)
	at org.openqa.selenium.remote.RemoteWebElement.click(RemoteWebElement.java:76)
	at org.openqa.selenium.support.pagefactory.internal.LocatingElementHandler.invoke(LocatingElementHandler.java:51)
	at jdk.proxy2/jdk.proxy2.$Proxy12.click(Unknown Source)
	at dev_preprod_RecMod_POM_classes.Rec_RawReport_POM_Class.EndDatePrevious(Rec_RawReport_POM_Class.java:126)
	at design.sniperai.com_Sanity_test_classes.TC029_Rec_RawReport_Dowload.DownloadRawReport(TC029_Rec_RawReport_Dowload.java:55)
	at java.base/java.util.ArrayList.forEach(ArrayList.java:1596)
... Removed 30 stack frames</div></td></tr></table><p class="totop"><a href="#summary">back to summary</a></p>
<h3 id="m9">design.sniperai.com_Sanity_test_classes.TC036_Rec_DashboardPage_Open#OpenDashboardPage</h3><table class="result"><tr><th>Exception</th></tr><tr><td><div class="stacktrace">org.openqa.selenium.NoSuchElementException: no such element: Unable to locate element: {&quot;method&quot;:&quot;xpath&quot;,&quot;selector&quot;:&quot;//a [text() = &apos;Dashboard Reports&apos;]&quot;}
  (Session info: chrome=140.0.7339.208)
For documentation on this error, please visit: https://www.selenium.dev/documentation/webdriver/troubleshooting/errors#no-such-element-exception
Build info: version: &apos;4.33.0&apos;, revision: &apos;2c6aaad03a&apos;
System info: os.name: &apos;Windows 10&apos;, os.arch: &apos;amd64&apos;, os.version: &apos;10.0&apos;, java.version: &apos;21.0.7&apos;
Driver info: org.openqa.selenium.chrome.ChromeDriver
Command: [aaa8fd9c7fb109d0d61b814f9ab1e466, findElement {value=//a [text() = &apos;Dashboard Reports&apos;], using=xpath}]
Capabilities {acceptInsecureCerts: false, browserName: chrome, browserVersion: 140.0.7339.208, chrome: {chromedriverVersion: 140.0.7339.207 (17230b545fd..., userDataDir: C:\Users\ADMIN\AppData\Loca...}, fedcm:accounts: true, goog:chromeOptions: {debuggerAddress: localhost:51264}, networkConnectionEnabled: false, pageLoadStrategy: normal, platformName: windows, proxy: Proxy(), se:cdp: ws://localhost:51264/devtoo..., se:cdpVersion: 140.0.7339.208, setWindowRect: true, strictFileInteractability: false, timeouts: {implicit: 0, pageLoad: 300000, script: 30000}, unhandledPromptBehavior: dismiss and notify, webauthn:extension:credBlob: true, webauthn:extension:largeBlob: true, webauthn:extension:minPinLength: true, webauthn:extension:prf: true, webauthn:virtualAuthenticators: true}
Session ID: aaa8fd9c7fb109d0d61b814f9ab1e466
	at org.openqa.selenium.remote.ErrorCodec.decode(ErrorCodec.java:167)
	at org.openqa.selenium.remote.codec.w3c.W3CHttpResponseCodec.decode(W3CHttpResponseCodec.java:138)
	at org.openqa.selenium.remote.codec.w3c.W3CHttpResponseCodec.decode(W3CHttpResponseCodec.java:50)
	at org.openqa.selenium.remote.HttpCommandExecutor.execute(HttpCommandExecutor.java:215)
	at org.openqa.selenium.remote.service.DriverCommandExecutor.invokeExecute(DriverCommandExecutor.java:216)
	at org.openqa.selenium.remote.service.DriverCommandExecutor.execute(DriverCommandExecutor.java:174)
	at org.openqa.selenium.remote.RemoteWebDriver.execute(RemoteWebDriver.java:544)
	at org.openqa.selenium.remote.ElementLocation$ElementFinder$2.findElement(ElementLocation.java:165)
	at org.openqa.selenium.remote.ElementLocation.findElement(ElementLocation.java:59)
	at org.openqa.selenium.remote.RemoteWebDriver.findElement(RemoteWebDriver.java:367)
	at org.openqa.selenium.remote.RemoteWebDriver.findElement(RemoteWebDriver.java:361)
	at org.openqa.selenium.support.pagefactory.DefaultElementLocator.findElement(DefaultElementLocator.java:68)
	at org.openqa.selenium.support.pagefactory.internal.LocatingElementHandler.invoke(LocatingElementHandler.java:38)
	at jdk.proxy2/jdk.proxy2.$Proxy12.click(Unknown Source)
	at dev_preprod_RecMod_POM_classes.Rec_JobListPage_POM_Class.DashboardReports(Rec_JobListPage_POM_Class.java:426)
	at design.sniperai.com_Sanity_test_classes.TC036_Rec_DashboardPage_Open.OpenDashboardPage(TC036_Rec_DashboardPage_Open.java:23)
	at java.base/java.util.ArrayList.forEach(ArrayList.java:1596)
... Removed 28 stack frames</div></td></tr></table><p class="totop"><a href="#summary">back to summary</a></p>
<h3 id="m10">design.sniperai.com_Sanity_test_classes.TC042_Rec_ScoreReprePage#ScoreRepreConfig</h3><table class="result"><tr><th>Exception</th></tr><tr><td><div class="stacktrace">org.openqa.selenium.NoSuchElementException: no such element: Unable to locate element: {&quot;method&quot;:&quot;xpath&quot;,&quot;selector&quot;:&quot;//a [text() = &apos;Score Representation Configuration&apos;]&quot;}
  (Session info: chrome=140.0.7339.208)
For documentation on this error, please visit: https://www.selenium.dev/documentation/webdriver/troubleshooting/errors#no-such-element-exception
Build info: version: &apos;4.33.0&apos;, revision: &apos;2c6aaad03a&apos;
System info: os.name: &apos;Windows 10&apos;, os.arch: &apos;amd64&apos;, os.version: &apos;10.0&apos;, java.version: &apos;21.0.7&apos;
Driver info: org.openqa.selenium.chrome.ChromeDriver
Command: [a7dda34c392bdc9cede3adb06f9acd15, findElement {value=//a [text() = &apos;Score Representation Configuration&apos;], using=xpath}]
Capabilities {acceptInsecureCerts: false, browserName: chrome, browserVersion: 140.0.7339.208, chrome: {chromedriverVersion: 140.0.7339.207 (17230b545fd..., userDataDir: C:\Users\ADMIN\AppData\Loca...}, fedcm:accounts: true, goog:chromeOptions: {debuggerAddress: localhost:51890}, networkConnectionEnabled: false, pageLoadStrategy: normal, platformName: windows, proxy: Proxy(), se:cdp: ws://localhost:51890/devtoo..., se:cdpVersion: 140.0.7339.208, setWindowRect: true, strictFileInteractability: false, timeouts: {implicit: 0, pageLoad: 300000, script: 30000}, unhandledPromptBehavior: dismiss and notify, webauthn:extension:credBlob: true, webauthn:extension:largeBlob: true, webauthn:extension:minPinLength: true, webauthn:extension:prf: true, webauthn:virtualAuthenticators: true}
Session ID: a7dda34c392bdc9cede3adb06f9acd15
	at org.openqa.selenium.remote.ErrorCodec.decode(ErrorCodec.java:167)
	at org.openqa.selenium.remote.codec.w3c.W3CHttpResponseCodec.decode(W3CHttpResponseCodec.java:138)
	at org.openqa.selenium.remote.codec.w3c.W3CHttpResponseCodec.decode(W3CHttpResponseCodec.java:50)
	at org.openqa.selenium.remote.HttpCommandExecutor.execute(HttpCommandExecutor.java:215)
	at org.openqa.selenium.remote.service.DriverCommandExecutor.invokeExecute(DriverCommandExecutor.java:216)
	at org.openqa.selenium.remote.service.DriverCommandExecutor.execute(DriverCommandExecutor.java:174)
	at org.openqa.selenium.remote.RemoteWebDriver.execute(RemoteWebDriver.java:544)
	at org.openqa.selenium.remote.ElementLocation$ElementFinder$2.findElement(ElementLocation.java:165)
	at org.openqa.selenium.remote.ElementLocation.findElement(ElementLocation.java:59)
	at org.openqa.selenium.remote.RemoteWebDriver.findElement(RemoteWebDriver.java:367)
	at org.openqa.selenium.remote.RemoteWebDriver.findElement(RemoteWebDriver.java:361)
	at org.openqa.selenium.support.pagefactory.DefaultElementLocator.findElement(DefaultElementLocator.java:68)
	at org.openqa.selenium.support.pagefactory.internal.LocatingElementHandler.invoke(LocatingElementHandler.java:38)
	at jdk.proxy2/jdk.proxy2.$Proxy12.click(Unknown Source)
	at dev_preprod_RecMod_POM_classes.Rec_JobListPage_POM_Class.ScoreRepConfig(Rec_JobListPage_POM_Class.java:462)
	at design.sniperai.com_Sanity_test_classes.TC042_Rec_ScoreReprePage.ScoreRepreConfig(TC042_Rec_ScoreReprePage.java:25)
	at java.base/java.util.ArrayList.forEach(ArrayList.java:1596)
... Removed 28 stack frames</div></td></tr></table><p class="totop"><a href="#summary">back to summary</a></p>
<h3 id="m11">design.sniperai.com_Sanity_test_classes.TC044_Rec_UtilitiesSkillUpload#SkillUploadUtility</h3><table class="result"><tr><th>Exception</th></tr><tr><td><div class="stacktrace">org.openqa.selenium.NoSuchElementException: no such element: Unable to locate element: {&quot;method&quot;:&quot;xpath&quot;,&quot;selector&quot;:&quot;//a [text() = &apos;Skill Upload&apos;]&quot;}
  (Session info: chrome=140.0.7339.208)
For documentation on this error, please visit: https://www.selenium.dev/documentation/webdriver/troubleshooting/errors#no-such-element-exception
Build info: version: &apos;4.33.0&apos;, revision: &apos;2c6aaad03a&apos;
System info: os.name: &apos;Windows 10&apos;, os.arch: &apos;amd64&apos;, os.version: &apos;10.0&apos;, java.version: &apos;21.0.7&apos;
Driver info: org.openqa.selenium.chrome.ChromeDriver
Command: [da6f4b6f14829910d14fc9406041f267, findElement {value=//a [text() = &apos;Skill Upload&apos;], using=xpath}]
Capabilities {acceptInsecureCerts: false, browserName: chrome, browserVersion: 140.0.7339.208, chrome: {chromedriverVersion: 140.0.7339.207 (17230b545fd..., userDataDir: C:\Users\ADMIN\AppData\Loca...}, fedcm:accounts: true, goog:chromeOptions: {debuggerAddress: localhost:52277}, networkConnectionEnabled: false, pageLoadStrategy: normal, platformName: windows, proxy: Proxy(), se:cdp: ws://localhost:52277/devtoo..., se:cdpVersion: 140.0.7339.208, setWindowRect: true, strictFileInteractability: false, timeouts: {implicit: 0, pageLoad: 300000, script: 30000}, unhandledPromptBehavior: dismiss and notify, webauthn:extension:credBlob: true, webauthn:extension:largeBlob: true, webauthn:extension:minPinLength: true, webauthn:extension:prf: true, webauthn:virtualAuthenticators: true}
Session ID: da6f4b6f14829910d14fc9406041f267
	at org.openqa.selenium.remote.ErrorCodec.decode(ErrorCodec.java:167)
	at org.openqa.selenium.remote.codec.w3c.W3CHttpResponseCodec.decode(W3CHttpResponseCodec.java:138)
	at org.openqa.selenium.remote.codec.w3c.W3CHttpResponseCodec.decode(W3CHttpResponseCodec.java:50)
	at org.openqa.selenium.remote.HttpCommandExecutor.execute(HttpCommandExecutor.java:215)
	at org.openqa.selenium.remote.service.DriverCommandExecutor.invokeExecute(DriverCommandExecutor.java:216)
	at org.openqa.selenium.remote.service.DriverCommandExecutor.execute(DriverCommandExecutor.java:174)
	at org.openqa.selenium.remote.RemoteWebDriver.execute(RemoteWebDriver.java:544)
	at org.openqa.selenium.remote.ElementLocation$ElementFinder$2.findElement(ElementLocation.java:165)
	at org.openqa.selenium.remote.ElementLocation.findElement(ElementLocation.java:59)
	at org.openqa.selenium.remote.RemoteWebDriver.findElement(RemoteWebDriver.java:367)
	at org.openqa.selenium.remote.RemoteWebDriver.findElement(RemoteWebDriver.java:361)
	at org.openqa.selenium.support.pagefactory.DefaultElementLocator.findElement(DefaultElementLocator.java:68)
	at org.openqa.selenium.support.pagefactory.internal.LocatingElementHandler.invoke(LocatingElementHandler.java:38)
	at jdk.proxy2/jdk.proxy2.$Proxy12.click(Unknown Source)
	at dev_preprod_RecMod_POM_classes.Rec_JobListPage_POM_Class.SkillUpload(Rec_JobListPage_POM_Class.java:480)
	at design.sniperai.com_Sanity_test_classes.TC044_Rec_UtilitiesSkillUpload.SkillUploadUtility(TC044_Rec_UtilitiesSkillUpload.java:27)
	at java.base/java.util.ArrayList.forEach(ArrayList.java:1596)
... Removed 28 stack frames</div></td></tr></table><p class="totop"><a href="#summary">back to summary</a></p>
<h3 id="m12">design.sniperai.com_Sanity_test_classes.TC047_Rec_UtilitiesScoreLock#ScoreLockUtility</h3><table class="result"><tr><th>Exception</th></tr><tr><td><div class="stacktrace">org.openqa.selenium.NoSuchElementException: no such element: Unable to locate element: {&quot;method&quot;:&quot;xpath&quot;,&quot;selector&quot;:&quot;//a [text() = &apos;Score Lock&apos;]&quot;}
  (Session info: chrome=140.0.7339.208)
For documentation on this error, please visit: https://www.selenium.dev/documentation/webdriver/troubleshooting/errors#no-such-element-exception
Build info: version: &apos;4.33.0&apos;, revision: &apos;2c6aaad03a&apos;
System info: os.name: &apos;Windows 10&apos;, os.arch: &apos;amd64&apos;, os.version: &apos;10.0&apos;, java.version: &apos;21.0.7&apos;
Driver info: org.openqa.selenium.chrome.ChromeDriver
Command: [414d704cc5396806e6094d9e041803de, findElement {value=//a [text() = &apos;Score Lock&apos;], using=xpath}]
Capabilities {acceptInsecureCerts: false, browserName: chrome, browserVersion: 140.0.7339.208, chrome: {chromedriverVersion: 140.0.7339.207 (17230b545fd..., userDataDir: C:\Users\ADMIN\AppData\Loca...}, fedcm:accounts: true, goog:chromeOptions: {debuggerAddress: localhost:52717}, networkConnectionEnabled: false, pageLoadStrategy: normal, platformName: windows, proxy: Proxy(), se:cdp: ws://localhost:52717/devtoo..., se:cdpVersion: 140.0.7339.208, setWindowRect: true, strictFileInteractability: false, timeouts: {implicit: 0, pageLoad: 300000, script: 30000}, unhandledPromptBehavior: dismiss and notify, webauthn:extension:credBlob: true, webauthn:extension:largeBlob: true, webauthn:extension:minPinLength: true, webauthn:extension:prf: true, webauthn:virtualAuthenticators: true}
Session ID: 414d704cc5396806e6094d9e041803de
	at org.openqa.selenium.remote.ErrorCodec.decode(ErrorCodec.java:167)
	at org.openqa.selenium.remote.codec.w3c.W3CHttpResponseCodec.decode(W3CHttpResponseCodec.java:138)
	at org.openqa.selenium.remote.codec.w3c.W3CHttpResponseCodec.decode(W3CHttpResponseCodec.java:50)
	at org.openqa.selenium.remote.HttpCommandExecutor.execute(HttpCommandExecutor.java:215)
	at org.openqa.selenium.remote.service.DriverCommandExecutor.invokeExecute(DriverCommandExecutor.java:216)
	at org.openqa.selenium.remote.service.DriverCommandExecutor.execute(DriverCommandExecutor.java:174)
	at org.openqa.selenium.remote.RemoteWebDriver.execute(RemoteWebDriver.java:544)
	at org.openqa.selenium.remote.ElementLocation$ElementFinder$2.findElement(ElementLocation.java:165)
	at org.openqa.selenium.remote.ElementLocation.findElement(ElementLocation.java:59)
	at org.openqa.selenium.remote.RemoteWebDriver.findElement(RemoteWebDriver.java:367)
	at org.openqa.selenium.remote.RemoteWebDriver.findElement(RemoteWebDriver.java:361)
	at org.openqa.selenium.support.pagefactory.DefaultElementLocator.findElement(DefaultElementLocator.java:68)
	at org.openqa.selenium.support.pagefactory.internal.LocatingElementHandler.invoke(LocatingElementHandler.java:38)
	at jdk.proxy2/jdk.proxy2.$Proxy12.click(Unknown Source)
	at dev_preprod_RecMod_POM_classes.Rec_JobListPage_POM_Class.ScoreLock(Rec_JobListPage_POM_Class.java:498)
	at design.sniperai.com_Sanity_test_classes.TC047_Rec_UtilitiesScoreLock.ScoreLockUtility(TC047_Rec_UtilitiesScoreLock.java:27)
	at java.base/java.util.ArrayList.forEach(ArrayList.java:1596)
... Removed 28 stack frames</div></td></tr></table><p class="totop"><a href="#summary">back to summary</a></p>
<h3 id="m13">design.sniperai.com_Sanity_test_classes.TC053_Rec_AddClient#AddCliet</h3><table class="result"><tr><th>Exception</th></tr><tr><td><div class="stacktrace">org.openqa.selenium.json.JsonException: java.lang.reflect.InvocationTargetException
Build info: version: &apos;4.33.0&apos;, revision: &apos;2c6aaad03a&apos;
System info: os.name: &apos;Windows 10&apos;, os.arch: &apos;amd64&apos;, os.version: &apos;10.0&apos;, java.version: &apos;21.0.7&apos;
Driver info: org.openqa.selenium.chrome.ChromeDriver
Command: [689b287c6c1c6bccecba34a2e403c2cd, actions {actions=[org.openqa.selenium.interactions.Sequence@fc9313d]}]
Capabilities {acceptInsecureCerts: false, browserName: chrome, browserVersion: 140.0.7339.208, chrome: {chromedriverVersion: 140.0.7339.207 (17230b545fd..., userDataDir: C:\Users\ADMIN\AppData\Loca...}, fedcm:accounts: true, goog:chromeOptions: {debuggerAddress: localhost:53121}, networkConnectionEnabled: false, pageLoadStrategy: normal, platformName: windows, proxy: Proxy(), se:cdp: ws://localhost:53121/devtoo..., se:cdpVersion: 140.0.7339.208, setWindowRect: true, strictFileInteractability: false, timeouts: {implicit: 0, pageLoad: 300000, script: 30000}, unhandledPromptBehavior: dismiss and notify, webauthn:extension:credBlob: true, webauthn:extension:largeBlob: true, webauthn:extension:minPinLength: true, webauthn:extension:prf: true, webauthn:virtualAuthenticators: true}
Session ID: 689b287c6c1c6bccecba34a2e403c2cd
	at org.openqa.selenium.json.JsonOutput.convertUsingMethod(JsonOutput.java:520)
	at org.openqa.selenium.json.JsonOutput.lambda$new$16(JsonOutput.java:182)
	at org.openqa.selenium.json.JsonOutput.write0(JsonOutput.java:409)
	at org.openqa.selenium.json.JsonOutput.lambda$new$22(JsonOutput.java:204)
	at java.base/java.util.stream.ForEachOps$ForEachOp$OfRef.accept(ForEachOps.java:184)
	at java.base/java.util.stream.ReferencePipeline$2$1.accept(ReferencePipeline.java:179)
	at java.base/java.util.Iterator.forEachRemaining(Iterator.java:133)
	at java.base/java.util.Spliterators$IteratorSpliterator.forEachRemaining(Spliterators.java:1939)
	at java.base/java.util.stream.AbstractPipeline.copyInto(AbstractPipeline.java:509)
	at java.base/java.util.stream.AbstractPipeline.wrapAndCopyInto(AbstractPipeline.java:499)
	at java.base/java.util.stream.ForEachOps$ForEachOp.evaluateSequential(ForEachOps.java:151)
	at java.base/java.util.stream.ForEachOps$ForEachOp$OfRef.evaluateSequential(ForEachOps.java:174)
	at java.base/java.util.stream.AbstractPipeline.evaluate(AbstractPipeline.java:234)
	at java.base/java.util.stream.ReferencePipeline.forEach(ReferencePipeline.java:596)
	at org.openqa.selenium.json.JsonOutput.lambda$new$23(JsonOutput.java:204)
	at org.openqa.selenium.json.JsonOutput.write0(JsonOutput.java:409)
	at org.openqa.selenium.json.JsonOutput.lambda$new$24(JsonOutput.java:222)
	at java.base/java.util.Map.forEach(Map.java:733)
	at org.openqa.selenium.json.JsonOutput.lambda$new$25(JsonOutput.java:217)
	at org.openqa.selenium.json.JsonOutput.write0(JsonOutput.java:409)
	at org.openqa.selenium.json.JsonOutput.write(JsonOutput.java:400)
	at org.openqa.selenium.json.Json.toJson(Json.java:133)
	at org.openqa.selenium.json.Json.toJson(Json.java:119)
	at org.openqa.selenium.remote.codec.AbstractHttpCommandCodec.encode(AbstractHttpCommandCodec.java:236)
	at org.openqa.selenium.remote.codec.AbstractHttpCommandCodec.encode(AbstractHttpCommandCodec.java:109)
	at org.openqa.selenium.remote.HttpCommandExecutor.execute(HttpCommandExecutor.java:203)
	at org.openqa.selenium.remote.service.DriverCommandExecutor.invokeExecute(DriverCommandExecutor.java:216)
	at org.openqa.selenium.remote.service.DriverCommandExecutor.execute(DriverCommandExecutor.java:174)
	at org.openqa.selenium.remote.RemoteWebDriver.execute(RemoteWebDriver.java:544)
	at org.openqa.selenium.remote.RemoteWebDriver.perform(RemoteWebDriver.java:630)
	at org.openqa.selenium.interactions.Actions$BuiltAction.perform(Actions.java:616)
	at org.openqa.selenium.interactions.Actions.perform(Actions.java:581)
	at dev_preprod_RecMod_POM_classes.Rec_JobListPage_POM_Class.ClientModule(Rec_JobListPage_POM_Class.java:534)
	at design.sniperai.com_Sanity_test_classes.TC053_Rec_AddClient.AddCliet(TC053_Rec_AddClient.java:24)
	at java.base/java.util.ArrayList.forEach(ArrayList.java:1596)
	Suppressed: org.openqa.selenium.json.JsonException: Attempting to close incomplete json stream
Build info: version: &apos;4.33.0&apos;, revision: &apos;2c6aaad03a&apos;
System info: os.name: &apos;Windows 10&apos;, os.arch: &apos;amd64&apos;, os.version: &apos;10.0&apos;, java.version: &apos;21.0.7&apos;
Driver info: driver.version: RemoteWebDriver
		at org.openqa.selenium.json.JsonOutput.close(JsonOutput.java:431)
		at org.openqa.selenium.json.Json.toJson(Json.java:131)
		... 38 more
	at org.openqa.selenium.json.JsonOutput.convertUsingMethod(JsonOutput.java:516)
	... 59 more
Caused by: org.openqa.selenium.NoSuchElementException: no such element: Unable to locate element: {&quot;method&quot;:&quot;xpath&quot;,&quot;selector&quot;:&quot;//span [text() = &apos;Client Module&apos;]&quot;}
  (Session info: chrome=140.0.7339.208)
For documentation on this error, please visit: https://www.selenium.dev/documentation/webdriver/troubleshooting/errors#no-such-element-exception
Build info: version: &apos;4.33.0&apos;, revision: &apos;2c6aaad03a&apos;
System info: os.name: &apos;Windows 10&apos;, os.arch: &apos;amd64&apos;, os.version: &apos;10.0&apos;, java.version: &apos;21.0.7&apos;
Driver info: org.openqa.selenium.chrome.ChromeDriver
Command: [689b287c6c1c6bccecba34a2e403c2cd, findElement {value=//span [text() = &apos;Client Module&apos;], using=xpath}]
Capabilities {acceptInsecureCerts: false, browserName: chrome, browserVersion: 140.0.7339.208, chrome: {chromedriverVersion: 140.0.7339.207 (17230b545fd..., userDataDir: C:\Users\ADMIN\AppData\Loca...}, fedcm:accounts: true, goog:chromeOptions: {debuggerAddress: localhost:53121}, networkConnectionEnabled: false, pageLoadStrategy: normal, platformName: windows, proxy: Proxy(), se:cdp: ws://localhost:53121/devtoo..., se:cdpVersion: 140.0.7339.208, setWindowRect: true, strictFileInteractability: false, timeouts: {implicit: 0, pageLoad: 300000, script: 30000}, unhandledPromptBehavior: dismiss and notify, webauthn:extension:credBlob: true, webauthn:extension:largeBlob: true, webauthn:extension:minPinLength: true, webauthn:extension:prf: true, webauthn:virtualAuthenticators: true}
Session ID: 689b287c6c1c6bccecba34a2e403c2cd
	at org.openqa.selenium.remote.ErrorCodec.decode(ErrorCodec.java:167)
	at org.openqa.selenium.remote.codec.w3c.W3CHttpResponseCodec.decode(W3CHttpResponseCodec.java:138)
	at org.openqa.selenium.remote.codec.w3c.W3CHttpResponseCodec.decode(W3CHttpResponseCodec.java:50)
	at org.openqa.selenium.remote.HttpCommandExecutor.execute(HttpCommandExecutor.java:215)
	at org.openqa.selenium.remote.service.DriverCommandExecutor.invokeExecute(DriverCommandExecutor.java:216)
	at org.openqa.selenium.remote.service.DriverCommandExecutor.execute(DriverCommandExecutor.java:174)
	at org.openqa.selenium.remote.RemoteWebDriver.execute(RemoteWebDriver.java:544)
	at org.openqa.selenium.remote.ElementLocation$ElementFinder$2.findElement(ElementLocation.java:165)
	at org.openqa.selenium.remote.ElementLocation.findElement(ElementLocation.java:59)
	at org.openqa.selenium.remote.RemoteWebDriver.findElement(RemoteWebDriver.java:367)
	at org.openqa.selenium.remote.RemoteWebDriver.findElement(RemoteWebDriver.java:361)
	at org.openqa.selenium.support.pagefactory.DefaultElementLocator.findElement(DefaultElementLocator.java:68)
	at org.openqa.selenium.support.pagefactory.internal.LocatingElementHandler.invoke(LocatingElementHandler.java:38)
	at jdk.proxy2/jdk.proxy2.$Proxy12.getWrappedElement(Unknown Source)
	at org.openqa.selenium.interactions.PointerInput$Origin.asArg(PointerInput.java:262)
	at org.openqa.selenium.interactions.PointerInput$Move.encode(PointerInput.java:211)
	at org.openqa.selenium.interactions.Sequence.encode(Sequence.java:74)
	at org.openqa.selenium.interactions.Sequence.toJson(Sequence.java:83)
	... 61 more
... Removed 32 stack frames</div></td></tr></table><p class="totop"><a href="#summary">back to summary</a></p>
<h3 id="m14">design.sniperai.com_Sanity_test_classes.TC054_Rec_ClientSummary#ClietSummary</h3><table class="result"><tr><th>Exception</th></tr><tr><td><div class="stacktrace">org.openqa.selenium.json.JsonException: java.lang.reflect.InvocationTargetException
Build info: version: &apos;4.33.0&apos;, revision: &apos;2c6aaad03a&apos;
System info: os.name: &apos;Windows 10&apos;, os.arch: &apos;amd64&apos;, os.version: &apos;10.0&apos;, java.version: &apos;21.0.7&apos;
Driver info: org.openqa.selenium.chrome.ChromeDriver
Command: [0284e034eec62b327519dab0afeeef91, actions {actions=[org.openqa.selenium.interactions.Sequence@4d8458a1]}]
Capabilities {acceptInsecureCerts: false, browserName: chrome, browserVersion: 140.0.7339.208, chrome: {chromedriverVersion: 140.0.7339.207 (17230b545fd..., userDataDir: C:\Users\ADMIN\AppData\Loca...}, fedcm:accounts: true, goog:chromeOptions: {debuggerAddress: localhost:53213}, networkConnectionEnabled: false, pageLoadStrategy: normal, platformName: windows, proxy: Proxy(), se:cdp: ws://localhost:53213/devtoo..., se:cdpVersion: 140.0.7339.208, setWindowRect: true, strictFileInteractability: false, timeouts: {implicit: 0, pageLoad: 300000, script: 30000}, unhandledPromptBehavior: dismiss and notify, webauthn:extension:credBlob: true, webauthn:extension:largeBlob: true, webauthn:extension:minPinLength: true, webauthn:extension:prf: true, webauthn:virtualAuthenticators: true}
Session ID: 0284e034eec62b327519dab0afeeef91
	at org.openqa.selenium.json.JsonOutput.convertUsingMethod(JsonOutput.java:520)
	at org.openqa.selenium.json.JsonOutput.lambda$new$16(JsonOutput.java:182)
	at org.openqa.selenium.json.JsonOutput.write0(JsonOutput.java:409)
	at org.openqa.selenium.json.JsonOutput.lambda$new$22(JsonOutput.java:204)
	at java.base/java.util.stream.ForEachOps$ForEachOp$OfRef.accept(ForEachOps.java:184)
	at java.base/java.util.stream.ReferencePipeline$2$1.accept(ReferencePipeline.java:179)
	at java.base/java.util.Iterator.forEachRemaining(Iterator.java:133)
	at java.base/java.util.Spliterators$IteratorSpliterator.forEachRemaining(Spliterators.java:1939)
	at java.base/java.util.stream.AbstractPipeline.copyInto(AbstractPipeline.java:509)
	at java.base/java.util.stream.AbstractPipeline.wrapAndCopyInto(AbstractPipeline.java:499)
	at java.base/java.util.stream.ForEachOps$ForEachOp.evaluateSequential(ForEachOps.java:151)
	at java.base/java.util.stream.ForEachOps$ForEachOp$OfRef.evaluateSequential(ForEachOps.java:174)
	at java.base/java.util.stream.AbstractPipeline.evaluate(AbstractPipeline.java:234)
	at java.base/java.util.stream.ReferencePipeline.forEach(ReferencePipeline.java:596)
	at org.openqa.selenium.json.JsonOutput.lambda$new$23(JsonOutput.java:204)
	at org.openqa.selenium.json.JsonOutput.write0(JsonOutput.java:409)
	at org.openqa.selenium.json.JsonOutput.lambda$new$24(JsonOutput.java:222)
	at java.base/java.util.Map.forEach(Map.java:733)
	at org.openqa.selenium.json.JsonOutput.lambda$new$25(JsonOutput.java:217)
	at org.openqa.selenium.json.JsonOutput.write0(JsonOutput.java:409)
	at org.openqa.selenium.json.JsonOutput.write(JsonOutput.java:400)
	at org.openqa.selenium.json.Json.toJson(Json.java:133)
	at org.openqa.selenium.json.Json.toJson(Json.java:119)
	at org.openqa.selenium.remote.codec.AbstractHttpCommandCodec.encode(AbstractHttpCommandCodec.java:236)
	at org.openqa.selenium.remote.codec.AbstractHttpCommandCodec.encode(AbstractHttpCommandCodec.java:109)
	at org.openqa.selenium.remote.HttpCommandExecutor.execute(HttpCommandExecutor.java:203)
	at org.openqa.selenium.remote.service.DriverCommandExecutor.invokeExecute(DriverCommandExecutor.java:216)
	at org.openqa.selenium.remote.service.DriverCommandExecutor.execute(DriverCommandExecutor.java:174)
	at org.openqa.selenium.remote.RemoteWebDriver.execute(RemoteWebDriver.java:544)
	at org.openqa.selenium.remote.RemoteWebDriver.perform(RemoteWebDriver.java:630)
	at org.openqa.selenium.interactions.Actions$BuiltAction.perform(Actions.java:616)
	at org.openqa.selenium.interactions.Actions.perform(Actions.java:581)
	at dev_preprod_RecMod_POM_classes.Rec_JobListPage_POM_Class.ClientModule(Rec_JobListPage_POM_Class.java:534)
	at design.sniperai.com_Sanity_test_classes.TC054_Rec_ClientSummary.ClietSummary(TC054_Rec_ClientSummary.java:24)
	at java.base/java.util.ArrayList.forEach(ArrayList.java:1596)
	Suppressed: org.openqa.selenium.json.JsonException: Attempting to close incomplete json stream
Build info: version: &apos;4.33.0&apos;, revision: &apos;2c6aaad03a&apos;
System info: os.name: &apos;Windows 10&apos;, os.arch: &apos;amd64&apos;, os.version: &apos;10.0&apos;, java.version: &apos;21.0.7&apos;
Driver info: driver.version: RemoteWebDriver
		at org.openqa.selenium.json.JsonOutput.close(JsonOutput.java:431)
		at org.openqa.selenium.json.Json.toJson(Json.java:131)
		... 38 more
	at org.openqa.selenium.json.JsonOutput.convertUsingMethod(JsonOutput.java:516)
	... 59 more
Caused by: org.openqa.selenium.NoSuchElementException: no such element: Unable to locate element: {&quot;method&quot;:&quot;xpath&quot;,&quot;selector&quot;:&quot;//span [text() = &apos;Client Module&apos;]&quot;}
  (Session info: chrome=140.0.7339.208)
For documentation on this error, please visit: https://www.selenium.dev/documentation/webdriver/troubleshooting/errors#no-such-element-exception
Build info: version: &apos;4.33.0&apos;, revision: &apos;2c6aaad03a&apos;
System info: os.name: &apos;Windows 10&apos;, os.arch: &apos;amd64&apos;, os.version: &apos;10.0&apos;, java.version: &apos;21.0.7&apos;
Driver info: org.openqa.selenium.chrome.ChromeDriver
Command: [0284e034eec62b327519dab0afeeef91, findElement {value=//span [text() = &apos;Client Module&apos;], using=xpath}]
Capabilities {acceptInsecureCerts: false, browserName: chrome, browserVersion: 140.0.7339.208, chrome: {chromedriverVersion: 140.0.7339.207 (17230b545fd..., userDataDir: C:\Users\ADMIN\AppData\Loca...}, fedcm:accounts: true, goog:chromeOptions: {debuggerAddress: localhost:53213}, networkConnectionEnabled: false, pageLoadStrategy: normal, platformName: windows, proxy: Proxy(), se:cdp: ws://localhost:53213/devtoo..., se:cdpVersion: 140.0.7339.208, setWindowRect: true, strictFileInteractability: false, timeouts: {implicit: 0, pageLoad: 300000, script: 30000}, unhandledPromptBehavior: dismiss and notify, webauthn:extension:credBlob: true, webauthn:extension:largeBlob: true, webauthn:extension:minPinLength: true, webauthn:extension:prf: true, webauthn:virtualAuthenticators: true}
Session ID: 0284e034eec62b327519dab0afeeef91
	at org.openqa.selenium.remote.ErrorCodec.decode(ErrorCodec.java:167)
	at org.openqa.selenium.remote.codec.w3c.W3CHttpResponseCodec.decode(W3CHttpResponseCodec.java:138)
	at org.openqa.selenium.remote.codec.w3c.W3CHttpResponseCodec.decode(W3CHttpResponseCodec.java:50)
	at org.openqa.selenium.remote.HttpCommandExecutor.execute(HttpCommandExecutor.java:215)
	at org.openqa.selenium.remote.service.DriverCommandExecutor.invokeExecute(DriverCommandExecutor.java:216)
	at org.openqa.selenium.remote.service.DriverCommandExecutor.execute(DriverCommandExecutor.java:174)
	at org.openqa.selenium.remote.RemoteWebDriver.execute(RemoteWebDriver.java:544)
	at org.openqa.selenium.remote.ElementLocation$ElementFinder$2.findElement(ElementLocation.java:165)
	at org.openqa.selenium.remote.ElementLocation.findElement(ElementLocation.java:59)
	at org.openqa.selenium.remote.RemoteWebDriver.findElement(RemoteWebDriver.java:367)
	at org.openqa.selenium.remote.RemoteWebDriver.findElement(RemoteWebDriver.java:361)
	at org.openqa.selenium.support.pagefactory.DefaultElementLocator.findElement(DefaultElementLocator.java:68)
	at org.openqa.selenium.support.pagefactory.internal.LocatingElementHandler.invoke(LocatingElementHandler.java:38)
	at jdk.proxy2/jdk.proxy2.$Proxy12.getWrappedElement(Unknown Source)
	at org.openqa.selenium.interactions.PointerInput$Origin.asArg(PointerInput.java:262)
	at org.openqa.selenium.interactions.PointerInput$Move.encode(PointerInput.java:211)
	at org.openqa.selenium.interactions.Sequence.encode(Sequence.java:74)
	at org.openqa.selenium.interactions.Sequence.toJson(Sequence.java:83)
	... 61 more
... Removed 32 stack frames</div></td></tr></table><p class="totop"><a href="#summary">back to summary</a></p>
<h3 id="m15">design.sniperai.com_Sanity_test_classes.TC056_CadidatesPageActios#CandidatesPageActions</h3><table class="result"><tr><th>Exception</th></tr><tr><td><div class="stacktrace">org.openqa.selenium.TimeoutException: java.util.concurrent.TimeoutException
Build info: version: &apos;4.33.0&apos;, revision: &apos;2c6aaad03a&apos;
System info: os.name: &apos;Windows 10&apos;, os.arch: &apos;amd64&apos;, os.version: &apos;10.0&apos;, java.version: &apos;21.0.7&apos;
Driver info: org.openqa.selenium.chrome.ChromeDriver
Command: [4ca90e7dab9109e772d095ba088ceb73, clickElement {id=f.B507C338F66ADDC5BB92CA8768165EB1.d.7A610DDC088891DA2BBFD1A25E6E05E3.e.1137}]
Capabilities {acceptInsecureCerts: false, browserName: chrome, browserVersion: 140.0.7339.208, chrome: {chromedriverVersion: 140.0.7339.207 (17230b545fd..., userDataDir: C:\Users\ADMIN\AppData\Loca...}, fedcm:accounts: true, goog:chromeOptions: {debuggerAddress: localhost:53361}, networkConnectionEnabled: false, pageLoadStrategy: normal, platformName: windows, proxy: Proxy(), se:cdp: ws://localhost:53361/devtoo..., se:cdpVersion: 140.0.7339.208, setWindowRect: true, strictFileInteractability: false, timeouts: {implicit: 0, pageLoad: 300000, script: 30000}, unhandledPromptBehavior: dismiss and notify, webauthn:extension:credBlob: true, webauthn:extension:largeBlob: true, webauthn:extension:minPinLength: true, webauthn:extension:prf: true, webauthn:virtualAuthenticators: true}
Element: [[ChromeDriver: chrome on windows (4ca90e7dab9109e772d095ba088ceb73)] -&gt; xpath: //i [@class=&apos;fa fa-refresh&apos;]]
Session ID: 4ca90e7dab9109e772d095ba088ceb73
	at org.openqa.selenium.remote.http.jdk.JdkHttpClient.execute(JdkHttpClient.java:427)
	at org.openqa.selenium.remote.HttpCommandExecutor.execute(HttpCommandExecutor.java:212)
	at org.openqa.selenium.remote.service.DriverCommandExecutor.invokeExecute(DriverCommandExecutor.java:216)
	at org.openqa.selenium.remote.service.DriverCommandExecutor.execute(DriverCommandExecutor.java:174)
	at org.openqa.selenium.remote.RemoteWebDriver.execute(RemoteWebDriver.java:544)
	at org.openqa.selenium.remote.RemoteWebElement.execute(RemoteWebElement.java:223)
	at org.openqa.selenium.remote.RemoteWebElement.click(RemoteWebElement.java:76)
	at org.openqa.selenium.support.pagefactory.internal.LocatingElementHandler.invoke(LocatingElementHandler.java:51)
	at jdk.proxy2/jdk.proxy2.$Proxy12.click(Unknown Source)
	at dev_preprod_RecMod_POM_classes.Rec_CandidatesPage_POM_Class.Reset(Rec_CandidatesPage_POM_Class.java:317)
	at design.sniperai.com_Sanity_test_classes.TC056_CadidatesPageActios.CandidatesPageActions(TC056_CadidatesPageActios.java:89)
	at java.base/java.util.ArrayList.forEach(ArrayList.java:1596)
Caused by: java.util.concurrent.TimeoutException
	at java.base/java.util.concurrent.CompletableFuture$Timeout.run(CompletableFuture.java:2920)
	at java.base/java.util.concurrent.Executors$RunnableAdapter.call(Executors.java:572)
	at java.base/java.util.concurrent.FutureTask.run(FutureTask.java:317)
	at java.base/java.util.concurrent.ScheduledThreadPoolExecutor$ScheduledFutureTask.run(ScheduledThreadPoolExecutor.java:304)
	at java.base/java.util.concurrent.ThreadPoolExecutor.runWorker(ThreadPoolExecutor.java:1144)
	at java.base/java.util.concurrent.ThreadPoolExecutor$Worker.run(ThreadPoolExecutor.java:642)
	at java.base/java.lang.Thread.run(Thread.java:1583)
... Removed 27 stack frames</div></td></tr></table><p class="totop"><a href="#summary">back to summary</a></p>
<h3 id="m16">design.sniperai.com_Sanity_test_classes.TC001Open_Terms_Page#TermsPage</h3><table class="result"><tr><th class="invisible"/></tr></table><p class="totop"><a href="#summary">back to summary</a></p>
<h3 id="m17">design.sniperai.com_Sanity_test_classes.TC002ForgotPassword_Button#ForgotPassword</h3><table class="result"><tr><th class="invisible"/></tr></table><p class="totop"><a href="#summary">back to summary</a></p>
<h3 id="m18">design.sniperai.com_Sanity_test_classes.TC003VerifySignUpPage#SignUp</h3><table class="result"><tr><th class="invisible"/></tr></table><p class="totop"><a href="#summary">back to summary</a></p>
<h3 id="m19">design.sniperai.com_Sanity_test_classes.TC004Verify_JobOpeningsPage#JobOpeningsPage</h3><table class="result"><tr><th class="invisible"/></tr></table><p class="totop"><a href="#summary">back to summary</a></p>
<h3 id="m20">design.sniperai.com_Sanity_test_classes.TC011_Login_Candidate_Module#CandidateLogin</h3><table class="result"><tr><th class="invisible"/></tr></table><p class="totop"><a href="#summary">back to summary</a></p>
<h3 id="m21">design.sniperai.com_Sanity_test_classes.TC012_Applicatios_Page_Can_mod#AppliedJobsFromDB</h3><table class="result"><tr><th class="invisible"/></tr></table><p class="totop"><a href="#summary">back to summary</a></p>
<h3 id="m22">design.sniperai.com_Sanity_test_classes.TC013_Can_Profile_Update#ProfilePageUpdate</h3><table class="result"><tr><th class="invisible"/></tr></table><p class="totop"><a href="#summary">back to summary</a></p>
<h3 id="m23">design.sniperai.com_Sanity_test_classes.TC015_Open_contactsPage#OpenContactsPage</h3><table class="result"><tr><th class="invisible"/></tr></table><p class="totop"><a href="#summary">back to summary</a></p>
<h3 id="m24">design.sniperai.com_Sanity_test_classes.TC016_Open_JobsPage#OpenJobsPage</h3><table class="result"><tr><th class="invisible"/></tr></table><p class="totop"><a href="#summary">back to summary</a></p>
<h3 id="m25">design.sniperai.com_Sanity_test_classes.TC017_Actions_JobsPage#JobsPageGTesting</h3><table class="result"><tr><th class="invisible"/></tr></table><p class="totop"><a href="#summary">back to summary</a></p>
<h3 id="m26">design.sniperai.com_Sanity_test_classes.TC019_ApplicationsPageTesting#ApplicationsPageTesting</h3><table class="result"><tr><th class="invisible"/></tr></table><p class="totop"><a href="#summary">back to summary</a></p>
<h3 id="m27">design.sniperai.com_Sanity_test_classes.TC020_Login_RecruiterModule#RecruiterLogin</h3><table class="result"><tr><th class="invisible"/></tr></table><p class="totop"><a href="#summary">back to summary</a></p>
<h3 id="m28">design.sniperai.com_Sanity_test_classes.TC022_Rec_UserCreationPage#OpenUserCreationPage</h3><table class="result"><tr><th class="invisible"/></tr></table><p class="totop"><a href="#summary">back to summary</a></p>
<h3 id="m29">design.sniperai.com_Sanity_test_classes.TC024_Rec_AddSupportRecruiterPage#OpenAddSupportRecPage</h3><table class="result"><tr><th class="invisible"/></tr></table><p class="totop"><a href="#summary">back to summary</a></p>
<h3 id="m30">design.sniperai.com_Sanity_test_classes.TC025_Rec_EquitibleHiringPage#OpenEquitibleHiringPage</h3><table class="result"><tr><th class="invisible"/></tr></table><p class="totop"><a href="#summary">back to summary</a></p>
<h3 id="m31">design.sniperai.com_Sanity_test_classes.TC026_Req_BotCandidatePage#OpenBotCandidatesPage</h3><table class="result"><tr><th class="invisible"/></tr></table><p class="totop"><a href="#summary">back to summary</a></p>
<h3 id="m32">design.sniperai.com_Sanity_test_classes.TC030_Rec_ReccomdSummaryRP_Download#DownloadReccomdSummaryRep</h3><table class="result"><tr><th class="invisible"/></tr></table><p class="totop"><a href="#summary">back to summary</a></p>
<h3 id="m33">design.sniperai.com_Sanity_test_classes.TC031_Rec_HideUhideRep_Download#HideUnhideReport</h3><table class="result"><tr><th class="invisible"/></tr></table><p class="totop"><a href="#summary">back to summary</a></p>
<h3 id="m34">design.sniperai.com_Sanity_test_classes.TC032_Rec_SuccessReport_Download#SuccessEmailReport</h3><table class="result"><tr><th class="invisible"/></tr></table><p class="totop"><a href="#summary">back to summary</a></p>
<h3 id="m35">design.sniperai.com_Sanity_test_classes.TC033_Rec_FailedReport_Download#FailedEmailReport</h3><table class="result"><tr><th class="invisible"/></tr></table><p class="totop"><a href="#summary">back to summary</a></p>
<h3 id="m36">design.sniperai.com_Sanity_test_classes.TC034_Rec_ChatotHistReport_Download#ChatotHistoryReport</h3><table class="result"><tr><th class="invisible"/></tr></table><p class="totop"><a href="#summary">back to summary</a></p>
<h3 id="m37">design.sniperai.com_Sanity_test_classes.TC035_Rec_InterviewRep_Download#InterviewSchedulerReport</h3><table class="result"><tr><th class="invisible"/></tr></table><p class="totop"><a href="#summary">back to summary</a></p>
<h3 id="m38">design.sniperai.com_Sanity_test_classes.TC037_Rec_SettingsPage#SettingsPage</h3><table class="result"><tr><th class="invisible"/></tr></table><p class="totop"><a href="#summary">back to summary</a></p>
<h3 id="m39">design.sniperai.com_Sanity_test_classes.TC039_Rec_JobSettingsPage#JobSettingsPage</h3><table class="result"><tr><th class="invisible"/></tr></table><p class="totop"><a href="#summary">back to summary</a></p>
<h3 id="m40">design.sniperai.com_Sanity_test_classes.TC040_Rec_JobWizardSettings#JobWizardSettingsPage</h3><table class="result"><tr><th class="invisible"/></tr></table><p class="totop"><a href="#summary">back to summary</a></p>
<h3 id="m41">design.sniperai.com_Sanity_test_classes.TC041_Rec_LinkedInConfigPage#LinkedInConfig</h3><table class="result"><tr><th class="invisible"/></tr></table><p class="totop"><a href="#summary">back to summary</a></p>
<h3 id="m42">design.sniperai.com_Sanity_test_classes.TC043_Rec_VideoInterviewConfig#VideoInterviewConfig</h3><table class="result"><tr><th class="invisible"/></tr></table><p class="totop"><a href="#summary">back to summary</a></p>
<h3 id="m43">design.sniperai.com_Sanity_test_classes.TC045_UtilitiesSkillAffinity#SkillAffinityUtility</h3><table class="result"><tr><th class="invisible"/></tr></table><p class="totop"><a href="#summary">back to summary</a></p>
<h3 id="m44">design.sniperai.com_Sanity_test_classes.TC046_Rec_UtilitiesJobRefresh#JobRefreshUtility</h3><table class="result"><tr><th class="invisible"/></tr></table><p class="totop"><a href="#summary">back to summary</a></p>
<h3 id="m45">design.sniperai.com_Sanity_test_classes.TC048_Rec_UtilitiesAddSupportRec#AddSupportRecruiterUtility</h3><table class="result"><tr><th class="invisible"/></tr></table><p class="totop"><a href="#summary">back to summary</a></p>
<h3 id="m46">design.sniperai.com_Sanity_test_classes.TC049_Rec_RsplusCofiguratiosPage#RSplusCofig</h3><table class="result"><tr><th class="invisible"/></tr></table><p class="totop"><a href="#summary">back to summary</a></p>
<h3 id="m47">design.sniperai.com_Sanity_test_classes.TC050_Rec_RsplusReports#RSplusReports</h3><table class="result"><tr><th class="invisible"/></tr></table><p class="totop"><a href="#summary">back to summary</a></p>
<h3 id="m48">design.sniperai.com_Sanity_test_classes.TC051_RsplusCandidates#RSplusCadidates</h3><table class="result"><tr><th class="invisible"/></tr></table><p class="totop"><a href="#summary">back to summary</a></p>
<h3 id="m49">design.sniperai.com_Sanity_test_classes.TC055_Rec_CandidatesPage#CandidatesPage</h3><table class="result"><tr><th class="invisible"/></tr></table><p class="totop"><a href="#summary">back to summary</a></p>
</body>
</html>
