<?xml version="1.0" encoding="UTF-8"?>
<testng-results ignored="0" total="1" passed="1" failed="0" skipped="0">
  <reporter-output>
  </reporter-output>
  <suite started-at="2026-02-08T01:40:56 IST" name="Default suite" finished-at="2026-02-08T01:41:11 IST" duration-ms="15342">
    <groups>
    </groups>
    <test started-at="2026-02-08T01:40:56 IST" name="Default test" finished-at="2026-02-08T01:41:11 IST" duration-ms="15342">
      <class name="design.sniperai.com_Sanity_test_classes.TC001Open_Terms_Page">
        <test-method is-config="true" signature="SetUp()[pri:0, instance:design.sniperai.com_Sanity_test_classes.TC001Open_Terms_Page@10aa41f2]" started-at="2026-02-08T01:40:56 IST" name="SetUp" finished-at="2026-02-08T01:41:06 IST" duration-ms="10357" status="PASS">
          <reporter-output>
          </reporter-output>
        </test-method> <!-- SetUp -->
        <test-method signature="TermsPage()[pri:0, instance:design.sniperai.com_Sanity_test_classes.TC001Open_Terms_Page@10aa41f2]" started-at="2026-02-08T01:41:06 IST" name="TermsPage" finished-at="2026-02-08T01:41:10 IST" duration-ms="4507" status="PASS">
          <reporter-output>
          </reporter-output>
        </test-method> <!-- TermsPage -->
        <test-method is-config="true" signature="teardown(org.testng.ITestResult)[pri:0, instance:design.sniperai.com_Sanity_test_classes.TC001Open_Terms_Page@10aa41f2]" started-at="2026-02-08T01:41:10 IST" name="teardown" finished-at="2026-02-08T01:41:11 IST" duration-ms="430" status="PASS">
          <params>
            <param index="0">
              <value>
                <![CDATA[[TestResult name=TermsPage status=SUCCESS method=TC001Open_Terms_Page.TermsPage()[pri:0, instance:design.sniperai.com_Sanity_test_classes.TC001Open_Terms_Page@10aa41f2] output={null}]]]>
              </value>
            </param>
          </params>
          <reporter-output>
          </reporter-output>
        </test-method> <!-- teardown -->
      </class> <!-- design.sniperai.com_Sanity_test_classes.TC001Open_Terms_Page -->
    </test> <!-- Default test -->
  </suite> <!-- Default suite -->
</testng-results>
