<?xml version="1.0" encoding="UTF-8"?>
<testng-results ignored="0" total="1" passed="1" failed="0" skipped="0">
  <reporter-output>
  </reporter-output>
  <suite started-at="2025-01-07T17:16:03 IST" name="Default suite" finished-at="2025-01-07T17:16:55 IST" duration-ms="51415">
    <groups>
    </groups>
    <test started-at="2025-01-07T17:16:03 IST" name="Default test" finished-at="2025-01-07T17:16:55 IST" duration-ms="51415">
      <class name="design.sniperai.com_Sanity_test_classes.TC011_Login_Candidate_Module">
        <test-method is-config="true" signature="SetUp()[pri:0, instance:design.sniperai.com_Sanity_test_classes.TC011_Login_Candidate_Module@54a7079e]" started-at="2025-01-07T17:16:03 IST" name="SetUp" finished-at="2025-01-07T17:16:46 IST" duration-ms="42443" status="PASS">
          <reporter-output>
          </reporter-output>
        </test-method> <!-- SetUp -->
        <test-method signature="CandidateLogin()[pri:0, instance:design.sniperai.com_Sanity_test_classes.TC011_Login_Candidate_Module@54a7079e]" started-at="2025-01-07T17:16:46 IST" name="CandidateLogin" finished-at="2025-01-07T17:16:50 IST" duration-ms="4576" status="PASS">
          <reporter-output>
          </reporter-output>
        </test-method> <!-- CandidateLogin -->
        <test-method is-config="true" signature="teardown(org.testng.ITestResult)[pri:0, instance:design.sniperai.com_Sanity_test_classes.TC011_Login_Candidate_Module@54a7079e]" started-at="2025-01-07T17:16:50 IST" name="teardown" finished-at="2025-01-07T17:16:55 IST" duration-ms="4312" status="PASS">
          <params>
            <param index="0">
              <value>
                <![CDATA[[TestResult name=CandidateLogin status=SUCCESS method=TC011_Login_Candidate_Module.CandidateLogin()[pri:0, instance:design.sniperai.com_Sanity_test_classes.TC011_Login_Candidate_Module@54a7079e] output={null}]]]>
              </value>
            </param>
          </params>
          <reporter-output>
          </reporter-output>
        </test-method> <!-- teardown -->
      </class> <!-- design.sniperai.com_Sanity_test_classes.TC011_Login_Candidate_Module -->
    </test> <!-- Default test -->
  </suite> <!-- Default suite -->
</testng-results>
