<?xml version="1.0" encoding="UTF-8"?>
<!-- Generated by org.testng.reporters.JUnitXMLReporter -->
<testsuite ignored="0" hostname="DESKTOP-0G0FBLN" failures="0" tests="11" name="Test" time="223.522" errors="0" timestamp="2025-01-08T09:14:13 IST">
  <testcase classname="enocpoc.sniperai.com_Sanity_test_classes.TC001Open_Terms_Page" name="TermsPage" time="6.502"/>
  <testcase classname="enocpoc.sniperai.com_Sanity_test_classes.TC020_Login_RecruiterModule" name="RecruiterLogin" time="6.159"/>
  <testcase classname="enocpoc.sniperai.com_Sanity_test_classes.TC021_JobListPage_Actions" name="JobListPageActions_Rec" time="10.065"/>
  <testcase classname="enocpoc.sniperai.com_Sanity_test_classes.TC022_Rec_UserCreationPage" name="OpenUserCreationPage" time="7.729"/>
  <testcase classname="enocpoc.sniperai.com_Sanity_test_classes.TC029_Rec_RawReport_Dowload" name="DownloadRawReport" time="10.677"/>
  <testcase classname="enocpoc.sniperai.com_Sanity_test_classes.TC037_Rec_SettingsPage" name="SettingsPage" time="8.754"/>
  <testcase classname="enocpoc.sniperai.com_Sanity_test_classes.TC039_Rec_JobSettingsPage" name="JobSettingsPage" time="7.248"/>
  <testcase classname="enocpoc.sniperai.com_Sanity_test_classes.TC042_Rec_ScoreReprePage" name="ScoreRepreConfig" time="7.258"/>
  <testcase classname="enocpoc.sniperai.com_Sanity_test_classes.TC043_Rec_VideoInterviewConfig" name="VideoInterviewConfig" time="9.755"/>
  <testcase classname="enocpoc.sniperai.com_Sanity_test_classes.TC055_Rec_CandidatesPage" name="CandidatesPage" time="7.573"/>
  <testcase classname="enocpoc.sniperai.com_Sanity_test_classes.TC056_CadidatesPageActios" name="CandidatesPageActions" time="11.277"/>
</testsuite> <!-- Test -->
