<?xml version="1.0" encoding="UTF-8"?>
<!-- Generated by org.testng.reporters.JUnitReportReporter -->
<testsuite hostname="DESKTOP-0G0FBLN" failures="0" tests="1" name="recruitmentsmart.sniperai.com_Sanity_test_classes.TC037_Rec_SettingsPage" time="25.997" errors="0" timestamp="2024-10-05T19:10:58 IST" skipped="0">
  <testcase classname="recruitmentsmart.sniperai.com_Sanity_test_classes.TC037_Rec_SettingsPage" name="SettingsPage" time="25.997"/>
  <system-out/>
</testsuite> <!-- recruitmentsmart.sniperai.com_Sanity_test_classes.TC037_Rec_SettingsPage -->
