<?xml version="1.0" encoding="UTF-8"?>
<!-- Generated by org.testng.reporters.JUnitReportReporter -->
<testsuite hostname="DESKTOP-0G0FBLN" failures="0" tests="1" name="socgenindia.sniperai.com_Sanity_test_classes.TC020_Login_RecruiterModule" time="35.698" errors="0" timestamp="2024-10-07T19:58:15 IST" skipped="0">
  <testcase classname="socgenindia.sniperai.com_Sanity_test_classes.TC020_Login_RecruiterModule" name="RecruiterLogin" time="35.698"/>
  <system-out/>
</testsuite> <!-- socgenindia.sniperai.com_Sanity_test_classes.TC020_Login_RecruiterModule -->
