<?xml version="1.0" encoding="UTF-8"?>
<!-- Generated by org.testng.reporters.JUnitXMLReporter -->
<testsuite ignored="0" hostname="RS0070" failures="0" tests="8" name="ForgetPasswordTest" time="34.301" errors="0" timestamp="2026-04-25T19:50:28 IST">
  <testcase classname="com.qa_0004_ForgetPassword.TC0001_VerifyRecForgetPassword_validRecEmail" name="forgotPasswordValidCred" time="2.938"/>
  <testcase classname="com.qa_0004_ForgetPassword.TC0005_VerifyCanForgetPassword_validCanEmail" name="forgotPasswordValidCred" time="2.538"/>
  <testcase classname="com.qa_0004_ForgetPassword.TC0009_VerifyRecForgetPassword_WithCanEmail" name="recForgetPassword_withCanEmail" time="3.8"/>
  <testcase classname="com.qa_0004_ForgetPassword.TC0010_VerifyCanForgetPassword_WithRecEmail" name="canForgetPassword_withRecEmail" time="1.526"/>
  <testcase classname="com.qa_0004_ForgetPassword.TC0011_VerifyRecForgetPassword_InvalidEmail" name="recForgetPassword_invalidEmail" time="0.939"/>
  <testcase classname="com.qa_0004_ForgetPassword.TC0012_VerifyCanForgetPassword_InvalidEmail" name="canForgetPassword_invalidEmail" time="1.431"/>
  <testcase classname="com.qa_0004_ForgetPassword.TC0013_VerifyRecForgetPassword_WithoutEmail" name="recForgetPassword_withoutEmail" time="0.416"/>
  <testcase classname="com.qa_0004_ForgetPassword.TC0014_VerifyCanForgetPassword_WithoutEmail" name="canForgetPassword_withoutEmail" time="0.387"/>
</testsuite> <!-- ForgetPasswordTest -->
