<?xml version="1.0" encoding="UTF-8"?>
<!-- Generated by org.testng.reporters.JUnitReportReporter -->
<testsuite hostname="DESKTOP-0G0FBLN" failures="0" tests="1" name="sisecampoc.sniperai.com_Sanity_test_classes.TC042_Rec_ScoreReprePage" time="21.403" errors="0" timestamp="2024-10-05T18:20:02 IST" skipped="0">
  <testcase classname="sisecampoc.sniperai.com_Sanity_test_classes.TC042_Rec_ScoreReprePage" name="ScoreRepreConfig" time="21.403"/>
  <system-out/>
</testsuite> <!-- sisecampoc.sniperai.com_Sanity_test_classes.TC042_Rec_ScoreReprePage -->
