<?xml version="1.0" encoding="UTF-8"?>
<!-- Generated by org.testng.reporters.JUnitReportReporter -->
<testsuite hostname="DESKTOP-0G0FBLN" failures="0" tests="1" name="demov1.sniperai.com_Sanity_test_classes.TC053_Rec_AddClient" time="25.842" errors="0" timestamp="2024-09-29T12:16:09 IST" skipped="0">
  <testcase classname="demov1.sniperai.com_Sanity_test_classes.TC053_Rec_AddClient" name="AddCliet" time="25.842"/>
  <system-out/>
</testsuite> <!-- demov1.sniperai.com_Sanity_test_classes.TC053_Rec_AddClient -->
