<?xml version="1.0" encoding="UTF-8"?>
<!-- Generated by org.testng.reporters.JUnitReportReporter -->
<testsuite hostname="DESKTOP-0G0FBLN" failures="0" tests="1" name="kpmgpoc.sniperai.com_Sanity_test_classes.TC039_Rec_JobSettingsPage" time="25.345" errors="0" timestamp="2025-01-13T16:48:54 IST" skipped="0">
  <testcase classname="kpmgpoc.sniperai.com_Sanity_test_classes.TC039_Rec_JobSettingsPage" name="JobSettingsPage" time="25.345"/>
  <system-out/>
</testsuite> <!-- kpmgpoc.sniperai.com_Sanity_test_classes.TC039_Rec_JobSettingsPage -->
