<?xml version="1.0" encoding="UTF-8"?>
<!-- Generated by org.testng.reporters.JUnitReportReporter -->
<testsuite hostname="DESKTOP-0G0FBLN" failures="0" tests="1" name="hcltechpoc.sniperai.com_Sanity_test_classes.TC022_Rec_UserCreationPage" time="30.890" errors="0" timestamp="2025-01-08T07:55:29 IST" skipped="0">
  <testcase classname="hcltechpoc.sniperai.com_Sanity_test_classes.TC022_Rec_UserCreationPage" name="OpenUserCreationPage" time="30.890"/>
  <system-out/>
</testsuite> <!-- hcltechpoc.sniperai.com_Sanity_test_classes.TC022_Rec_UserCreationPage -->
