<?xml version="1.0" encoding="UTF-8"?>
<!-- Generated by org.testng.reporters.JUnitXMLReporter -->
<testsuite ignored="0" hostname="DESKTOP-0G0FBLN" failures="0" tests="2" name="Test" time="95.855" errors="0" timestamp="2024-10-20T19:10:47 IST">
  <testcase classname="design.sniperai.com_Sanity_test_classes.A002_BaseTestClass_Can_Design" name="@BeforeMethod SetUp" time="46.847">
    <failure type="org.openqa.selenium.WebDriverException" message="unknown error: net::ERR_CONNECTION_TIMED_OUT
  (Session info: chrome=129.0.6668.101)
Build info: version: &amp;apos;4.25.0&amp;apos;, revision: &amp;apos;030fcf7918&amp;apos;
System info: os.name: &amp;apos;Windows 10&amp;apos;, os.arch: &amp;apos;amd64&amp;apos;, os.version: &amp;apos;10.0&amp;apos;, java.version: &amp;apos;11.0.23&amp;apos;
Driver info: org.openqa.selenium.chrome.ChromeDriver
Command: [3b5a99c61bd5b3dca009b98de45060ca, get {url=https://design.sniperai.com/}]
Capabilities {acceptInsecureCerts: false, browserName: chrome, browserVersion: 129.0.6668.101, chrome: {chromedriverVersion: 129.0.6668.70 (df87d5cf12b1..., userDataDir: C:\Users\Shubz008\AppData\L...}, fedcm:accounts: true, goog:chromeOptions: {debuggerAddress: localhost:60012}, networkConnectionEnabled: false, pageLoadStrategy: normal, platformName: windows, proxy: Proxy(), se:cdp: ws://localhost:60012/devtoo..., se:cdpVersion: 129.0.6668.101, setWindowRect: true, strictFileInteractability: false, timeouts: {implicit: 0, pageLoad: 300000, script: 30000}, unhandledPromptBehavior: dismiss and notify, webauthn:extension:credBlob: true, webauthn:extension:largeBlob: true, webauthn:extension:minPinLength: true, webauthn:extension:prf: true, webauthn:virtualAuthenticators: true}
Session ID: 3b5a99c61bd5b3dca009b98de45060ca">
      <![CDATA[org.openqa.selenium.WebDriverException: unknown error: net::ERR_CONNECTION_TIMED_OUT
  (Session info: chrome=129.0.6668.101)
Build info: version: '4.25.0', revision: '030fcf7918'
System info: os.name: 'Windows 10', os.arch: 'amd64', os.version: '10.0', java.version: '11.0.23'
Driver info: org.openqa.selenium.chrome.ChromeDriver
Command: [3b5a99c61bd5b3dca009b98de45060ca, get {url=https://design.sniperai.com/}]
Capabilities {acceptInsecureCerts: false, browserName: chrome, browserVersion: 129.0.6668.101, chrome: {chromedriverVersion: 129.0.6668.70 (df87d5cf12b1..., userDataDir: C:\Users\Shubz008\AppData\L...}, fedcm:accounts: true, goog:chromeOptions: {debuggerAddress: localhost:60012}, networkConnectionEnabled: false, pageLoadStrategy: normal, platformName: windows, proxy: Proxy(), se:cdp: ws://localhost:60012/devtoo..., se:cdpVersion: 129.0.6668.101, setWindowRect: true, strictFileInteractability: false, timeouts: {implicit: 0, pageLoad: 300000, script: 30000}, unhandledPromptBehavior: dismiss and notify, webauthn:extension:credBlob: true, webauthn:extension:largeBlob: true, webauthn:extension:minPinLength: true, webauthn:extension:prf: true, webauthn:virtualAuthenticators: true}
Session ID: 3b5a99c61bd5b3dca009b98de45060ca
at org.openqa.selenium.remote.ErrorCodec.decode(ErrorCodec.java:167)
at org.openqa.selenium.remote.codec.w3c.W3CHttpResponseCodec.decode(W3CHttpResponseCodec.java:138)
at org.openqa.selenium.remote.codec.w3c.W3CHttpResponseCodec.decode(W3CHttpResponseCodec.java:50)
at org.openqa.selenium.remote.HttpCommandExecutor.execute(HttpCommandExecutor.java:190)
at org.openqa.selenium.remote.service.DriverCommandExecutor.invokeExecute(DriverCommandExecutor.java:216)
at org.openqa.selenium.remote.service.DriverCommandExecutor.execute(DriverCommandExecutor.java:174)
at org.openqa.selenium.remote.RemoteWebDriver.execute(RemoteWebDriver.java:545)
at org.openqa.selenium.remote.RemoteWebDriver.get(RemoteWebDriver.java:313)
at design.sniperai.com_Sanity_test_classes.A002_BaseTestClass_Can_Design.navigateToUrl(A002_BaseTestClass_Can_Design.java:43)
at design.sniperai.com_Sanity_test_classes.A002_BaseTestClass_Can_Design.SetUp(A002_BaseTestClass_Can_Design.java:29)
at java.base/java.util.ArrayList.forEach(ArrayList.java:1541)
... Removed 35 stack frames]]>
    </failure>
  </testcase> <!-- @BeforeMethod SetUp -->
  <testcase classname="design.sniperai.com_Sanity_test_classes.A002_BaseTestClass_Can_Design" name="@AfterMethod teardown" time="-1.729431598733E9">
    <skipped/>
  </testcase> <!-- @AfterMethod teardown -->
  <testcase classname="design.sniperai.com_Sanity_test_classes.A003_BaseTestClass_Rec_Design" name="@BeforeMethod SetUp" time="48.822">
    <failure type="org.openqa.selenium.WebDriverException" message="unknown error: net::ERR_CONNECTION_TIMED_OUT
  (Session info: chrome=129.0.6668.101)
Build info: version: &amp;apos;4.25.0&amp;apos;, revision: &amp;apos;030fcf7918&amp;apos;
System info: os.name: &amp;apos;Windows 10&amp;apos;, os.arch: &amp;apos;amd64&amp;apos;, os.version: &amp;apos;10.0&amp;apos;, java.version: &amp;apos;11.0.23&amp;apos;
Driver info: org.openqa.selenium.chrome.ChromeDriver
Command: [09e2a8a0b4026f16f5e5c4d422460b69, get {url=https://design.sniperai.com/}]
Capabilities {acceptInsecureCerts: false, browserName: chrome, browserVersion: 129.0.6668.101, chrome: {chromedriverVersion: 129.0.6668.70 (df87d5cf12b1..., userDataDir: C:\Users\Shubz008\AppData\L...}, fedcm:accounts: true, goog:chromeOptions: {debuggerAddress: localhost:60091}, networkConnectionEnabled: false, pageLoadStrategy: normal, platformName: windows, proxy: Proxy(), se:cdp: ws://localhost:60091/devtoo..., se:cdpVersion: 129.0.6668.101, setWindowRect: true, strictFileInteractability: false, timeouts: {implicit: 0, pageLoad: 300000, script: 30000}, unhandledPromptBehavior: dismiss and notify, webauthn:extension:credBlob: true, webauthn:extension:largeBlob: true, webauthn:extension:minPinLength: true, webauthn:extension:prf: true, webauthn:virtualAuthenticators: true}
Session ID: 09e2a8a0b4026f16f5e5c4d422460b69">
      <![CDATA[org.openqa.selenium.WebDriverException: unknown error: net::ERR_CONNECTION_TIMED_OUT
  (Session info: chrome=129.0.6668.101)
Build info: version: '4.25.0', revision: '030fcf7918'
System info: os.name: 'Windows 10', os.arch: 'amd64', os.version: '10.0', java.version: '11.0.23'
Driver info: org.openqa.selenium.chrome.ChromeDriver
Command: [09e2a8a0b4026f16f5e5c4d422460b69, get {url=https://design.sniperai.com/}]
Capabilities {acceptInsecureCerts: false, browserName: chrome, browserVersion: 129.0.6668.101, chrome: {chromedriverVersion: 129.0.6668.70 (df87d5cf12b1..., userDataDir: C:\Users\Shubz008\AppData\L...}, fedcm:accounts: true, goog:chromeOptions: {debuggerAddress: localhost:60091}, networkConnectionEnabled: false, pageLoadStrategy: normal, platformName: windows, proxy: Proxy(), se:cdp: ws://localhost:60091/devtoo..., se:cdpVersion: 129.0.6668.101, setWindowRect: true, strictFileInteractability: false, timeouts: {implicit: 0, pageLoad: 300000, script: 30000}, unhandledPromptBehavior: dismiss and notify, webauthn:extension:credBlob: true, webauthn:extension:largeBlob: true, webauthn:extension:minPinLength: true, webauthn:extension:prf: true, webauthn:virtualAuthenticators: true}
Session ID: 09e2a8a0b4026f16f5e5c4d422460b69
at org.openqa.selenium.remote.ErrorCodec.decode(ErrorCodec.java:167)
at org.openqa.selenium.remote.codec.w3c.W3CHttpResponseCodec.decode(W3CHttpResponseCodec.java:138)
at org.openqa.selenium.remote.codec.w3c.W3CHttpResponseCodec.decode(W3CHttpResponseCodec.java:50)
at org.openqa.selenium.remote.HttpCommandExecutor.execute(HttpCommandExecutor.java:190)
at org.openqa.selenium.remote.service.DriverCommandExecutor.invokeExecute(DriverCommandExecutor.java:216)
at org.openqa.selenium.remote.service.DriverCommandExecutor.execute(DriverCommandExecutor.java:174)
at org.openqa.selenium.remote.RemoteWebDriver.execute(RemoteWebDriver.java:545)
at org.openqa.selenium.remote.RemoteWebDriver.get(RemoteWebDriver.java:313)
at design.sniperai.com_Sanity_test_classes.A003_BaseTestClass_Rec_Design.navigateToUrl(A003_BaseTestClass_Rec_Design.java:45)
at design.sniperai.com_Sanity_test_classes.A003_BaseTestClass_Rec_Design.SetUp(A003_BaseTestClass_Rec_Design.java:30)
at java.base/java.util.ArrayList.forEach(ArrayList.java:1541)
... Removed 35 stack frames]]>
    </failure>
  </testcase> <!-- @BeforeMethod SetUp -->
  <testcase classname="design.sniperai.com_Sanity_test_classes.A003_BaseTestClass_Rec_Design" name="@AfterMethod teardown" time="-1.729431647607E9">
    <skipped/>
  </testcase> <!-- @AfterMethod teardown -->
  <testcase classname="design.sniperai.com_Sanity_test_classes.TC011_Login_Candidate_Module" name="CandidateLogin" time="0.0">
    <skipped/>
  </testcase> <!-- CandidateLogin -->
  <testcase classname="design.sniperai.com_Sanity_test_classes.TC020_Login_RecruiterModule" name="RecruiterLogin" time="0.0">
    <skipped/>
  </testcase> <!-- RecruiterLogin -->
</testsuite> <!-- Test -->
