<?xml version="1.0" encoding="UTF-8"?>
<testng-results ignored="0" total="17" passed="17" failed="0" skipped="0">
  <reporter-output>
  </reporter-output>
  <suite started-at="2025-02-20T08:11:12 IST" name="Suite" finished-at="2025-02-20T08:18:31 IST" duration-ms="438404">
    <groups>
    </groups>
    <test started-at="2025-02-20T08:11:12 IST" name="Test" finished-at="2025-02-20T08:18:31 IST" duration-ms="438404">
      <class name="cbtg.sniperai.com_Sanity_test_classes.TC030_Rec_ReccomdSummaryRP_Download">
        <test-method is-config="true" signature="SetUp()[pri:0, instance:cbtg.sniperai.com_Sanity_test_classes.TC030_Rec_ReccomdSummaryRP_Download@449a4f23]" started-at="2025-02-20T08:13:25 IST" name="SetUp" finished-at="2025-02-20T08:13:35 IST" duration-ms="9604" status="PASS">
          <reporter-output>
          </reporter-output>
        </test-method> <!-- SetUp -->
        <test-method signature="DownloadReccomdSummaryRep()[pri:0, instance:cbtg.sniperai.com_Sanity_test_classes.TC030_Rec_ReccomdSummaryRP_Download@449a4f23]" started-at="2025-02-20T08:13:35 IST" name="DownloadReccomdSummaryRep" finished-at="2025-02-20T08:13:48 IST" duration-ms="13191" status="PASS">
          <reporter-output>
          </reporter-output>
        </test-method> <!-- DownloadReccomdSummaryRep -->
        <test-method is-config="true" signature="teardown(org.testng.ITestResult)[pri:0, instance:cbtg.sniperai.com_Sanity_test_classes.TC030_Rec_ReccomdSummaryRP_Download@449a4f23]" started-at="2025-02-20T08:13:48 IST" name="teardown" finished-at="2025-02-20T08:13:50 IST" duration-ms="1686" status="PASS">
          <params>
            <param index="0">
              <value>
                <![CDATA[[TestResult name=DownloadReccomdSummaryRep status=SUCCESS method=TC030_Rec_ReccomdSummaryRP_Download.DownloadReccomdSummaryRep()[pri:0, instance:cbtg.sniperai.com_Sanity_test_classes.TC030_Rec_ReccomdSummaryRP_Download@449a4f23] output={null}]]]>
              </value>
            </param>
          </params>
          <reporter-output>
          </reporter-output>
        </test-method> <!-- teardown -->
      </class> <!-- cbtg.sniperai.com_Sanity_test_classes.TC030_Rec_ReccomdSummaryRP_Download -->
      <class name="cbtg.sniperai.com_Sanity_test_classes.TC032_Rec_SuccessReport_Download">
        <test-method is-config="true" signature="SetUp()[pri:0, instance:cbtg.sniperai.com_Sanity_test_classes.TC032_Rec_SuccessReport_Download@1530c739]" started-at="2025-02-20T08:13:50 IST" name="SetUp" finished-at="2025-02-20T08:14:01 IST" duration-ms="11026" status="PASS">
          <reporter-output>
          </reporter-output>
        </test-method> <!-- SetUp -->
        <test-method signature="SuccessEmailReport()[pri:0, instance:cbtg.sniperai.com_Sanity_test_classes.TC032_Rec_SuccessReport_Download@1530c739]" started-at="2025-02-20T08:14:01 IST" name="SuccessEmailReport" finished-at="2025-02-20T08:14:15 IST" duration-ms="14003" status="PASS">
          <reporter-output>
          </reporter-output>
        </test-method> <!-- SuccessEmailReport -->
        <test-method is-config="true" signature="teardown(org.testng.ITestResult)[pri:0, instance:cbtg.sniperai.com_Sanity_test_classes.TC032_Rec_SuccessReport_Download@1530c739]" started-at="2025-02-20T08:14:15 IST" name="teardown" finished-at="2025-02-20T08:14:17 IST" duration-ms="1649" status="PASS">
          <params>
            <param index="0">
              <value>
                <![CDATA[[TestResult name=SuccessEmailReport status=SUCCESS method=TC032_Rec_SuccessReport_Download.SuccessEmailReport()[pri:0, instance:cbtg.sniperai.com_Sanity_test_classes.TC032_Rec_SuccessReport_Download@1530c739] output={null}]]]>
              </value>
            </param>
          </params>
          <reporter-output>
          </reporter-output>
        </test-method> <!-- teardown -->
      </class> <!-- cbtg.sniperai.com_Sanity_test_classes.TC032_Rec_SuccessReport_Download -->
      <class name="cbtg.sniperai.com_Sanity_test_classes.TC021_JobListPage_Actions">
        <test-method is-config="true" signature="SetUp()[pri:0, instance:cbtg.sniperai.com_Sanity_test_classes.TC021_JobListPage_Actions@76a4ebf2]" started-at="2025-02-20T08:12:00 IST" name="SetUp" finished-at="2025-02-20T08:12:18 IST" duration-ms="17907" status="PASS">
          <reporter-output>
          </reporter-output>
        </test-method> <!-- SetUp -->
        <test-method signature="JobListPageActions_Rec()[pri:0, instance:cbtg.sniperai.com_Sanity_test_classes.TC021_JobListPage_Actions@76a4ebf2]" started-at="2025-02-20T08:12:18 IST" name="JobListPageActions_Rec" finished-at="2025-02-20T08:12:34 IST" duration-ms="15948" status="PASS">
          <reporter-output>
          </reporter-output>
        </test-method> <!-- JobListPageActions_Rec -->
        <test-method is-config="true" signature="teardown(org.testng.ITestResult)[pri:0, instance:cbtg.sniperai.com_Sanity_test_classes.TC021_JobListPage_Actions@76a4ebf2]" started-at="2025-02-20T08:12:34 IST" name="teardown" finished-at="2025-02-20T08:12:35 IST" duration-ms="1722" status="PASS">
          <params>
            <param index="0">
              <value>
                <![CDATA[[TestResult name=JobListPageActions_Rec status=SUCCESS method=TC021_JobListPage_Actions.JobListPageActions_Rec()[pri:0, instance:cbtg.sniperai.com_Sanity_test_classes.TC021_JobListPage_Actions@76a4ebf2] output={null}]]]>
              </value>
            </param>
          </params>
          <reporter-output>
          </reporter-output>
        </test-method> <!-- teardown -->
      </class> <!-- cbtg.sniperai.com_Sanity_test_classes.TC021_JobListPage_Actions -->
      <class name="cbtg.sniperai.com_Sanity_test_classes.TC020_Login_RecruiterModule">
        <test-method is-config="true" signature="SetUp()[pri:0, instance:cbtg.sniperai.com_Sanity_test_classes.TC020_Login_RecruiterModule@6e6f2380]" started-at="2025-02-20T08:11:36 IST" name="SetUp" finished-at="2025-02-20T08:11:49 IST" duration-ms="12807" status="PASS">
          <reporter-output>
          </reporter-output>
        </test-method> <!-- SetUp -->
        <test-method signature="RecruiterLogin()[pri:0, instance:cbtg.sniperai.com_Sanity_test_classes.TC020_Login_RecruiterModule@6e6f2380]" started-at="2025-02-20T08:11:49 IST" name="RecruiterLogin" finished-at="2025-02-20T08:11:58 IST" duration-ms="8712" status="PASS">
          <reporter-output>
          </reporter-output>
        </test-method> <!-- RecruiterLogin -->
        <test-method is-config="true" signature="teardown(org.testng.ITestResult)[pri:0, instance:cbtg.sniperai.com_Sanity_test_classes.TC020_Login_RecruiterModule@6e6f2380]" started-at="2025-02-20T08:11:58 IST" name="teardown" finished-at="2025-02-20T08:12:00 IST" duration-ms="1872" status="PASS">
          <params>
            <param index="0">
              <value>
                <![CDATA[[TestResult name=RecruiterLogin status=SUCCESS method=TC020_Login_RecruiterModule.RecruiterLogin()[pri:0, instance:cbtg.sniperai.com_Sanity_test_classes.TC020_Login_RecruiterModule@6e6f2380] output={null}]]]>
              </value>
            </param>
          </params>
          <reporter-output>
          </reporter-output>
        </test-method> <!-- teardown -->
      </class> <!-- cbtg.sniperai.com_Sanity_test_classes.TC020_Login_RecruiterModule -->
      <class name="cbtg.sniperai.com_Sanity_test_classes.TC001Open_Terms_Page">
        <test-method is-config="true" signature="SetUp()[pri:0, instance:cbtg.sniperai.com_Sanity_test_classes.TC001Open_Terms_Page@242b836]" started-at="2025-02-20T08:11:12 IST" name="SetUp" finished-at="2025-02-20T08:11:19 IST" duration-ms="6980" status="PASS">
          <reporter-output>
          </reporter-output>
        </test-method> <!-- SetUp -->
        <test-method signature="TermsPage()[pri:0, instance:cbtg.sniperai.com_Sanity_test_classes.TC001Open_Terms_Page@242b836]" started-at="2025-02-20T08:11:19 IST" name="TermsPage" finished-at="2025-02-20T08:11:36 IST" duration-ms="16716" status="PASS">
          <reporter-output>
          </reporter-output>
        </test-method> <!-- TermsPage -->
        <test-method is-config="true" signature="teardown(org.testng.ITestResult)[pri:0, instance:cbtg.sniperai.com_Sanity_test_classes.TC001Open_Terms_Page@242b836]" started-at="2025-02-20T08:11:36 IST" name="teardown" finished-at="2025-02-20T08:11:36 IST" duration-ms="538" status="PASS">
          <params>
            <param index="0">
              <value>
                <![CDATA[[TestResult name=TermsPage status=SUCCESS method=TC001Open_Terms_Page.TermsPage()[pri:0, instance:cbtg.sniperai.com_Sanity_test_classes.TC001Open_Terms_Page@242b836] output={null}]]]>
              </value>
            </param>
          </params>
          <reporter-output>
          </reporter-output>
        </test-method> <!-- teardown -->
      </class> <!-- cbtg.sniperai.com_Sanity_test_classes.TC001Open_Terms_Page -->
      <class name="cbtg.sniperai.com_Sanity_test_classes.TC051_RsplusCandidates">
        <test-method is-config="true" signature="SetUp()[pri:0, instance:cbtg.sniperai.com_Sanity_test_classes.TC051_RsplusCandidates@2cf3d63b]" started-at="2025-02-20T08:17:07 IST" name="SetUp" finished-at="2025-02-20T08:17:17 IST" duration-ms="9928" status="PASS">
          <reporter-output>
          </reporter-output>
        </test-method> <!-- SetUp -->
        <test-method signature="RSplusCadidates()[pri:0, instance:cbtg.sniperai.com_Sanity_test_classes.TC051_RsplusCandidates@2cf3d63b]" started-at="2025-02-20T08:17:17 IST" name="RSplusCadidates" finished-at="2025-02-20T08:17:32 IST" duration-ms="14624" status="PASS">
          <reporter-output>
          </reporter-output>
        </test-method> <!-- RSplusCadidates -->
        <test-method is-config="true" signature="teardown(org.testng.ITestResult)[pri:0, instance:cbtg.sniperai.com_Sanity_test_classes.TC051_RsplusCandidates@2cf3d63b]" started-at="2025-02-20T08:17:32 IST" name="teardown" finished-at="2025-02-20T08:17:34 IST" duration-ms="1727" status="PASS">
          <params>
            <param index="0">
              <value>
                <![CDATA[[TestResult name=RSplusCadidates status=SUCCESS method=TC051_RsplusCandidates.RSplusCadidates()[pri:0, instance:cbtg.sniperai.com_Sanity_test_classes.TC051_RsplusCandidates@2cf3d63b] output={null}]]]>
              </value>
            </param>
          </params>
          <reporter-output>
          </reporter-output>
        </test-method> <!-- teardown -->
      </class> <!-- cbtg.sniperai.com_Sanity_test_classes.TC051_RsplusCandidates -->
      <class name="cbtg.sniperai.com_Sanity_test_classes.TC037_Rec_SettingsPage">
        <test-method is-config="true" signature="SetUp()[pri:0, instance:cbtg.sniperai.com_Sanity_test_classes.TC037_Rec_SettingsPage@7d0b7e3c]" started-at="2025-02-20T08:14:39 IST" name="SetUp" finished-at="2025-02-20T08:14:48 IST" duration-ms="8905" status="PASS">
          <reporter-output>
          </reporter-output>
        </test-method> <!-- SetUp -->
        <test-method signature="SettingsPage()[pri:0, instance:cbtg.sniperai.com_Sanity_test_classes.TC037_Rec_SettingsPage@7d0b7e3c]" started-at="2025-02-20T08:14:48 IST" name="SettingsPage" finished-at="2025-02-20T08:15:03 IST" duration-ms="14221" status="PASS">
          <reporter-output>
          </reporter-output>
        </test-method> <!-- SettingsPage -->
        <test-method is-config="true" signature="teardown(org.testng.ITestResult)[pri:0, instance:cbtg.sniperai.com_Sanity_test_classes.TC037_Rec_SettingsPage@7d0b7e3c]" started-at="2025-02-20T08:15:03 IST" name="teardown" finished-at="2025-02-20T08:15:04 IST" duration-ms="1805" status="PASS">
          <params>
            <param index="0">
              <value>
                <![CDATA[[TestResult name=SettingsPage status=SUCCESS method=TC037_Rec_SettingsPage.SettingsPage()[pri:0, instance:cbtg.sniperai.com_Sanity_test_classes.TC037_Rec_SettingsPage@7d0b7e3c] output={null}]]]>
              </value>
            </param>
          </params>
          <reporter-output>
          </reporter-output>
        </test-method> <!-- teardown -->
      </class> <!-- cbtg.sniperai.com_Sanity_test_classes.TC037_Rec_SettingsPage -->
      <class name="cbtg.sniperai.com_Sanity_test_classes.TC039_Rec_JobSettingsPage">
        <test-method is-config="true" signature="SetUp()[pri:0, instance:cbtg.sniperai.com_Sanity_test_classes.TC039_Rec_JobSettingsPage@15bb5034]" started-at="2025-02-20T08:15:04 IST" name="SetUp" finished-at="2025-02-20T08:15:19 IST" duration-ms="14507" status="PASS">
          <reporter-output>
          </reporter-output>
        </test-method> <!-- SetUp -->
        <test-method signature="JobSettingsPage()[pri:0, instance:cbtg.sniperai.com_Sanity_test_classes.TC039_Rec_JobSettingsPage@15bb5034]" started-at="2025-02-20T08:15:19 IST" name="JobSettingsPage" finished-at="2025-02-20T08:15:28 IST" duration-ms="8667" status="PASS">
          <reporter-output>
          </reporter-output>
        </test-method> <!-- JobSettingsPage -->
        <test-method is-config="true" signature="teardown(org.testng.ITestResult)[pri:0, instance:cbtg.sniperai.com_Sanity_test_classes.TC039_Rec_JobSettingsPage@15bb5034]" started-at="2025-02-20T08:15:28 IST" name="teardown" finished-at="2025-02-20T08:15:29 IST" duration-ms="1577" status="PASS">
          <params>
            <param index="0">
              <value>
                <![CDATA[[TestResult name=JobSettingsPage status=SUCCESS method=TC039_Rec_JobSettingsPage.JobSettingsPage()[pri:0, instance:cbtg.sniperai.com_Sanity_test_classes.TC039_Rec_JobSettingsPage@15bb5034] output={null}]]]>
              </value>
            </param>
          </params>
          <reporter-output>
          </reporter-output>
        </test-method> <!-- teardown -->
      </class> <!-- cbtg.sniperai.com_Sanity_test_classes.TC039_Rec_JobSettingsPage -->
      <class name="cbtg.sniperai.com_Sanity_test_classes.TC022_Rec_UserCreationPage">
        <test-method is-config="true" signature="SetUp()[pri:0, instance:cbtg.sniperai.com_Sanity_test_classes.TC022_Rec_UserCreationPage@2e8c1c9b]" started-at="2025-02-20T08:12:35 IST" name="SetUp" finished-at="2025-02-20T08:12:44 IST" duration-ms="8761" status="PASS">
          <reporter-output>
          </reporter-output>
        </test-method> <!-- SetUp -->
        <test-method signature="OpenUserCreationPage()[pri:0, instance:cbtg.sniperai.com_Sanity_test_classes.TC022_Rec_UserCreationPage@2e8c1c9b]" started-at="2025-02-20T08:12:44 IST" name="OpenUserCreationPage" finished-at="2025-02-20T08:12:57 IST" duration-ms="12456" status="PASS">
          <reporter-output>
          </reporter-output>
        </test-method> <!-- OpenUserCreationPage -->
        <test-method is-config="true" signature="teardown(org.testng.ITestResult)[pri:0, instance:cbtg.sniperai.com_Sanity_test_classes.TC022_Rec_UserCreationPage@2e8c1c9b]" started-at="2025-02-20T08:12:57 IST" name="teardown" finished-at="2025-02-20T08:12:59 IST" duration-ms="2060" status="PASS">
          <params>
            <param index="0">
              <value>
                <![CDATA[[TestResult name=OpenUserCreationPage status=SUCCESS method=TC022_Rec_UserCreationPage.OpenUserCreationPage()[pri:0, instance:cbtg.sniperai.com_Sanity_test_classes.TC022_Rec_UserCreationPage@2e8c1c9b] output={null}]]]>
              </value>
            </param>
          </params>
          <reporter-output>
          </reporter-output>
        </test-method> <!-- teardown -->
      </class> <!-- cbtg.sniperai.com_Sanity_test_classes.TC022_Rec_UserCreationPage -->
      <class name="cbtg.sniperai.com_Sanity_test_classes.TC042_Rec_ScoreReprePage">
        <test-method is-config="true" signature="SetUp()[pri:0, instance:cbtg.sniperai.com_Sanity_test_classes.TC042_Rec_ScoreReprePage@4b741d6d]" started-at="2025-02-20T08:15:29 IST" name="SetUp" finished-at="2025-02-20T08:15:39 IST" duration-ms="9723" status="PASS">
          <reporter-output>
          </reporter-output>
        </test-method> <!-- SetUp -->
        <test-method signature="ScoreRepreConfig()[pri:0, instance:cbtg.sniperai.com_Sanity_test_classes.TC042_Rec_ScoreReprePage@4b741d6d]" started-at="2025-02-20T08:15:39 IST" name="ScoreRepreConfig" finished-at="2025-02-20T08:15:51 IST" duration-ms="12578" status="PASS">
          <reporter-output>
          </reporter-output>
        </test-method> <!-- ScoreRepreConfig -->
        <test-method is-config="true" signature="teardown(org.testng.ITestResult)[pri:0, instance:cbtg.sniperai.com_Sanity_test_classes.TC042_Rec_ScoreReprePage@4b741d6d]" started-at="2025-02-20T08:15:51 IST" name="teardown" finished-at="2025-02-20T08:15:54 IST" duration-ms="2505" status="PASS">
          <params>
            <param index="0">
              <value>
                <![CDATA[[TestResult name=ScoreRepreConfig status=SUCCESS method=TC042_Rec_ScoreReprePage.ScoreRepreConfig()[pri:0, instance:cbtg.sniperai.com_Sanity_test_classes.TC042_Rec_ScoreReprePage@4b741d6d] output={null}]]]>
              </value>
            </param>
          </params>
          <reporter-output>
          </reporter-output>
        </test-method> <!-- teardown -->
      </class> <!-- cbtg.sniperai.com_Sanity_test_classes.TC042_Rec_ScoreReprePage -->
      <class name="cbtg.sniperai.com_Sanity_test_classes.TC050_Rec_RsplusReports">
        <test-method is-config="true" signature="SetUp()[pri:0, instance:cbtg.sniperai.com_Sanity_test_classes.TC050_Rec_RsplusReports@470734c3]" started-at="2025-02-20T08:16:41 IST" name="SetUp" finished-at="2025-02-20T08:16:56 IST" duration-ms="14672" status="PASS">
          <reporter-output>
          </reporter-output>
        </test-method> <!-- SetUp -->
        <test-method signature="RSplusReports()[pri:0, instance:cbtg.sniperai.com_Sanity_test_classes.TC050_Rec_RsplusReports@470734c3]" started-at="2025-02-20T08:16:56 IST" name="RSplusReports" finished-at="2025-02-20T08:17:05 IST" duration-ms="9549" status="PASS">
          <reporter-output>
          </reporter-output>
        </test-method> <!-- RSplusReports -->
        <test-method is-config="true" signature="teardown(org.testng.ITestResult)[pri:0, instance:cbtg.sniperai.com_Sanity_test_classes.TC050_Rec_RsplusReports@470734c3]" started-at="2025-02-20T08:17:05 IST" name="teardown" finished-at="2025-02-20T08:17:07 IST" duration-ms="1748" status="PASS">
          <params>
            <param index="0">
              <value>
                <![CDATA[[TestResult name=RSplusReports status=SUCCESS method=TC050_Rec_RsplusReports.RSplusReports()[pri:0, instance:cbtg.sniperai.com_Sanity_test_classes.TC050_Rec_RsplusReports@470734c3] output={null}]]]>
              </value>
            </param>
          </params>
          <reporter-output>
          </reporter-output>
        </test-method> <!-- teardown -->
      </class> <!-- cbtg.sniperai.com_Sanity_test_classes.TC050_Rec_RsplusReports -->
      <class name="cbtg.sniperai.com_Sanity_test_classes.TC056_CadidatesPageActios">
        <test-method is-config="true" signature="SetUp()[pri:0, instance:cbtg.sniperai.com_Sanity_test_classes.TC056_CadidatesPageActios@69e153c5]" started-at="2025-02-20T08:17:58 IST" name="SetUp" finished-at="2025-02-20T08:18:11 IST" duration-ms="13352" status="PASS">
          <reporter-output>
          </reporter-output>
        </test-method> <!-- SetUp -->
        <test-method signature="CandidatesPageActions()[pri:0, instance:cbtg.sniperai.com_Sanity_test_classes.TC056_CadidatesPageActios@69e153c5]" started-at="2025-02-20T08:18:11 IST" name="CandidatesPageActions" finished-at="2025-02-20T08:18:29 IST" duration-ms="17478" status="PASS">
          <reporter-output>
          </reporter-output>
        </test-method> <!-- CandidatesPageActions -->
        <test-method is-config="true" signature="teardown(org.testng.ITestResult)[pri:0, instance:cbtg.sniperai.com_Sanity_test_classes.TC056_CadidatesPageActios@69e153c5]" started-at="2025-02-20T08:18:29 IST" name="teardown" finished-at="2025-02-20T08:18:31 IST" duration-ms="1681" status="PASS">
          <params>
            <param index="0">
              <value>
                <![CDATA[[TestResult name=CandidatesPageActions status=SUCCESS method=TC056_CadidatesPageActios.CandidatesPageActions()[pri:0, instance:cbtg.sniperai.com_Sanity_test_classes.TC056_CadidatesPageActios@69e153c5] output={null}]]]>
              </value>
            </param>
          </params>
          <reporter-output>
          </reporter-output>
        </test-method> <!-- teardown -->
      </class> <!-- cbtg.sniperai.com_Sanity_test_classes.TC056_CadidatesPageActios -->
      <class name="cbtg.sniperai.com_Sanity_test_classes.TC049_Rec_RsplusCofiguratiosPage">
        <test-method is-config="true" signature="SetUp()[pri:0, instance:cbtg.sniperai.com_Sanity_test_classes.TC049_Rec_RsplusCofiguratiosPage@8f2ef19]" started-at="2025-02-20T08:16:18 IST" name="SetUp" finished-at="2025-02-20T08:16:30 IST" duration-ms="11691" status="PASS">
          <reporter-output>
          </reporter-output>
        </test-method> <!-- SetUp -->
        <test-method signature="RSplusCofig()[pri:0, instance:cbtg.sniperai.com_Sanity_test_classes.TC049_Rec_RsplusCofiguratiosPage@8f2ef19]" started-at="2025-02-20T08:16:30 IST" name="RSplusCofig" finished-at="2025-02-20T08:16:40 IST" duration-ms="9874" status="PASS">
          <reporter-output>
          </reporter-output>
        </test-method> <!-- RSplusCofig -->
        <test-method is-config="true" signature="teardown(org.testng.ITestResult)[pri:0, instance:cbtg.sniperai.com_Sanity_test_classes.TC049_Rec_RsplusCofiguratiosPage@8f2ef19]" started-at="2025-02-20T08:16:40 IST" name="teardown" finished-at="2025-02-20T08:16:41 IST" duration-ms="1711" status="PASS">
          <params>
            <param index="0">
              <value>
                <![CDATA[[TestResult name=RSplusCofig status=SUCCESS method=TC049_Rec_RsplusCofiguratiosPage.RSplusCofig()[pri:0, instance:cbtg.sniperai.com_Sanity_test_classes.TC049_Rec_RsplusCofiguratiosPage@8f2ef19] output={null}]]]>
              </value>
            </param>
          </params>
          <reporter-output>
          </reporter-output>
        </test-method> <!-- teardown -->
      </class> <!-- cbtg.sniperai.com_Sanity_test_classes.TC049_Rec_RsplusCofiguratiosPage -->
      <class name="cbtg.sniperai.com_Sanity_test_classes.TC043_Rec_VideoInterviewConfig">
        <test-method is-config="true" signature="SetUp()[pri:0, instance:cbtg.sniperai.com_Sanity_test_classes.TC043_Rec_VideoInterviewConfig@2eae8e6e]" started-at="2025-02-20T08:15:54 IST" name="SetUp" finished-at="2025-02-20T08:16:03 IST" duration-ms="9326" status="PASS">
          <reporter-output>
          </reporter-output>
        </test-method> <!-- SetUp -->
        <test-method signature="VideoInterviewConfig()[pri:0, instance:cbtg.sniperai.com_Sanity_test_classes.TC043_Rec_VideoInterviewConfig@2eae8e6e]" started-at="2025-02-20T08:16:03 IST" name="VideoInterviewConfig" finished-at="2025-02-20T08:16:16 IST" duration-ms="13015" status="PASS">
          <reporter-output>
          </reporter-output>
        </test-method> <!-- VideoInterviewConfig -->
        <test-method is-config="true" signature="teardown(org.testng.ITestResult)[pri:0, instance:cbtg.sniperai.com_Sanity_test_classes.TC043_Rec_VideoInterviewConfig@2eae8e6e]" started-at="2025-02-20T08:16:16 IST" name="teardown" finished-at="2025-02-20T08:16:18 IST" duration-ms="1684" status="PASS">
          <params>
            <param index="0">
              <value>
                <![CDATA[[TestResult name=VideoInterviewConfig status=SUCCESS method=TC043_Rec_VideoInterviewConfig.VideoInterviewConfig()[pri:0, instance:cbtg.sniperai.com_Sanity_test_classes.TC043_Rec_VideoInterviewConfig@2eae8e6e] output={null}]]]>
              </value>
            </param>
          </params>
          <reporter-output>
          </reporter-output>
        </test-method> <!-- teardown -->
      </class> <!-- cbtg.sniperai.com_Sanity_test_classes.TC043_Rec_VideoInterviewConfig -->
      <class name="cbtg.sniperai.com_Sanity_test_classes.TC055_Rec_CandidatesPage">
        <test-method is-config="true" signature="SetUp()[pri:0, instance:cbtg.sniperai.com_Sanity_test_classes.TC055_Rec_CandidatesPage@7674f035]" started-at="2025-02-20T08:17:34 IST" name="SetUp" finished-at="2025-02-20T08:17:44 IST" duration-ms="10565" status="PASS">
          <reporter-output>
          </reporter-output>
        </test-method> <!-- SetUp -->
        <test-method signature="CandidatesPage()[pri:0, instance:cbtg.sniperai.com_Sanity_test_classes.TC055_Rec_CandidatesPage@7674f035]" started-at="2025-02-20T08:17:44 IST" name="CandidatesPage" finished-at="2025-02-20T08:17:56 IST" duration-ms="12380" status="PASS">
          <reporter-output>
          </reporter-output>
        </test-method> <!-- CandidatesPage -->
        <test-method is-config="true" signature="teardown(org.testng.ITestResult)[pri:0, instance:cbtg.sniperai.com_Sanity_test_classes.TC055_Rec_CandidatesPage@7674f035]" started-at="2025-02-20T08:17:56 IST" name="teardown" finished-at="2025-02-20T08:17:58 IST" duration-ms="1606" status="PASS">
          <params>
            <param index="0">
              <value>
                <![CDATA[[TestResult name=CandidatesPage status=SUCCESS method=TC055_Rec_CandidatesPage.CandidatesPage()[pri:0, instance:cbtg.sniperai.com_Sanity_test_classes.TC055_Rec_CandidatesPage@7674f035] output={null}]]]>
              </value>
            </param>
          </params>
          <reporter-output>
          </reporter-output>
        </test-method> <!-- teardown -->
      </class> <!-- cbtg.sniperai.com_Sanity_test_classes.TC055_Rec_CandidatesPage -->
      <class name="cbtg.sniperai.com_Sanity_test_classes.TC029_Rec_RawReport_Dowload">
        <test-method is-config="true" signature="SetUp()[pri:0, instance:cbtg.sniperai.com_Sanity_test_classes.TC029_Rec_RawReport_Dowload@53fe15ff]" started-at="2025-02-20T08:12:59 IST" name="SetUp" finished-at="2025-02-20T08:13:09 IST" duration-ms="10231" status="PASS">
          <reporter-output>
          </reporter-output>
        </test-method> <!-- SetUp -->
        <test-method signature="DownloadRawReport()[pri:0, instance:cbtg.sniperai.com_Sanity_test_classes.TC029_Rec_RawReport_Dowload@53fe15ff]" started-at="2025-02-20T08:13:09 IST" name="DownloadRawReport" finished-at="2025-02-20T08:13:23 IST" duration-ms="14537" status="PASS">
          <reporter-output>
          </reporter-output>
        </test-method> <!-- DownloadRawReport -->
        <test-method is-config="true" signature="teardown(org.testng.ITestResult)[pri:0, instance:cbtg.sniperai.com_Sanity_test_classes.TC029_Rec_RawReport_Dowload@53fe15ff]" started-at="2025-02-20T08:13:23 IST" name="teardown" finished-at="2025-02-20T08:13:25 IST" duration-ms="1865" status="PASS">
          <params>
            <param index="0">
              <value>
                <![CDATA[[TestResult name=DownloadRawReport status=SUCCESS method=TC029_Rec_RawReport_Dowload.DownloadRawReport()[pri:0, instance:cbtg.sniperai.com_Sanity_test_classes.TC029_Rec_RawReport_Dowload@53fe15ff] output={null}]]]>
              </value>
            </param>
          </params>
          <reporter-output>
          </reporter-output>
        </test-method> <!-- teardown -->
      </class> <!-- cbtg.sniperai.com_Sanity_test_classes.TC029_Rec_RawReport_Dowload -->
      <class name="cbtg.sniperai.com_Sanity_test_classes.TC033_Rec_FailedReport_Download">
        <test-method is-config="true" signature="SetUp()[pri:0, instance:cbtg.sniperai.com_Sanity_test_classes.TC033_Rec_FailedReport_Download@6e9175d8]" started-at="2025-02-20T08:14:17 IST" name="SetUp" finished-at="2025-02-20T08:14:25 IST" duration-ms="8828" status="PASS">
          <reporter-output>
          </reporter-output>
        </test-method> <!-- SetUp -->
        <test-method signature="FailedEmailReport()[pri:0, instance:cbtg.sniperai.com_Sanity_test_classes.TC033_Rec_FailedReport_Download@6e9175d8]" started-at="2025-02-20T08:14:25 IST" name="FailedEmailReport" finished-at="2025-02-20T08:14:38 IST" duration-ms="12483" status="PASS">
          <reporter-output>
          </reporter-output>
        </test-method> <!-- FailedEmailReport -->
        <test-method is-config="true" signature="teardown(org.testng.ITestResult)[pri:0, instance:cbtg.sniperai.com_Sanity_test_classes.TC033_Rec_FailedReport_Download@6e9175d8]" started-at="2025-02-20T08:14:38 IST" name="teardown" finished-at="2025-02-20T08:14:39 IST" duration-ms="1623" status="PASS">
          <params>
            <param index="0">
              <value>
                <![CDATA[[TestResult name=FailedEmailReport status=SUCCESS method=TC033_Rec_FailedReport_Download.FailedEmailReport()[pri:0, instance:cbtg.sniperai.com_Sanity_test_classes.TC033_Rec_FailedReport_Download@6e9175d8] output={null}]]]>
              </value>
            </param>
          </params>
          <reporter-output>
          </reporter-output>
        </test-method> <!-- teardown -->
      </class> <!-- cbtg.sniperai.com_Sanity_test_classes.TC033_Rec_FailedReport_Download -->
    </test> <!-- Test -->
  </suite> <!-- Suite -->
</testng-results>
