<?xml version="1.0" encoding="UTF-8"?>
<!-- Generated by org.testng.reporters.JUnitXMLReporter -->
<testsuite ignored="0" hostname="DESKTOP-0G0FBLN" failures="0" tests="10" name="Test" time="242.782" errors="0" timestamp="2024-11-19T11:18:57 IST">
  <testcase classname="recruitmentsmart.sniperai.com_Sanity_test_classes.TC001Open_Terms_Page" name="TermsPage" time="7.453"/>
  <testcase classname="recruitmentsmart.sniperai.com_Sanity_test_classes.TC020_Login_RecruiterModule" name="RecruiterLogin" time="11.804"/>
  <testcase classname="recruitmentsmart.sniperai.com_Sanity_test_classes.TC021_JobListPage_Actions" name="JobListPageActions_Rec" time="13.82"/>
  <testcase classname="recruitmentsmart.sniperai.com_Sanity_test_classes.TC022_Rec_UserCreationPage" name="OpenUserCreationPage" time="13.115"/>
  <testcase classname="recruitmentsmart.sniperai.com_Sanity_test_classes.TC029_Rec_RawReport_Dowload" name="DownloadRawReport" time="9.232"/>
  <testcase classname="recruitmentsmart.sniperai.com_Sanity_test_classes.TC037_Rec_SettingsPage" name="SettingsPage" time="8.806"/>
  <testcase classname="recruitmentsmart.sniperai.com_Sanity_test_classes.TC042_Rec_ScoreReprePage" name="ScoreRepreConfig" time="10.425"/>
  <testcase classname="recruitmentsmart.sniperai.com_Sanity_test_classes.TC043_Rec_VideoInterviewConfig" name="VideoInterviewConfig" time="9.232"/>
  <testcase classname="recruitmentsmart.sniperai.com_Sanity_test_classes.TC055_Rec_CandidatesPage" name="CandidatesPage" time="12.219"/>
  <testcase classname="recruitmentsmart.sniperai.com_Sanity_test_classes.TC056_CadidatesPageActios" name="CandidatesPageActions" time="18.089"/>
</testsuite> <!-- Test -->
