<?xml version="1.0" encoding="UTF-8"?>
<testng-results ignored="0" total="1" passed="1" failed="0" skipped="0">
  <reporter-output>
  </reporter-output>
  <suite started-at="2025-09-24T17:45:56 IST" name="Default suite" finished-at="2025-09-24T17:46:09 IST" duration-ms="12636">
    <groups>
    </groups>
    <test started-at="2025-09-24T17:45:56 IST" name="Default test" finished-at="2025-09-24T17:46:09 IST" duration-ms="12636">
      <class name="sftest.sniperai.com_Sanity_test_classes.TC020_Login_RecruiterModule">
        <test-method is-config="true" signature="SetUp()[pri:0, instance:sftest.sniperai.com_Sanity_test_classes.TC020_Login_RecruiterModule@6aaceffd]" started-at="2025-09-24T17:45:56 IST" name="SetUp" finished-at="2025-09-24T17:46:03 IST" duration-ms="6938" status="PASS">
          <reporter-output>
          </reporter-output>
        </test-method> <!-- SetUp -->
        <test-method signature="RecruiterLogin()[pri:0, instance:sftest.sniperai.com_Sanity_test_classes.TC020_Login_RecruiterModule@6aaceffd]" started-at="2025-09-24T17:46:03 IST" name="RecruiterLogin" finished-at="2025-09-24T17:46:07 IST" duration-ms="4111" status="PASS">
          <reporter-output>
          </reporter-output>
        </test-method> <!-- RecruiterLogin -->
        <test-method is-config="true" signature="teardown(org.testng.ITestResult)[pri:0, instance:sftest.sniperai.com_Sanity_test_classes.TC020_Login_RecruiterModule@6aaceffd]" started-at="2025-09-24T17:46:07 IST" name="teardown" finished-at="2025-09-24T17:46:09 IST" duration-ms="1538" status="PASS">
          <params>
            <param index="0">
              <value>
                <![CDATA[[TestResult name=RecruiterLogin status=SUCCESS method=TC020_Login_RecruiterModule.RecruiterLogin()[pri:0, instance:sftest.sniperai.com_Sanity_test_classes.TC020_Login_RecruiterModule@6aaceffd] output={null}]]]>
              </value>
            </param>
          </params>
          <reporter-output>
          </reporter-output>
        </test-method> <!-- teardown -->
      </class> <!-- sftest.sniperai.com_Sanity_test_classes.TC020_Login_RecruiterModule -->
    </test> <!-- Default test -->
  </suite> <!-- Default suite -->
</testng-results>
