<?xml version="1.0" encoding="UTF-8"?>
<!-- Generated by org.testng.reporters.JUnitReportReporter -->
<testsuite hostname="DESKTOP-0G0FBLN" failures="0" tests="1" name="edgegroup.sniperai.com_Sanity_test_classes.TC021_JobListPage_Actions" time="30.680" errors="0" timestamp="2024-11-19T08:54:12 IST" skipped="0">
  <testcase classname="edgegroup.sniperai.com_Sanity_test_classes.TC021_JobListPage_Actions" name="JobListPageActions_Rec" time="30.680"/>
  <system-out/>
</testsuite> <!-- edgegroup.sniperai.com_Sanity_test_classes.TC021_JobListPage_Actions -->
