<?xml version="1.0" encoding="UTF-8"?>
<!-- Generated by org.testng.reporters.JUnitReportReporter -->
<testsuite hostname="DESKTOP-0G0FBLN" failures="0" tests="1" name="edgegroup.sniperai.com_Sanity_test_classes.TC044_Rec_UtilitiesSkillUpload" time="130.717" errors="0" timestamp="2024-11-19T08:54:12 IST" skipped="0">
  <testcase classname="edgegroup.sniperai.com_Sanity_test_classes.TC044_Rec_UtilitiesSkillUpload" name="SkillUploadUtility" time="130.717"/>
  <system-out/>
</testsuite> <!-- edgegroup.sniperai.com_Sanity_test_classes.TC044_Rec_UtilitiesSkillUpload -->
