<?xml version="1.0" encoding="UTF-8"?>
<!-- Generated by org.testng.reporters.JUnitReportReporter -->
<testsuite hostname="DESKTOP-0G0FBLN" failures="0" tests="1" name="bajajauto.sniperai.com_Sanity_test_classes.TC021_JobListPage_Actions" time="37.005" errors="0" timestamp="2025-02-20T08:10:55 IST" skipped="0">
  <testcase classname="bajajauto.sniperai.com_Sanity_test_classes.TC021_JobListPage_Actions" name="JobListPageActions_Rec" time="37.005"/>
  <system-out/>
</testsuite> <!-- bajajauto.sniperai.com_Sanity_test_classes.TC021_JobListPage_Actions -->
