<?xml version="1.0" encoding="UTF-8"?>
<!-- Generated by org.testng.reporters.JUnitReportReporter -->
<testsuite hostname="DESKTOP-0G0FBLN" failures="0" tests="1" name="clientpoc.sniperai.com_Sanity_test_classes.TC049_Rec_RsplusCofiguratiosPage" time="27.930" errors="0" timestamp="2024-10-09T20:31:31 IST" skipped="0">
  <testcase classname="clientpoc.sniperai.com_Sanity_test_classes.TC049_Rec_RsplusCofiguratiosPage" name="RSplusCofig" time="27.930"/>
  <system-out/>
</testsuite> <!-- clientpoc.sniperai.com_Sanity_test_classes.TC049_Rec_RsplusCofiguratiosPage -->
