<?xml version="1.0" encoding="UTF-8"?>
<!-- Generated by org.testng.reporters.JUnitReportReporter -->
<testsuite hostname="DESKTOP-0G0FBLN" failures="0" tests="1" name="clientpoc.sniperai.com_Sanity_test_classes.TC020_Login_RecruiterModule" time="32.641" errors="0" timestamp="2024-10-09T20:31:31 IST" skipped="0">
  <testcase classname="clientpoc.sniperai.com_Sanity_test_classes.TC020_Login_RecruiterModule" name="RecruiterLogin" time="32.641"/>
  <system-out/>
</testsuite> <!-- clientpoc.sniperai.com_Sanity_test_classes.TC020_Login_RecruiterModule -->
