<?xml version="1.0" encoding="UTF-8"?>
<!-- Generated by org.testng.reporters.JUnitXMLReporter -->
<testsuite ignored="0" hostname="DESKTOP-0G0FBLN" failures="0" tests="12" name="Test" time="365.427" errors="0" timestamp="2025-02-20T08:01:57 IST">
  <testcase classname="alcoa.sniperai.com_Sanity_test_classes.A003_BaseTestClass_Rec_Design" name="@AfterMethod teardown" time="1.335">
    <failure type="org.openqa.selenium.ElementClickInterceptedException" message="element click intercepted: Element &amp;lt;a href=&amp;quot;javascript:void(0)&amp;quot; class=&amp;quot;menu-icn&amp;quot; id=&amp;quot;manu-icn-exp-col&amp;quot;&amp;gt;...&amp;lt;/a&amp;gt; is not clickable at point (68, 2). Other element would receive the click: &amp;lt;li class=&amp;quot;profile-name&amp;quot;&amp;gt;...&amp;lt;/li&amp;gt;
  (Session info: chrome=131.0.6778.265)
Build info: version: &amp;apos;4.25.0&amp;apos;, revision: &amp;apos;030fcf7918&amp;apos;
System info: os.name: &amp;apos;Windows 10&amp;apos;, os.arch: &amp;apos;amd64&amp;apos;, os.version: &amp;apos;10.0&amp;apos;, java.version: &amp;apos;11.0.23&amp;apos;
Driver info: org.openqa.selenium.chrome.ChromeDriver
Command: [08d7b922ce665d71f05fe69107860d20, clickElement {id=f.92440BA1188388F9AC787DD748AAFD57.d.E6709E7F4400E4B40937984DEE1908E3.e.123}]
Capabilities {acceptInsecureCerts: false, browserName: chrome, browserVersion: 131.0.6778.265, chrome: {chromedriverVersion: 131.0.6778.204 (52183f9e99a..., userDataDir: C:\Users\Shubz008\AppData\L...}, fedcm:accounts: true, goog:chromeOptions: {debuggerAddress: localhost:59892}, networkConnectionEnabled: false, pageLoadStrategy: normal, platformName: windows, proxy: Proxy(), se:cdp: ws://localhost:59892/devtoo..., se:cdpVersion: 131.0.6778.265, setWindowRect: true, strictFileInteractability: false, timeouts: {implicit: 0, pageLoad: 300000, script: 30000}, unhandledPromptBehavior: dismiss and notify, webauthn:extension:credBlob: true, webauthn:extension:largeBlob: true, webauthn:extension:minPinLength: true, webauthn:extension:prf: true, webauthn:virtualAuthenticators: true}
Element: [[ChromeDriver: chrome on windows (08d7b922ce665d71f05fe69107860d20)] -&amp;gt; xpath: //a [@class=&amp;apos;menu-icn&amp;apos;]]
Session ID: 08d7b922ce665d71f05fe69107860d20">
      <![CDATA[org.openqa.selenium.ElementClickInterceptedException: element click intercepted: Element <a href="javascript:void(0)" class="menu-icn" id="manu-icn-exp-col">...</a> is not clickable at point (68, 2). Other element would receive the click: <li class="profile-name">...</li>
  (Session info: chrome=131.0.6778.265)
Build info: version: '4.25.0', revision: '030fcf7918'
System info: os.name: 'Windows 10', os.arch: 'amd64', os.version: '10.0', java.version: '11.0.23'
Driver info: org.openqa.selenium.chrome.ChromeDriver
Command: [08d7b922ce665d71f05fe69107860d20, clickElement {id=f.92440BA1188388F9AC787DD748AAFD57.d.E6709E7F4400E4B40937984DEE1908E3.e.123}]
Capabilities {acceptInsecureCerts: false, browserName: chrome, browserVersion: 131.0.6778.265, chrome: {chromedriverVersion: 131.0.6778.204 (52183f9e99a..., userDataDir: C:\Users\Shubz008\AppData\L...}, fedcm:accounts: true, goog:chromeOptions: {debuggerAddress: localhost:59892}, networkConnectionEnabled: false, pageLoadStrategy: normal, platformName: windows, proxy: Proxy(), se:cdp: ws://localhost:59892/devtoo..., se:cdpVersion: 131.0.6778.265, setWindowRect: true, strictFileInteractability: false, timeouts: {implicit: 0, pageLoad: 300000, script: 30000}, unhandledPromptBehavior: dismiss and notify, webauthn:extension:credBlob: true, webauthn:extension:largeBlob: true, webauthn:extension:minPinLength: true, webauthn:extension:prf: true, webauthn:virtualAuthenticators: true}
Element: [[ChromeDriver: chrome on windows (08d7b922ce665d71f05fe69107860d20)] -> xpath: //a [@class='menu-icn']]
Session ID: 08d7b922ce665d71f05fe69107860d20
at org.openqa.selenium.remote.ErrorCodec.decode(ErrorCodec.java:167)
at org.openqa.selenium.remote.codec.w3c.W3CHttpResponseCodec.decode(W3CHttpResponseCodec.java:138)
at org.openqa.selenium.remote.codec.w3c.W3CHttpResponseCodec.decode(W3CHttpResponseCodec.java:50)
at org.openqa.selenium.remote.HttpCommandExecutor.execute(HttpCommandExecutor.java:190)
at org.openqa.selenium.remote.service.DriverCommandExecutor.invokeExecute(DriverCommandExecutor.java:216)
at org.openqa.selenium.remote.service.DriverCommandExecutor.execute(DriverCommandExecutor.java:174)
at org.openqa.selenium.remote.RemoteWebDriver.execute(RemoteWebDriver.java:545)
at org.openqa.selenium.remote.RemoteWebElement.execute(RemoteWebElement.java:223)
at org.openqa.selenium.remote.RemoteWebElement.click(RemoteWebElement.java:76)
at org.openqa.selenium.support.pagefactory.internal.LocatingElementHandler.invoke(LocatingElementHandler.java:51)
at com.sun.proxy.$Proxy13.click(Unknown Source)
at alcoa_RecMod_POM_classes.Rec_JobListPage_POM_Class.Sidebar(Rec_JobListPage_POM_Class.java:324)
at alcoa.sniperai.com_Sanity_test_classes.A003_BaseTestClass_Rec_Design.logoutAndQuitDriver(A003_BaseTestClass_Rec_Design.java:123)
at alcoa.sniperai.com_Sanity_test_classes.A003_BaseTestClass_Rec_Design.teardown(A003_BaseTestClass_Rec_Design.java:114)
at java.base/java.util.ArrayList.forEach(ArrayList.java:1541)
... Removed 40 stack frames]]>
    </failure>
  </testcase> <!-- @AfterMethod teardown -->
  <testcase classname="alcoa.sniperai.com_Sanity_test_classes.A003_BaseTestClass_Rec_Design" name="@AfterMethod teardown" time="1.376">
    <failure type="org.openqa.selenium.ElementClickInterceptedException" message="element click intercepted: Element &amp;lt;a href=&amp;quot;javascript:void(0)&amp;quot; class=&amp;quot;menu-icn&amp;quot; id=&amp;quot;manu-icn-exp-col&amp;quot;&amp;gt;...&amp;lt;/a&amp;gt; is not clickable at point (68, 2). Other element would receive the click: &amp;lt;li class=&amp;quot;profile-name&amp;quot;&amp;gt;...&amp;lt;/li&amp;gt;
  (Session info: chrome=131.0.6778.265)
Build info: version: &amp;apos;4.25.0&amp;apos;, revision: &amp;apos;030fcf7918&amp;apos;
System info: os.name: &amp;apos;Windows 10&amp;apos;, os.arch: &amp;apos;amd64&amp;apos;, os.version: &amp;apos;10.0&amp;apos;, java.version: &amp;apos;11.0.23&amp;apos;
Driver info: org.openqa.selenium.chrome.ChromeDriver
Command: [43521e210a58bbd9a791aea02c258a49, clickElement {id=f.0E6E0B5B439B4B3C717ED5CD8B0322A7.d.5F5FC5E661E0A95B6B9589418B3F47EC.e.331}]
Capabilities {acceptInsecureCerts: false, browserName: chrome, browserVersion: 131.0.6778.265, chrome: {chromedriverVersion: 131.0.6778.204 (52183f9e99a..., userDataDir: C:\Users\Shubz008\AppData\L...}, fedcm:accounts: true, goog:chromeOptions: {debuggerAddress: localhost:60166}, networkConnectionEnabled: false, pageLoadStrategy: normal, platformName: windows, proxy: Proxy(), se:cdp: ws://localhost:60166/devtoo..., se:cdpVersion: 131.0.6778.265, setWindowRect: true, strictFileInteractability: false, timeouts: {implicit: 0, pageLoad: 300000, script: 30000}, unhandledPromptBehavior: dismiss and notify, webauthn:extension:credBlob: true, webauthn:extension:largeBlob: true, webauthn:extension:minPinLength: true, webauthn:extension:prf: true, webauthn:virtualAuthenticators: true}
Element: [[ChromeDriver: chrome on windows (43521e210a58bbd9a791aea02c258a49)] -&amp;gt; xpath: //a [@class=&amp;apos;menu-icn&amp;apos;]]
Session ID: 43521e210a58bbd9a791aea02c258a49">
      <![CDATA[org.openqa.selenium.ElementClickInterceptedException: element click intercepted: Element <a href="javascript:void(0)" class="menu-icn" id="manu-icn-exp-col">...</a> is not clickable at point (68, 2). Other element would receive the click: <li class="profile-name">...</li>
  (Session info: chrome=131.0.6778.265)
Build info: version: '4.25.0', revision: '030fcf7918'
System info: os.name: 'Windows 10', os.arch: 'amd64', os.version: '10.0', java.version: '11.0.23'
Driver info: org.openqa.selenium.chrome.ChromeDriver
Command: [43521e210a58bbd9a791aea02c258a49, clickElement {id=f.0E6E0B5B439B4B3C717ED5CD8B0322A7.d.5F5FC5E661E0A95B6B9589418B3F47EC.e.331}]
Capabilities {acceptInsecureCerts: false, browserName: chrome, browserVersion: 131.0.6778.265, chrome: {chromedriverVersion: 131.0.6778.204 (52183f9e99a..., userDataDir: C:\Users\Shubz008\AppData\L...}, fedcm:accounts: true, goog:chromeOptions: {debuggerAddress: localhost:60166}, networkConnectionEnabled: false, pageLoadStrategy: normal, platformName: windows, proxy: Proxy(), se:cdp: ws://localhost:60166/devtoo..., se:cdpVersion: 131.0.6778.265, setWindowRect: true, strictFileInteractability: false, timeouts: {implicit: 0, pageLoad: 300000, script: 30000}, unhandledPromptBehavior: dismiss and notify, webauthn:extension:credBlob: true, webauthn:extension:largeBlob: true, webauthn:extension:minPinLength: true, webauthn:extension:prf: true, webauthn:virtualAuthenticators: true}
Element: [[ChromeDriver: chrome on windows (43521e210a58bbd9a791aea02c258a49)] -> xpath: //a [@class='menu-icn']]
Session ID: 43521e210a58bbd9a791aea02c258a49
at org.openqa.selenium.remote.ErrorCodec.decode(ErrorCodec.java:167)
at org.openqa.selenium.remote.codec.w3c.W3CHttpResponseCodec.decode(W3CHttpResponseCodec.java:138)
at org.openqa.selenium.remote.codec.w3c.W3CHttpResponseCodec.decode(W3CHttpResponseCodec.java:50)
at org.openqa.selenium.remote.HttpCommandExecutor.execute(HttpCommandExecutor.java:190)
at org.openqa.selenium.remote.service.DriverCommandExecutor.invokeExecute(DriverCommandExecutor.java:216)
at org.openqa.selenium.remote.service.DriverCommandExecutor.execute(DriverCommandExecutor.java:174)
at org.openqa.selenium.remote.RemoteWebDriver.execute(RemoteWebDriver.java:545)
at org.openqa.selenium.remote.RemoteWebElement.execute(RemoteWebElement.java:223)
at org.openqa.selenium.remote.RemoteWebElement.click(RemoteWebElement.java:76)
at org.openqa.selenium.support.pagefactory.internal.LocatingElementHandler.invoke(LocatingElementHandler.java:51)
at com.sun.proxy.$Proxy13.click(Unknown Source)
at alcoa_RecMod_POM_classes.Rec_JobListPage_POM_Class.Sidebar(Rec_JobListPage_POM_Class.java:324)
at alcoa.sniperai.com_Sanity_test_classes.A003_BaseTestClass_Rec_Design.logoutAndQuitDriver(A003_BaseTestClass_Rec_Design.java:123)
at alcoa.sniperai.com_Sanity_test_classes.A003_BaseTestClass_Rec_Design.teardown(A003_BaseTestClass_Rec_Design.java:114)
at java.base/java.util.ArrayList.forEach(ArrayList.java:1541)
... Removed 39 stack frames]]>
    </failure>
  </testcase> <!-- @AfterMethod teardown -->
  <testcase classname="alcoa.sniperai.com_Sanity_test_classes.TC001Open_Terms_Page" name="TermsPage" time="19.666"/>
  <testcase classname="alcoa.sniperai.com_Sanity_test_classes.TC020_Login_RecruiterModule" name="RecruiterLogin" time="13.287"/>
  <testcase classname="alcoa.sniperai.com_Sanity_test_classes.TC021_JobListPage_Actions" name="JobListPageActions_Rec" time="30.658"/>
  <testcase classname="alcoa.sniperai.com_Sanity_test_classes.TC022_Rec_UserCreationPage" name="OpenUserCreationPage" time="15.024"/>
  <testcase classname="alcoa.sniperai.com_Sanity_test_classes.TC029_Rec_RawReport_Dowload" name="DownloadRawReport" time="12.124"/>
  <testcase classname="alcoa.sniperai.com_Sanity_test_classes.TC030_Rec_ReccomdSummaryRP_Download" name="DownloadReccomdSummaryRep" time="9.874"/>
  <testcase classname="alcoa.sniperai.com_Sanity_test_classes.TC037_Rec_SettingsPage" name="SettingsPage" time="11.871"/>
  <testcase classname="alcoa.sniperai.com_Sanity_test_classes.TC039_Rec_JobSettingsPage" name="JobSettingsPage" time="13.769"/>
  <testcase classname="alcoa.sniperai.com_Sanity_test_classes.TC042_Rec_ScoreReprePage" name="ScoreRepreConfig" time="9.848"/>
  <testcase classname="alcoa.sniperai.com_Sanity_test_classes.TC043_Rec_VideoInterviewConfig" name="VideoInterviewConfig" time="15.894"/>
  <testcase classname="alcoa.sniperai.com_Sanity_test_classes.TC055_Rec_CandidatesPage" name="CandidatesPage" time="14.457"/>
  <testcase classname="alcoa.sniperai.com_Sanity_test_classes.TC056_CadidatesPageActios" name="CandidatesPageActions" time="25.748"/>
</testsuite> <!-- Test -->
