<?xml version="1.0" encoding="UTF-8"?>
<!-- Generated by org.testng.reporters.JUnitReportReporter -->
<testsuite hostname="DESKTOP-0G0FBLN" failures="0" tests="1" name="insightinc.sniperai.com_Sanity_test_classes.TC037_Rec_SettingsPage" time="25.505" errors="0" timestamp="2024-10-02T19:12:51 IST" skipped="0">
  <testcase classname="insightinc.sniperai.com_Sanity_test_classes.TC037_Rec_SettingsPage" name="SettingsPage" time="25.505"/>
  <system-out/>
</testsuite> <!-- insightinc.sniperai.com_Sanity_test_classes.TC037_Rec_SettingsPage -->
