<?xml version="1.0" encoding="UTF-8"?>
<!-- Generated by org.testng.reporters.JUnitReportReporter -->
<testsuite hostname="DESKTOP-0G0FBLN" failures="0" tests="1" name="natwest.sniperai.com_Sanity_test_classes.TC001Open_Terms_Page" time="30.344" errors="0" timestamp="2024-10-05T17:51:39 IST" skipped="0">
  <testcase classname="natwest.sniperai.com_Sanity_test_classes.TC001Open_Terms_Page" name="TermsPage" time="30.344"/>
  <system-out/>
</testsuite> <!-- natwest.sniperai.com_Sanity_test_classes.TC001Open_Terms_Page -->
