<?xml version="1.0" encoding="UTF-8"?>
<!-- Generated by org.testng.reporters.JUnitReportReporter -->
<testsuite hostname="DESKTOP-0G0FBLN" failures="0" tests="1" name="enocpoc.sniperai.com_Sanity_test_classes.TC029_Rec_RawReport_Dowload" time="35.695" errors="0" timestamp="2024-10-02T18:57:59 IST" skipped="0">
  <testcase classname="enocpoc.sniperai.com_Sanity_test_classes.TC029_Rec_RawReport_Dowload" name="DownloadRawReport" time="35.695"/>
  <system-out/>
</testsuite> <!-- enocpoc.sniperai.com_Sanity_test_classes.TC029_Rec_RawReport_Dowload -->
