<?xml version="1.0" encoding="UTF-8"?>
<!-- Generated by org.testng.reporters.JUnitReportReporter -->
<testsuite hostname="DESKTOP-0G0FBLN" failures="0" tests="1" name="cbtgpreprod.sniperai.com_Sanity_test_classes.TC021_JobListPage_Actions" time="40.364" errors="0" timestamp="2024-11-18T17:17:46 IST" skipped="0">
  <testcase classname="cbtgpreprod.sniperai.com_Sanity_test_classes.TC021_JobListPage_Actions" name="JobListPageActions_Rec" time="40.364"/>
  <system-out/>
</testsuite> <!-- cbtgpreprod.sniperai.com_Sanity_test_classes.TC021_JobListPage_Actions -->
