<?xml version="1.0" encoding="UTF-8"?>
<!-- Generated by org.testng.reporters.JUnitReportReporter -->
<testsuite hostname="DESKTOP-0G0FBLN" failures="0" tests="1" name="cbtgpreprod.sniperai.com_Sanity_test_classes.TC056_CadidatesPageActios" time="37.453" errors="0" timestamp="2024-11-18T17:17:46 IST" skipped="0">
  <testcase classname="cbtgpreprod.sniperai.com_Sanity_test_classes.TC056_CadidatesPageActios" name="CandidatesPageActions" time="37.453"/>
  <system-out/>
</testsuite> <!-- cbtgpreprod.sniperai.com_Sanity_test_classes.TC056_CadidatesPageActios -->
