<html>
<head>
<title>TestNG:  Test</title>
<link href="../testng.css" rel="stylesheet" type="text/css" />
<link href="../my-testng.css" rel="stylesheet" type="text/css" />

<style type="text/css">
.log { display: none;} 
.stack-trace { display: none;} 
</style>
<script type="text/javascript">
<!--
function flip(e) {
  current = e.style.display;
  if (current == 'block') {
    e.style.display = 'none';
    return 0;
  }
  else {
    e.style.display = 'block';
    return 1;
  }
}

function toggleBox(szDivId, elem, msg1, msg2)
{
  var res = -1;  if (document.getElementById) {
    res = flip(document.getElementById(szDivId));
  }
  else if (document.all) {
    // this is the way old msie versions work
    res = flip(document.all[szDivId]);
  }
  if(elem) {
    if(res == 0) elem.innerHTML = msg1; else elem.innerHTML = msg2;
  }

}

function toggleAllBoxes() {
  if (document.getElementsByTagName) {
    d = document.getElementsByTagName('div');
    for (i = 0; i < d.length; i++) {
      if (d[i].className == 'log') {
        flip(d[i]);
      }
    }
  }
}

// -->
</script>

</head>
<body>
<h2 align='center'>Test</h2><table border='1' align="center">
<tr>
<td>Tests passed/Failed/Skipped:</td><td>18/1/0</td>
</tr><tr>
<td>Started on:</td><td>Tue Jan 07 19:00:31 IST 2025</td>
</tr>
<tr><td>Total time:</td><td>412 seconds (412892 ms)</td>
</tr><tr>
<td>Included groups:</td><td></td>
</tr><tr>
<td>Excluded groups:</td><td></td>
</tr>
</table><p/>
<small><i>(Hover the method name to see the test class name)</i></small><p/>
<table width='100%' border='1' class='invocation-failed'>
<tr><td colspan='4' align='center'><b>FAILED TESTS</b></td></tr>
<tr><td><b>Test method</b></td>
<td width="30%"><b>Exception</b></td>
<td width="10%"><b>Time (seconds)</b></td>
<td><b>Instance</b></td>
</tr>
<tr>
<td title='hcltechpreprod.sniperai.com_Sanity_test_classes.TC056_CadidatesPageActios.CandidatesPageActions()'><b>CandidatesPageActions</b><br>Test class: hcltechpreprod.sniperai.com_Sanity_test_classes.TC056_CadidatesPageActios</td>
<td><div><pre>org.openqa.selenium.NoSuchElementException: no such element: Unable to locate element: {&quot;method&quot;:&quot;xpath&quot;,&quot;selector&quot;:&quot;(//i [@class=&apos;fa fa-fw fa-sort sorting-arrow &apos;])[1]&quot;}
  (Session info: chrome=131.0.6778.205)
For documentation on this error, please visit: https://www.selenium.dev/documentation/webdriver/troubleshooting/errors#no-such-element-exception
Build info: version: &apos;4.25.0&apos;, revision: &apos;030fcf7918&apos;
System info: os.name: &apos;Windows 10&apos;, os.arch: &apos;amd64&apos;, os.version: &apos;10.0&apos;, java.version: &apos;11.0.23&apos;
Driver info: org.openqa.selenium.chrome.ChromeDriver
Command: [84b335a54150e1d243620c8df0dbfeaf, findElement {value=(//i [@class=&apos;fa fa-fw fa-sort sorting-arrow &apos;])[1], using=xpath}]
Capabilities {acceptInsecureCerts: false, browserName: chrome, browserVersion: 131.0.6778.205, chrome: {chromedriverVersion: 131.0.6778.204 (52183f9e99a..., userDataDir: C:\Users\Shubz008\AppData\L...}, fedcm:accounts: true, goog:chromeOptions: {debuggerAddress: localhost:63586}, networkConnectionEnabled: false, pageLoadStrategy: normal, platformName: windows, proxy: Proxy(), se:cdp: ws://localhost:63586/devtoo..., se:cdpVersion: 131.0.6778.205, setWindowRect: true, strictFileInteractability: false, timeouts: {implicit: 0, pageLoad: 300000, script: 30000}, unhandledPromptBehavior: dismiss and notify, webauthn:extension:credBlob: true, webauthn:extension:largeBlob: true, webauthn:extension:minPinLength: true, webauthn:extension:prf: true, webauthn:virtualAuthenticators: true}
Session ID: 84b335a54150e1d243620c8df0dbfeaf
	at org.openqa.selenium.remote.ErrorCodec.decode(ErrorCodec.java:167)
	at org.openqa.selenium.remote.codec.w3c.W3CHttpResponseCodec.decode(W3CHttpResponseCodec.java:138)
	at org.openqa.selenium.remote.codec.w3c.W3CHttpResponseCodec.decode(W3CHttpResponseCodec.java:50)
	at org.openqa.selenium.remote.HttpCommandExecutor.execute(HttpCommandExecutor.java:190)
	at org.openqa.selenium.remote.service.DriverCommandExecutor.invokeExecute(DriverCommandExecutor.java:216)
	at org.openqa.selenium.remote.service.DriverCommandExecutor.execute(DriverCommandExecutor.java:174)
	at org.openqa.selenium.remote.RemoteWebDriver.execute(RemoteWebDriver.java:545)
	at org.openqa.selenium.remote.ElementLocation$ElementFinder$2.findElement(ElementLocation.java:165)
	at org.openqa.selenium.remote.ElementLocation.findElement(ElementLocation.java:59)
	at org.openqa.selenium.remote.RemoteWebDriver.findElement(RemoteWebDriver.java:368)
	at org.openqa.selenium.remote.RemoteWebDriver.findElement(RemoteWebDriver.java:362)
	at org.openqa.selenium.support.pagefactory.DefaultElementLocator.findElement(DefaultElementLocator.java:68)
	at org.openqa.selenium.support.pagefactory.internal.LocatingElementHandler.invoke(LocatingElementHandler.java:38)
	at com.sun.proxy.$Proxy13.click(Unknown Source)
	at dev_preprod_RecMod_POM_classes.Rec_CandidatesPage_POM_Class.NameSortingFilter(Rec_CandidatesPage_POM_Class.java:349)
	at hcltechpreprod.sniperai.com_Sanity_test_classes.TC056_CadidatesPageActios.CandidatesPageActions(TC056_CadidatesPageActios.java:62)
	at java.base/java.util.ArrayList.forEach(ArrayList.java:1541)
... Removed 32 stack frames</pre></div><a href='#' onClick='toggleBox("stack-trace1432139363", this, "Click to show all stack frames", "Click to hide stack frames")'>Click to show all stack frames</a>
<div class='stack-trace' id='stack-trace1432139363'><pre>org.openqa.selenium.NoSuchElementException: no such element: Unable to locate element: {&quot;method&quot;:&quot;xpath&quot;,&quot;selector&quot;:&quot;(//i [@class=&apos;fa fa-fw fa-sort sorting-arrow &apos;])[1]&quot;}
  (Session info: chrome=131.0.6778.205)
For documentation on this error, please visit: https://www.selenium.dev/documentation/webdriver/troubleshooting/errors#no-such-element-exception
Build info: version: &apos;4.25.0&apos;, revision: &apos;030fcf7918&apos;
System info: os.name: &apos;Windows 10&apos;, os.arch: &apos;amd64&apos;, os.version: &apos;10.0&apos;, java.version: &apos;11.0.23&apos;
Driver info: org.openqa.selenium.chrome.ChromeDriver
Command: [84b335a54150e1d243620c8df0dbfeaf, findElement {value=(//i [@class=&apos;fa fa-fw fa-sort sorting-arrow &apos;])[1], using=xpath}]
Capabilities {acceptInsecureCerts: false, browserName: chrome, browserVersion: 131.0.6778.205, chrome: {chromedriverVersion: 131.0.6778.204 (52183f9e99a..., userDataDir: C:\Users\Shubz008\AppData\L...}, fedcm:accounts: true, goog:chromeOptions: {debuggerAddress: localhost:63586}, networkConnectionEnabled: false, pageLoadStrategy: normal, platformName: windows, proxy: Proxy(), se:cdp: ws://localhost:63586/devtoo..., se:cdpVersion: 131.0.6778.205, setWindowRect: true, strictFileInteractability: false, timeouts: {implicit: 0, pageLoad: 300000, script: 30000}, unhandledPromptBehavior: dismiss and notify, webauthn:extension:credBlob: true, webauthn:extension:largeBlob: true, webauthn:extension:minPinLength: true, webauthn:extension:prf: true, webauthn:virtualAuthenticators: true}
Session ID: 84b335a54150e1d243620c8df0dbfeaf
	at java.base/jdk.internal.reflect.NativeConstructorAccessorImpl.newInstance0(Native Method)
	at java.base/jdk.internal.reflect.NativeConstructorAccessorImpl.newInstance(NativeConstructorAccessorImpl.java:62)
	at java.base/jdk.internal.reflect.DelegatingConstructorAccessorImpl.newInstance(DelegatingConstructorAccessorImpl.java:45)
	at java.base/java.lang.reflect.Constructor.newInstance(Constructor.java:490)
	at org.openqa.selenium.remote.ErrorCodec.decode(ErrorCodec.java:167)
	at org.openqa.selenium.remote.codec.w3c.W3CHttpResponseCodec.decode(W3CHttpResponseCodec.java:138)
	at org.openqa.selenium.remote.codec.w3c.W3CHttpResponseCodec.decode(W3CHttpResponseCodec.java:50)
	at org.openqa.selenium.remote.HttpCommandExecutor.execute(HttpCommandExecutor.java:190)
	at org.openqa.selenium.remote.service.DriverCommandExecutor.invokeExecute(DriverCommandExecutor.java:216)
	at org.openqa.selenium.remote.service.DriverCommandExecutor.execute(DriverCommandExecutor.java:174)
	at org.openqa.selenium.remote.RemoteWebDriver.execute(RemoteWebDriver.java:545)
	at org.openqa.selenium.remote.ElementLocation$ElementFinder$2.findElement(ElementLocation.java:165)
	at org.openqa.selenium.remote.ElementLocation.findElement(ElementLocation.java:59)
	at org.openqa.selenium.remote.RemoteWebDriver.findElement(RemoteWebDriver.java:368)
	at org.openqa.selenium.remote.RemoteWebDriver.findElement(RemoteWebDriver.java:362)
	at org.openqa.selenium.support.pagefactory.DefaultElementLocator.findElement(DefaultElementLocator.java:68)
	at org.openqa.selenium.support.pagefactory.internal.LocatingElementHandler.invoke(LocatingElementHandler.java:38)
	at com.sun.proxy.$Proxy13.click(Unknown Source)
	at dev_preprod_RecMod_POM_classes.Rec_CandidatesPage_POM_Class.NameSortingFilter(Rec_CandidatesPage_POM_Class.java:349)
	at hcltechpreprod.sniperai.com_Sanity_test_classes.TC056_CadidatesPageActios.CandidatesPageActions(TC056_CadidatesPageActios.java:62)
	at java.base/jdk.internal.reflect.NativeMethodAccessorImpl.invoke0(Native Method)
	at java.base/jdk.internal.reflect.NativeMethodAccessorImpl.invoke(NativeMethodAccessorImpl.java:62)
	at java.base/jdk.internal.reflect.DelegatingMethodAccessorImpl.invoke(DelegatingMethodAccessorImpl.java:43)
	at java.base/java.lang.reflect.Method.invoke(Method.java:566)
	at org.testng.internal.MethodInvocationHelper.invokeMethod(MethodInvocationHelper.java:133)
	at org.testng.internal.TestInvoker.invokeMethod(TestInvoker.java:598)
	at org.testng.internal.TestInvoker.invokeTestMethod(TestInvoker.java:173)
	at org.testng.internal.MethodRunner.runInSequence(MethodRunner.java:46)
	at org.testng.internal.TestInvoker$MethodInvocationAgent.invoke(TestInvoker.java:824)
	at org.testng.internal.TestInvoker.invokeTestMethods(TestInvoker.java:146)
	at org.testng.internal.TestMethodWorker.invokeTestMethods(TestMethodWorker.java:146)
	at org.testng.internal.TestMethodWorker.run(TestMethodWorker.java:128)
	at java.base/java.util.ArrayList.forEach(ArrayList.java:1541)
	at org.testng.TestRunner.privateRun(TestRunner.java:794)
	at org.testng.TestRunner.run(TestRunner.java:596)
	at org.testng.SuiteRunner.runTest(SuiteRunner.java:377)
	at org.testng.SuiteRunner.runSequentially(SuiteRunner.java:371)
	at org.testng.SuiteRunner.privateRun(SuiteRunner.java:332)
	at org.testng.SuiteRunner.run(SuiteRunner.java:276)
	at org.testng.SuiteRunnerWorker.runSuite(SuiteRunnerWorker.java:53)
	at org.testng.SuiteRunnerWorker.run(SuiteRunnerWorker.java:96)
	at org.testng.TestNG.runSuitesSequentially(TestNG.java:1212)
	at org.testng.TestNG.runSuitesSequentially(TestNG.java:1207)
	at org.testng.TestNG.runSuitesLocally(TestNG.java:1134)
	at org.testng.TestNG.runSuites(TestNG.java:1063)
	at org.testng.TestNG.run(TestNG.java:1031)
	at org.testng.remote.AbstractRemoteTestNG.run(AbstractRemoteTestNG.java:115)
	at org.testng.remote.RemoteTestNG.initAndRun(RemoteTestNG.java:293)
	at org.testng.remote.RemoteTestNG.main(RemoteTestNG.java:91)
</pre></div></td>
<td>27</td>
<td>hcltechpreprod.sniperai.com_Sanity_test_classes.TC056_CadidatesPageActios@6f19ac19</td></tr>
</table><p>
<table width='100%' border='1' class='invocation-passed'>
<tr><td colspan='4' align='center'><b>PASSED TESTS</b></td></tr>
<tr><td><b>Test method</b></td>
<td width="30%"><b>Exception</b></td>
<td width="10%"><b>Time (seconds)</b></td>
<td><b>Instance</b></td>
</tr>
<tr>
<td title='hcltechpreprod.sniperai.com_Sanity_test_classes.TC046_Rec_UtilitiesJobRefresh.JobRefreshUtility()'><b>JobRefreshUtility</b><br>Test class: hcltechpreprod.sniperai.com_Sanity_test_classes.TC046_Rec_UtilitiesJobRefresh</td>
<td></td>
<td>5</td>
<td>hcltechpreprod.sniperai.com_Sanity_test_classes.TC046_Rec_UtilitiesJobRefresh@301eda63</td></tr>
<tr>
<td title='hcltechpreprod.sniperai.com_Sanity_test_classes.TC020_Login_RecruiterModule.RecruiterLogin()'><b>RecruiterLogin</b><br>Test class: hcltechpreprod.sniperai.com_Sanity_test_classes.TC020_Login_RecruiterModule</td>
<td></td>
<td>2</td>
<td>hcltechpreprod.sniperai.com_Sanity_test_classes.TC020_Login_RecruiterModule@3148f668</td></tr>
<tr>
<td title='hcltechpreprod.sniperai.com_Sanity_test_classes.TC045_UtilitiesSkillAffinity.SkillAffinityUtility()'><b>SkillAffinityUtility</b><br>Test class: hcltechpreprod.sniperai.com_Sanity_test_classes.TC045_UtilitiesSkillAffinity</td>
<td></td>
<td>8</td>
<td>hcltechpreprod.sniperai.com_Sanity_test_classes.TC045_UtilitiesSkillAffinity@56c4278e</td></tr>
<tr>
<td title='hcltechpreprod.sniperai.com_Sanity_test_classes.TC022_Rec_UserCreationPage.OpenUserCreationPage()'><b>OpenUserCreationPage</b><br>Test class: hcltechpreprod.sniperai.com_Sanity_test_classes.TC022_Rec_UserCreationPage</td>
<td></td>
<td>14</td>
<td>hcltechpreprod.sniperai.com_Sanity_test_classes.TC022_Rec_UserCreationPage@7ceb3185</td></tr>
<tr>
<td title='hcltechpreprod.sniperai.com_Sanity_test_classes.TC001Open_Terms_Page.TermsPage()'><b>TermsPage</b><br>Test class: hcltechpreprod.sniperai.com_Sanity_test_classes.TC001Open_Terms_Page</td>
<td></td>
<td>3</td>
<td>hcltechpreprod.sniperai.com_Sanity_test_classes.TC001Open_Terms_Page@3081f72c</td></tr>
<tr>
<td title='hcltechpreprod.sniperai.com_Sanity_test_classes.TC021_JobListPage_Actions.JobListPageActions_Rec()'><b>JobListPageActions_Rec</b><br>Test class: hcltechpreprod.sniperai.com_Sanity_test_classes.TC021_JobListPage_Actions</td>
<td></td>
<td>12</td>
<td>hcltechpreprod.sniperai.com_Sanity_test_classes.TC021_JobListPage_Actions@6e005dc9</td></tr>
<tr>
<td title='hcltechpreprod.sniperai.com_Sanity_test_classes.TC047_Rec_UtilitiesScoreLock.ScoreLockUtility()'><b>ScoreLockUtility</b><br>Test class: hcltechpreprod.sniperai.com_Sanity_test_classes.TC047_Rec_UtilitiesScoreLock</td>
<td></td>
<td>4</td>
<td>hcltechpreprod.sniperai.com_Sanity_test_classes.TC047_Rec_UtilitiesScoreLock@3d246ea3</td></tr>
<tr>
<td title='hcltechpreprod.sniperai.com_Sanity_test_classes.TC049_Rec_RsplusCofiguratiosPage.RSplusCofig()'><b>RSplusCofig</b><br>Test class: hcltechpreprod.sniperai.com_Sanity_test_classes.TC049_Rec_RsplusCofiguratiosPage</td>
<td></td>
<td>7</td>
<td>hcltechpreprod.sniperai.com_Sanity_test_classes.TC049_Rec_RsplusCofiguratiosPage@341814d3</td></tr>
<tr>
<td title='hcltechpreprod.sniperai.com_Sanity_test_classes.TC050_Rec_RsplusReports.RSplusReports()'><b>RSplusReports</b><br>Test class: hcltechpreprod.sniperai.com_Sanity_test_classes.TC050_Rec_RsplusReports</td>
<td></td>
<td>9</td>
<td>hcltechpreprod.sniperai.com_Sanity_test_classes.TC050_Rec_RsplusReports@4397ad89</td></tr>
<tr>
<td title='hcltechpreprod.sniperai.com_Sanity_test_classes.TC029_Rec_RawReport_Dowload.DownloadRawReport()'><b>DownloadRawReport</b><br>Test class: hcltechpreprod.sniperai.com_Sanity_test_classes.TC029_Rec_RawReport_Dowload</td>
<td></td>
<td>7</td>
<td>hcltechpreprod.sniperai.com_Sanity_test_classes.TC029_Rec_RawReport_Dowload@436c81a3</td></tr>
<tr>
<td title='hcltechpreprod.sniperai.com_Sanity_test_classes.TC037_Rec_SettingsPage.SettingsPage()'><b>SettingsPage</b><br>Test class: hcltechpreprod.sniperai.com_Sanity_test_classes.TC037_Rec_SettingsPage</td>
<td></td>
<td>11</td>
<td>hcltechpreprod.sniperai.com_Sanity_test_classes.TC037_Rec_SettingsPage@3561c410</td></tr>
<tr>
<td title='hcltechpreprod.sniperai.com_Sanity_test_classes.TC044_Rec_UtilitiesSkillUpload.SkillUploadUtility()'><b>SkillUploadUtility</b><br>Test class: hcltechpreprod.sniperai.com_Sanity_test_classes.TC044_Rec_UtilitiesSkillUpload</td>
<td></td>
<td>9</td>
<td>hcltechpreprod.sniperai.com_Sanity_test_classes.TC044_Rec_UtilitiesSkillUpload@20f5281c</td></tr>
<tr>
<td title='hcltechpreprod.sniperai.com_Sanity_test_classes.TC039_Rec_JobSettingsPage.JobSettingsPage()'><b>JobSettingsPage</b><br>Test class: hcltechpreprod.sniperai.com_Sanity_test_classes.TC039_Rec_JobSettingsPage</td>
<td></td>
<td>9</td>
<td>hcltechpreprod.sniperai.com_Sanity_test_classes.TC039_Rec_JobSettingsPage@59e32960</td></tr>
<tr>
<td title='hcltechpreprod.sniperai.com_Sanity_test_classes.TC041_Rec_LinkedInConfigPage.LinkedInConfig()'><b>LinkedInConfig</b><br>Test class: hcltechpreprod.sniperai.com_Sanity_test_classes.TC041_Rec_LinkedInConfigPage</td>
<td></td>
<td>9</td>
<td>hcltechpreprod.sniperai.com_Sanity_test_classes.TC041_Rec_LinkedInConfigPage@5b67bb7e</td></tr>
<tr>
<td title='hcltechpreprod.sniperai.com_Sanity_test_classes.TC055_Rec_CandidatesPage.CandidatesPage()'><b>CandidatesPage</b><br>Test class: hcltechpreprod.sniperai.com_Sanity_test_classes.TC055_Rec_CandidatesPage</td>
<td></td>
<td>5</td>
<td>hcltechpreprod.sniperai.com_Sanity_test_classes.TC055_Rec_CandidatesPage@1bd39d3c</td></tr>
<tr>
<td title='hcltechpreprod.sniperai.com_Sanity_test_classes.TC051_RsplusCandidates.RSplusCadidates()'><b>RSplusCadidates</b><br>Test class: hcltechpreprod.sniperai.com_Sanity_test_classes.TC051_RsplusCandidates</td>
<td></td>
<td>5</td>
<td>hcltechpreprod.sniperai.com_Sanity_test_classes.TC051_RsplusCandidates@59cba5a</td></tr>
<tr>
<td title='hcltechpreprod.sniperai.com_Sanity_test_classes.TC040_Rec_JobWizardSettings.JobWizardSettingsPage()'><b>JobWizardSettingsPage</b><br>Test class: hcltechpreprod.sniperai.com_Sanity_test_classes.TC040_Rec_JobWizardSettings</td>
<td></td>
<td>9</td>
<td>hcltechpreprod.sniperai.com_Sanity_test_classes.TC040_Rec_JobWizardSettings@7c214cc0</td></tr>
<tr>
<td title='hcltechpreprod.sniperai.com_Sanity_test_classes.TC042_Rec_ScoreReprePage.ScoreRepreConfig()'><b>ScoreRepreConfig</b><br>Test class: hcltechpreprod.sniperai.com_Sanity_test_classes.TC042_Rec_ScoreReprePage</td>
<td></td>
<td>9</td>
<td>hcltechpreprod.sniperai.com_Sanity_test_classes.TC042_Rec_ScoreReprePage@609db546</td></tr>
</table><p>
</body>
</html>