<?xml version="1.0" encoding="UTF-8"?>
<!-- Generated by org.testng.reporters.JUnitXMLReporter -->
<testsuite ignored="0" hostname="DESKTOP-0G0FBLN" failures="3" tests="43" name="Test" time="1806.745" errors="0" timestamp="2024-09-01T21:10:12 IST">
  <testcase classname="design.sniperai.com_Sanity_test_classes.TC001Open_Terms_Page" name="TermsPage" time="12.513"/>
  <testcase classname="design.sniperai.com_Sanity_test_classes.TC002ForgotPassword_Button" name="ForgotPassword" time="10.422"/>
  <testcase classname="design.sniperai.com_Sanity_test_classes.TC003VerifySignUpPage" name="SignUp" time="9.161"/>
  <testcase classname="design.sniperai.com_Sanity_test_classes.TC011_Login_Candidate_Module" name="CandidateLogin" time="1.962"/>
  <testcase classname="design.sniperai.com_Sanity_test_classes.TC012_Applicatios_Page_Can_mod" name="AppliedJobsFromDB" time="13.172"/>
  <testcase classname="design.sniperai.com_Sanity_test_classes.TC013_Can_Profile_Update" name="ProfilePageUpdate" time="15.311"/>
  <testcase classname="design.sniperai.com_Sanity_test_classes.TC014_Can_Change_Password" name="ChangePassword" time="43.045"/>
  <testcase classname="design.sniperai.com_Sanity_test_classes.TC015_Open_contactsPage" name="OpenContactsPage" time="5.718"/>
  <testcase classname="design.sniperai.com_Sanity_test_classes.TC016_Open_JobsPage" name="OpenJobsPage" time="7.3"/>
  <testcase classname="design.sniperai.com_Sanity_test_classes.TC017_Actions_JobsPage" name="JobsPageGTesting" time="11.304"/>
  <testcase classname="design.sniperai.com_Sanity_test_classes.TC019_ApplicationsPageTesting" name="ApplicationsPageTesting" time="12.574"/>
  <testcase classname="design.sniperai.com_Sanity_test_classes.TC020_Login_RecruiterModule" name="RecruiterLogin" time="6.602"/>
  <testcase classname="design.sniperai.com_Sanity_test_classes.TC021_JobListPage_Actions" name="JobListPageActions" time="7.721">
    <failure type="org.openqa.selenium.StaleElementReferenceException" message="stale element reference: stale element not found in the current frame
  (Session info: chrome=127.0.6533.100)
For documentation on this error, please visit: https://www.selenium.dev/documentation/webdriver/troubleshooting/errors#stale-element-reference-exception
Build info: version: &amp;apos;4.20.0&amp;apos;, revision: &amp;apos;866c76ca80&amp;apos;
System info: os.name: &amp;apos;Windows 10&amp;apos;, os.arch: &amp;apos;amd64&amp;apos;, os.version: &amp;apos;10.0&amp;apos;, java.version: &amp;apos;11.0.23&amp;apos;
Driver info: org.openqa.selenium.chrome.ChromeDriver
Command: [fa570984d8664a47aba7269ffa5414bb, clickElement {id=f.0149C0D141B39D49204CACEE4072CB55.d.60E60EFB74DA9AF9E837D81D8D3334EF.e.609}]
Capabilities {acceptInsecureCerts: false, browserName: chrome, browserVersion: 127.0.6533.100, chrome: {chromedriverVersion: 127.0.6533.72 (9755e24ca85a..., userDataDir: C:\Users\Shubz008\AppData\L...}, fedcm:accounts: true, goog:chromeOptions: {debuggerAddress: localhost:52826}, networkConnectionEnabled: false, pageLoadStrategy: normal, platformName: windows, proxy: Proxy(), se:cdp: ws://localhost:52826/devtoo..., se:cdpVersion: 127.0.6533.100, setWindowRect: true, strictFileInteractability: false, timeouts: {implicit: 0, pageLoad: 300000, script: 30000}, unhandledPromptBehavior: dismiss and notify, webauthn:extension:credBlob: true, webauthn:extension:largeBlob: true, webauthn:extension:minPinLength: true, webauthn:extension:prf: true, webauthn:virtualAuthenticators: true}
Element: [[ChromeDriver: chrome on windows (fa570984d8664a47aba7269ffa5414bb)] -&amp;gt; xpath: //li [text () = &amp;apos;3&amp;apos;]]
Session ID: fa570984d8664a47aba7269ffa5414bb">
      <![CDATA[org.openqa.selenium.StaleElementReferenceException: stale element reference: stale element not found in the current frame
  (Session info: chrome=127.0.6533.100)
For documentation on this error, please visit: https://www.selenium.dev/documentation/webdriver/troubleshooting/errors#stale-element-reference-exception
Build info: version: '4.20.0', revision: '866c76ca80'
System info: os.name: 'Windows 10', os.arch: 'amd64', os.version: '10.0', java.version: '11.0.23'
Driver info: org.openqa.selenium.chrome.ChromeDriver
Command: [fa570984d8664a47aba7269ffa5414bb, clickElement {id=f.0149C0D141B39D49204CACEE4072CB55.d.60E60EFB74DA9AF9E837D81D8D3334EF.e.609}]
Capabilities {acceptInsecureCerts: false, browserName: chrome, browserVersion: 127.0.6533.100, chrome: {chromedriverVersion: 127.0.6533.72 (9755e24ca85a..., userDataDir: C:\Users\Shubz008\AppData\L...}, fedcm:accounts: true, goog:chromeOptions: {debuggerAddress: localhost:52826}, networkConnectionEnabled: false, pageLoadStrategy: normal, platformName: windows, proxy: Proxy(), se:cdp: ws://localhost:52826/devtoo..., se:cdpVersion: 127.0.6533.100, setWindowRect: true, strictFileInteractability: false, timeouts: {implicit: 0, pageLoad: 300000, script: 30000}, unhandledPromptBehavior: dismiss and notify, webauthn:extension:credBlob: true, webauthn:extension:largeBlob: true, webauthn:extension:minPinLength: true, webauthn:extension:prf: true, webauthn:virtualAuthenticators: true}
Element: [[ChromeDriver: chrome on windows (fa570984d8664a47aba7269ffa5414bb)] -> xpath: //li [text () = '3']]
Session ID: fa570984d8664a47aba7269ffa5414bb
at org.openqa.selenium.remote.ErrorCodec.decode(ErrorCodec.java:167)
at org.openqa.selenium.remote.codec.w3c.W3CHttpResponseCodec.decode(W3CHttpResponseCodec.java:138)
at org.openqa.selenium.remote.codec.w3c.W3CHttpResponseCodec.decode(W3CHttpResponseCodec.java:50)
at org.openqa.selenium.remote.HttpCommandExecutor.execute(HttpCommandExecutor.java:190)
at org.openqa.selenium.remote.service.DriverCommandExecutor.invokeExecute(DriverCommandExecutor.java:216)
at org.openqa.selenium.remote.service.DriverCommandExecutor.execute(DriverCommandExecutor.java:174)
at org.openqa.selenium.remote.RemoteWebDriver.execute(RemoteWebDriver.java:518)
at org.openqa.selenium.remote.RemoteWebElement.execute(RemoteWebElement.java:223)
at org.openqa.selenium.remote.RemoteWebElement.click(RemoteWebElement.java:76)
at org.openqa.selenium.support.pagefactory.internal.LocatingElementHandler.invoke(LocatingElementHandler.java:51)
at com.sun.proxy.$Proxy13.click(Unknown Source)
at dev_preprod_RecMod_POM_classes.Rec_JobListPage_POM_Class.PaginationFirst(Rec_JobListPage_POM_Class.java:728)
at design.sniperai.com_Sanity_test_classes.TC021_JobListPage_Actions.JobListPageActions(TC021_JobListPage_Actions.java:74)
at java.base/java.util.ArrayList.forEach(ArrayList.java:1541)
... Removed 34 stack frames]]>
    </failure>
  </testcase> <!-- JobListPageActions -->
  <testcase classname="design.sniperai.com_Sanity_test_classes.TC022_Rec_UserCreationPage" name="OpenUserCreationPage" time="16.088"/>
  <testcase classname="design.sniperai.com_Sanity_test_classes.TC024_Rec_AddSupportRecruiterPage" name="OpenAddSupportRecPage" time="13.297"/>
  <testcase classname="design.sniperai.com_Sanity_test_classes.TC025_Rec_EquitibleHiringPage" name="OpenEquitibleHiringPage" time="7.384"/>
  <testcase classname="design.sniperai.com_Sanity_test_classes.TC026_Req_BotCandidatePage" name="OpenBotCandidatesPage" time="22.727"/>
  <testcase classname="design.sniperai.com_Sanity_test_classes.TC029_Rec_RawReport_Dowload" name="DownloadRawReport" time="9.093"/>
  <testcase classname="design.sniperai.com_Sanity_test_classes.TC030_Rec_ReccomdSummaryRP_Download" name="DownloadReccomdSummaryRep" time="5.925"/>
  <testcase classname="design.sniperai.com_Sanity_test_classes.TC031_Rec_HideUhideRep_Download" name="HideUnhideReport" time="6.664">
    <failure type="java.lang.AssertionError" message="Hide Unhide Report page is not opened : Test case is failed">
      <![CDATA[java.lang.AssertionError: Hide Unhide Report page is not opened : Test case is failed
at design.sniperai.com_Sanity_test_classes.TC031_Rec_HideUhideRep_Download.HideUnhideReport(TC031_Rec_HideUhideRep_Download.java:46)
at java.base/java.util.ArrayList.forEach(ArrayList.java:1541)
... Removed 28 stack frames]]>
    </failure>
  </testcase> <!-- HideUnhideReport -->
  <testcase classname="design.sniperai.com_Sanity_test_classes.TC032_Rec_SuccessReport_Download" name="SuccessEmailReport" time="7.953"/>
  <testcase classname="design.sniperai.com_Sanity_test_classes.TC033_Rec_FailedReport_Download" name="FailedEmailReport" time="7.562"/>
  <testcase classname="design.sniperai.com_Sanity_test_classes.TC034_Rec_ChatotHistReport_Download" name="ChatotHistoryReport" time="6.643"/>
  <testcase classname="design.sniperai.com_Sanity_test_classes.TC035_Rec_InterviewRep_Download" name="InterviewSchedulerReport" time="18.144">
    <failure type="java.lang.AssertionError" message="Interview Scheduler Report page is not opened : Test case is failed">
      <![CDATA[java.lang.AssertionError: Interview Scheduler Report page is not opened : Test case is failed
at design.sniperai.com_Sanity_test_classes.TC035_Rec_InterviewRep_Download.InterviewSchedulerReport(TC035_Rec_InterviewRep_Download.java:49)
at java.base/java.util.ArrayList.forEach(ArrayList.java:1541)
... Removed 28 stack frames]]>
    </failure>
  </testcase> <!-- InterviewSchedulerReport -->
  <testcase classname="design.sniperai.com_Sanity_test_classes.TC036_Rec_DashboardPage_Open" name="OpenDashboardPage" time="15.806"/>
  <testcase classname="design.sniperai.com_Sanity_test_classes.TC037_Rec_SettingsPage" name="SettingsPage" time="17.231"/>
  <testcase classname="design.sniperai.com_Sanity_test_classes.TC039_Rec_JobSettingsPage" name="JobSettingsPage" time="39.987"/>
  <testcase classname="design.sniperai.com_Sanity_test_classes.TC040_Rec_JobWizardSettings" name="JobWizardSettingsPage" time="7.395"/>
  <testcase classname="design.sniperai.com_Sanity_test_classes.TC041_Rec_LinkedInConfigPage" name="LinkedInConfig" time="8.466"/>
  <testcase classname="design.sniperai.com_Sanity_test_classes.TC042_Rec_ScoreReprePage" name="ScoreRepreConfig" time="8.945"/>
  <testcase classname="design.sniperai.com_Sanity_test_classes.TC043_Rec_VideoInterviewConfig" name="VideoInterviewConfig" time="7.543"/>
  <testcase classname="design.sniperai.com_Sanity_test_classes.TC044_Rec_UtilitiesSkillUpload" name="SkillUploadUtility" time="7.796"/>
  <testcase classname="design.sniperai.com_Sanity_test_classes.TC045_UtilitiesSkillAffinity" name="SkillAffinityUtility" time="6.088"/>
  <testcase classname="design.sniperai.com_Sanity_test_classes.TC046_Rec_UtilitiesJobRefresh" name="JobRefreshUtility" time="7.328"/>
  <testcase classname="design.sniperai.com_Sanity_test_classes.TC047_Rec_UtilitiesScoreLock" name="ScoreLockUtility" time="16.802"/>
  <testcase classname="design.sniperai.com_Sanity_test_classes.TC048_Rec_UtilitiesAddSupportRec" name="AddSupportRecruiterUtility" time="8.489"/>
  <testcase classname="design.sniperai.com_Sanity_test_classes.TC049_Rec_RsplusCofiguratiosPage" name="RSplusCofig" time="7.042"/>
  <testcase classname="design.sniperai.com_Sanity_test_classes.TC050_Rec_RsplusReports" name="RSplusReports" time="7.815"/>
  <testcase classname="design.sniperai.com_Sanity_test_classes.TC051_RsplusCandidates" name="RSplusCadidates" time="6.124"/>
  <testcase classname="design.sniperai.com_Sanity_test_classes.TC053_Rec_AddClient" name="AddCliet" time="9.296"/>
  <testcase classname="design.sniperai.com_Sanity_test_classes.TC054_Rec_ClientSummary" name="ClietSummary" time="6.68"/>
  <testcase classname="design.sniperai.com_Sanity_test_classes.TC055_Rec_CandidatesPage" name="CandidatesPage" time="11.236"/>
  <testcase classname="design.sniperai.com_Sanity_test_classes.TC056_CadidatesPageActios" name="CandidatesPageActions" time="23.483"/>
</testsuite> <!-- Test -->
