<?xml version="1.0" encoding="UTF-8"?>
<!-- Generated by org.testng.reporters.JUnitReportReporter -->
<testsuite hostname="DESKTOP-0G0FBLN" failures="0" tests="1" name="rstpreprod.sniperai.com_Sanity_test_classes.TC044_Rec_UtilitiesSkillUpload" time="22.725" errors="0" timestamp="2024-09-15T22:03:07 IST" skipped="0">
  <testcase classname="rstpreprod.sniperai.com_Sanity_test_classes.TC044_Rec_UtilitiesSkillUpload" name="SkillUploadUtility" time="22.725"/>
  <system-out/>
</testsuite> <!-- rstpreprod.sniperai.com_Sanity_test_classes.TC044_Rec_UtilitiesSkillUpload -->
