<?xml version="1.0" encoding="UTF-8"?>
<!-- Generated by org.testng.reporters.JUnitXMLReporter -->
<testsuite ignored="0" hostname="DESKTOP-0G0FBLN" failures="0" tests="18" name="Test" time="375.766" errors="0" timestamp="2025-01-08T09:27:38 IST">
  <testcase classname="deloittepoc.sniperai.com_Sanity_test_classes.TC001Open_Terms_Page" name="TermsPage" time="7.351"/>
  <testcase classname="deloittepoc.sniperai.com_Sanity_test_classes.TC020_Login_RecruiterModule" name="RecruiterLogin" time="6.217"/>
  <testcase classname="deloittepoc.sniperai.com_Sanity_test_classes.TC021_JobListPage_Actions" name="JobListPageActions_Rec" time="10.008"/>
  <testcase classname="deloittepoc.sniperai.com_Sanity_test_classes.TC022_Rec_UserCreationPage" name="OpenUserCreationPage" time="7.445"/>
  <testcase classname="deloittepoc.sniperai.com_Sanity_test_classes.TC024_Rec_AddSupportRecruiterPage" name="OpenAddSupportRecPage" time="6.821"/>
  <testcase classname="deloittepoc.sniperai.com_Sanity_test_classes.TC029_Rec_RawReport_Dowload" name="DownloadRawReport" time="9.942"/>
  <testcase classname="deloittepoc.sniperai.com_Sanity_test_classes.TC030_Rec_ReccomdSummaryRP_Download" name="DownloadReccomdSummaryRep" time="7.587"/>
  <testcase classname="deloittepoc.sniperai.com_Sanity_test_classes.TC037_Rec_SettingsPage" name="SettingsPage" time="8.967"/>
  <testcase classname="deloittepoc.sniperai.com_Sanity_test_classes.TC039_Rec_JobSettingsPage" name="JobSettingsPage" time="6.471"/>
  <testcase classname="deloittepoc.sniperai.com_Sanity_test_classes.TC042_Rec_ScoreReprePage" name="ScoreRepreConfig" time="8.023"/>
  <testcase classname="deloittepoc.sniperai.com_Sanity_test_classes.TC043_Rec_VideoInterviewConfig" name="VideoInterviewConfig" time="8.284"/>
  <testcase classname="deloittepoc.sniperai.com_Sanity_test_classes.TC044_Rec_UtilitiesSkillUpload" name="SkillUploadUtility" time="7.04"/>
  <testcase classname="deloittepoc.sniperai.com_Sanity_test_classes.TC045_UtilitiesSkillAffinity" name="SkillAffinityUtility" time="7.078"/>
  <testcase classname="deloittepoc.sniperai.com_Sanity_test_classes.TC046_Rec_UtilitiesJobRefresh" name="JobRefreshUtility" time="6.979"/>
  <testcase classname="deloittepoc.sniperai.com_Sanity_test_classes.TC047_Rec_UtilitiesScoreLock" name="ScoreLockUtility" time="7.41"/>
  <testcase classname="deloittepoc.sniperai.com_Sanity_test_classes.TC048_Rec_UtilitiesAddSupportRec" name="AddSupportRecruiterUtility" time="7.151"/>
  <testcase classname="deloittepoc.sniperai.com_Sanity_test_classes.TC055_Rec_CandidatesPage" name="CandidatesPage" time="7.525"/>
  <testcase classname="deloittepoc.sniperai.com_Sanity_test_classes.TC056_CadidatesPageActios" name="CandidatesPageActions" time="11.318"/>
</testsuite> <!-- Test -->
