<?xml version="1.0" encoding="UTF-8"?>
<!-- Generated by org.testng.reporters.JUnitReportReporter -->
<testsuite hostname="DESKTOP-0G0FBLN" failures="0" tests="1" name="design.sniperai.com_Sanity_test_classes.TC022_Rec_UserCreationPage" time="120.052" errors="0" timestamp="2024-08-16T15:56:11 IST" skipped="0">
  <testcase classname="design.sniperai.com_Sanity_test_classes.TC022_Rec_UserCreationPage" name="OpenUserCreationPage" time="120.052"/>
  <system-out/>
</testsuite> <!-- design.sniperai.com_Sanity_test_classes.TC022_Rec_UserCreationPage -->
