<?xml version="1.0" encoding="UTF-8"?>
<!-- Generated by org.testng.reporters.JUnitReportReporter -->
<testsuite hostname="DESKTOP-0G0FBLN" failures="0" tests="1" name="design.sniperai.com_Sanity_test_classes.TC044_Rec_UtilitiesSkillUpload" time="28.188" errors="0" timestamp="2024-08-27T19:01:38 IST" skipped="0">
  <testcase classname="design.sniperai.com_Sanity_test_classes.TC044_Rec_UtilitiesSkillUpload" name="SkillUploadUtility" time="28.188"/>
  <system-out/>
</testsuite> <!-- design.sniperai.com_Sanity_test_classes.TC044_Rec_UtilitiesSkillUpload -->
