<?xml version="1.0" encoding="UTF-8"?>
<testng-results ignored="0" total="1" passed="1" failed="0" skipped="0">
  <reporter-output>
  </reporter-output>
  <suite started-at="2026-07-11T21:59:58 IST" name="Suite" finished-at="2026-07-11T22:00:05 IST" duration-ms="7893">
    <groups>
    </groups>
    <test started-at="2026-07-11T21:59:58 IST" name="Test" finished-at="2026-07-11T22:00:05 IST" duration-ms="7893">
      <class name="com.qa_002_registrationForm.TC001_VerifyWithAddAllValidData">
        <test-method is-config="true" signature="setUp(java.lang.String)[pri:0, instance:com.qa_002_registrationForm.TC001_VerifyWithAddAllValidData@766653e6]" started-at="2026-07-11T21:59:58 IST" name="setUp" finished-at="2026-07-11T22:00:03 IST" duration-ms="4972" status="PASS">
          <params>
            <param index="0">
              <value>
                <![CDATA[chrome]]>
              </value>
            </param>
          </params>
          <reporter-output>
          </reporter-output>
        </test-method> <!-- setUp -->
        <test-method signature="verifyRegistrationWithValidData()[pri:0, instance:com.qa_002_registrationForm.TC001_VerifyWithAddAllValidData@766653e6]" started-at="2026-07-11T22:00:03 IST" name="verifyRegistrationWithValidData" finished-at="2026-07-11T22:00:04 IST" duration-ms="1430" status="PASS">
          <reporter-output>
          </reporter-output>
        </test-method> <!-- verifyRegistrationWithValidData -->
        <test-method is-config="true" signature="tearDown()[pri:0, instance:com.qa_002_registrationForm.TC001_VerifyWithAddAllValidData@766653e6]" started-at="2026-07-11T22:00:05 IST" name="tearDown" finished-at="2026-07-11T22:00:05 IST" duration-ms="245" status="PASS">
          <reporter-output>
          </reporter-output>
        </test-method> <!-- tearDown -->
      </class> <!-- com.qa_002_registrationForm.TC001_VerifyWithAddAllValidData -->
    </test> <!-- Test -->
  </suite> <!-- Suite -->
</testng-results>
