<?xml version="1.0" encoding="UTF-8"?>
<testng-results ignored="0" total="2" passed="2" failed="0" skipped="0">
  <reporter-output>
  </reporter-output>
  <suite started-at="2026-05-30T19:56:48 IST" name="Default suite" finished-at="2026-05-30T19:56:48 IST" duration-ms="77">
    <groups>
    </groups>
    <test started-at="2026-05-30T19:56:48 IST" name="Default test" finished-at="2026-05-30T19:56:48 IST" duration-ms="77">
      <class name="com.qa_001_baseTest.DataProviderMyPract">
        <test-method signature="test(java.lang.String,java.lang.String)[pri:0, instance:com.qa_001_baseTest.DataProviderMyPract@7530ad9c]" started-at="2026-05-30T19:56:48 IST" name="test" data-provider="dp" finished-at="2026-05-30T19:56:48 IST" duration-ms="10" status="PASS">
          <params>
            <param index="0">
              <value>
                <![CDATA[shubham@test.com]]>
              </value>
            </param>
            <param index="1">
              <value>
                <![CDATA[test@123]]>
              </value>
            </param>
          </params>
          <reporter-output>
          </reporter-output>
        </test-method> <!-- test -->
        <test-method signature="test(java.lang.String,java.lang.String)[pri:0, instance:com.qa_001_baseTest.DataProviderMyPract@7530ad9c]" started-at="2026-05-30T19:56:48 IST" name="test" data-provider="dp" finished-at="2026-05-30T19:56:48 IST" duration-ms="1" status="PASS">
          <params>
            <param index="0">
              <value>
                <![CDATA[shubham123@test.com]]>
              </value>
            </param>
            <param index="1">
              <value>
                <![CDATA[test@321]]>
              </value>
            </param>
          </params>
          <reporter-output>
          </reporter-output>
        </test-method> <!-- test -->
      </class> <!-- com.qa_001_baseTest.DataProviderMyPract -->
    </test> <!-- Default test -->
  </suite> <!-- Default suite -->
</testng-results>
