<?xml version="1.0" encoding="UTF-8"?>
<!-- Generated by org.testng.reporters.JUnitReportReporter -->
<testsuite hostname="DESKTOP-0G0FBLN" failures="0" tests="1" name="alcoapreprod.sniperai.com_Sanity_test_classes.TC021_JobListPage_Actions" time="25.438" errors="0" timestamp="2024-11-18T16:55:25 IST" skipped="0">
  <testcase classname="alcoapreprod.sniperai.com_Sanity_test_classes.TC021_JobListPage_Actions" name="JobListPageActions_Rec" time="25.438"/>
  <system-out/>
</testsuite> <!-- alcoapreprod.sniperai.com_Sanity_test_classes.TC021_JobListPage_Actions -->
