<?xml version="1.0" encoding="UTF-8"?>
<!-- Generated by org.testng.reporters.JUnitXMLReporter -->
<testsuite ignored="0" hostname="RS0070" failures="1" tests="1" name="Test" time="107.974" errors="0" timestamp="2026-02-06T13:43:51 IST">
  <testcase classname="LinkedIn_Test_Classes.TC001_Fetch_LinkedIn_Candidates" name="JobListPageActions_Rec" time="99.599">
    <failure type="java.lang.AssertionError" message="Test case failed: No notification found within timeout">
      <![CDATA[java.lang.AssertionError: Test case failed: No notification found within timeout
at LinkedIn_Test_Classes.TC001_Fetch_LinkedIn_Candidates.JobListPageActions_Rec(TC001_Fetch_LinkedIn_Candidates.java:82)
at java.base/java.util.ArrayList.forEach(ArrayList.java:1596)
at java.base/java.util.concurrent.FutureTask.run(FutureTask.java:317)
at java.base/java.util.concurrent.ThreadPoolExecutor.runWorker(ThreadPoolExecutor.java:1144)
at java.base/java.util.concurrent.ThreadPoolExecutor$Worker.run(ThreadPoolExecutor.java:642)
at java.base/java.lang.Thread.run(Thread.java:1583)
... Removed 16 stack frames]]>
    </failure>
  </testcase> <!-- JobListPageActions_Rec -->
</testsuite> <!-- Test -->
