<?xml version="1.0" encoding="UTF-8"?>
<!-- Generated by org.testng.reporters.JUnitXMLReporter -->
<testsuite ignored="0" hostname="RS0070" failures="0" tests="4" name="Test_listeners" time="20.726" errors="0" timestamp="2026-05-30T15:31:40 IST">
  <testcase classname="day70_ListenersTestNG.TestClassForListeners" name="openURL" time="8.777"/>
  <testcase classname="day70_ListenersTestNG.TestClassForListeners" name="findLogo" time="3.065"/>
  <testcase classname="day70_ListenersTestNG.TestClassForListeners" name="login" time="3.222"/>
  <testcase classname="day70_ListenersTestNG.TestClassForListeners" name="logOut" time="5.581"/>
</testsuite> <!-- Test_listeners -->
