<?xml version="1.0" encoding="UTF-8"?>
<testng-results ignored="0" total="1" passed="1" failed="0" skipped="0">
  <reporter-output>
  </reporter-output>
  <suite started-at="2024-05-12T17:41:01 IST" name="Default suite" finished-at="2024-05-12T17:41:14 IST" duration-ms="12482">
    <groups>
    </groups>
    <test started-at="2024-05-12T17:41:01 IST" name="Default test" finished-at="2024-05-12T17:41:14 IST" duration-ms="12482">
      <class name="sauceDemo.TestClass.TC001LoginFunctionality">
        <test-method is-config="true" signature="SetUpMethod()[pri:0, instance:sauceDemo.TestClass.TC001LoginFunctionality@12aba8be]" started-at="2024-05-12T17:41:01 IST" name="SetUpMethod" finished-at="2024-05-12T17:41:13 IST" duration-ms="11715" status="PASS">
          <reporter-output>
          </reporter-output>
        </test-method> <!-- SetUpMethod -->
        <test-method signature="LoginFunctionality()[pri:0, instance:sauceDemo.TestClass.TC001LoginFunctionality@12aba8be]" started-at="2024-05-12T17:41:13 IST" name="LoginFunctionality" finished-at="2024-05-12T17:41:13 IST" duration-ms="71" status="PASS">
          <reporter-output>
          </reporter-output>
        </test-method> <!-- LoginFunctionality -->
        <test-method is-config="true" signature="TearDownMethod()[pri:0, instance:sauceDemo.TestClass.TC001LoginFunctionality@12aba8be]" started-at="2024-05-12T17:41:13 IST" name="TearDownMethod" finished-at="2024-05-12T17:41:14 IST" duration-ms="603" status="PASS">
          <reporter-output>
          </reporter-output>
        </test-method> <!-- TearDownMethod -->
      </class> <!-- sauceDemo.TestClass.TC001LoginFunctionality -->
    </test> <!-- Default test -->
  </suite> <!-- Default suite -->
</testng-results>
