<?xml version="1.0" encoding="UTF-8"?>
<testng-results ignored="0" total="1" passed="1" failed="0" skipped="0">
  <reporter-output>
  </reporter-output>
  <suite started-at="2024-11-18T19:14:51 IST" name="Default suite" finished-at="2024-11-18T19:15:46 IST" duration-ms="54147">
    <groups>
    </groups>
    <test started-at="2024-11-18T19:14:51 IST" name="Default test" finished-at="2024-11-18T19:15:46 IST" duration-ms="54147">
      <class name="rstpreprod.sniperai.com_Sanity_test_classes.TC056_CadidatesPageActios">
        <test-method is-config="true" signature="SetUp()[pri:0, instance:rstpreprod.sniperai.com_Sanity_test_classes.TC056_CadidatesPageActios@54a7079e]" started-at="2024-11-18T19:14:52 IST" name="SetUp" finished-at="2024-11-18T19:15:08 IST" duration-ms="16575" status="PASS">
          <reporter-output>
          </reporter-output>
        </test-method> <!-- SetUp -->
        <test-method signature="CandidatesPageActions()[pri:0, instance:rstpreprod.sniperai.com_Sanity_test_classes.TC056_CadidatesPageActios@54a7079e]" started-at="2024-11-18T19:15:08 IST" name="CandidatesPageActions" finished-at="2024-11-18T19:15:42 IST" duration-ms="33805" status="PASS">
          <reporter-output>
          </reporter-output>
        </test-method> <!-- CandidatesPageActions -->
        <test-method is-config="true" signature="teardown(org.testng.ITestResult)[pri:0, instance:rstpreprod.sniperai.com_Sanity_test_classes.TC056_CadidatesPageActios@54a7079e]" started-at="2024-11-18T19:15:42 IST" name="teardown" finished-at="2024-11-18T19:15:46 IST" duration-ms="3707" status="PASS">
          <params>
            <param index="0">
              <value>
                <![CDATA[[TestResult name=CandidatesPageActions status=SUCCESS method=TC056_CadidatesPageActios.CandidatesPageActions()[pri:0, instance:rstpreprod.sniperai.com_Sanity_test_classes.TC056_CadidatesPageActios@54a7079e] output={null}]]]>
              </value>
            </param>
          </params>
          <reporter-output>
          </reporter-output>
        </test-method> <!-- teardown -->
      </class> <!-- rstpreprod.sniperai.com_Sanity_test_classes.TC056_CadidatesPageActios -->
    </test> <!-- Default test -->
  </suite> <!-- Default suite -->
</testng-results>
