<?xml version="1.0" encoding="UTF-8"?>
<testng-results ignored="0" total="1" passed="1" failed="0" skipped="0">
  <reporter-output>
  </reporter-output>
  <suite started-at="2025-01-07T19:13:18 IST" name="Default suite" finished-at="2025-01-07T19:13:54 IST" duration-ms="36637">
    <groups>
    </groups>
    <test started-at="2025-01-07T19:13:18 IST" name="Default test" finished-at="2025-01-07T19:13:54 IST" duration-ms="36637">
      <class name="hcltechpreprod.sniperai.com_Sanity_test_classes.TC056_CadidatesPageActios">
        <test-method is-config="true" signature="SetUp()[pri:0, instance:hcltechpreprod.sniperai.com_Sanity_test_classes.TC056_CadidatesPageActios@54a7079e]" started-at="2025-01-07T19:13:18 IST" name="SetUp" finished-at="2025-01-07T19:13:35 IST" duration-ms="17814" status="PASS">
          <reporter-output>
          </reporter-output>
        </test-method> <!-- SetUp -->
        <test-method signature="CandidatesPageActions()[pri:0, instance:hcltechpreprod.sniperai.com_Sanity_test_classes.TC056_CadidatesPageActios@54a7079e]" started-at="2025-01-07T19:13:35 IST" name="CandidatesPageActions" finished-at="2025-01-07T19:13:50 IST" duration-ms="14304" status="PASS">
          <reporter-output>
          </reporter-output>
        </test-method> <!-- CandidatesPageActions -->
        <test-method is-config="true" signature="teardown(org.testng.ITestResult)[pri:0, instance:hcltechpreprod.sniperai.com_Sanity_test_classes.TC056_CadidatesPageActios@54a7079e]" started-at="2025-01-07T19:13:50 IST" name="teardown" finished-at="2025-01-07T19:13:54 IST" duration-ms="4461" status="PASS">
          <params>
            <param index="0">
              <value>
                <![CDATA[[TestResult name=CandidatesPageActions status=SUCCESS method=TC056_CadidatesPageActios.CandidatesPageActions()[pri:0, instance:hcltechpreprod.sniperai.com_Sanity_test_classes.TC056_CadidatesPageActios@54a7079e] output={null}]]]>
              </value>
            </param>
          </params>
          <reporter-output>
          </reporter-output>
        </test-method> <!-- teardown -->
      </class> <!-- hcltechpreprod.sniperai.com_Sanity_test_classes.TC056_CadidatesPageActios -->
    </test> <!-- Default test -->
  </suite> <!-- Default suite -->
</testng-results>
