<?xml version="1.0" encoding="UTF-8"?>
<testng-results ignored="0" total="16" passed="15" failed="1" skipped="0">
  <reporter-output>
  </reporter-output>
  <suite started-at="2025-01-08T08:32:57 IST" name="Suite" finished-at="2025-01-08T08:39:44 IST" duration-ms="406396">
    <groups>
    </groups>
    <test started-at="2025-01-08T08:32:57 IST" name="Test" finished-at="2025-01-08T08:39:44 IST" duration-ms="406396">
      <class name="mag.sniperai.com_Sanity_test_classes.TC029_Rec_RawReport_Dowload">
        <test-method is-config="true" signature="SetUp()[pri:0, instance:mag.sniperai.com_Sanity_test_classes.TC029_Rec_RawReport_Dowload@76a4ebf2]" started-at="2025-01-08T08:34:29 IST" name="SetUp" finished-at="2025-01-08T08:34:43 IST" duration-ms="13749" status="PASS">
          <reporter-output>
          </reporter-output>
        </test-method> <!-- SetUp -->
        <test-method signature="DownloadRawReport()[pri:0, instance:mag.sniperai.com_Sanity_test_classes.TC029_Rec_RawReport_Dowload@76a4ebf2]" started-at="2025-01-08T08:34:43 IST" name="DownloadRawReport" finished-at="2025-01-08T08:34:55 IST" duration-ms="11837" status="PASS">
          <reporter-output>
          </reporter-output>
        </test-method> <!-- DownloadRawReport -->
        <test-method is-config="true" signature="teardown(org.testng.ITestResult)[pri:0, instance:mag.sniperai.com_Sanity_test_classes.TC029_Rec_RawReport_Dowload@76a4ebf2]" started-at="2025-01-08T08:34:55 IST" name="teardown" finished-at="2025-01-08T08:34:58 IST" duration-ms="2812" status="PASS">
          <params>
            <param index="0">
              <value>
                <![CDATA[[TestResult name=DownloadRawReport status=SUCCESS method=TC029_Rec_RawReport_Dowload.DownloadRawReport()[pri:0, instance:mag.sniperai.com_Sanity_test_classes.TC029_Rec_RawReport_Dowload@76a4ebf2] output={null}]]]>
              </value>
            </param>
          </params>
          <reporter-output>
          </reporter-output>
        </test-method> <!-- teardown -->
      </class> <!-- mag.sniperai.com_Sanity_test_classes.TC029_Rec_RawReport_Dowload -->
      <class name="mag.sniperai.com_Sanity_test_classes.TC020_Login_RecruiterModule">
        <test-method is-config="true" signature="SetUp()[pri:0, instance:mag.sniperai.com_Sanity_test_classes.TC020_Login_RecruiterModule@11392934]" started-at="2025-01-08T08:33:21 IST" name="SetUp" finished-at="2025-01-08T08:33:30 IST" duration-ms="8716" status="PASS">
          <reporter-output>
          </reporter-output>
        </test-method> <!-- SetUp -->
        <test-method signature="RecruiterLogin()[pri:0, instance:mag.sniperai.com_Sanity_test_classes.TC020_Login_RecruiterModule@11392934]" started-at="2025-01-08T08:33:30 IST" name="RecruiterLogin" finished-at="2025-01-08T08:33:39 IST" duration-ms="9024" status="PASS">
          <reporter-output>
          </reporter-output>
        </test-method> <!-- RecruiterLogin -->
        <test-method is-config="true" signature="teardown(org.testng.ITestResult)[pri:0, instance:mag.sniperai.com_Sanity_test_classes.TC020_Login_RecruiterModule@11392934]" started-at="2025-01-08T08:33:39 IST" name="teardown" finished-at="2025-01-08T08:33:41 IST" duration-ms="1733" status="PASS">
          <params>
            <param index="0">
              <value>
                <![CDATA[[TestResult name=RecruiterLogin status=SUCCESS method=TC020_Login_RecruiterModule.RecruiterLogin()[pri:0, instance:mag.sniperai.com_Sanity_test_classes.TC020_Login_RecruiterModule@11392934] output={null}]]]>
              </value>
            </param>
          </params>
          <reporter-output>
          </reporter-output>
        </test-method> <!-- teardown -->
      </class> <!-- mag.sniperai.com_Sanity_test_classes.TC020_Login_RecruiterModule -->
      <class name="mag.sniperai.com_Sanity_test_classes.TC039_Rec_JobSettingsPage">
        <test-method is-config="true" signature="SetUp()[pri:0, instance:mag.sniperai.com_Sanity_test_classes.TC039_Rec_JobSettingsPage@5b1669c0]" started-at="2025-01-08T08:35:58 IST" name="SetUp" finished-at="2025-01-08T08:36:10 IST" duration-ms="12515" status="PASS">
          <reporter-output>
          </reporter-output>
        </test-method> <!-- SetUp -->
        <test-method signature="JobSettingsPage()[pri:0, instance:mag.sniperai.com_Sanity_test_classes.TC039_Rec_JobSettingsPage@5b1669c0]" started-at="2025-01-08T08:36:10 IST" name="JobSettingsPage" finished-at="2025-01-08T08:36:18 IST" duration-ms="7656" status="PASS">
          <reporter-output>
          </reporter-output>
        </test-method> <!-- JobSettingsPage -->
        <test-method is-config="true" signature="teardown(org.testng.ITestResult)[pri:0, instance:mag.sniperai.com_Sanity_test_classes.TC039_Rec_JobSettingsPage@5b1669c0]" started-at="2025-01-08T08:36:18 IST" name="teardown" finished-at="2025-01-08T08:36:19 IST" duration-ms="1416" status="PASS">
          <params>
            <param index="0">
              <value>
                <![CDATA[[TestResult name=JobSettingsPage status=SUCCESS method=TC039_Rec_JobSettingsPage.JobSettingsPage()[pri:0, instance:mag.sniperai.com_Sanity_test_classes.TC039_Rec_JobSettingsPage@5b1669c0] output={null}]]]>
              </value>
            </param>
          </params>
          <reporter-output>
          </reporter-output>
        </test-method> <!-- teardown -->
      </class> <!-- mag.sniperai.com_Sanity_test_classes.TC039_Rec_JobSettingsPage -->
      <class name="mag.sniperai.com_Sanity_test_classes.TC056_CadidatesPageActios">
        <test-method is-config="true" signature="SetUp()[pri:0, instance:mag.sniperai.com_Sanity_test_classes.TC056_CadidatesPageActios@470734c3]" started-at="2025-01-08T08:39:18 IST" name="SetUp" finished-at="2025-01-08T08:39:27 IST" duration-ms="9262" status="PASS">
          <reporter-output>
          </reporter-output>
        </test-method> <!-- SetUp -->
        <test-method signature="CandidatesPageActions()[pri:0, instance:mag.sniperai.com_Sanity_test_classes.TC056_CadidatesPageActios@470734c3]" started-at="2025-01-08T08:39:27 IST" name="CandidatesPageActions" finished-at="2025-01-08T08:39:42 IST" duration-ms="14587" status="PASS">
          <reporter-output>
          </reporter-output>
        </test-method> <!-- CandidatesPageActions -->
        <test-method is-config="true" signature="teardown(org.testng.ITestResult)[pri:0, instance:mag.sniperai.com_Sanity_test_classes.TC056_CadidatesPageActios@470734c3]" started-at="2025-01-08T08:39:42 IST" name="teardown" finished-at="2025-01-08T08:39:44 IST" duration-ms="1603" status="PASS">
          <params>
            <param index="0">
              <value>
                <![CDATA[[TestResult name=CandidatesPageActions status=SUCCESS method=TC056_CadidatesPageActios.CandidatesPageActions()[pri:0, instance:mag.sniperai.com_Sanity_test_classes.TC056_CadidatesPageActios@470734c3] output={null}]]]>
              </value>
            </param>
          </params>
          <reporter-output>
          </reporter-output>
        </test-method> <!-- teardown -->
      </class> <!-- mag.sniperai.com_Sanity_test_classes.TC056_CadidatesPageActios -->
      <class name="mag.sniperai.com_Sanity_test_classes.TC030_Rec_ReccomdSummaryRP_Download">
        <test-method is-config="true" signature="SetUp()[pri:0, instance:mag.sniperai.com_Sanity_test_classes.TC030_Rec_ReccomdSummaryRP_Download@2e8c1c9b]" started-at="2025-01-08T08:34:58 IST" name="SetUp" finished-at="2025-01-08T08:35:11 IST" duration-ms="13549" status="PASS">
          <reporter-output>
          </reporter-output>
        </test-method> <!-- SetUp -->
        <test-method signature="DownloadReccomdSummaryRep()[pri:0, instance:mag.sniperai.com_Sanity_test_classes.TC030_Rec_ReccomdSummaryRP_Download@2e8c1c9b]" started-at="2025-01-08T08:35:11 IST" name="DownloadReccomdSummaryRep" finished-at="2025-01-08T08:35:22 IST" duration-ms="10495" status="PASS">
          <reporter-output>
          </reporter-output>
        </test-method> <!-- DownloadReccomdSummaryRep -->
        <test-method is-config="true" signature="teardown(org.testng.ITestResult)[pri:0, instance:mag.sniperai.com_Sanity_test_classes.TC030_Rec_ReccomdSummaryRP_Download@2e8c1c9b]" started-at="2025-01-08T08:35:22 IST" name="teardown" finished-at="2025-01-08T08:35:23 IST" duration-ms="1396" status="PASS">
          <params>
            <param index="0">
              <value>
                <![CDATA[[TestResult name=DownloadReccomdSummaryRep status=SUCCESS method=TC030_Rec_ReccomdSummaryRP_Download.DownloadReccomdSummaryRep()[pri:0, instance:mag.sniperai.com_Sanity_test_classes.TC030_Rec_ReccomdSummaryRP_Download@2e8c1c9b] output={null}]]]>
              </value>
            </param>
          </params>
          <reporter-output>
          </reporter-output>
        </test-method> <!-- teardown -->
      </class> <!-- mag.sniperai.com_Sanity_test_classes.TC030_Rec_ReccomdSummaryRP_Download -->
      <class name="mag.sniperai.com_Sanity_test_classes.TC037_Rec_SettingsPage">
        <test-method is-config="true" signature="SetUp()[pri:0, instance:mag.sniperai.com_Sanity_test_classes.TC037_Rec_SettingsPage@53fe15ff]" started-at="2025-01-08T08:35:23 IST" name="SetUp" finished-at="2025-01-08T08:35:43 IST" duration-ms="19532" status="PASS">
          <reporter-output>
          </reporter-output>
        </test-method> <!-- SetUp -->
        <test-method signature="SettingsPage()[pri:0, instance:mag.sniperai.com_Sanity_test_classes.TC037_Rec_SettingsPage@53fe15ff]" started-at="2025-01-08T08:35:43 IST" name="SettingsPage" finished-at="2025-01-08T08:35:56 IST" duration-ms="13409" status="PASS">
          <reporter-output>
          </reporter-output>
        </test-method> <!-- SettingsPage -->
        <test-method is-config="true" signature="teardown(org.testng.ITestResult)[pri:0, instance:mag.sniperai.com_Sanity_test_classes.TC037_Rec_SettingsPage@53fe15ff]" started-at="2025-01-08T08:35:56 IST" name="teardown" finished-at="2025-01-08T08:35:58 IST" duration-ms="1652" status="PASS">
          <params>
            <param index="0">
              <value>
                <![CDATA[[TestResult name=SettingsPage status=SUCCESS method=TC037_Rec_SettingsPage.SettingsPage()[pri:0, instance:mag.sniperai.com_Sanity_test_classes.TC037_Rec_SettingsPage@53fe15ff] output={null}]]]>
              </value>
            </param>
          </params>
          <reporter-output>
          </reporter-output>
        </test-method> <!-- teardown -->
      </class> <!-- mag.sniperai.com_Sanity_test_classes.TC037_Rec_SettingsPage -->
      <class name="mag.sniperai.com_Sanity_test_classes.TC043_Rec_VideoInterviewConfig">
        <test-method is-config="true" signature="SetUp()[pri:0, instance:mag.sniperai.com_Sanity_test_classes.TC043_Rec_VideoInterviewConfig@6e9175d8]" started-at="2025-01-08T08:36:38 IST" name="SetUp" finished-at="2025-01-08T08:36:46 IST" duration-ms="8059" status="PASS">
          <reporter-output>
          </reporter-output>
        </test-method> <!-- SetUp -->
        <test-method signature="VideoInterviewConfig()[pri:0, instance:mag.sniperai.com_Sanity_test_classes.TC043_Rec_VideoInterviewConfig@6e9175d8]" started-at="2025-01-08T08:36:46 IST" name="VideoInterviewConfig" finished-at="2025-01-08T08:36:57 IST" duration-ms="10534" status="PASS">
          <reporter-output>
          </reporter-output>
        </test-method> <!-- VideoInterviewConfig -->
        <test-method is-config="true" signature="teardown(org.testng.ITestResult)[pri:0, instance:mag.sniperai.com_Sanity_test_classes.TC043_Rec_VideoInterviewConfig@6e9175d8]" started-at="2025-01-08T08:36:57 IST" name="teardown" finished-at="2025-01-08T08:36:58 IST" duration-ms="1375" status="PASS">
          <params>
            <param index="0">
              <value>
                <![CDATA[[TestResult name=VideoInterviewConfig status=SUCCESS method=TC043_Rec_VideoInterviewConfig.VideoInterviewConfig()[pri:0, instance:mag.sniperai.com_Sanity_test_classes.TC043_Rec_VideoInterviewConfig@6e9175d8] output={null}]]]>
              </value>
            </param>
          </params>
          <reporter-output>
          </reporter-output>
        </test-method> <!-- teardown -->
      </class> <!-- mag.sniperai.com_Sanity_test_classes.TC043_Rec_VideoInterviewConfig -->
      <class name="mag.sniperai.com_Sanity_test_classes.TC048_Rec_UtilitiesAddSupportRec">
        <test-method is-config="true" signature="SetUp()[pri:0, instance:mag.sniperai.com_Sanity_test_classes.TC048_Rec_UtilitiesAddSupportRec@2eae8e6e]" started-at="2025-01-08T08:37:59 IST" name="SetUp" finished-at="2025-01-08T08:38:08 IST" duration-ms="9333" status="PASS">
          <reporter-output>
          </reporter-output>
        </test-method> <!-- SetUp -->
        <test-method signature="AddSupportRecruiterUtility()[pri:0, instance:mag.sniperai.com_Sanity_test_classes.TC048_Rec_UtilitiesAddSupportRec@2eae8e6e]" started-at="2025-01-08T08:38:08 IST" name="AddSupportRecruiterUtility" finished-at="2025-01-08T08:38:31 IST" duration-ms="22588" status="FAIL">
          <exception class="org.openqa.selenium.NoSuchElementException">
            <message>
              <![CDATA[no such element: Unable to locate element: {"method":"xpath","selector":"(//a [text() = 'Add Support Recruiter'])[2]"}
  (Session info: chrome=131.0.6778.205)
For documentation on this error, please visit: https://www.selenium.dev/documentation/webdriver/troubleshooting/errors#no-such-element-exception
Build info: version: '4.25.0', revision: '030fcf7918'
System info: os.name: 'Windows 10', os.arch: 'amd64', os.version: '10.0', java.version: '11.0.23'
Driver info: org.openqa.selenium.chrome.ChromeDriver
Command: [c0709067aebfdf5ac45352a3b3271691, findElement {using=xpath, value=(//a [text() = 'Add Support Recruiter'])[2]}]
Capabilities {acceptInsecureCerts: false, browserName: chrome, browserVersion: 131.0.6778.205, chrome: {chromedriverVersion: 131.0.6778.204 (52183f9e99a..., userDataDir: C:\Users\Shubz008\AppData\L...}, fedcm:accounts: true, goog:chromeOptions: {debuggerAddress: localhost:49514}, networkConnectionEnabled: false, pageLoadStrategy: normal, platformName: windows, proxy: Proxy(), se:cdp: ws://localhost:49514/devtoo..., se:cdpVersion: 131.0.6778.205, setWindowRect: true, strictFileInteractability: false, timeouts: {implicit: 0, pageLoad: 300000, script: 30000}, unhandledPromptBehavior: dismiss and notify, webauthn:extension:credBlob: true, webauthn:extension:largeBlob: true, webauthn:extension:minPinLength: true, webauthn:extension:prf: true, webauthn:virtualAuthenticators: true}
Session ID: c0709067aebfdf5ac45352a3b3271691]]>
            </message>
            <full-stacktrace>
              <![CDATA[org.openqa.selenium.NoSuchElementException: no such element: Unable to locate element: {"method":"xpath","selector":"(//a [text() = 'Add Support Recruiter'])[2]"}
  (Session info: chrome=131.0.6778.205)
For documentation on this error, please visit: https://www.selenium.dev/documentation/webdriver/troubleshooting/errors#no-such-element-exception
Build info: version: '4.25.0', revision: '030fcf7918'
System info: os.name: 'Windows 10', os.arch: 'amd64', os.version: '10.0', java.version: '11.0.23'
Driver info: org.openqa.selenium.chrome.ChromeDriver
Command: [c0709067aebfdf5ac45352a3b3271691, findElement {using=xpath, value=(//a [text() = 'Add Support Recruiter'])[2]}]
Capabilities {acceptInsecureCerts: false, browserName: chrome, browserVersion: 131.0.6778.205, chrome: {chromedriverVersion: 131.0.6778.204 (52183f9e99a..., userDataDir: C:\Users\Shubz008\AppData\L...}, fedcm:accounts: true, goog:chromeOptions: {debuggerAddress: localhost:49514}, networkConnectionEnabled: false, pageLoadStrategy: normal, platformName: windows, proxy: Proxy(), se:cdp: ws://localhost:49514/devtoo..., se:cdpVersion: 131.0.6778.205, setWindowRect: true, strictFileInteractability: false, timeouts: {implicit: 0, pageLoad: 300000, script: 30000}, unhandledPromptBehavior: dismiss and notify, webauthn:extension:credBlob: true, webauthn:extension:largeBlob: true, webauthn:extension:minPinLength: true, webauthn:extension:prf: true, webauthn:virtualAuthenticators: true}
Session ID: c0709067aebfdf5ac45352a3b3271691
at java.base/jdk.internal.reflect.NativeConstructorAccessorImpl.newInstance0(Native Method)
at java.base/jdk.internal.reflect.NativeConstructorAccessorImpl.newInstance(NativeConstructorAccessorImpl.java:62)
at java.base/jdk.internal.reflect.DelegatingConstructorAccessorImpl.newInstance(DelegatingConstructorAccessorImpl.java:45)
at java.base/java.lang.reflect.Constructor.newInstance(Constructor.java:490)
at org.openqa.selenium.remote.ErrorCodec.decode(ErrorCodec.java:167)
at org.openqa.selenium.remote.codec.w3c.W3CHttpResponseCodec.decode(W3CHttpResponseCodec.java:138)
at org.openqa.selenium.remote.codec.w3c.W3CHttpResponseCodec.decode(W3CHttpResponseCodec.java:50)
at org.openqa.selenium.remote.HttpCommandExecutor.execute(HttpCommandExecutor.java:190)
at org.openqa.selenium.remote.service.DriverCommandExecutor.invokeExecute(DriverCommandExecutor.java:216)
at org.openqa.selenium.remote.service.DriverCommandExecutor.execute(DriverCommandExecutor.java:174)
at org.openqa.selenium.remote.RemoteWebDriver.execute(RemoteWebDriver.java:545)
at org.openqa.selenium.remote.ElementLocation$ElementFinder$2.findElement(ElementLocation.java:165)
at org.openqa.selenium.remote.ElementLocation.findElement(ElementLocation.java:59)
at org.openqa.selenium.remote.RemoteWebDriver.findElement(RemoteWebDriver.java:368)
at org.openqa.selenium.remote.RemoteWebDriver.findElement(RemoteWebDriver.java:362)
at org.openqa.selenium.support.pagefactory.DefaultElementLocator.findElement(DefaultElementLocator.java:68)
at org.openqa.selenium.support.pagefactory.internal.LocatingElementHandler.invoke(LocatingElementHandler.java:38)
at com.sun.proxy.$Proxy13.click(Unknown Source)
at mag_RecMod_POM_classes.Rec_JobListPage_POM_Class.AddSupportRecruiterUtility(Rec_JobListPage_POM_Class.java:504)
at mag.sniperai.com_Sanity_test_classes.TC048_Rec_UtilitiesAddSupportRec.AddSupportRecruiterUtility(TC048_Rec_UtilitiesAddSupportRec.java:27)
at java.base/jdk.internal.reflect.NativeMethodAccessorImpl.invoke0(Native Method)
at java.base/jdk.internal.reflect.NativeMethodAccessorImpl.invoke(NativeMethodAccessorImpl.java:62)
at java.base/jdk.internal.reflect.DelegatingMethodAccessorImpl.invoke(DelegatingMethodAccessorImpl.java:43)
at java.base/java.lang.reflect.Method.invoke(Method.java:566)
at org.testng.internal.MethodInvocationHelper.invokeMethod(MethodInvocationHelper.java:133)
at org.testng.internal.TestInvoker.invokeMethod(TestInvoker.java:598)
at org.testng.internal.TestInvoker.invokeTestMethod(TestInvoker.java:173)
at org.testng.internal.MethodRunner.runInSequence(MethodRunner.java:46)
at org.testng.internal.TestInvoker$MethodInvocationAgent.invoke(TestInvoker.java:824)
at org.testng.internal.TestInvoker.invokeTestMethods(TestInvoker.java:146)
at org.testng.internal.TestMethodWorker.invokeTestMethods(TestMethodWorker.java:146)
at org.testng.internal.TestMethodWorker.run(TestMethodWorker.java:128)
at java.base/java.util.ArrayList.forEach(ArrayList.java:1541)
at org.testng.TestRunner.privateRun(TestRunner.java:794)
at org.testng.TestRunner.run(TestRunner.java:596)
at org.testng.SuiteRunner.runTest(SuiteRunner.java:377)
at org.testng.SuiteRunner.runSequentially(SuiteRunner.java:371)
at org.testng.SuiteRunner.privateRun(SuiteRunner.java:332)
at org.testng.SuiteRunner.run(SuiteRunner.java:276)
at org.testng.SuiteRunnerWorker.runSuite(SuiteRunnerWorker.java:53)
at org.testng.SuiteRunnerWorker.run(SuiteRunnerWorker.java:96)
at org.testng.TestNG.runSuitesSequentially(TestNG.java:1212)
at org.testng.TestNG.runSuitesLocally(TestNG.java:1134)
at org.testng.TestNG.runSuites(TestNG.java:1063)
at org.testng.TestNG.run(TestNG.java:1031)
at org.testng.remote.AbstractRemoteTestNG.run(AbstractRemoteTestNG.java:115)
at org.testng.remote.RemoteTestNG.initAndRun(RemoteTestNG.java:293)
at org.testng.remote.RemoteTestNG.main(RemoteTestNG.java:91)
]]>
            </full-stacktrace>
          </exception> <!-- org.openqa.selenium.NoSuchElementException -->
          <reporter-output>
          </reporter-output>
        </test-method> <!-- AddSupportRecruiterUtility -->
        <test-method is-config="true" signature="teardown(org.testng.ITestResult)[pri:0, instance:mag.sniperai.com_Sanity_test_classes.TC048_Rec_UtilitiesAddSupportRec@2eae8e6e]" started-at="2025-01-08T08:38:31 IST" name="teardown" finished-at="2025-01-08T08:38:51 IST" duration-ms="20342" status="FAIL">
          <params>
            <param index="0">
              <value>
                <![CDATA[[TestResult name=AddSupportRecruiterUtility status=FAILURE method=TC048_Rec_UtilitiesAddSupportRec.AddSupportRecruiterUtility()[pri:0, instance:mag.sniperai.com_Sanity_test_classes.TC048_Rec_UtilitiesAddSupportRec@2eae8e6e] output={null}]]]>
              </value>
            </param>
          </params>
          <exception class="org.openqa.selenium.ElementNotInteractableException">
            <message>
              <![CDATA[element not interactable
  (Session info: chrome=131.0.6778.205)
Build info: version: '4.25.0', revision: '030fcf7918'
System info: os.name: 'Windows 10', os.arch: 'amd64', os.version: '10.0', java.version: '11.0.23'
Driver info: org.openqa.selenium.chrome.ChromeDriver
Command: [c0709067aebfdf5ac45352a3b3271691, clickElement {id=f.8796FEA729BB2CF5321907050DFCDCE9.d.22D89AC57B9FFEBC6A9623D3F63939F8.e.130}]
Capabilities {acceptInsecureCerts: false, browserName: chrome, browserVersion: 131.0.6778.205, chrome: {chromedriverVersion: 131.0.6778.204 (52183f9e99a..., userDataDir: C:\Users\Shubz008\AppData\L...}, fedcm:accounts: true, goog:chromeOptions: {debuggerAddress: localhost:49514}, networkConnectionEnabled: false, pageLoadStrategy: normal, platformName: windows, proxy: Proxy(), se:cdp: ws://localhost:49514/devtoo..., se:cdpVersion: 131.0.6778.205, setWindowRect: true, strictFileInteractability: false, timeouts: {implicit: 0, pageLoad: 300000, script: 30000}, unhandledPromptBehavior: dismiss and notify, webauthn:extension:credBlob: true, webauthn:extension:largeBlob: true, webauthn:extension:minPinLength: true, webauthn:extension:prf: true, webauthn:virtualAuthenticators: true}
Element: [[ChromeDriver: chrome on windows (c0709067aebfdf5ac45352a3b3271691)] -> xpath: //span [text() = 'Sign out']]
Session ID: c0709067aebfdf5ac45352a3b3271691]]>
            </message>
            <full-stacktrace>
              <![CDATA[org.openqa.selenium.ElementNotInteractableException: element not interactable
  (Session info: chrome=131.0.6778.205)
Build info: version: '4.25.0', revision: '030fcf7918'
System info: os.name: 'Windows 10', os.arch: 'amd64', os.version: '10.0', java.version: '11.0.23'
Driver info: org.openqa.selenium.chrome.ChromeDriver
Command: [c0709067aebfdf5ac45352a3b3271691, clickElement {id=f.8796FEA729BB2CF5321907050DFCDCE9.d.22D89AC57B9FFEBC6A9623D3F63939F8.e.130}]
Capabilities {acceptInsecureCerts: false, browserName: chrome, browserVersion: 131.0.6778.205, chrome: {chromedriverVersion: 131.0.6778.204 (52183f9e99a..., userDataDir: C:\Users\Shubz008\AppData\L...}, fedcm:accounts: true, goog:chromeOptions: {debuggerAddress: localhost:49514}, networkConnectionEnabled: false, pageLoadStrategy: normal, platformName: windows, proxy: Proxy(), se:cdp: ws://localhost:49514/devtoo..., se:cdpVersion: 131.0.6778.205, setWindowRect: true, strictFileInteractability: false, timeouts: {implicit: 0, pageLoad: 300000, script: 30000}, unhandledPromptBehavior: dismiss and notify, webauthn:extension:credBlob: true, webauthn:extension:largeBlob: true, webauthn:extension:minPinLength: true, webauthn:extension:prf: true, webauthn:virtualAuthenticators: true}
Element: [[ChromeDriver: chrome on windows (c0709067aebfdf5ac45352a3b3271691)] -> xpath: //span [text() = 'Sign out']]
Session ID: c0709067aebfdf5ac45352a3b3271691
at java.base/jdk.internal.reflect.NativeConstructorAccessorImpl.newInstance0(Native Method)
at java.base/jdk.internal.reflect.NativeConstructorAccessorImpl.newInstance(NativeConstructorAccessorImpl.java:62)
at java.base/jdk.internal.reflect.DelegatingConstructorAccessorImpl.newInstance(DelegatingConstructorAccessorImpl.java:45)
at java.base/java.lang.reflect.Constructor.newInstance(Constructor.java:490)
at org.openqa.selenium.remote.ErrorCodec.decode(ErrorCodec.java:167)
at org.openqa.selenium.remote.codec.w3c.W3CHttpResponseCodec.decode(W3CHttpResponseCodec.java:138)
at org.openqa.selenium.remote.codec.w3c.W3CHttpResponseCodec.decode(W3CHttpResponseCodec.java:50)
at org.openqa.selenium.remote.HttpCommandExecutor.execute(HttpCommandExecutor.java:190)
at org.openqa.selenium.remote.service.DriverCommandExecutor.invokeExecute(DriverCommandExecutor.java:216)
at org.openqa.selenium.remote.service.DriverCommandExecutor.execute(DriverCommandExecutor.java:174)
at org.openqa.selenium.remote.RemoteWebDriver.execute(RemoteWebDriver.java:545)
at org.openqa.selenium.remote.RemoteWebElement.execute(RemoteWebElement.java:223)
at org.openqa.selenium.remote.RemoteWebElement.click(RemoteWebElement.java:76)
at jdk.internal.reflect.GeneratedMethodAccessor1.invoke(Unknown Source)
at java.base/jdk.internal.reflect.DelegatingMethodAccessorImpl.invoke(DelegatingMethodAccessorImpl.java:43)
at java.base/java.lang.reflect.Method.invoke(Method.java:566)
at org.openqa.selenium.support.pagefactory.internal.LocatingElementHandler.invoke(LocatingElementHandler.java:51)
at com.sun.proxy.$Proxy13.click(Unknown Source)
at mag_RecMod_POM_classes.Rec_JobListPage_POM_Class.Signout(Rec_JobListPage_POM_Class.java:570)
at mag.sniperai.com_Sanity_test_classes.A003_BaseTestClass_Rec_Design.logoutAndQuitDriver(A003_BaseTestClass_Rec_Design.java:124)
at mag.sniperai.com_Sanity_test_classes.A003_BaseTestClass_Rec_Design.teardown(A003_BaseTestClass_Rec_Design.java:114)
at java.base/jdk.internal.reflect.NativeMethodAccessorImpl.invoke0(Native Method)
at java.base/jdk.internal.reflect.NativeMethodAccessorImpl.invoke(NativeMethodAccessorImpl.java:62)
at java.base/jdk.internal.reflect.DelegatingMethodAccessorImpl.invoke(DelegatingMethodAccessorImpl.java:43)
at java.base/java.lang.reflect.Method.invoke(Method.java:566)
at org.testng.internal.MethodInvocationHelper.invokeMethod(MethodInvocationHelper.java:133)
at org.testng.internal.MethodInvocationHelper.invokeMethodConsideringTimeout(MethodInvocationHelper.java:62)
at org.testng.internal.ConfigInvoker.invokeConfigurationMethod(ConfigInvoker.java:385)
at org.testng.internal.ConfigInvoker.invokeConfigurations(ConfigInvoker.java:321)
at org.testng.internal.TestInvoker.runConfigMethods(TestInvoker.java:700)
at org.testng.internal.TestInvoker.runAfterGroupsConfigurations(TestInvoker.java:676)
at org.testng.internal.TestInvoker.invokeMethod(TestInvoker.java:660)
at org.testng.internal.TestInvoker.invokeTestMethod(TestInvoker.java:173)
at org.testng.internal.MethodRunner.runInSequence(MethodRunner.java:46)
at org.testng.internal.TestInvoker$MethodInvocationAgent.invoke(TestInvoker.java:824)
at org.testng.internal.TestInvoker.invokeTestMethods(TestInvoker.java:146)
at org.testng.internal.TestMethodWorker.invokeTestMethods(TestMethodWorker.java:146)
at org.testng.internal.TestMethodWorker.run(TestMethodWorker.java:128)
at java.base/java.util.ArrayList.forEach(ArrayList.java:1541)
at org.testng.TestRunner.privateRun(TestRunner.java:794)
at org.testng.TestRunner.run(TestRunner.java:596)
at org.testng.SuiteRunner.runTest(SuiteRunner.java:377)
at org.testng.SuiteRunner.runSequentially(SuiteRunner.java:371)
at org.testng.SuiteRunner.privateRun(SuiteRunner.java:332)
at org.testng.SuiteRunner.run(SuiteRunner.java:276)
at org.testng.SuiteRunnerWorker.runSuite(SuiteRunnerWorker.java:53)
at org.testng.SuiteRunnerWorker.run(SuiteRunnerWorker.java:96)
at org.testng.TestNG.runSuitesSequentially(TestNG.java:1212)
at org.testng.TestNG.runSuitesLocally(TestNG.java:1134)
at org.testng.TestNG.runSuites(TestNG.java:1063)
at org.testng.TestNG.run(TestNG.java:1031)
at org.testng.remote.AbstractRemoteTestNG.run(AbstractRemoteTestNG.java:115)
at org.testng.remote.RemoteTestNG.initAndRun(RemoteTestNG.java:293)
at org.testng.remote.RemoteTestNG.main(RemoteTestNG.java:91)
]]>
            </full-stacktrace>
          </exception> <!-- org.openqa.selenium.ElementNotInteractableException -->
          <reporter-output>
          </reporter-output>
        </test-method> <!-- teardown -->
      </class> <!-- mag.sniperai.com_Sanity_test_classes.TC048_Rec_UtilitiesAddSupportRec -->
      <class name="mag.sniperai.com_Sanity_test_classes.TC001Open_Terms_Page">
        <test-method is-config="true" signature="SetUp()[pri:0, instance:mag.sniperai.com_Sanity_test_classes.TC001Open_Terms_Page@771a660]" started-at="2025-01-08T08:32:57 IST" name="SetUp" finished-at="2025-01-08T08:33:07 IST" duration-ms="9285" status="PASS">
          <reporter-output>
          </reporter-output>
        </test-method> <!-- SetUp -->
        <test-method signature="TermsPage()[pri:0, instance:mag.sniperai.com_Sanity_test_classes.TC001Open_Terms_Page@771a660]" started-at="2025-01-08T08:33:07 IST" name="TermsPage" finished-at="2025-01-08T08:33:21 IST" duration-ms="14091" status="PASS">
          <reporter-output>
          </reporter-output>
        </test-method> <!-- TermsPage -->
        <test-method is-config="true" signature="teardown(org.testng.ITestResult)[pri:0, instance:mag.sniperai.com_Sanity_test_classes.TC001Open_Terms_Page@771a660]" started-at="2025-01-08T08:33:21 IST" name="teardown" finished-at="2025-01-08T08:33:21 IST" duration-ms="452" status="PASS">
          <params>
            <param index="0">
              <value>
                <![CDATA[[TestResult name=TermsPage status=SUCCESS method=TC001Open_Terms_Page.TermsPage()[pri:0, instance:mag.sniperai.com_Sanity_test_classes.TC001Open_Terms_Page@771a660] output={null}]]]>
              </value>
            </param>
          </params>
          <reporter-output>
          </reporter-output>
        </test-method> <!-- teardown -->
      </class> <!-- mag.sniperai.com_Sanity_test_classes.TC001Open_Terms_Page -->
      <class name="mag.sniperai.com_Sanity_test_classes.TC044_Rec_UtilitiesSkillUpload">
        <test-method is-config="true" signature="SetUp()[pri:0, instance:mag.sniperai.com_Sanity_test_classes.TC044_Rec_UtilitiesSkillUpload@7d0b7e3c]" started-at="2025-01-08T08:36:58 IST" name="SetUp" finished-at="2025-01-08T08:37:12 IST" duration-ms="13731" status="PASS">
          <reporter-output>
          </reporter-output>
        </test-method> <!-- SetUp -->
        <test-method signature="SkillUploadUtility()[pri:0, instance:mag.sniperai.com_Sanity_test_classes.TC044_Rec_UtilitiesSkillUpload@7d0b7e3c]" started-at="2025-01-08T08:37:12 IST" name="SkillUploadUtility" finished-at="2025-01-08T08:37:20 IST" duration-ms="7459" status="PASS">
          <reporter-output>
          </reporter-output>
        </test-method> <!-- SkillUploadUtility -->
        <test-method is-config="true" signature="teardown(org.testng.ITestResult)[pri:0, instance:mag.sniperai.com_Sanity_test_classes.TC044_Rec_UtilitiesSkillUpload@7d0b7e3c]" started-at="2025-01-08T08:37:20 IST" name="teardown" finished-at="2025-01-08T08:37:21 IST" duration-ms="1440" status="PASS">
          <params>
            <param index="0">
              <value>
                <![CDATA[[TestResult name=SkillUploadUtility status=SUCCESS method=TC044_Rec_UtilitiesSkillUpload.SkillUploadUtility()[pri:0, instance:mag.sniperai.com_Sanity_test_classes.TC044_Rec_UtilitiesSkillUpload@7d0b7e3c] output={null}]]]>
              </value>
            </param>
          </params>
          <reporter-output>
          </reporter-output>
        </test-method> <!-- teardown -->
      </class> <!-- mag.sniperai.com_Sanity_test_classes.TC044_Rec_UtilitiesSkillUpload -->
      <class name="mag.sniperai.com_Sanity_test_classes.TC021_JobListPage_Actions">
        <test-method is-config="true" signature="SetUp()[pri:0, instance:mag.sniperai.com_Sanity_test_classes.TC021_JobListPage_Actions@6892b3b6]" started-at="2025-01-08T08:33:41 IST" name="SetUp" finished-at="2025-01-08T08:33:48 IST" duration-ms="7531" status="PASS">
          <reporter-output>
          </reporter-output>
        </test-method> <!-- SetUp -->
        <test-method signature="JobListPageActions_Rec()[pri:0, instance:mag.sniperai.com_Sanity_test_classes.TC021_JobListPage_Actions@6892b3b6]" started-at="2025-01-08T08:33:48 IST" name="JobListPageActions_Rec" finished-at="2025-01-08T08:34:03 IST" duration-ms="14720" status="PASS">
          <reporter-output>
          </reporter-output>
        </test-method> <!-- JobListPageActions_Rec -->
        <test-method is-config="true" signature="teardown(org.testng.ITestResult)[pri:0, instance:mag.sniperai.com_Sanity_test_classes.TC021_JobListPage_Actions@6892b3b6]" started-at="2025-01-08T08:34:03 IST" name="teardown" finished-at="2025-01-08T08:34:05 IST" duration-ms="1640" status="PASS">
          <params>
            <param index="0">
              <value>
                <![CDATA[[TestResult name=JobListPageActions_Rec status=SUCCESS method=TC021_JobListPage_Actions.JobListPageActions_Rec()[pri:0, instance:mag.sniperai.com_Sanity_test_classes.TC021_JobListPage_Actions@6892b3b6] output={null}]]]>
              </value>
            </param>
          </params>
          <reporter-output>
          </reporter-output>
        </test-method> <!-- teardown -->
      </class> <!-- mag.sniperai.com_Sanity_test_classes.TC021_JobListPage_Actions -->
      <class name="mag.sniperai.com_Sanity_test_classes.TC042_Rec_ScoreReprePage">
        <test-method is-config="true" signature="SetUp()[pri:0, instance:mag.sniperai.com_Sanity_test_classes.TC042_Rec_ScoreReprePage@78e4deb0]" started-at="2025-01-08T08:36:19 IST" name="SetUp" finished-at="2025-01-08T08:36:30 IST" duration-ms="10307" status="PASS">
          <reporter-output>
          </reporter-output>
        </test-method> <!-- SetUp -->
        <test-method signature="ScoreRepreConfig()[pri:0, instance:mag.sniperai.com_Sanity_test_classes.TC042_Rec_ScoreReprePage@78e4deb0]" started-at="2025-01-08T08:36:30 IST" name="ScoreRepreConfig" finished-at="2025-01-08T08:36:37 IST" duration-ms="7138" status="PASS">
          <reporter-output>
          </reporter-output>
        </test-method> <!-- ScoreRepreConfig -->
        <test-method is-config="true" signature="teardown(org.testng.ITestResult)[pri:0, instance:mag.sniperai.com_Sanity_test_classes.TC042_Rec_ScoreReprePage@78e4deb0]" started-at="2025-01-08T08:36:37 IST" name="teardown" finished-at="2025-01-08T08:36:38 IST" duration-ms="1492" status="PASS">
          <params>
            <param index="0">
              <value>
                <![CDATA[[TestResult name=ScoreRepreConfig status=SUCCESS method=TC042_Rec_ScoreReprePage.ScoreRepreConfig()[pri:0, instance:mag.sniperai.com_Sanity_test_classes.TC042_Rec_ScoreReprePage@78e4deb0] output={null}]]]>
              </value>
            </param>
          </params>
          <reporter-output>
          </reporter-output>
        </test-method> <!-- teardown -->
      </class> <!-- mag.sniperai.com_Sanity_test_classes.TC042_Rec_ScoreReprePage -->
      <class name="mag.sniperai.com_Sanity_test_classes.TC046_Rec_UtilitiesJobRefresh">
        <test-method is-config="true" signature="SetUp()[pri:0, instance:mag.sniperai.com_Sanity_test_classes.TC046_Rec_UtilitiesJobRefresh@4b741d6d]" started-at="2025-01-08T08:37:40 IST" name="SetUp" finished-at="2025-01-08T08:37:48 IST" duration-ms="8789" status="PASS">
          <reporter-output>
          </reporter-output>
        </test-method> <!-- SetUp -->
        <test-method signature="JobRefreshUtility()[pri:0, instance:mag.sniperai.com_Sanity_test_classes.TC046_Rec_UtilitiesJobRefresh@4b741d6d]" started-at="2025-01-08T08:37:48 IST" name="JobRefreshUtility" finished-at="2025-01-08T08:37:58 IST" duration-ms="9261" status="PASS">
          <reporter-output>
          </reporter-output>
        </test-method> <!-- JobRefreshUtility -->
        <test-method is-config="true" signature="teardown(org.testng.ITestResult)[pri:0, instance:mag.sniperai.com_Sanity_test_classes.TC046_Rec_UtilitiesJobRefresh@4b741d6d]" started-at="2025-01-08T08:37:58 IST" name="teardown" finished-at="2025-01-08T08:37:59 IST" duration-ms="1317" status="PASS">
          <params>
            <param index="0">
              <value>
                <![CDATA[[TestResult name=JobRefreshUtility status=SUCCESS method=TC046_Rec_UtilitiesJobRefresh.JobRefreshUtility()[pri:0, instance:mag.sniperai.com_Sanity_test_classes.TC046_Rec_UtilitiesJobRefresh@4b741d6d] output={null}]]]>
              </value>
            </param>
          </params>
          <reporter-output>
          </reporter-output>
        </test-method> <!-- teardown -->
      </class> <!-- mag.sniperai.com_Sanity_test_classes.TC046_Rec_UtilitiesJobRefresh -->
      <class name="mag.sniperai.com_Sanity_test_classes.TC045_UtilitiesSkillAffinity">
        <test-method is-config="true" signature="SetUp()[pri:0, instance:mag.sniperai.com_Sanity_test_classes.TC045_UtilitiesSkillAffinity@15bb5034]" started-at="2025-01-08T08:37:21 IST" name="SetUp" finished-at="2025-01-08T08:37:29 IST" duration-ms="7807" status="PASS">
          <reporter-output>
          </reporter-output>
        </test-method> <!-- SetUp -->
        <test-method signature="SkillAffinityUtility()[pri:0, instance:mag.sniperai.com_Sanity_test_classes.TC045_UtilitiesSkillAffinity@15bb5034]" started-at="2025-01-08T08:37:29 IST" name="SkillAffinityUtility" finished-at="2025-01-08T08:37:38 IST" duration-ms="9323" status="PASS">
          <reporter-output>
          </reporter-output>
        </test-method> <!-- SkillAffinityUtility -->
        <test-method is-config="true" signature="teardown(org.testng.ITestResult)[pri:0, instance:mag.sniperai.com_Sanity_test_classes.TC045_UtilitiesSkillAffinity@15bb5034]" started-at="2025-01-08T08:37:38 IST" name="teardown" finished-at="2025-01-08T08:37:40 IST" duration-ms="1515" status="PASS">
          <params>
            <param index="0">
              <value>
                <![CDATA[[TestResult name=SkillAffinityUtility status=SUCCESS method=TC045_UtilitiesSkillAffinity.SkillAffinityUtility()[pri:0, instance:mag.sniperai.com_Sanity_test_classes.TC045_UtilitiesSkillAffinity@15bb5034] output={null}]]]>
              </value>
            </param>
          </params>
          <reporter-output>
          </reporter-output>
        </test-method> <!-- teardown -->
      </class> <!-- mag.sniperai.com_Sanity_test_classes.TC045_UtilitiesSkillAffinity -->
      <class name="mag.sniperai.com_Sanity_test_classes.TC055_Rec_CandidatesPage">
        <test-method is-config="true" signature="SetUp()[pri:0, instance:mag.sniperai.com_Sanity_test_classes.TC055_Rec_CandidatesPage@8f2ef19]" started-at="2025-01-08T08:38:51 IST" name="SetUp" finished-at="2025-01-08T08:39:00 IST" duration-ms="9076" status="PASS">
          <reporter-output>
          </reporter-output>
        </test-method> <!-- SetUp -->
        <test-method signature="CandidatesPage()[pri:0, instance:mag.sniperai.com_Sanity_test_classes.TC055_Rec_CandidatesPage@8f2ef19]" started-at="2025-01-08T08:39:00 IST" name="CandidatesPage" finished-at="2025-01-08T08:39:17 IST" duration-ms="16122" status="PASS">
          <reporter-output>
          </reporter-output>
        </test-method> <!-- CandidatesPage -->
        <test-method is-config="true" signature="teardown(org.testng.ITestResult)[pri:0, instance:mag.sniperai.com_Sanity_test_classes.TC055_Rec_CandidatesPage@8f2ef19]" started-at="2025-01-08T08:39:17 IST" name="teardown" finished-at="2025-01-08T08:39:18 IST" duration-ms="1629" status="PASS">
          <params>
            <param index="0">
              <value>
                <![CDATA[[TestResult name=CandidatesPage status=SUCCESS method=TC055_Rec_CandidatesPage.CandidatesPage()[pri:0, instance:mag.sniperai.com_Sanity_test_classes.TC055_Rec_CandidatesPage@8f2ef19] output={null}]]]>
              </value>
            </param>
          </params>
          <reporter-output>
          </reporter-output>
        </test-method> <!-- teardown -->
      </class> <!-- mag.sniperai.com_Sanity_test_classes.TC055_Rec_CandidatesPage -->
      <class name="mag.sniperai.com_Sanity_test_classes.TC022_Rec_UserCreationPage">
        <test-method is-config="true" signature="SetUp()[pri:0, instance:mag.sniperai.com_Sanity_test_classes.TC022_Rec_UserCreationPage@6e6f2380]" started-at="2025-01-08T08:34:05 IST" name="SetUp" finished-at="2025-01-08T08:34:16 IST" duration-ms="11258" status="PASS">
          <reporter-output>
          </reporter-output>
        </test-method> <!-- SetUp -->
        <test-method signature="OpenUserCreationPage()[pri:0, instance:mag.sniperai.com_Sanity_test_classes.TC022_Rec_UserCreationPage@6e6f2380]" started-at="2025-01-08T08:34:16 IST" name="OpenUserCreationPage" finished-at="2025-01-08T08:34:28 IST" duration-ms="12261" status="PASS">
          <reporter-output>
          </reporter-output>
        </test-method> <!-- OpenUserCreationPage -->
        <test-method is-config="true" signature="teardown(org.testng.ITestResult)[pri:0, instance:mag.sniperai.com_Sanity_test_classes.TC022_Rec_UserCreationPage@6e6f2380]" started-at="2025-01-08T08:34:28 IST" name="teardown" finished-at="2025-01-08T08:34:29 IST" duration-ms="1446" status="PASS">
          <params>
            <param index="0">
              <value>
                <![CDATA[[TestResult name=OpenUserCreationPage status=SUCCESS method=TC022_Rec_UserCreationPage.OpenUserCreationPage()[pri:0, instance:mag.sniperai.com_Sanity_test_classes.TC022_Rec_UserCreationPage@6e6f2380] output={null}]]]>
              </value>
            </param>
          </params>
          <reporter-output>
          </reporter-output>
        </test-method> <!-- teardown -->
      </class> <!-- mag.sniperai.com_Sanity_test_classes.TC022_Rec_UserCreationPage -->
    </test> <!-- Test -->
  </suite> <!-- Suite -->
</testng-results>
