<?xml version="1.0" encoding="UTF-8"?>
<testsuite xmlns:xsi="http://www.w3.org/2001/XMLSchema-instance" xsi:noNamespaceSchemaLocation="https://maven.apache.org/surefire/maven-surefire-plugin/xsd/surefire-test-report.xsd" version="3.0.2" name="TestSuite" time="16.634" tests="3" errors="0" skipped="0" failures="1">
  <properties>
[...]
</properties>
  <testcase name="runScenario[&quot;Verify the web page&quot;, &quot;Login functionality&quot;](1)" classname="runner.LoginFeatureRunner" time="5.964">
    <system-out><![CDATA[
&amp#27;[1mScenario:&amp#27;[22m Verify the web page                          &amp#27;[90m# src/test/resources/features/01_loginFunctionality.feature:6&amp#27;[39m

&amp#27;[1mScenario:&amp#27;[22m create an account with valid details &amp#27;[90m# src/test/resources/features/02_createAccount.feature:3&amp#27;[39m
chromeOpened Successfully
chromeOpened Successfully
Window is maximized
Window is maximized
URL is valid and Opened
  &amp#27;[32m✔&amp#27;[39m &amp#27;[32m&amp#27;[1mGiven &amp#27;[22mthe user is open URL&amp#27;[39m                         &amp#27;[90m# stepDefinations.LoginFunctionality.the_user_is_open_url()&amp#27;[39m
User is on the login page : Account Login
  &amp#27;[32m✔&amp#27;[39m &amp#27;[32m&amp#27;[1mWhen &amp#27;[22mthe user is on login page&amp#27;[39m                     &amp#27;[90m# stepDefinations.LoginFunctionality.the_user_is_on_login_page()&amp#27;[39m
Page title : Account Login
  &amp#27;[32m✔&amp#27;[39m &amp#27;[32m&amp#27;[1mThen &amp#27;[22mthe user get login page title &amp#27;[1m"Account Login"&amp#27;[22m&amp#27;[39m &amp#27;[90m# stepDefinations.LoginFunctionality.the_user_get_login_page_title(java.lang.String)&amp#27;[39m
URL is valid and Opened
URL Opened successfully
  &amp#27;[32m✔&amp#27;[39m &amp#27;[32m&amp#27;[1mGiven &amp#27;[22mthe user is on the registration page&amp#27;[39m &amp#27;[90m# stepDefinations.CreateAccountFunctionality.the_user_is_on_the_registration_page()&amp#27;[39m
shubham Added successfully
  &amp#27;[32m✔&amp#27;[39m &amp#27;[32m&amp#27;[1mWhen &amp#27;[22mthe user added First Name &amp#27;[1m"shubham"&amp#27;[22m&amp#27;[39m   &amp#27;[90m# stepDefinations.CreateAccountFunctionality.the_user_added_first_name(java.lang.String)&amp#27;[39m
]]></system-out>
    <system-err><![CDATA[SLF4J: Failed to load class "org.slf4j.impl.StaticLoggerBinder".
SLF4J: Defaulting to no-operation (NOP) logger implementation
SLF4J: See http://www.slf4j.org/codes.html#StaticLoggerBinder for further details.
Feb 01, 2026 6:18:13 PM org.openqa.selenium.devtools.CdpVersionFinder findNearestMatch
WARNING: Unable to find CDP implementation matching 144
Feb 01, 2026 6:18:13 PM org.openqa.selenium.devtools.CdpVersionFinder findNearestMatch
WARNING: Unable to find CDP implementation matching 144
Feb 01, 2026 6:18:13 PM org.openqa.selenium.chromium.ChromiumDriver lambda$new$5
WARNING: Unable to find version of CDP to use for 144.0.7559.109. You may need to include a dependency on a specific version of the CDP using something similar to `org.seleniumhq.selenium:selenium-devtools-v86:4.25.0` where the version ("v86") matches the version of the chromium-based browser you're using and the version number of the artifact is the same as Selenium's.
Feb 01, 2026 6:18:13 PM org.openqa.selenium.chromium.ChromiumDriver lambda$new$5
WARNING: Unable to find version of CDP to use for 144.0.7559.109. You may need to include a dependency on a specific version of the CDP using something similar to `org.seleniumhq.selenium:selenium-devtools-v86:4.25.0` where the version ("v86") matches the version of the chromium-based browser you're using and the version number of the artifact is the same as Selenium's.
]]></system-err>
  </testcase>
  <testcase name="runScenario[&quot;Login with valid credentials&quot;, &quot;Login functionality&quot;](2)" classname="runner.LoginFeatureRunner" time="8.217">
    <failure message="Passed expected [My Account] but found [Account Login]" type="java.lang.AssertionError"><![CDATA[java.lang.AssertionError: Passed expected [My Account] but found [Account Login]
	at org.testng.Assert.fail(Assert.java:111)
	at org.testng.Assert.failNotEquals(Assert.java:1578)
	at org.testng.Assert.assertEqualsImpl(Assert.java:150)
	at org.testng.Assert.assertEquals(Assert.java:132)
	at org.testng.Assert.assertEquals(Assert.java:656)
	at stepDefinations.LoginFunctionality.then_user_get_dashboard_page_title(LoginFunctionality.java:73)
	at ✽.then user get Dashboard page title "My Account"(file:///C:/Users/ADMIN/eclipse-workspace/Stad_CucumberPOM_Practice/src/test/resources/features/01_loginFunctionality.feature:15)
]]></failure>
    <system-out><![CDATA[chromeOpened Successfully
Window is maximized
URL is valid and Opened
  &amp#27;[32m✔&amp#27;[39m &amp#27;[32m&amp#27;[1mGiven &amp#27;[22mthe user is open URL&amp#27;[39m                              &amp#27;[90m# stepDefinations.LoginFunctionality.the_user_is_open_url()&amp#27;[39m
username is added : shubhamp1@test.com
  &amp#27;[32m✔&amp#27;[39m &amp#27;[32m&amp#27;[1mWhen &amp#27;[22mthe user enter valid username &amp#27;[1m"shubhamp1@test.com"&amp#27;[22m&amp#27;[39m &amp#27;[90m# stepDefinations.LoginFunctionality.the_user_enter_valid_username(java.lang.String)&amp#27;[39m
password is added : shub@123
  &amp#27;[32m✔&amp#27;[39m &amp#27;[32m&amp#27;[1mAnd &amp#27;[22mthe user enter valid password &amp#27;[1m"shub@123"&amp#27;[22m&amp#27;[39m            &amp#27;[90m# stepDefinations.LoginFunctionality.the_user_enter_valid_password(java.lang.String)&amp#27;[39m
clicked on the login button
  &amp#27;[32m✔&amp#27;[39m &amp#27;[32m&amp#27;[1mAnd &amp#27;[22mthe user click on login button&amp#27;[39m                      &amp#27;[90m# stepDefinations.LoginFunctionality.the_user_click_on_login_button()&amp#27;[39m
User is logged in successfully
  &amp#27;[32m✔&amp#27;[39m &amp#27;[32m&amp#27;[1mAnd &amp#27;[22mthe user logged in successfully&amp#27;[39m                     &amp#27;[90m# stepDefinations.LoginFunctionality.the_user_logged_in_successfully()&amp#27;[39m
  &amp#27;[31m✘&amp#27;[39m &amp#27;[31m&amp#27;[1mThen &amp#27;[22mthen user get Dashboard page title &amp#27;[1m"My Account"&amp#27;[22m&amp#27;[39m    &amp#27;[90m# stepDefinations.LoginFunctionality.then_user_get_dashboard_page_title(java.lang.String)&amp#27;[39m
        &amp#27;[31mjava.lang.AssertionError: Passed expected [My Account] but found [Account Login]&amp#27;[39m
        &amp#27;[31m	at org.testng.Assert.fail(Assert.java:111)&amp#27;[39m
        &amp#27;[31m	at org.testng.Assert.failNotEquals(Assert.java:1578)&amp#27;[39m
        &amp#27;[31m	at org.testng.Assert.assertEqualsImpl(Assert.java:150)&amp#27;[39m
        &amp#27;[31m	at org.testng.Assert.assertEquals(Assert.java:132)&amp#27;[39m
        &amp#27;[31m	at org.testng.Assert.assertEquals(Assert.java:656)&amp#27;[39m
        &amp#27;[31m	at stepDefinations.LoginFunctionality.then_user_get_dashboard_page_title(LoginFunctionality.java:73)&amp#27;[39m
        &amp#27;[31m	at ✽.then user get Dashboard page title "My Account"(file:///C:/Users/ADMIN/eclipse-workspace/Stad_CucumberPOM_Practice/src/test/resources/features/01_loginFunctionality.feature:15)&amp#27;[39m
]]></system-out>
    <system-err><![CDATA[Feb 01, 2026 6:18:18 PM org.openqa.selenium.devtools.CdpVersionFinder findNearestMatch
WARNING: Unable to find CDP implementation matching 144
Feb 01, 2026 6:18:18 PM org.openqa.selenium.chromium.ChromiumDriver lambda$new$5
WARNING: Unable to find version of CDP to use for 144.0.7559.109. You may need to include a dependency on a specific version of the CDP using something similar to `org.seleniumhq.selenium:selenium-devtools-v86:4.25.0` where the version ("v86") matches the version of the chromium-based browser you're using and the version number of the artifact is the same as Selenium's.
&amp#27;[1m&amp#27;[32m┌──────────────────────────────────────────────────────────────────────────┐&amp#27;[39m&amp#27;[22m
&amp#27;[1m&amp#27;[32m│&amp#27;[39m&amp#27;[22m View your Cucumber Report at:                                            &amp#27;[1m&amp#27;[32m│&amp#27;[39m&amp#27;[22m
&amp#27;[1m&amp#27;[32m│&amp#27;[39m&amp#27;[22m &amp#27;[1m&amp#27;[4m&amp#27;[36mhttps://reports.cucumber.io/reports/66db4354-12c4-49e4-b5b5-fcb411f7f5c4&amp#27;[39m&amp#27;[24m&amp#27;[22m &amp#27;[1m&amp#27;[32m│&amp#27;[39m&amp#27;[22m
&amp#27;[1m&amp#27;[32m│&amp#27;[39m&amp#27;[22m                                                                          &amp#27;[1m&amp#27;[32m│&amp#27;[39m&amp#27;[22m
&amp#27;[1m&amp#27;[32m│&amp#27;[39m&amp#27;[22m &amp#27;[1mThis report will self-destruct in 24h.&amp#27;[22m                                   &amp#27;[1m&amp#27;[32m│&amp#27;[39m&amp#27;[22m
&amp#27;[1m&amp#27;[32m└──────────────────────────────────────────────────────────────────────────┘&amp#27;[39m&amp#27;[22m]]></system-err>
  </testcase>
  <testcase name="runScenario[&quot;create an account with valid details&quot;, &quot;create account&quot;](1)" classname="runner.CreateAccountRunner" time="1.401">
    <system-out><![CDATA[
&amp#27;[1mScenario:&amp#27;[22m Login with valid credentials                      &amp#27;[90m# src/test/resources/features/01_loginFunctionality.feature:10&amp#27;[39m
Pawar Added successfully
  &amp#27;[32m✔&amp#27;[39m &amp#27;[32m&amp#27;[1mAnd &amp#27;[22mthe user added Last Name &amp#27;[1m"Pawar"&amp#27;[22m&amp#27;[39m       &amp#27;[90m# stepDefinations.CreateAccountFunctionality.the_user_added_last_name(java.lang.String)&amp#27;[39m
shub123@test.com Added successfully
  &amp#27;[32m✔&amp#27;[39m &amp#27;[32m&amp#27;[1mAnd &amp#27;[22muser added Email &amp#27;[1m"shub123@test.com"&amp#27;[22m&amp#27;[39m    &amp#27;[90m# stepDefinations.CreateAccountFunctionality.user_added_email(java.lang.String)&amp#27;[39m
85955555555 Added successfully
  &amp#27;[32m✔&amp#27;[39m &amp#27;[32m&amp#27;[1mAnd &amp#27;[22muser added Telephone &amp#27;[1m"85955555555"&amp#27;[22m&amp#27;[39m     &amp#27;[90m# stepDefinations.CreateAccountFunctionality.user_added_telephone(java.lang.String)&amp#27;[39m
shub@123 Added successfully
  &amp#27;[32m✔&amp#27;[39m &amp#27;[32m&amp#27;[1mAnd &amp#27;[22muser added Password &amp#27;[1m"shub@123"&amp#27;[22m&amp#27;[39m         &amp#27;[90m# stepDefinations.CreateAccountFunctionality.user_added_password(java.lang.String)&amp#27;[39m
shub@123 Added successfully
  &amp#27;[32m✔&amp#27;[39m &amp#27;[32m&amp#27;[1mAnd &amp#27;[22muser added Password Confirm &amp#27;[1m"shub@123"&amp#27;[22m&amp#27;[39m &amp#27;[90m# stepDefinations.CreateAccountFunctionality.user_added_password_confirm(java.lang.String)&amp#27;[39m
Clicked on checkbox successfully
  &amp#27;[32m✔&amp#27;[39m &amp#27;[32m&amp#27;[1mAnd &amp#27;[22muser confirm privacy policy&amp#27;[39m            &amp#27;[90m# stepDefinations.CreateAccountFunctionality.user_confirm_privacy_policy()&amp#27;[39m
Clicked on continue successfully
  &amp#27;[32m✔&amp#27;[39m &amp#27;[32m&amp#27;[1mAnd &amp#27;[22muser click on continue button&amp#27;[39m          &amp#27;[90m# stepDefinations.CreateAccountFunctionality.user_click_on_continue_button()&amp#27;[39m
Account is created successfully
  &amp#27;[32m✔&amp#27;[39m &amp#27;[32m&amp#27;[1mThen &amp#27;[22mthe user is regestered successfully&amp#27;[39m   &amp#27;[90m# stepDefinations.CreateAccountFunctionality.the_user_is_regestered_successfully()&amp#27;[39m
]]></system-out>
  </testcase>
</testsuite>