<?xml version="1.0" encoding="UTF-8"?>
<!-- Generated by org.testng.reporters.JUnitXMLReporter -->
<testsuite ignored="0" hostname="DESKTOP-0G0FBLN" failures="0" tests="3" name="HPTest" time="0.156" errors="0" timestamp="2024-11-24T23:49:17 IST">
  <testcase classname="sauceDemo.TestClass_Copy.BaseTestClass2_Copy_CrossBrowserTesting" name="@BeforeMethod SetUpMethod" time="-1.732472357228E9">
    <failure type="org.testng.TestNGException" message="
Parameter &amp;apos;browserName&amp;apos; is required by BeforeMethod on method SetUpMethod but has not been marked @Optional or defined
in C:\Users\Shubz008\eclipse-workspace\VelocityTestNG\HighPtestng.xml">
      <![CDATA[org.testng.TestNGException: 
Parameter 'browserName' is required by BeforeMethod on method SetUpMethod but has not been marked @Optional or defined
in C:\Users\Shubz008\eclipse-workspace\VelocityTestNG\HighPtestng.xml
at java.base/java.util.concurrent.ThreadPoolExecutor.runWorker(ThreadPoolExecutor.java:1128)
at java.base/java.util.concurrent.ThreadPoolExecutor$Worker.run(ThreadPoolExecutor.java:628)
at java.base/java.lang.Thread.run(Thread.java:834)
... Removed 13 stack frames]]>
    </failure>
  </testcase> <!-- @BeforeMethod SetUpMethod -->
  <testcase classname="sauceDemo.TestClass_Copy.BaseTestClass2_Copy_CrossBrowserTesting" name="@BeforeMethod SetUpMethod" time="-1.732472357228E9">
    <failure type="org.testng.TestNGException" message="
Parameter &amp;apos;browserName&amp;apos; is required by BeforeMethod on method SetUpMethod but has not been marked @Optional or defined
in C:\Users\Shubz008\eclipse-workspace\VelocityTestNG\HighPtestng.xml">
      <![CDATA[org.testng.TestNGException: 
Parameter 'browserName' is required by BeforeMethod on method SetUpMethod but has not been marked @Optional or defined
in C:\Users\Shubz008\eclipse-workspace\VelocityTestNG\HighPtestng.xml
at java.base/java.util.concurrent.ThreadPoolExecutor.runWorker(ThreadPoolExecutor.java:1128)
at java.base/java.util.concurrent.ThreadPoolExecutor$Worker.run(ThreadPoolExecutor.java:628)
at java.base/java.lang.Thread.run(Thread.java:834)
... Removed 13 stack frames]]>
    </failure>
  </testcase> <!-- @BeforeMethod SetUpMethod -->
  <testcase classname="sauceDemo.TestClass_Copy.BaseTestClass2_Copy_CrossBrowserTesting" name="@BeforeMethod SetUpMethod" time="-1.732472357228E9">
    <failure type="org.testng.TestNGException" message="
Parameter &amp;apos;browserName&amp;apos; is required by BeforeMethod on method SetUpMethod but has not been marked @Optional or defined
in C:\Users\Shubz008\eclipse-workspace\VelocityTestNG\HighPtestng.xml">
      <![CDATA[org.testng.TestNGException: 
Parameter 'browserName' is required by BeforeMethod on method SetUpMethod but has not been marked @Optional or defined
in C:\Users\Shubz008\eclipse-workspace\VelocityTestNG\HighPtestng.xml
at java.base/java.util.concurrent.ThreadPoolExecutor.runWorker(ThreadPoolExecutor.java:1128)
at java.base/java.util.concurrent.ThreadPoolExecutor$Worker.run(ThreadPoolExecutor.java:628)
at java.base/java.lang.Thread.run(Thread.java:834)
... Removed 13 stack frames]]>
    </failure>
  </testcase> <!-- @BeforeMethod SetUpMethod -->
  <testcase classname="sauceDemo.TestClass_Copy.BaseTestClass2_Copy_CrossBrowserTesting" name="@AfterMethod TearDownMethod" time="-1.732472357294E9">
    <skipped/>
  </testcase> <!-- @AfterMethod TearDownMethod -->
  <testcase classname="sauceDemo.TestClass_Copy.BaseTestClass2_Copy_CrossBrowserTesting" name="@AfterMethod TearDownMethod" time="-1.732472357307E9">
    <skipped/>
  </testcase> <!-- @AfterMethod TearDownMethod -->
  <testcase classname="sauceDemo.TestClass_Copy.BaseTestClass2_Copy_CrossBrowserTesting" name="@AfterMethod TearDownMethod" time="-1.732472357313E9">
    <skipped/>
  </testcase> <!-- @AfterMethod TearDownMethod -->
  <testcase classname="sauceDemo.TestClass_Copy.TC001LoginFunctionality_Copy" name="LoginFunctionality" time="0.0">
    <skipped/>
  </testcase> <!-- LoginFunctionality -->
  <testcase classname="sauceDemo.TestClass_Copy.TC002AddToCartFunctionality_Copy" name="AddProductFunctionality" time="0.0">
    <skipped/>
  </testcase> <!-- AddProductFunctionality -->
  <testcase classname="sauceDemo.TestClass_Copy.TC003LogoutFunctionality_Copy" name="LogOutTestScenario" time="0.01">
    <skipped/>
  </testcase> <!-- LogOutTestScenario -->
</testsuite> <!-- HPTest -->
