<?xml version="1.0" encoding="UTF-8"?>
<!-- Generated by org.testng.reporters.JUnitXMLReporter -->
<testsuite ignored="0" hostname="DESKTOP-0G0FBLN" failures="0" tests="3" name="Test" time="53.92" errors="0" timestamp="2024-10-09T19:16:43 IST">
  <testcase classname="clientpoc.sniperai.com_Sanity_test_classes.TC001Open_Terms_Page" name="TermsPage" time="6.482"/>
  <testcase classname="clientpoc.sniperai.com_Sanity_test_classes.TC020_Login_RecruiterModule" name="RecruiterLogin" time="10.177"/>
  <testcase classname="clientpoc.sniperai.com_Sanity_test_classes.TC021_JobListPage_Actions" name="JobListPageActions_Rec" time="12.562"/>
</testsuite> <!-- Test -->
