<?xml version="1.0" encoding="UTF-8"?>
<!-- Generated by org.testng.reporters.JUnitXMLReporter -->
<testsuite ignored="0" hostname="DESKTOP-0G0FBLN" failures="0" tests="12" name="Test" time="351.246" errors="0" timestamp="2025-01-07T18:56:04 IST">
  <testcase classname="bajajautopreprod.sniperai.com_Sanity_test_classes.TC001Open_Terms_Page" name="TermsPage" time="16.78"/>
  <testcase classname="bajajautopreprod.sniperai.com_Sanity_test_classes.TC020_Login_RecruiterModule" name="RecruiterLogin" time="1.772"/>
  <testcase classname="bajajautopreprod.sniperai.com_Sanity_test_classes.TC021_JobListPage_Actions" name="JobListPageActions_Rec" time="14.539"/>
  <testcase classname="bajajautopreprod.sniperai.com_Sanity_test_classes.TC022_Rec_UserCreationPage" name="OpenUserCreationPage" time="10.829"/>
  <testcase classname="bajajautopreprod.sniperai.com_Sanity_test_classes.TC024_Rec_AddSupportRecruiterPage" name="OpenAddSupportRecPage" time="6.518"/>
  <testcase classname="bajajautopreprod.sniperai.com_Sanity_test_classes.TC029_Rec_RawReport_Dowload" name="DownloadRawReport" time="21.044"/>
  <testcase classname="bajajautopreprod.sniperai.com_Sanity_test_classes.TC030_Rec_ReccomdSummaryRP_Download" name="DownloadReccomdSummaryRep" time="9.521"/>
  <testcase classname="bajajautopreprod.sniperai.com_Sanity_test_classes.TC037_Rec_SettingsPage" name="SettingsPage" time="10.048"/>
  <testcase classname="bajajautopreprod.sniperai.com_Sanity_test_classes.TC039_Rec_JobSettingsPage" name="JobSettingsPage" time="6.346"/>
  <testcase classname="bajajautopreprod.sniperai.com_Sanity_test_classes.TC042_Rec_ScoreReprePage" name="ScoreRepreConfig" time="4.187"/>
  <testcase classname="bajajautopreprod.sniperai.com_Sanity_test_classes.TC055_Rec_CandidatesPage" name="CandidatesPage" time="15.168"/>
  <testcase classname="bajajautopreprod.sniperai.com_Sanity_test_classes.TC056_CadidatesPageActios" name="CandidatesPageActions" time="12.893"/>
</testsuite> <!-- Test -->
