<?xml version="1.0" encoding="UTF-8"?>
<!-- Generated by org.testng.reporters.JUnitReportReporter -->
<testsuite hostname="DESKTOP-0G0FBLN" failures="0" tests="1" name="magpreprod.sniperai.com_Sanity_test_classes.TC030_Rec_ReccomdSummaryRP_Download" time="81.745" errors="0" timestamp="2024-09-19T14:54:08 IST" skipped="0">
  <testcase classname="magpreprod.sniperai.com_Sanity_test_classes.TC030_Rec_ReccomdSummaryRP_Download" name="DownloadReccomdSummaryRep" time="81.745"/>
  <system-out/>
</testsuite> <!-- magpreprod.sniperai.com_Sanity_test_classes.TC030_Rec_ReccomdSummaryRP_Download -->
