<?xml version="1.0" encoding="UTF-8"?>
<!-- Generated by org.testng.reporters.JUnitReportReporter -->
<testsuite hostname="DESKTOP-0G0FBLN" failures="0" tests="1" name="magpreprod.sniperai.com_Sanity_test_classes.TC045_UtilitiesSkillAffinity" time="67.572" errors="0" timestamp="2024-09-19T14:54:08 IST" skipped="0">
  <testcase classname="magpreprod.sniperai.com_Sanity_test_classes.TC045_UtilitiesSkillAffinity" name="SkillAffinityUtility" time="67.572"/>
  <system-out/>
</testsuite> <!-- magpreprod.sniperai.com_Sanity_test_classes.TC045_UtilitiesSkillAffinity -->
