<?xml version="1.0" encoding="UTF-8"?>
<!-- Generated by org.testng.reporters.JUnitReportReporter -->
<testsuite hostname="DESKTOP-0G0FBLN" failures="0" tests="1" name="magpreprod.sniperai.com_Sanity_test_classes.TC048_Rec_UtilitiesAddSupportRec" time="39.959" errors="0" timestamp="2024-09-19T15:24:29 IST" skipped="0">
  <testcase classname="magpreprod.sniperai.com_Sanity_test_classes.TC048_Rec_UtilitiesAddSupportRec" name="AddSupportRecruiterUtility" time="39.959"/>
  <system-out/>
</testsuite> <!-- magpreprod.sniperai.com_Sanity_test_classes.TC048_Rec_UtilitiesAddSupportRec -->
