<?xml version="1.0" encoding="UTF-8"?>
<!-- Generated by org.testng.reporters.JUnitReportReporter -->
<testsuite hostname="DESKTOP-0G0FBLN" failures="0" tests="1" name="magpreprod.sniperai.com_Sanity_test_classes.TC037_Rec_SettingsPage" time="44.505" errors="0" timestamp="2024-11-18T19:13:53 IST" skipped="0">
  <testcase classname="magpreprod.sniperai.com_Sanity_test_classes.TC037_Rec_SettingsPage" name="SettingsPage" time="44.505"/>
  <system-out/>
</testsuite> <!-- magpreprod.sniperai.com_Sanity_test_classes.TC037_Rec_SettingsPage -->
