<?xml version="1.0" encoding="UTF-8"?>
<!-- Generated by org.testng.reporters.JUnitReportReporter -->
<testsuite hostname="RS0070" failures="0" tests="1" name="com.qa_0003_CandidateLogin.TC0007_VerifyCanLogin_WithoutCred" time="6.761" errors="0" timestamp="2026-04-25T19:50:28 IST" skipped="0">
  <testcase classname="com.qa_0003_CandidateLogin.TC0007_VerifyCanLogin_WithoutCred" name="canLoginWithoutCred" time="6.761"/>
</testsuite> <!-- com.qa_0003_CandidateLogin.TC0007_VerifyCanLogin_WithoutCred -->
