<?xml version="1.0" encoding="UTF-8"?>
<!-- Generated by org.testng.reporters.JUnitReportReporter -->
<testsuite hostname="RS0070" failures="0" tests="1" name="com.qa_0002_RecruiterLogin.TC_0003_VerifyRecLogin_WithInvalidUsername" time="9.927" errors="0" timestamp="2026-03-04T14:11:44 IST" skipped="0">
  <testcase classname="com.qa_0002_RecruiterLogin.TC_0003_VerifyRecLogin_WithInvalidUsername" name="RecLoginInvalidUsername" time="9.927"/>
</testsuite> <!-- com.qa_0002_RecruiterLogin.TC_0003_VerifyRecLogin_WithInvalidUsername -->
