<?xml version="1.0" encoding="UTF-8"?>
<!-- Generated by org.testng.reporters.JUnitReportReporter -->
<testsuite hostname="RS0070" failures="0" tests="1" name="com.qa_0002_RecruiterLogin.TC_0005_VerifyRecLogin_withoutuserName" time="4.613" errors="0" timestamp="2026-06-28T17:25:23 IST" skipped="0">
  <testcase classname="com.qa_0002_RecruiterLogin.TC_0005_VerifyRecLogin_withoutuserName" name="recLoginWithoutUsername" time="4.613"/>
</testsuite> <!-- com.qa_0002_RecruiterLogin.TC_0005_VerifyRecLogin_withoutuserName -->
