<?xml version="1.0" encoding="UTF-8"?>
<!-- Generated by org.testng.reporters.JUnitReportReporter -->
<testsuite hostname="RS0070" failures="0" tests="1" name="com.qa_0002_RecruiterLogin.TC_0005_VerifyRecLogin_withoutuserName" time="9.540" errors="0" timestamp="2026-03-04T14:11:44 IST" skipped="0">
  <testcase classname="com.qa_0002_RecruiterLogin.TC_0005_VerifyRecLogin_withoutuserName" name="RecLoginWithoutUsername" time="9.540"/>
</testsuite> <!-- com.qa_0002_RecruiterLogin.TC_0005_VerifyRecLogin_withoutuserName -->
