<?xml version="1.0" encoding="UTF-8"?>
<!-- Generated by org.testng.reporters.JUnitReportReporter -->
<testsuite hostname="RS0070" failures="0" tests="1" name="com.qa_0002_RecruiterLogin.TC_0006_VerifyRecLogin_withoutPassword" time="5.244" errors="0" timestamp="2026-06-28T17:25:23 IST" skipped="0">
  <testcase classname="com.qa_0002_RecruiterLogin.TC_0006_VerifyRecLogin_withoutPassword" name="recLoginWithoutPassowrd" time="5.244"/>
</testsuite> <!-- com.qa_0002_RecruiterLogin.TC_0006_VerifyRecLogin_withoutPassword -->
