<?xml version="1.0" encoding="UTF-8"?>
<!-- Generated by org.testng.reporters.JUnitReportReporter -->
<testsuite hostname="DESKTOP-0G0FBLN" failures="0" tests="1" name="design.sniperai.com_Sanity_test_classes.TC056_CadidatesPageActios" time="88.172" errors="0" timestamp="2024-09-03T20:32:19 IST" skipped="0">
  <testcase classname="design.sniperai.com_Sanity_test_classes.TC056_CadidatesPageActios" name="CandidatesPageActions" time="88.172"/>
  <system-out/>
</testsuite> <!-- design.sniperai.com_Sanity_test_classes.TC056_CadidatesPageActios -->
