<?xml version="1.0" encoding="UTF-8"?>
<testng-results ignored="0" total="12" passed="12" failed="0" skipped="0">
  <reporter-output>
  </reporter-output>
  <suite started-at="2024-11-18T16:59:11 IST" name="Suite" finished-at="2024-11-18T17:04:15 IST" duration-ms="304631">
    <groups>
    </groups>
    <test started-at="2024-11-18T16:59:11 IST" name="Test" finished-at="2024-11-18T17:04:15 IST" duration-ms="304631">
      <class name="bajajautopreprod.sniperai.com_Sanity_test_classes.TC024_Rec_AddSupportRecruiterPage">
        <test-method is-config="true" signature="SetUp()[pri:0, instance:bajajautopreprod.sniperai.com_Sanity_test_classes.TC024_Rec_AddSupportRecruiterPage@7526515b]" started-at="2024-11-18T17:00:54 IST" name="SetUp" finished-at="2024-11-18T17:01:03 IST" duration-ms="9353" status="PASS">
          <reporter-output>
          </reporter-output>
        </test-method> <!-- SetUp -->
        <test-method signature="OpenAddSupportRecPage()[pri:0, instance:bajajautopreprod.sniperai.com_Sanity_test_classes.TC024_Rec_AddSupportRecruiterPage@7526515b]" started-at="2024-11-18T17:01:03 IST" name="OpenAddSupportRecPage" finished-at="2024-11-18T17:01:08 IST" duration-ms="4620" status="PASS">
          <reporter-output>
          </reporter-output>
        </test-method> <!-- OpenAddSupportRecPage -->
        <test-method is-config="true" signature="teardown(org.testng.ITestResult)[pri:0, instance:bajajautopreprod.sniperai.com_Sanity_test_classes.TC024_Rec_AddSupportRecruiterPage@7526515b]" started-at="2024-11-18T17:01:08 IST" name="teardown" finished-at="2024-11-18T17:01:14 IST" duration-ms="6189" status="PASS">
          <params>
            <param index="0">
              <value>
                <![CDATA[[TestResult name=OpenAddSupportRecPage status=SUCCESS method=TC024_Rec_AddSupportRecruiterPage.OpenAddSupportRecPage()[pri:0, instance:bajajautopreprod.sniperai.com_Sanity_test_classes.TC024_Rec_AddSupportRecruiterPage@7526515b] output={null}]]]>
              </value>
            </param>
          </params>
          <reporter-output>
          </reporter-output>
        </test-method> <!-- teardown -->
      </class> <!-- bajajautopreprod.sniperai.com_Sanity_test_classes.TC024_Rec_AddSupportRecruiterPage -->
      <class name="bajajautopreprod.sniperai.com_Sanity_test_classes.TC030_Rec_ReccomdSummaryRP_Download">
        <test-method is-config="true" signature="SetUp()[pri:0, instance:bajajautopreprod.sniperai.com_Sanity_test_classes.TC030_Rec_ReccomdSummaryRP_Download@54c5a2ff]" started-at="2024-11-18T17:01:39 IST" name="SetUp" finished-at="2024-11-18T17:01:45 IST" duration-ms="6240" status="PASS">
          <reporter-output>
          </reporter-output>
        </test-method> <!-- SetUp -->
        <test-method signature="DownloadReccomdSummaryRep()[pri:0, instance:bajajautopreprod.sniperai.com_Sanity_test_classes.TC030_Rec_ReccomdSummaryRP_Download@54c5a2ff]" started-at="2024-11-18T17:01:45 IST" name="DownloadReccomdSummaryRep" finished-at="2024-11-18T17:01:57 IST" duration-ms="11732" status="PASS">
          <reporter-output>
          </reporter-output>
        </test-method> <!-- DownloadReccomdSummaryRep -->
        <test-method is-config="true" signature="teardown(org.testng.ITestResult)[pri:0, instance:bajajautopreprod.sniperai.com_Sanity_test_classes.TC030_Rec_ReccomdSummaryRP_Download@54c5a2ff]" started-at="2024-11-18T17:01:57 IST" name="teardown" finished-at="2024-11-18T17:02:01 IST" duration-ms="4052" status="PASS">
          <params>
            <param index="0">
              <value>
                <![CDATA[[TestResult name=DownloadReccomdSummaryRep status=SUCCESS method=TC030_Rec_ReccomdSummaryRP_Download.DownloadReccomdSummaryRep()[pri:0, instance:bajajautopreprod.sniperai.com_Sanity_test_classes.TC030_Rec_ReccomdSummaryRP_Download@54c5a2ff] output={null}]]]>
              </value>
            </param>
          </params>
          <reporter-output>
          </reporter-output>
        </test-method> <!-- teardown -->
      </class> <!-- bajajautopreprod.sniperai.com_Sanity_test_classes.TC030_Rec_ReccomdSummaryRP_Download -->
      <class name="bajajautopreprod.sniperai.com_Sanity_test_classes.TC001Open_Terms_Page">
        <test-method is-config="true" signature="SetUp()[pri:0, instance:bajajautopreprod.sniperai.com_Sanity_test_classes.TC001Open_Terms_Page@54e1c68b]" started-at="2024-11-18T16:59:11 IST" name="SetUp" finished-at="2024-11-18T16:59:18 IST" duration-ms="6655" status="PASS">
          <reporter-output>
          </reporter-output>
        </test-method> <!-- SetUp -->
        <test-method signature="TermsPage()[pri:0, instance:bajajautopreprod.sniperai.com_Sanity_test_classes.TC001Open_Terms_Page@54e1c68b]" started-at="2024-11-18T16:59:18 IST" name="TermsPage" finished-at="2024-11-18T16:59:27 IST" duration-ms="9739" status="PASS">
          <reporter-output>
          </reporter-output>
        </test-method> <!-- TermsPage -->
        <test-method is-config="true" signature="teardown(org.testng.ITestResult)[pri:0, instance:bajajautopreprod.sniperai.com_Sanity_test_classes.TC001Open_Terms_Page@54e1c68b]" started-at="2024-11-18T16:59:27 IST" name="teardown" finished-at="2024-11-18T16:59:28 IST" duration-ms="658" status="PASS">
          <params>
            <param index="0">
              <value>
                <![CDATA[[TestResult name=TermsPage status=SUCCESS method=TC001Open_Terms_Page.TermsPage()[pri:0, instance:bajajautopreprod.sniperai.com_Sanity_test_classes.TC001Open_Terms_Page@54e1c68b] output={null}]]]>
              </value>
            </param>
          </params>
          <reporter-output>
          </reporter-output>
        </test-method> <!-- teardown -->
      </class> <!-- bajajautopreprod.sniperai.com_Sanity_test_classes.TC001Open_Terms_Page -->
      <class name="bajajautopreprod.sniperai.com_Sanity_test_classes.TC037_Rec_SettingsPage">
        <test-method is-config="true" signature="SetUp()[pri:0, instance:bajajautopreprod.sniperai.com_Sanity_test_classes.TC037_Rec_SettingsPage@11392934]" started-at="2024-11-18T17:02:01 IST" name="SetUp" finished-at="2024-11-18T17:02:07 IST" duration-ms="6458" status="PASS">
          <reporter-output>
          </reporter-output>
        </test-method> <!-- SetUp -->
        <test-method signature="SettingsPage()[pri:0, instance:bajajautopreprod.sniperai.com_Sanity_test_classes.TC037_Rec_SettingsPage@11392934]" started-at="2024-11-18T17:02:07 IST" name="SettingsPage" finished-at="2024-11-18T17:02:18 IST" duration-ms="11045" status="PASS">
          <reporter-output>
          </reporter-output>
        </test-method> <!-- SettingsPage -->
        <test-method is-config="true" signature="teardown(org.testng.ITestResult)[pri:0, instance:bajajautopreprod.sniperai.com_Sanity_test_classes.TC037_Rec_SettingsPage@11392934]" started-at="2024-11-18T17:02:18 IST" name="teardown" finished-at="2024-11-18T17:02:24 IST" duration-ms="5370" status="PASS">
          <params>
            <param index="0">
              <value>
                <![CDATA[[TestResult name=SettingsPage status=SUCCESS method=TC037_Rec_SettingsPage.SettingsPage()[pri:0, instance:bajajautopreprod.sniperai.com_Sanity_test_classes.TC037_Rec_SettingsPage@11392934] output={null}]]]>
              </value>
            </param>
          </params>
          <reporter-output>
          </reporter-output>
        </test-method> <!-- teardown -->
      </class> <!-- bajajautopreprod.sniperai.com_Sanity_test_classes.TC037_Rec_SettingsPage -->
      <class name="bajajautopreprod.sniperai.com_Sanity_test_classes.TC056_CadidatesPageActios">
        <test-method is-config="true" signature="SetUp()[pri:0, instance:bajajautopreprod.sniperai.com_Sanity_test_classes.TC056_CadidatesPageActios@2e8c1c9b]" started-at="2024-11-18T17:03:55 IST" name="SetUp" finished-at="2024-11-18T17:04:06 IST" duration-ms="10381" status="PASS">
          <reporter-output>
          </reporter-output>
        </test-method> <!-- SetUp -->
        <test-method signature="CandidatesPageActions()[pri:0, instance:bajajautopreprod.sniperai.com_Sanity_test_classes.TC056_CadidatesPageActios@2e8c1c9b]" started-at="2024-11-18T17:04:06 IST" name="CandidatesPageActions" finished-at="2024-11-18T17:04:12 IST" duration-ms="6490" status="PASS">
          <reporter-output>
          </reporter-output>
        </test-method> <!-- CandidatesPageActions -->
        <test-method is-config="true" signature="teardown(org.testng.ITestResult)[pri:0, instance:bajajautopreprod.sniperai.com_Sanity_test_classes.TC056_CadidatesPageActios@2e8c1c9b]" started-at="2024-11-18T17:04:12 IST" name="teardown" finished-at="2024-11-18T17:04:15 IST" duration-ms="3197" status="PASS">
          <params>
            <param index="0">
              <value>
                <![CDATA[[TestResult name=CandidatesPageActions status=SUCCESS method=TC056_CadidatesPageActios.CandidatesPageActions()[pri:0, instance:bajajautopreprod.sniperai.com_Sanity_test_classes.TC056_CadidatesPageActios@2e8c1c9b] output={null}]]]>
              </value>
            </param>
          </params>
          <reporter-output>
          </reporter-output>
        </test-method> <!-- teardown -->
      </class> <!-- bajajautopreprod.sniperai.com_Sanity_test_classes.TC056_CadidatesPageActios -->
      <class name="bajajautopreprod.sniperai.com_Sanity_test_classes.TC055_Rec_CandidatesPage">
        <test-method is-config="true" signature="SetUp()[pri:0, instance:bajajautopreprod.sniperai.com_Sanity_test_classes.TC055_Rec_CandidatesPage@76a4ebf2]" started-at="2024-11-18T17:03:33 IST" name="SetUp" finished-at="2024-11-18T17:03:40 IST" duration-ms="6918" status="PASS">
          <reporter-output>
          </reporter-output>
        </test-method> <!-- SetUp -->
        <test-method signature="CandidatesPage()[pri:0, instance:bajajautopreprod.sniperai.com_Sanity_test_classes.TC055_Rec_CandidatesPage@76a4ebf2]" started-at="2024-11-18T17:03:40 IST" name="CandidatesPage" finished-at="2024-11-18T17:03:51 IST" duration-ms="11561" status="PASS">
          <reporter-output>
          </reporter-output>
        </test-method> <!-- CandidatesPage -->
        <test-method is-config="true" signature="teardown(org.testng.ITestResult)[pri:0, instance:bajajautopreprod.sniperai.com_Sanity_test_classes.TC055_Rec_CandidatesPage@76a4ebf2]" started-at="2024-11-18T17:03:51 IST" name="teardown" finished-at="2024-11-18T17:03:55 IST" duration-ms="4180" status="PASS">
          <params>
            <param index="0">
              <value>
                <![CDATA[[TestResult name=CandidatesPage status=SUCCESS method=TC055_Rec_CandidatesPage.CandidatesPage()[pri:0, instance:bajajautopreprod.sniperai.com_Sanity_test_classes.TC055_Rec_CandidatesPage@76a4ebf2] output={null}]]]>
              </value>
            </param>
          </params>
          <reporter-output>
          </reporter-output>
        </test-method> <!-- teardown -->
      </class> <!-- bajajautopreprod.sniperai.com_Sanity_test_classes.TC055_Rec_CandidatesPage -->
      <class name="bajajautopreprod.sniperai.com_Sanity_test_classes.TC021_JobListPage_Actions">
        <test-method is-config="true" signature="SetUp()[pri:0, instance:bajajautopreprod.sniperai.com_Sanity_test_classes.TC021_JobListPage_Actions@f78a47e]" started-at="2024-11-18T16:59:48 IST" name="SetUp" finished-at="2024-11-18T17:00:00 IST" duration-ms="12662" status="PASS">
          <reporter-output>
          </reporter-output>
        </test-method> <!-- SetUp -->
        <test-method signature="JobListPageActions_Rec()[pri:0, instance:bajajautopreprod.sniperai.com_Sanity_test_classes.TC021_JobListPage_Actions@f78a47e]" started-at="2024-11-18T17:00:00 IST" name="JobListPageActions_Rec" finished-at="2024-11-18T17:00:14 IST" duration-ms="14020" status="PASS">
          <reporter-output>
          </reporter-output>
        </test-method> <!-- JobListPageActions_Rec -->
        <test-method is-config="true" signature="teardown(org.testng.ITestResult)[pri:0, instance:bajajautopreprod.sniperai.com_Sanity_test_classes.TC021_JobListPage_Actions@f78a47e]" started-at="2024-11-18T17:00:14 IST" name="teardown" finished-at="2024-11-18T17:00:29 IST" duration-ms="14676" status="PASS">
          <params>
            <param index="0">
              <value>
                <![CDATA[[TestResult name=JobListPageActions_Rec status=SUCCESS method=TC021_JobListPage_Actions.JobListPageActions_Rec()[pri:0, instance:bajajautopreprod.sniperai.com_Sanity_test_classes.TC021_JobListPage_Actions@f78a47e] output={null}]]]>
              </value>
            </param>
          </params>
          <reporter-output>
          </reporter-output>
        </test-method> <!-- teardown -->
      </class> <!-- bajajautopreprod.sniperai.com_Sanity_test_classes.TC021_JobListPage_Actions -->
      <class name="bajajautopreprod.sniperai.com_Sanity_test_classes.TC039_Rec_JobSettingsPage">
        <test-method is-config="true" signature="SetUp()[pri:0, instance:bajajautopreprod.sniperai.com_Sanity_test_classes.TC039_Rec_JobSettingsPage@6892b3b6]" started-at="2024-11-18T17:02:24 IST" name="SetUp" finished-at="2024-11-18T17:02:35 IST" duration-ms="11072" status="PASS">
          <reporter-output>
          </reporter-output>
        </test-method> <!-- SetUp -->
        <test-method signature="JobSettingsPage()[pri:0, instance:bajajautopreprod.sniperai.com_Sanity_test_classes.TC039_Rec_JobSettingsPage@6892b3b6]" started-at="2024-11-18T17:02:35 IST" name="JobSettingsPage" finished-at="2024-11-18T17:02:42 IST" duration-ms="7190" status="PASS">
          <reporter-output>
          </reporter-output>
        </test-method> <!-- JobSettingsPage -->
        <test-method is-config="true" signature="teardown(org.testng.ITestResult)[pri:0, instance:bajajautopreprod.sniperai.com_Sanity_test_classes.TC039_Rec_JobSettingsPage@6892b3b6]" started-at="2024-11-18T17:02:42 IST" name="teardown" finished-at="2024-11-18T17:02:52 IST" duration-ms="9777" status="PASS">
          <params>
            <param index="0">
              <value>
                <![CDATA[[TestResult name=JobSettingsPage status=SUCCESS method=TC039_Rec_JobSettingsPage.JobSettingsPage()[pri:0, instance:bajajautopreprod.sniperai.com_Sanity_test_classes.TC039_Rec_JobSettingsPage@6892b3b6] output={null}]]]>
              </value>
            </param>
          </params>
          <reporter-output>
          </reporter-output>
        </test-method> <!-- teardown -->
      </class> <!-- bajajautopreprod.sniperai.com_Sanity_test_classes.TC039_Rec_JobSettingsPage -->
      <class name="bajajautopreprod.sniperai.com_Sanity_test_classes.TC020_Login_RecruiterModule">
        <test-method is-config="true" signature="SetUp()[pri:0, instance:bajajautopreprod.sniperai.com_Sanity_test_classes.TC020_Login_RecruiterModule@26d9b808]" started-at="2024-11-18T16:59:28 IST" name="SetUp" finished-at="2024-11-18T16:59:42 IST" duration-ms="14013" status="PASS">
          <reporter-output>
          </reporter-output>
        </test-method> <!-- SetUp -->
        <test-method signature="RecruiterLogin()[pri:0, instance:bajajautopreprod.sniperai.com_Sanity_test_classes.TC020_Login_RecruiterModule@26d9b808]" started-at="2024-11-18T16:59:42 IST" name="RecruiterLogin" finished-at="2024-11-18T16:59:44 IST" duration-ms="2011" status="PASS">
          <reporter-output>
          </reporter-output>
        </test-method> <!-- RecruiterLogin -->
        <test-method is-config="true" signature="teardown(org.testng.ITestResult)[pri:0, instance:bajajautopreprod.sniperai.com_Sanity_test_classes.TC020_Login_RecruiterModule@26d9b808]" started-at="2024-11-18T16:59:44 IST" name="teardown" finished-at="2024-11-18T16:59:48 IST" duration-ms="3826" status="PASS">
          <params>
            <param index="0">
              <value>
                <![CDATA[[TestResult name=RecruiterLogin status=SUCCESS method=TC020_Login_RecruiterModule.RecruiterLogin()[pri:0, instance:bajajautopreprod.sniperai.com_Sanity_test_classes.TC020_Login_RecruiterModule@26d9b808] output={null}]]]>
              </value>
            </param>
          </params>
          <reporter-output>
          </reporter-output>
        </test-method> <!-- teardown -->
      </class> <!-- bajajautopreprod.sniperai.com_Sanity_test_classes.TC020_Login_RecruiterModule -->
      <class name="bajajautopreprod.sniperai.com_Sanity_test_classes.TC022_Rec_UserCreationPage">
        <test-method is-config="true" signature="SetUp()[pri:0, instance:bajajautopreprod.sniperai.com_Sanity_test_classes.TC022_Rec_UserCreationPage@644baf4a]" started-at="2024-11-18T17:00:29 IST" name="SetUp" finished-at="2024-11-18T17:00:36 IST" duration-ms="6723" status="PASS">
          <reporter-output>
          </reporter-output>
        </test-method> <!-- SetUp -->
        <test-method signature="OpenUserCreationPage()[pri:0, instance:bajajautopreprod.sniperai.com_Sanity_test_classes.TC022_Rec_UserCreationPage@644baf4a]" started-at="2024-11-18T17:00:36 IST" name="OpenUserCreationPage" finished-at="2024-11-18T17:00:50 IST" duration-ms="14227" status="PASS">
          <reporter-output>
          </reporter-output>
        </test-method> <!-- OpenUserCreationPage -->
        <test-method is-config="true" signature="teardown(org.testng.ITestResult)[pri:0, instance:bajajautopreprod.sniperai.com_Sanity_test_classes.TC022_Rec_UserCreationPage@644baf4a]" started-at="2024-11-18T17:00:50 IST" name="teardown" finished-at="2024-11-18T17:00:54 IST" duration-ms="3597" status="PASS">
          <params>
            <param index="0">
              <value>
                <![CDATA[[TestResult name=OpenUserCreationPage status=SUCCESS method=TC022_Rec_UserCreationPage.OpenUserCreationPage()[pri:0, instance:bajajautopreprod.sniperai.com_Sanity_test_classes.TC022_Rec_UserCreationPage@644baf4a] output={null}]]]>
              </value>
            </param>
          </params>
          <reporter-output>
          </reporter-output>
        </test-method> <!-- teardown -->
      </class> <!-- bajajautopreprod.sniperai.com_Sanity_test_classes.TC022_Rec_UserCreationPage -->
      <class name="bajajautopreprod.sniperai.com_Sanity_test_classes.TC042_Rec_ScoreReprePage">
        <test-method is-config="true" signature="SetUp()[pri:0, instance:bajajautopreprod.sniperai.com_Sanity_test_classes.TC042_Rec_ScoreReprePage@6e6f2380]" started-at="2024-11-18T17:02:52 IST" name="SetUp" finished-at="2024-11-18T17:03:02 IST" duration-ms="10824" status="PASS">
          <reporter-output>
          </reporter-output>
        </test-method> <!-- SetUp -->
        <test-method signature="ScoreRepreConfig()[pri:0, instance:bajajautopreprod.sniperai.com_Sanity_test_classes.TC042_Rec_ScoreReprePage@6e6f2380]" started-at="2024-11-18T17:03:02 IST" name="ScoreRepreConfig" finished-at="2024-11-18T17:03:13 IST" duration-ms="10769" status="PASS">
          <reporter-output>
          </reporter-output>
        </test-method> <!-- ScoreRepreConfig -->
        <test-method is-config="true" signature="teardown(org.testng.ITestResult)[pri:0, instance:bajajautopreprod.sniperai.com_Sanity_test_classes.TC042_Rec_ScoreReprePage@6e6f2380]" started-at="2024-11-18T17:03:13 IST" name="teardown" finished-at="2024-11-18T17:03:33 IST" duration-ms="19559" status="PASS">
          <params>
            <param index="0">
              <value>
                <![CDATA[[TestResult name=ScoreRepreConfig status=SUCCESS method=TC042_Rec_ScoreReprePage.ScoreRepreConfig()[pri:0, instance:bajajautopreprod.sniperai.com_Sanity_test_classes.TC042_Rec_ScoreReprePage@6e6f2380] output={null}]]]>
              </value>
            </param>
          </params>
          <reporter-output>
          </reporter-output>
        </test-method> <!-- teardown -->
      </class> <!-- bajajautopreprod.sniperai.com_Sanity_test_classes.TC042_Rec_ScoreReprePage -->
      <class name="bajajautopreprod.sniperai.com_Sanity_test_classes.TC029_Rec_RawReport_Dowload">
        <test-method is-config="true" signature="SetUp()[pri:0, instance:bajajautopreprod.sniperai.com_Sanity_test_classes.TC029_Rec_RawReport_Dowload@1ed4ae0f]" started-at="2024-11-18T17:01:14 IST" name="SetUp" finished-at="2024-11-18T17:01:21 IST" duration-ms="6900" status="PASS">
          <reporter-output>
          </reporter-output>
        </test-method> <!-- SetUp -->
        <test-method signature="DownloadRawReport()[pri:0, instance:bajajautopreprod.sniperai.com_Sanity_test_classes.TC029_Rec_RawReport_Dowload@1ed4ae0f]" started-at="2024-11-18T17:01:21 IST" name="DownloadRawReport" finished-at="2024-11-18T17:01:34 IST" duration-ms="12941" status="PASS">
          <reporter-output>
          </reporter-output>
        </test-method> <!-- DownloadRawReport -->
        <test-method is-config="true" signature="teardown(org.testng.ITestResult)[pri:0, instance:bajajautopreprod.sniperai.com_Sanity_test_classes.TC029_Rec_RawReport_Dowload@1ed4ae0f]" started-at="2024-11-18T17:01:34 IST" name="teardown" finished-at="2024-11-18T17:01:39 IST" duration-ms="4886" status="PASS">
          <params>
            <param index="0">
              <value>
                <![CDATA[[TestResult name=DownloadRawReport status=SUCCESS method=TC029_Rec_RawReport_Dowload.DownloadRawReport()[pri:0, instance:bajajautopreprod.sniperai.com_Sanity_test_classes.TC029_Rec_RawReport_Dowload@1ed4ae0f] output={null}]]]>
              </value>
            </param>
          </params>
          <reporter-output>
          </reporter-output>
        </test-method> <!-- teardown -->
      </class> <!-- bajajautopreprod.sniperai.com_Sanity_test_classes.TC029_Rec_RawReport_Dowload -->
    </test> <!-- Test -->
  </suite> <!-- Suite -->
</testng-results>
