<?xml version="1.0" encoding="UTF-8"?>
<!-- Generated by org.testng.reporters.JUnitReportReporter -->
<testsuite hostname="DESKTOP-0G0FBLN" failures="0" tests="1" name="aldaajanpoc.sniperai.com_Sanity_test_classes.TC051_RsplusCandidates" time="23.252" errors="0" timestamp="2024-10-07T20:24:16 IST" skipped="0">
  <testcase classname="aldaajanpoc.sniperai.com_Sanity_test_classes.TC051_RsplusCandidates" name="RSplusCadidates" time="23.252"/>
  <system-out/>
</testsuite> <!-- aldaajanpoc.sniperai.com_Sanity_test_classes.TC051_RsplusCandidates -->
