<?xml version="1.0" encoding="UTF-8"?>
<!-- Generated by org.testng.reporters.JUnitReportReporter -->
<testsuite hostname="DESKTOP-0G0FBLN" failures="0" tests="1" name="aldaajanpoc.sniperai.com_Sanity_test_classes.TC056_CadidatesPageActios" time="131.303" errors="0" timestamp="2024-10-07T20:24:16 IST" skipped="0">
  <testcase classname="aldaajanpoc.sniperai.com_Sanity_test_classes.TC056_CadidatesPageActios" name="CandidatesPageActions" time="131.303"/>
  <system-out/>
</testsuite> <!-- aldaajanpoc.sniperai.com_Sanity_test_classes.TC056_CadidatesPageActios -->
