<?xml version="1.0" encoding="UTF-8"?>
<!-- Generated by org.testng.reporters.JUnitReportReporter -->
<testsuite hostname="DESKTOP-0G0FBLN" failures="0" tests="1" name="ixceedpreprod.sniperai.com_Sanity_test_classes.TC055_Rec_CandidatesPage" time="39.220" errors="0" timestamp="2024-09-11T00:48:53 IST" skipped="0">
  <testcase classname="ixceedpreprod.sniperai.com_Sanity_test_classes.TC055_Rec_CandidatesPage" name="CandidatesPage" time="39.220"/>
  <system-out/>
</testsuite> <!-- ixceedpreprod.sniperai.com_Sanity_test_classes.TC055_Rec_CandidatesPage -->
