<?xml version="1.0" encoding="UTF-8"?>
<!-- Generated by org.testng.reporters.JUnitReportReporter -->
<testsuite hostname="DESKTOP-0G0FBLN" failures="0" tests="1" name="globallogicDev.sniperai.com_Sanity_test_classes.TC020_Login_RecruiterModule" time="33.015" errors="0" timestamp="2024-09-20T00:57:41 IST" skipped="0">
  <testcase classname="globallogicDev.sniperai.com_Sanity_test_classes.TC020_Login_RecruiterModule" name="RecruiterLogin" time="33.015"/>
  <system-out/>
</testsuite> <!-- globallogicDev.sniperai.com_Sanity_test_classes.TC020_Login_RecruiterModule -->
