<?xml version="1.0" encoding="UTF-8"?>
<!-- Generated by org.testng.reporters.JUnitReportReporter -->
<testsuite hostname="DESKTOP-0G0FBLN" failures="0" tests="1" name="globallogicDev.sniperai.com_Sanity_test_classes.TC029_Rec_RawReport_Dowload" time="36.807" errors="0" timestamp="2024-09-19T17:52:33 IST" skipped="0">
  <testcase classname="globallogicDev.sniperai.com_Sanity_test_classes.TC029_Rec_RawReport_Dowload" name="DownloadRawReport" time="36.807"/>
  <system-out/>
</testsuite> <!-- globallogicDev.sniperai.com_Sanity_test_classes.TC029_Rec_RawReport_Dowload -->
