<?xml version="1.0" encoding="UTF-8"?>
<!-- Generated by org.testng.reporters.JUnitReportReporter -->
<testsuite hostname="DESKTOP-0G0FBLN" failures="0" tests="1" name="globallogicDev.sniperai.com_Sanity_test_classes.TC037_Rec_SettingsPage" time="20.803" errors="0" timestamp="2024-09-19T17:52:33 IST" skipped="0">
  <testcase classname="globallogicDev.sniperai.com_Sanity_test_classes.TC037_Rec_SettingsPage" name="SettingsPage" time="20.803"/>
  <system-out/>
</testsuite> <!-- globallogicDev.sniperai.com_Sanity_test_classes.TC037_Rec_SettingsPage -->
