<?xml version="1.0" encoding="UTF-8"?>
<!-- Generated by org.testng.reporters.JUnitReportReporter -->
<testsuite hostname="RS0070" failures="1" tests="3" name="runner.MyRunner" time="58.654" errors="0" timestamp="2026-02-01T17:58:19 IST" skipped="0">
  <testcase classname="runner.MyRunner" name="runScenario" time="16.819"/>
  <testcase classname="runner.MyRunner" name="runScenario" time="24.140">
    <failure message="Passed expected [My Account] but found [Account Login]" type="java.lang.AssertionError">
      <![CDATA[java.lang.AssertionError: Passed expected [My Account] but found [Account Login]
at org.testng.Assert.fail(Assert.java:111)
at org.testng.Assert.failNotEquals(Assert.java:1578)
at org.testng.Assert.assertEqualsImpl(Assert.java:150)
at org.testng.Assert.assertEquals(Assert.java:132)
at org.testng.Assert.assertEquals(Assert.java:656)
at stepDefinations.LoginFunctionality.then_user_get_dashboard_page_title(LoginFunctionality.java:73)
at âœ½.then user get Dashboard page title "My Account"(file:///C:/Users/ADMIN/eclipse-workspace/Stad_CucumberPOM_Practice/src/test/resources/features/01_loginFunctionality.feature:15)
]]>
    </failure>
  </testcase> <!-- runScenario -->
  <testcase classname="runner.MyRunner" name="runScenario" time="17.695"/>
</testsuite> <!-- runner.MyRunner -->
