<?xml version="1.0" encoding="UTF-8"?>
<testng-results ignored="0" total="10" passed="9" failed="1" skipped="0">
  <reporter-output>
  </reporter-output>
  <suite started-at="2025-02-20T07:42:45 IST" name="Suite" finished-at="2025-02-20T07:47:57 IST" duration-ms="312327">
    <groups>
    </groups>
    <test started-at="2025-02-20T07:42:45 IST" name="Test" finished-at="2025-02-20T07:47:57 IST" duration-ms="312327">
      <class name="poc.sniperai.com_Sanity_test_classes.TC042_Rec_ScoreReprePage">
        <test-method is-config="true" signature="SetUp()[pri:0, instance:poc.sniperai.com_Sanity_test_classes.TC042_Rec_ScoreReprePage@f78a47e]" started-at="2025-02-20T07:45:53 IST" name="SetUp" finished-at="2025-02-20T07:46:06 IST" duration-ms="12806" status="PASS">
          <reporter-output>
          </reporter-output>
        </test-method> <!-- SetUp -->
        <test-method signature="ScoreRepreConfig()[pri:0, instance:poc.sniperai.com_Sanity_test_classes.TC042_Rec_ScoreReprePage@f78a47e]" started-at="2025-02-20T07:46:06 IST" name="ScoreRepreConfig" finished-at="2025-02-20T07:46:15 IST" duration-ms="8881" status="PASS">
          <reporter-output>
          </reporter-output>
        </test-method> <!-- ScoreRepreConfig -->
        <test-method is-config="true" signature="teardown(org.testng.ITestResult)[pri:0, instance:poc.sniperai.com_Sanity_test_classes.TC042_Rec_ScoreReprePage@f78a47e]" started-at="2025-02-20T07:46:15 IST" name="teardown" finished-at="2025-02-20T07:46:16 IST" duration-ms="1803" status="PASS">
          <params>
            <param index="0">
              <value>
                <![CDATA[[TestResult name=ScoreRepreConfig status=SUCCESS method=TC042_Rec_ScoreReprePage.ScoreRepreConfig()[pri:0, instance:poc.sniperai.com_Sanity_test_classes.TC042_Rec_ScoreReprePage@f78a47e] output={null}]]]>
              </value>
            </param>
          </params>
          <reporter-output>
          </reporter-output>
        </test-method> <!-- teardown -->
      </class> <!-- poc.sniperai.com_Sanity_test_classes.TC042_Rec_ScoreReprePage -->
      <class name="poc.sniperai.com_Sanity_test_classes.TC043_Rec_VideoInterviewConfig">
        <test-method is-config="true" signature="SetUp()[pri:0, instance:poc.sniperai.com_Sanity_test_classes.TC043_Rec_VideoInterviewConfig@1ed4ae0f]" started-at="2025-02-20T07:46:16 IST" name="SetUp" finished-at="2025-02-20T07:46:29 IST" duration-ms="12454" status="PASS">
          <reporter-output>
          </reporter-output>
        </test-method> <!-- SetUp -->
        <test-method signature="VideoInterviewConfig()[pri:0, instance:poc.sniperai.com_Sanity_test_classes.TC043_Rec_VideoInterviewConfig@1ed4ae0f]" started-at="2025-02-20T07:46:29 IST" name="VideoInterviewConfig" finished-at="2025-02-20T07:46:40 IST" duration-ms="10701" status="PASS">
          <reporter-output>
          </reporter-output>
        </test-method> <!-- VideoInterviewConfig -->
        <test-method is-config="true" signature="teardown(org.testng.ITestResult)[pri:0, instance:poc.sniperai.com_Sanity_test_classes.TC043_Rec_VideoInterviewConfig@1ed4ae0f]" started-at="2025-02-20T07:46:40 IST" name="teardown" finished-at="2025-02-20T07:46:42 IST" duration-ms="1980" status="PASS">
          <params>
            <param index="0">
              <value>
                <![CDATA[[TestResult name=VideoInterviewConfig status=SUCCESS method=TC043_Rec_VideoInterviewConfig.VideoInterviewConfig()[pri:0, instance:poc.sniperai.com_Sanity_test_classes.TC043_Rec_VideoInterviewConfig@1ed4ae0f] output={null}]]]>
              </value>
            </param>
          </params>
          <reporter-output>
          </reporter-output>
        </test-method> <!-- teardown -->
      </class> <!-- poc.sniperai.com_Sanity_test_classes.TC043_Rec_VideoInterviewConfig -->
      <class name="poc.sniperai.com_Sanity_test_classes.TC021_JobListPage_Actions">
        <test-method is-config="true" signature="SetUp()[pri:0, instance:poc.sniperai.com_Sanity_test_classes.TC021_JobListPage_Actions@46cdf8bd]" started-at="2025-02-20T07:43:55 IST" name="SetUp" finished-at="2025-02-20T07:44:12 IST" duration-ms="16469" status="PASS">
          <reporter-output>
          </reporter-output>
        </test-method> <!-- SetUp -->
        <test-method signature="JobListPageActions_Rec()[pri:0, instance:poc.sniperai.com_Sanity_test_classes.TC021_JobListPage_Actions@46cdf8bd]" started-at="2025-02-20T07:44:12 IST" name="JobListPageActions_Rec" finished-at="2025-02-20T07:44:26 IST" duration-ms="14515" status="PASS">
          <reporter-output>
          </reporter-output>
        </test-method> <!-- JobListPageActions_Rec -->
        <test-method is-config="true" signature="teardown(org.testng.ITestResult)[pri:0, instance:poc.sniperai.com_Sanity_test_classes.TC021_JobListPage_Actions@46cdf8bd]" started-at="2025-02-20T07:44:26 IST" name="teardown" finished-at="2025-02-20T07:44:28 IST" duration-ms="1952" status="PASS">
          <params>
            <param index="0">
              <value>
                <![CDATA[[TestResult name=JobListPageActions_Rec status=SUCCESS method=TC021_JobListPage_Actions.JobListPageActions_Rec()[pri:0, instance:poc.sniperai.com_Sanity_test_classes.TC021_JobListPage_Actions@46cdf8bd] output={null}]]]>
              </value>
            </param>
          </params>
          <reporter-output>
          </reporter-output>
        </test-method> <!-- teardown -->
      </class> <!-- poc.sniperai.com_Sanity_test_classes.TC021_JobListPage_Actions -->
      <class name="poc.sniperai.com_Sanity_test_classes.TC056_CadidatesPageActios">
        <test-method is-config="true" signature="SetUp()[pri:0, instance:poc.sniperai.com_Sanity_test_classes.TC056_CadidatesPageActios@6d4d66d2]" started-at="2025-02-20T07:47:16 IST" name="SetUp" finished-at="2025-02-20T07:47:29 IST" duration-ms="13031" status="PASS">
          <reporter-output>
          </reporter-output>
        </test-method> <!-- SetUp -->
        <test-method signature="CandidatesPageActions()[pri:0, instance:poc.sniperai.com_Sanity_test_classes.TC056_CadidatesPageActios@6d4d66d2]" started-at="2025-02-20T07:47:29 IST" name="CandidatesPageActions" finished-at="2025-02-20T07:47:55 IST" duration-ms="25567" status="FAIL">
          <exception class="org.openqa.selenium.NoSuchElementException">
            <message>
              <![CDATA[no such element: Unable to locate element: {"method":"xpath","selector":"(//i [@class='fa fa-fw fa-sort sorting-arrow '])[1]"}
  (Session info: chrome=131.0.6778.265)
For documentation on this error, please visit: https://www.selenium.dev/documentation/webdriver/troubleshooting/errors#no-such-element-exception
Build info: version: '4.25.0', revision: '030fcf7918'
System info: os.name: 'Windows 10', os.arch: 'amd64', os.version: '10.0', java.version: '11.0.23'
Driver info: org.openqa.selenium.chrome.ChromeDriver
Command: [210afbf3fee272138ee6cfe2774e300e, findElement {using=xpath, value=(//i [@class='fa fa-fw fa-sort sorting-arrow '])[1]}]
Capabilities {acceptInsecureCerts: false, browserName: chrome, browserVersion: 131.0.6778.265, chrome: {chromedriverVersion: 131.0.6778.204 (52183f9e99a..., userDataDir: C:\Users\Shubz008\AppData\L...}, fedcm:accounts: true, goog:chromeOptions: {debuggerAddress: localhost:58405}, networkConnectionEnabled: false, pageLoadStrategy: normal, platformName: windows, proxy: Proxy(), se:cdp: ws://localhost:58405/devtoo..., se:cdpVersion: 131.0.6778.265, setWindowRect: true, strictFileInteractability: false, timeouts: {implicit: 0, pageLoad: 300000, script: 30000}, unhandledPromptBehavior: dismiss and notify, webauthn:extension:credBlob: true, webauthn:extension:largeBlob: true, webauthn:extension:minPinLength: true, webauthn:extension:prf: true, webauthn:virtualAuthenticators: true}
Session ID: 210afbf3fee272138ee6cfe2774e300e]]>
            </message>
            <full-stacktrace>
              <![CDATA[org.openqa.selenium.NoSuchElementException: no such element: Unable to locate element: {"method":"xpath","selector":"(//i [@class='fa fa-fw fa-sort sorting-arrow '])[1]"}
  (Session info: chrome=131.0.6778.265)
For documentation on this error, please visit: https://www.selenium.dev/documentation/webdriver/troubleshooting/errors#no-such-element-exception
Build info: version: '4.25.0', revision: '030fcf7918'
System info: os.name: 'Windows 10', os.arch: 'amd64', os.version: '10.0', java.version: '11.0.23'
Driver info: org.openqa.selenium.chrome.ChromeDriver
Command: [210afbf3fee272138ee6cfe2774e300e, findElement {using=xpath, value=(//i [@class='fa fa-fw fa-sort sorting-arrow '])[1]}]
Capabilities {acceptInsecureCerts: false, browserName: chrome, browserVersion: 131.0.6778.265, chrome: {chromedriverVersion: 131.0.6778.204 (52183f9e99a..., userDataDir: C:\Users\Shubz008\AppData\L...}, fedcm:accounts: true, goog:chromeOptions: {debuggerAddress: localhost:58405}, networkConnectionEnabled: false, pageLoadStrategy: normal, platformName: windows, proxy: Proxy(), se:cdp: ws://localhost:58405/devtoo..., se:cdpVersion: 131.0.6778.265, setWindowRect: true, strictFileInteractability: false, timeouts: {implicit: 0, pageLoad: 300000, script: 30000}, unhandledPromptBehavior: dismiss and notify, webauthn:extension:credBlob: true, webauthn:extension:largeBlob: true, webauthn:extension:minPinLength: true, webauthn:extension:prf: true, webauthn:virtualAuthenticators: true}
Session ID: 210afbf3fee272138ee6cfe2774e300e
at java.base/jdk.internal.reflect.NativeConstructorAccessorImpl.newInstance0(Native Method)
at java.base/jdk.internal.reflect.NativeConstructorAccessorImpl.newInstance(NativeConstructorAccessorImpl.java:62)
at java.base/jdk.internal.reflect.DelegatingConstructorAccessorImpl.newInstance(DelegatingConstructorAccessorImpl.java:45)
at java.base/java.lang.reflect.Constructor.newInstance(Constructor.java:490)
at org.openqa.selenium.remote.ErrorCodec.decode(ErrorCodec.java:167)
at org.openqa.selenium.remote.codec.w3c.W3CHttpResponseCodec.decode(W3CHttpResponseCodec.java:138)
at org.openqa.selenium.remote.codec.w3c.W3CHttpResponseCodec.decode(W3CHttpResponseCodec.java:50)
at org.openqa.selenium.remote.HttpCommandExecutor.execute(HttpCommandExecutor.java:190)
at org.openqa.selenium.remote.service.DriverCommandExecutor.invokeExecute(DriverCommandExecutor.java:216)
at org.openqa.selenium.remote.service.DriverCommandExecutor.execute(DriverCommandExecutor.java:174)
at org.openqa.selenium.remote.RemoteWebDriver.execute(RemoteWebDriver.java:545)
at org.openqa.selenium.remote.ElementLocation$ElementFinder$2.findElement(ElementLocation.java:165)
at org.openqa.selenium.remote.ElementLocation.findElement(ElementLocation.java:59)
at org.openqa.selenium.remote.RemoteWebDriver.findElement(RemoteWebDriver.java:368)
at org.openqa.selenium.remote.RemoteWebDriver.findElement(RemoteWebDriver.java:362)
at org.openqa.selenium.support.pagefactory.DefaultElementLocator.findElement(DefaultElementLocator.java:68)
at org.openqa.selenium.support.pagefactory.internal.LocatingElementHandler.invoke(LocatingElementHandler.java:38)
at com.sun.proxy.$Proxy13.click(Unknown Source)
at poc_RecMod_POM_classes.Rec_CandidatesPage_POM_Class.NameSortingFilter(Rec_CandidatesPage_POM_Class.java:349)
at poc.sniperai.com_Sanity_test_classes.TC056_CadidatesPageActios.CandidatesPageActions(TC056_CadidatesPageActios.java:64)
at java.base/jdk.internal.reflect.NativeMethodAccessorImpl.invoke0(Native Method)
at java.base/jdk.internal.reflect.NativeMethodAccessorImpl.invoke(NativeMethodAccessorImpl.java:62)
at java.base/jdk.internal.reflect.DelegatingMethodAccessorImpl.invoke(DelegatingMethodAccessorImpl.java:43)
at java.base/java.lang.reflect.Method.invoke(Method.java:566)
at org.testng.internal.MethodInvocationHelper.invokeMethod(MethodInvocationHelper.java:133)
at org.testng.internal.TestInvoker.invokeMethod(TestInvoker.java:598)
at org.testng.internal.TestInvoker.invokeTestMethod(TestInvoker.java:173)
at org.testng.internal.MethodRunner.runInSequence(MethodRunner.java:46)
at org.testng.internal.TestInvoker$MethodInvocationAgent.invoke(TestInvoker.java:824)
at org.testng.internal.TestInvoker.invokeTestMethods(TestInvoker.java:146)
at org.testng.internal.TestMethodWorker.invokeTestMethods(TestMethodWorker.java:146)
at org.testng.internal.TestMethodWorker.run(TestMethodWorker.java:128)
at java.base/java.util.ArrayList.forEach(ArrayList.java:1541)
at org.testng.TestRunner.privateRun(TestRunner.java:794)
at org.testng.TestRunner.run(TestRunner.java:596)
at org.testng.SuiteRunner.runTest(SuiteRunner.java:377)
at org.testng.SuiteRunner.runSequentially(SuiteRunner.java:371)
at org.testng.SuiteRunner.privateRun(SuiteRunner.java:332)
at org.testng.SuiteRunner.run(SuiteRunner.java:276)
at org.testng.SuiteRunnerWorker.runSuite(SuiteRunnerWorker.java:53)
at org.testng.SuiteRunnerWorker.run(SuiteRunnerWorker.java:96)
at org.testng.TestNG.runSuitesSequentially(TestNG.java:1212)
at org.testng.TestNG.runSuitesLocally(TestNG.java:1134)
at org.testng.TestNG.runSuites(TestNG.java:1063)
at org.testng.TestNG.run(TestNG.java:1031)
at org.testng.remote.AbstractRemoteTestNG.run(AbstractRemoteTestNG.java:115)
at org.testng.remote.RemoteTestNG.initAndRun(RemoteTestNG.java:293)
at org.testng.remote.RemoteTestNG.main(RemoteTestNG.java:91)
]]>
            </full-stacktrace>
          </exception> <!-- org.openqa.selenium.NoSuchElementException -->
          <reporter-output>
          </reporter-output>
        </test-method> <!-- CandidatesPageActions -->
        <test-method is-config="true" signature="teardown(org.testng.ITestResult)[pri:0, instance:poc.sniperai.com_Sanity_test_classes.TC056_CadidatesPageActios@6d4d66d2]" started-at="2025-02-20T07:47:55 IST" name="teardown" finished-at="2025-02-20T07:47:57 IST" duration-ms="2647" status="PASS">
          <params>
            <param index="0">
              <value>
                <![CDATA[[TestResult name=CandidatesPageActions status=FAILURE method=TC056_CadidatesPageActios.CandidatesPageActions()[pri:0, instance:poc.sniperai.com_Sanity_test_classes.TC056_CadidatesPageActios@6d4d66d2] output={null}]]]>
              </value>
            </param>
          </params>
          <reporter-output>
          </reporter-output>
        </test-method> <!-- teardown -->
      </class> <!-- poc.sniperai.com_Sanity_test_classes.TC056_CadidatesPageActios -->
      <class name="poc.sniperai.com_Sanity_test_classes.TC029_Rec_RawReport_Dowload">
        <test-method is-config="true" signature="SetUp()[pri:0, instance:poc.sniperai.com_Sanity_test_classes.TC029_Rec_RawReport_Dowload@740cae06]" started-at="2025-02-20T07:45:01 IST" name="SetUp" finished-at="2025-02-20T07:45:11 IST" duration-ms="10481" status="PASS">
          <reporter-output>
          </reporter-output>
        </test-method> <!-- SetUp -->
        <test-method signature="DownloadRawReport()[pri:0, instance:poc.sniperai.com_Sanity_test_classes.TC029_Rec_RawReport_Dowload@740cae06]" started-at="2025-02-20T07:45:11 IST" name="DownloadRawReport" finished-at="2025-02-20T07:45:25 IST" duration-ms="13929" status="PASS">
          <reporter-output>
          </reporter-output>
        </test-method> <!-- DownloadRawReport -->
        <test-method is-config="true" signature="teardown(org.testng.ITestResult)[pri:0, instance:poc.sniperai.com_Sanity_test_classes.TC029_Rec_RawReport_Dowload@740cae06]" started-at="2025-02-20T07:45:25 IST" name="teardown" finished-at="2025-02-20T07:45:27 IST" duration-ms="2142" status="PASS">
          <params>
            <param index="0">
              <value>
                <![CDATA[[TestResult name=DownloadRawReport status=SUCCESS method=TC029_Rec_RawReport_Dowload.DownloadRawReport()[pri:0, instance:poc.sniperai.com_Sanity_test_classes.TC029_Rec_RawReport_Dowload@740cae06] output={null}]]]>
              </value>
            </param>
          </params>
          <reporter-output>
          </reporter-output>
        </test-method> <!-- teardown -->
      </class> <!-- poc.sniperai.com_Sanity_test_classes.TC029_Rec_RawReport_Dowload -->
      <class name="poc.sniperai.com_Sanity_test_classes.TC001Open_Terms_Page">
        <test-method is-config="true" signature="SetUp()[pri:0, instance:poc.sniperai.com_Sanity_test_classes.TC001Open_Terms_Page@b9b00e0]" started-at="2025-02-20T07:42:45 IST" name="SetUp" finished-at="2025-02-20T07:42:53 IST" duration-ms="8084" status="PASS">
          <reporter-output>
          </reporter-output>
        </test-method> <!-- SetUp -->
        <test-method signature="TermsPage()[pri:0, instance:poc.sniperai.com_Sanity_test_classes.TC001Open_Terms_Page@b9b00e0]" started-at="2025-02-20T07:42:53 IST" name="TermsPage" finished-at="2025-02-20T07:43:25 IST" duration-ms="31390" status="PASS">
          <reporter-output>
          </reporter-output>
        </test-method> <!-- TermsPage -->
        <test-method is-config="true" signature="teardown(org.testng.ITestResult)[pri:0, instance:poc.sniperai.com_Sanity_test_classes.TC001Open_Terms_Page@b9b00e0]" started-at="2025-02-20T07:43:25 IST" name="teardown" finished-at="2025-02-20T07:43:27 IST" duration-ms="2522" status="PASS">
          <params>
            <param index="0">
              <value>
                <![CDATA[[TestResult name=TermsPage status=SUCCESS method=TC001Open_Terms_Page.TermsPage()[pri:0, instance:poc.sniperai.com_Sanity_test_classes.TC001Open_Terms_Page@b9b00e0] output={null}]]]>
              </value>
            </param>
          </params>
          <reporter-output>
          </reporter-output>
        </test-method> <!-- teardown -->
      </class> <!-- poc.sniperai.com_Sanity_test_classes.TC001Open_Terms_Page -->
      <class name="poc.sniperai.com_Sanity_test_classes.TC022_Rec_UserCreationPage">
        <test-method is-config="true" signature="SetUp()[pri:0, instance:poc.sniperai.com_Sanity_test_classes.TC022_Rec_UserCreationPage@f0c8a99]" started-at="2025-02-20T07:44:28 IST" name="SetUp" finished-at="2025-02-20T07:44:39 IST" duration-ms="10379" status="PASS">
          <reporter-output>
          </reporter-output>
        </test-method> <!-- SetUp -->
        <test-method signature="OpenUserCreationPage()[pri:0, instance:poc.sniperai.com_Sanity_test_classes.TC022_Rec_UserCreationPage@f0c8a99]" started-at="2025-02-20T07:44:39 IST" name="OpenUserCreationPage" finished-at="2025-02-20T07:44:58 IST" duration-ms="19653" status="PASS">
          <reporter-output>
          </reporter-output>
        </test-method> <!-- OpenUserCreationPage -->
        <test-method is-config="true" signature="teardown(org.testng.ITestResult)[pri:0, instance:poc.sniperai.com_Sanity_test_classes.TC022_Rec_UserCreationPage@f0c8a99]" started-at="2025-02-20T07:44:58 IST" name="teardown" finished-at="2025-02-20T07:45:01 IST" duration-ms="2191" status="PASS">
          <params>
            <param index="0">
              <value>
                <![CDATA[[TestResult name=OpenUserCreationPage status=SUCCESS method=TC022_Rec_UserCreationPage.OpenUserCreationPage()[pri:0, instance:poc.sniperai.com_Sanity_test_classes.TC022_Rec_UserCreationPage@f0c8a99] output={null}]]]>
              </value>
            </param>
          </params>
          <reporter-output>
          </reporter-output>
        </test-method> <!-- teardown -->
      </class> <!-- poc.sniperai.com_Sanity_test_classes.TC022_Rec_UserCreationPage -->
      <class name="poc.sniperai.com_Sanity_test_classes.TC037_Rec_SettingsPage">
        <test-method is-config="true" signature="SetUp()[pri:0, instance:poc.sniperai.com_Sanity_test_classes.TC037_Rec_SettingsPage@26d9b808]" started-at="2025-02-20T07:45:27 IST" name="SetUp" finished-at="2025-02-20T07:45:40 IST" duration-ms="12482" status="PASS">
          <reporter-output>
          </reporter-output>
        </test-method> <!-- SetUp -->
        <test-method signature="SettingsPage()[pri:0, instance:poc.sniperai.com_Sanity_test_classes.TC037_Rec_SettingsPage@26d9b808]" started-at="2025-02-20T07:45:40 IST" name="SettingsPage" finished-at="2025-02-20T07:45:51 IST" duration-ms="11202" status="PASS">
          <reporter-output>
          </reporter-output>
        </test-method> <!-- SettingsPage -->
        <test-method is-config="true" signature="teardown(org.testng.ITestResult)[pri:0, instance:poc.sniperai.com_Sanity_test_classes.TC037_Rec_SettingsPage@26d9b808]" started-at="2025-02-20T07:45:51 IST" name="teardown" finished-at="2025-02-20T07:45:53 IST" duration-ms="2148" status="PASS">
          <params>
            <param index="0">
              <value>
                <![CDATA[[TestResult name=SettingsPage status=SUCCESS method=TC037_Rec_SettingsPage.SettingsPage()[pri:0, instance:poc.sniperai.com_Sanity_test_classes.TC037_Rec_SettingsPage@26d9b808] output={null}]]]>
              </value>
            </param>
          </params>
          <reporter-output>
          </reporter-output>
        </test-method> <!-- teardown -->
      </class> <!-- poc.sniperai.com_Sanity_test_classes.TC037_Rec_SettingsPage -->
      <class name="poc.sniperai.com_Sanity_test_classes.TC020_Login_RecruiterModule">
        <test-method is-config="true" signature="SetUp()[pri:0, instance:poc.sniperai.com_Sanity_test_classes.TC020_Login_RecruiterModule@2a7f1f10]" started-at="2025-02-20T07:43:27 IST" name="SetUp" finished-at="2025-02-20T07:43:43 IST" duration-ms="15421" status="PASS">
          <reporter-output>
          </reporter-output>
        </test-method> <!-- SetUp -->
        <test-method signature="RecruiterLogin()[pri:0, instance:poc.sniperai.com_Sanity_test_classes.TC020_Login_RecruiterModule@2a7f1f10]" started-at="2025-02-20T07:43:43 IST" name="RecruiterLogin" finished-at="2025-02-20T07:43:53 IST" duration-ms="10191" status="PASS">
          <reporter-output>
          </reporter-output>
        </test-method> <!-- RecruiterLogin -->
        <test-method is-config="true" signature="teardown(org.testng.ITestResult)[pri:0, instance:poc.sniperai.com_Sanity_test_classes.TC020_Login_RecruiterModule@2a7f1f10]" started-at="2025-02-20T07:43:53 IST" name="teardown" finished-at="2025-02-20T07:43:55 IST" duration-ms="2607" status="PASS">
          <params>
            <param index="0">
              <value>
                <![CDATA[[TestResult name=RecruiterLogin status=SUCCESS method=TC020_Login_RecruiterModule.RecruiterLogin()[pri:0, instance:poc.sniperai.com_Sanity_test_classes.TC020_Login_RecruiterModule@2a7f1f10] output={null}]]]>
              </value>
            </param>
          </params>
          <reporter-output>
          </reporter-output>
        </test-method> <!-- teardown -->
      </class> <!-- poc.sniperai.com_Sanity_test_classes.TC020_Login_RecruiterModule -->
      <class name="poc.sniperai.com_Sanity_test_classes.TC055_Rec_CandidatesPage">
        <test-method is-config="true" signature="SetUp()[pri:0, instance:poc.sniperai.com_Sanity_test_classes.TC055_Rec_CandidatesPage@54c5a2ff]" started-at="2025-02-20T07:46:42 IST" name="SetUp" finished-at="2025-02-20T07:46:55 IST" duration-ms="13792" status="PASS">
          <reporter-output>
          </reporter-output>
        </test-method> <!-- SetUp -->
        <test-method signature="CandidatesPage()[pri:0, instance:poc.sniperai.com_Sanity_test_classes.TC055_Rec_CandidatesPage@54c5a2ff]" started-at="2025-02-20T07:46:55 IST" name="CandidatesPage" finished-at="2025-02-20T07:47:14 IST" duration-ms="18797" status="PASS">
          <reporter-output>
          </reporter-output>
        </test-method> <!-- CandidatesPage -->
        <test-method is-config="true" signature="teardown(org.testng.ITestResult)[pri:0, instance:poc.sniperai.com_Sanity_test_classes.TC055_Rec_CandidatesPage@54c5a2ff]" started-at="2025-02-20T07:47:14 IST" name="teardown" finished-at="2025-02-20T07:47:16 IST" duration-ms="1854" status="PASS">
          <params>
            <param index="0">
              <value>
                <![CDATA[[TestResult name=CandidatesPage status=SUCCESS method=TC055_Rec_CandidatesPage.CandidatesPage()[pri:0, instance:poc.sniperai.com_Sanity_test_classes.TC055_Rec_CandidatesPage@54c5a2ff] output={null}]]]>
              </value>
            </param>
          </params>
          <reporter-output>
          </reporter-output>
        </test-method> <!-- teardown -->
      </class> <!-- poc.sniperai.com_Sanity_test_classes.TC055_Rec_CandidatesPage -->
    </test> <!-- Test -->
  </suite> <!-- Suite -->
</testng-results>
