<?xml version="1.0" encoding="UTF-8"?>
<!-- Generated by org.testng.reporters.JUnitXMLReporter -->
<testsuite ignored="0" hostname="RS0070" failures="2" tests="5" name="Test_listeners2" time="0.123" errors="0" timestamp="2026-01-10T18:42:50 IST">
  <testcase classname="day70_ListenersTestNG.TestClass_2" name="test1" time="0.016"/>
  <testcase classname="day70_ListenersTestNG.TestClass_2" name="test2" time="0.003">
    <failure type="java.lang.AssertionError" message="Intentional Failure">
      <![CDATA[java.lang.AssertionError: Intentional Failure
at day70_ListenersTestNG.TestClass_2.test2(TestClass_2.java:17)
at java.base/java.util.ArrayList.forEach(ArrayList.java:1596)
... Removed 26 stack frames]]>
    </failure>
  </testcase> <!-- test2 -->
  <testcase classname="day70_ListenersTestNG.TestClass_2" name="test3" time="0.001">
    <skipped/>
  </testcase> <!-- test3 -->
  <testcase classname="day70_ListenersTestNG.TestClass_2" name="test4" time="0.01"/>
  <testcase classname="day70_ListenersTestNG.TestClass_2" name="test4" time="0.003">
    <failure type="java.lang.AssertionError" message="expected [true] but found [false]">
      <![CDATA[java.lang.AssertionError: expected [true] but found [false]
at day70_ListenersTestNG.TestClass_2.test4(TestClass_2.java:29)
at java.base/java.util.ArrayList.forEach(ArrayList.java:1596)
... Removed 29 stack frames]]>
    </failure>
  </testcase> <!-- test4 -->
</testsuite> <!-- Test_listeners2 -->
