<?xml version="1.0" encoding="UTF-8"?>
<!-- Generated by org.testng.reporters.JUnitReportReporter -->
<testsuite hostname="DESKTOP-0G0FBLN" failures="0" tests="1" name="afg.sniperai.com_Sanity_test_classes.TC001Open_Terms_Page" time="13.865" errors="0" timestamp="2024-10-09T19:19:40 IST" skipped="0">
  <testcase classname="afg.sniperai.com_Sanity_test_classes.TC001Open_Terms_Page" name="TermsPage" time="13.865"/>
  <system-out/>
</testsuite> <!-- afg.sniperai.com_Sanity_test_classes.TC001Open_Terms_Page -->
