<?xml version="1.0" encoding="UTF-8"?>
<!-- Generated by org.testng.reporters.JUnitReportReporter -->
<testsuite hostname="DESKTOP-0G0FBLN" failures="0" tests="1" name="jc.sniperai.com_Sanity_test_classes.TC042_Rec_ScoreReprePage" time="28.468" errors="0" timestamp="2024-11-19T11:45:08 IST" skipped="0">
  <testcase classname="jc.sniperai.com_Sanity_test_classes.TC042_Rec_ScoreReprePage" name="ScoreRepreConfig" time="28.468"/>
  <system-out/>
</testsuite> <!-- jc.sniperai.com_Sanity_test_classes.TC042_Rec_ScoreReprePage -->
