<?xml version="1.0" encoding="UTF-8"?>
<!-- Generated by org.testng.reporters.JUnitReportReporter -->
<testsuite hostname="DESKTOP-0G0FBLN" failures="0" tests="1" name="afg.sniperai.com_Sanity_test_classes.TC020_Login_RecruiterModule" time="27.024" errors="0" timestamp="2024-10-09T19:19:40 IST" skipped="0">
  <testcase classname="afg.sniperai.com_Sanity_test_classes.TC020_Login_RecruiterModule" name="RecruiterLogin" time="27.024"/>
  <system-out/>
</testsuite> <!-- afg.sniperai.com_Sanity_test_classes.TC020_Login_RecruiterModule -->
