<?xml version="1.0" encoding="UTF-8"?>
<!-- Generated by org.testng.reporters.JUnitReportReporter -->
<testsuite hostname="DESKTOP-0G0FBLN" failures="0" tests="1" name="natwest.sniperai.com_Sanity_test_classes.TC056_CadidatesPageActios" time="24.378" errors="0" timestamp="2025-01-08T09:31:23 IST" skipped="0">
  <testcase classname="natwest.sniperai.com_Sanity_test_classes.TC056_CadidatesPageActios" name="CandidatesPageActions" time="24.378"/>
  <system-out/>
</testsuite> <!-- natwest.sniperai.com_Sanity_test_classes.TC056_CadidatesPageActios -->
