<?xml version="1.0" encoding="UTF-8"?>
<!-- Generated by org.testng.reporters.JUnitReportReporter -->
<testsuite hostname="DESKTOP-0G0FBLN" failures="0" tests="1" name="aldaajanpoc.sniperai.com_Sanity_test_classes.TC056_CadidatesPageActios" time="82.090" errors="0" timestamp="2024-11-19T11:45:08 IST" skipped="0">
  <testcase classname="aldaajanpoc.sniperai.com_Sanity_test_classes.TC056_CadidatesPageActios" name="CandidatesPageActions" time="82.090"/>
  <system-out/>
</testsuite> <!-- aldaajanpoc.sniperai.com_Sanity_test_classes.TC056_CadidatesPageActios -->
