<?xml version="1.0" encoding="UTF-8"?>
<!-- Generated by org.testng.reporters.JUnitReportReporter -->
<testsuite hostname="DESKTOP-0G0FBLN" failures="0" tests="1" name="clientpoc.sniperai.com_Sanity_test_classes.TC001Open_Terms_Page" time="13.425" errors="0" timestamp="2024-11-19T11:45:08 IST" skipped="0">
  <testcase classname="clientpoc.sniperai.com_Sanity_test_classes.TC001Open_Terms_Page" name="TermsPage" time="13.425"/>
  <system-out/>
</testsuite> <!-- clientpoc.sniperai.com_Sanity_test_classes.TC001Open_Terms_Page -->
