<?xml version="1.0" encoding="UTF-8"?>
<!-- Generated by org.testng.reporters.JUnitReportReporter -->
<testsuite hostname="DESKTOP-0G0FBLN" failures="0" tests="1" name="mag.sniperai.com_Sanity_test_classes.TC001Open_Terms_Page" time="26.222" errors="0" timestamp="2024-11-19T11:45:08 IST" skipped="0">
  <testcase classname="mag.sniperai.com_Sanity_test_classes.TC001Open_Terms_Page" name="TermsPage" time="26.222"/>
  <system-out/>
</testsuite> <!-- mag.sniperai.com_Sanity_test_classes.TC001Open_Terms_Page -->
