<?xml version="1.0" encoding="UTF-8"?>
<!-- Generated by org.testng.reporters.JUnitReportReporter -->
<testsuite hostname="DESKTOP-0G0FBLN" failures="0" tests="1" name="aacpoc.sniperai.com_Sanity_test_classes.TC055_Rec_CandidatesPage" time="21.327" errors="0" timestamp="2025-01-08T09:31:23 IST" skipped="0">
  <testcase classname="aacpoc.sniperai.com_Sanity_test_classes.TC055_Rec_CandidatesPage" name="CandidatesPage" time="21.327"/>
  <system-out/>
</testsuite> <!-- aacpoc.sniperai.com_Sanity_test_classes.TC055_Rec_CandidatesPage -->
