<?xml version="1.0" encoding="UTF-8"?>
<!-- Generated by org.testng.reporters.JUnitReportReporter -->
<testsuite hostname="DESKTOP-0G0FBLN" failures="0" tests="1" name="sisecampoc.sniperai.com_Sanity_test_classes.TC001Open_Terms_Page" time="13.703" errors="0" timestamp="2024-11-19T11:45:08 IST" skipped="0">
  <testcase classname="sisecampoc.sniperai.com_Sanity_test_classes.TC001Open_Terms_Page" name="TermsPage" time="13.703"/>
  <system-out/>
</testsuite> <!-- sisecampoc.sniperai.com_Sanity_test_classes.TC001Open_Terms_Page -->
