<?xml version="1.0" encoding="UTF-8"?>
<!-- Generated by org.testng.reporters.JUnitReportReporter -->
<testsuite hostname="DESKTOP-0G0FBLN" failures="0" tests="1" name="ixceedpreprod.sniperai.com_Sanity_test_classes.TC011_Login_Candidate_Module" time="31.959" errors="0" timestamp="2024-09-29T18:42:51 IST" skipped="0">
  <testcase classname="ixceedpreprod.sniperai.com_Sanity_test_classes.TC011_Login_Candidate_Module" name="CandidateLogin" time="31.959"/>
  <system-out/>
</testsuite> <!-- ixceedpreprod.sniperai.com_Sanity_test_classes.TC011_Login_Candidate_Module -->
