<?xml version="1.0" encoding="UTF-8"?>
<!-- Generated by org.testng.reporters.JUnitReportReporter -->
<testsuite hostname="DESKTOP-0G0FBLN" failures="0" tests="1" name="bajajauto.sniperai.com_Sanity_test_classes.TC021_JobListPage_Actions" time="167.260" errors="0" timestamp="2024-10-09T19:19:40 IST" skipped="0">
  <testcase classname="bajajauto.sniperai.com_Sanity_test_classes.TC021_JobListPage_Actions" name="JobListPageActions_Rec" time="167.260"/>
  <system-out/>
</testsuite> <!-- bajajauto.sniperai.com_Sanity_test_classes.TC021_JobListPage_Actions -->
