<?xml version="1.0" encoding="UTF-8"?>
<!-- Generated by org.testng.reporters.JUnitReportReporter -->
<testsuite hostname="DESKTOP-0G0FBLN" failures="0" tests="1" name="deveregrouppoc.sniperai.com_Sanity_test_classes.TC021_JobListPage_Actions" time="23.359" errors="0" timestamp="2025-01-08T09:31:22 IST" skipped="0">
  <testcase classname="deveregrouppoc.sniperai.com_Sanity_test_classes.TC021_JobListPage_Actions" name="JobListPageActions_Rec" time="23.359"/>
  <system-out/>
</testsuite> <!-- deveregrouppoc.sniperai.com_Sanity_test_classes.TC021_JobListPage_Actions -->
