<?xml version="1.0" encoding="UTF-8"?>
<!-- Generated by org.testng.reporters.JUnitReportReporter -->
<testsuite hostname="DESKTOP-0G0FBLN" failures="0" tests="1" name="insightinc.sniperai.com_Sanity_test_classes.TC046_Rec_UtilitiesJobRefresh" time="19.570" errors="0" timestamp="2025-01-08T09:31:22 IST" skipped="0">
  <testcase classname="insightinc.sniperai.com_Sanity_test_classes.TC046_Rec_UtilitiesJobRefresh" name="JobRefreshUtility" time="19.570"/>
  <system-out/>
</testsuite> <!-- insightinc.sniperai.com_Sanity_test_classes.TC046_Rec_UtilitiesJobRefresh -->
