<?xml version="1.0" encoding="UTF-8"?>
<!-- Generated by org.testng.reporters.JUnitReportReporter -->
<testsuite hostname="DESKTOP-0G0FBLN" failures="0" tests="1" name="afg.sniperai.com_Sanity_test_classes.TC021_JobListPage_Actions" time="33.688" errors="0" timestamp="2024-10-09T19:19:40 IST" skipped="0">
  <testcase classname="afg.sniperai.com_Sanity_test_classes.TC021_JobListPage_Actions" name="JobListPageActions_Rec" time="33.688"/>
  <system-out/>
</testsuite> <!-- afg.sniperai.com_Sanity_test_classes.TC021_JobListPage_Actions -->
