<?xml version="1.0" encoding="UTF-8"?>
<!-- Generated by org.testng.reporters.JUnitReportReporter -->
<testsuite hostname="DESKTOP-0G0FBLN" failures="0" tests="1" name="jc.sniperai.com_Sanity_test_classes.TC029_Rec_RawReport_Dowload" time="29.954" errors="0" timestamp="2024-11-19T11:45:08 IST" skipped="0">
  <testcase classname="jc.sniperai.com_Sanity_test_classes.TC029_Rec_RawReport_Dowload" name="DownloadRawReport" time="29.954"/>
  <system-out/>
</testsuite> <!-- jc.sniperai.com_Sanity_test_classes.TC029_Rec_RawReport_Dowload -->
