<?xml version="1.0" encoding="UTF-8"?>
<!-- Generated by org.testng.reporters.JUnitReportReporter -->
<testsuite hostname="DESKTOP-0G0FBLN" failures="0" tests="1" name="damacgrouppoc.sniperai.com_Sanity_test_classes.TC001Open_Terms_Page" time="15.658" errors="0" timestamp="2025-01-08T09:31:23 IST" skipped="0">
  <testcase classname="damacgrouppoc.sniperai.com_Sanity_test_classes.TC001Open_Terms_Page" name="TermsPage" time="15.658"/>
  <system-out/>
</testsuite> <!-- damacgrouppoc.sniperai.com_Sanity_test_classes.TC001Open_Terms_Page -->
