<?xml version="1.0" encoding="UTF-8"?>
<!-- Generated by org.testng.reporters.JUnitReportReporter -->
<testsuite hostname="DESKTOP-0G0FBLN" failures="0" tests="1" name="damacgrouppoc.sniperai.com_Sanity_test_classes.TC037_Rec_SettingsPage" time="20.976" errors="0" timestamp="2025-01-08T09:31:23 IST" skipped="0">
  <testcase classname="damacgrouppoc.sniperai.com_Sanity_test_classes.TC037_Rec_SettingsPage" name="SettingsPage" time="20.976"/>
  <system-out/>
</testsuite> <!-- damacgrouppoc.sniperai.com_Sanity_test_classes.TC037_Rec_SettingsPage -->
