<?xml version="1.0" encoding="UTF-8"?>
<!-- Generated by org.testng.reporters.JUnitReportReporter -->
<testsuite hostname="DESKTOP-0G0FBLN" failures="0" tests="1" name="jc.sniperai.com_Sanity_test_classes.TC021_JobListPage_Actions" time="39.903" errors="0" timestamp="2024-11-19T11:45:08 IST" skipped="0">
  <testcase classname="jc.sniperai.com_Sanity_test_classes.TC021_JobListPage_Actions" name="JobListPageActions_Rec" time="39.903"/>
  <system-out/>
</testsuite> <!-- jc.sniperai.com_Sanity_test_classes.TC021_JobListPage_Actions -->
