<?xml version="1.0" encoding="UTF-8"?>
<!-- Generated by org.testng.reporters.JUnitReportReporter -->
<testsuite hostname="DESKTOP-0G0FBLN" failures="0" tests="1" name="recruitmentsmart.sniperai.com_Sanity_test_classes.TC029_Rec_RawReport_Dowload" time="21.665" errors="0" timestamp="2024-11-19T11:45:08 IST" skipped="0">
  <testcase classname="recruitmentsmart.sniperai.com_Sanity_test_classes.TC029_Rec_RawReport_Dowload" name="DownloadRawReport" time="21.665"/>
  <system-out/>
</testsuite> <!-- recruitmentsmart.sniperai.com_Sanity_test_classes.TC029_Rec_RawReport_Dowload -->
