<?xml version="1.0" encoding="UTF-8"?>
<!-- Generated by org.testng.reporters.JUnitReportReporter -->
<testsuite hostname="DESKTOP-0G0FBLN" failures="0" tests="1" name="bajajauto.sniperai.com_Sanity_test_classes.TC001Open_Terms_Page" time="25.765" errors="0" timestamp="2024-10-09T19:19:40 IST" skipped="0">
  <testcase classname="bajajauto.sniperai.com_Sanity_test_classes.TC001Open_Terms_Page" name="TermsPage" time="25.765"/>
  <system-out/>
</testsuite> <!-- bajajauto.sniperai.com_Sanity_test_classes.TC001Open_Terms_Page -->
