<?xml version="1.0" encoding="UTF-8"?>
<!-- Generated by org.testng.reporters.JUnitReportReporter -->
<testsuite hostname="DESKTOP-0G0FBLN" failures="0" tests="1" name="hcltechpreprod.sniperai.com_Sanity_test_classes.TC020_Login_RecruiterModule" time="22.545" errors="0" timestamp="2024-09-29T18:42:51 IST" skipped="0">
  <testcase classname="hcltechpreprod.sniperai.com_Sanity_test_classes.TC020_Login_RecruiterModule" name="RecruiterLogin" time="22.545"/>
  <system-out/>
</testsuite> <!-- hcltechpreprod.sniperai.com_Sanity_test_classes.TC020_Login_RecruiterModule -->
