<?xml version="1.0" encoding="UTF-8"?>
<!-- Generated by org.testng.reporters.JUnitReportReporter -->
<testsuite hostname="DESKTOP-0G0FBLN" failures="0" tests="1" name="demov1.sniperai.com_Sanity_test_classes.TC003VerifySignUpPage" time="19.867" errors="0" timestamp="2024-10-09T19:19:40 IST" skipped="0">
  <testcase classname="demov1.sniperai.com_Sanity_test_classes.TC003VerifySignUpPage" name="SignUp" time="19.867"/>
  <system-out/>
</testsuite> <!-- demov1.sniperai.com_Sanity_test_classes.TC003VerifySignUpPage -->
