<?xml version="1.0" encoding="UTF-8"?>
<!-- Generated by org.testng.reporters.JUnitReportReporter -->
<testsuite hostname="DESKTOP-0G0FBLN" failures="0" tests="1" name="johnclementspreprod.sniperai.com_Sanity_test_classes.TC011_Login_Candidate_Module" time="17.522" errors="0" timestamp="2024-09-29T18:42:51 IST" skipped="0">
  <testcase classname="johnclementspreprod.sniperai.com_Sanity_test_classes.TC011_Login_Candidate_Module" name="CandidateLogin" time="17.522"/>
  <system-out/>
</testsuite> <!-- johnclementspreprod.sniperai.com_Sanity_test_classes.TC011_Login_Candidate_Module -->
