<?xml version="1.0" encoding="UTF-8"?>
<!-- Generated by org.testng.reporters.JUnitReportReporter -->
<testsuite hostname="DESKTOP-0G0FBLN" failures="0" tests="1" name="enocpoc.sniperai.com_Sanity_test_classes.TC029_Rec_RawReport_Dowload" time="21.732" errors="0" timestamp="2025-01-08T09:31:23 IST" skipped="0">
  <testcase classname="enocpoc.sniperai.com_Sanity_test_classes.TC029_Rec_RawReport_Dowload" name="DownloadRawReport" time="21.732"/>
  <system-out/>
</testsuite> <!-- enocpoc.sniperai.com_Sanity_test_classes.TC029_Rec_RawReport_Dowload -->
