<?xml version="1.0" encoding="UTF-8"?>
<!-- Generated by org.testng.reporters.JUnitReportReporter -->
<testsuite hostname="DESKTOP-0G0FBLN" failures="0" tests="1" name="pttep.sniperai.com_Sanity_test_classes.TC001Open_Terms_Page" time="14.965" errors="0" timestamp="2024-11-19T11:45:08 IST" skipped="0">
  <testcase classname="pttep.sniperai.com_Sanity_test_classes.TC001Open_Terms_Page" name="TermsPage" time="14.965"/>
  <system-out/>
</testsuite> <!-- pttep.sniperai.com_Sanity_test_classes.TC001Open_Terms_Page -->
