<?xml version="1.0" encoding="UTF-8"?>
<!-- Generated by org.testng.reporters.JUnitReportReporter -->
<testsuite hostname="DESKTOP-0G0FBLN" failures="0" tests="1" name="magpreprod.sniperai.com_Sanity_test_classes.TC048_Rec_UtilitiesAddSupportRec" time="43.206" errors="0" timestamp="2024-09-17T16:25:45 IST" skipped="0">
  <testcase classname="magpreprod.sniperai.com_Sanity_test_classes.TC048_Rec_UtilitiesAddSupportRec" name="AddSupportRecruiterUtility" time="43.206"/>
  <system-out/>
</testsuite> <!-- magpreprod.sniperai.com_Sanity_test_classes.TC048_Rec_UtilitiesAddSupportRec -->
