<?xml version="1.0" encoding="UTF-8"?>
<!-- Generated by org.testng.reporters.JUnitReportReporter -->
<testsuite hostname="DESKTOP-0G0FBLN" failures="0" tests="1" name="edgeGrouppreprod.sniperai.com_Sanity_test_classes.TC021_JobListPage_Actions" time="41.069" errors="0" timestamp="2024-11-18T17:31:30 IST" skipped="0">
  <testcase classname="edgeGrouppreprod.sniperai.com_Sanity_test_classes.TC021_JobListPage_Actions" name="JobListPageActions_Rec" time="41.069"/>
  <system-out/>
</testsuite> <!-- edgeGrouppreprod.sniperai.com_Sanity_test_classes.TC021_JobListPage_Actions -->
