<?xml version="1.0" encoding="UTF-8"?>
<!-- Generated by org.testng.reporters.JUnitReportReporter -->
<testsuite hostname="DESKTOP-0G0FBLN" failures="0" tests="1" name="alcoa.sniperai.com_Sanity_test_classes.TC056_CadidatesPageActios" time="38.604" errors="0" timestamp="2025-02-20T08:01:57 IST" skipped="0">
  <testcase classname="alcoa.sniperai.com_Sanity_test_classes.TC056_CadidatesPageActios" name="CandidatesPageActions" time="38.604"/>
  <system-out/>
</testsuite> <!-- alcoa.sniperai.com_Sanity_test_classes.TC056_CadidatesPageActios -->
