<?xml version="1.0" encoding="UTF-8"?>
<testng-results ignored="0" total="1" passed="1" failed="0" skipped="0">
  <reporter-output>
  </reporter-output>
  <suite started-at="2024-11-18T17:43:12 IST" name="Failed suite [Failed suite [Suite]]" finished-at="2024-11-18T17:43:55 IST" duration-ms="43268">
    <groups>
    </groups>
    <test started-at="2024-11-18T17:43:12 IST" name="Test(failed)(failed)" finished-at="2024-11-18T17:43:55 IST" duration-ms="43268">
      <class name="edgeGrouppreprod.sniperai.com_Sanity_test_classes.TC029_Rec_RawReport_Dowload">
        <test-method is-config="true" signature="SetUp()[pri:0, instance:edgeGrouppreprod.sniperai.com_Sanity_test_classes.TC029_Rec_RawReport_Dowload@2dc54ad4]" started-at="2024-11-18T17:43:12 IST" name="SetUp" finished-at="2024-11-18T17:43:31 IST" duration-ms="19632" status="PASS">
          <reporter-output>
          </reporter-output>
        </test-method> <!-- SetUp -->
        <test-method signature="DownloadRawReport()[pri:0, instance:edgeGrouppreprod.sniperai.com_Sanity_test_classes.TC029_Rec_RawReport_Dowload@2dc54ad4]" started-at="2024-11-18T17:43:31 IST" name="DownloadRawReport" finished-at="2024-11-18T17:43:47 IST" duration-ms="15961" status="PASS">
          <reporter-output>
          </reporter-output>
        </test-method> <!-- DownloadRawReport -->
        <test-method is-config="true" signature="teardown(org.testng.ITestResult)[pri:0, instance:edgeGrouppreprod.sniperai.com_Sanity_test_classes.TC029_Rec_RawReport_Dowload@2dc54ad4]" started-at="2024-11-18T17:43:47 IST" name="teardown" finished-at="2024-11-18T17:43:55 IST" duration-ms="7605" status="PASS">
          <params>
            <param index="0">
              <value>
                <![CDATA[[TestResult name=DownloadRawReport status=SUCCESS method=TC029_Rec_RawReport_Dowload.DownloadRawReport()[pri:0, instance:edgeGrouppreprod.sniperai.com_Sanity_test_classes.TC029_Rec_RawReport_Dowload@2dc54ad4] output={null}]]]>
              </value>
            </param>
          </params>
          <reporter-output>
          </reporter-output>
        </test-method> <!-- teardown -->
      </class> <!-- edgeGrouppreprod.sniperai.com_Sanity_test_classes.TC029_Rec_RawReport_Dowload -->
    </test> <!-- Test(failed)(failed) -->
  </suite> <!-- Failed suite [Failed suite [Suite]] -->
</testng-results>
