<?xml version="1.0" encoding="UTF-8"?>
<!-- Generated by org.testng.reporters.JUnitReportReporter -->
<testsuite hostname="DESKTOP-0G0FBLN" failures="0" tests="1" name="kpmgpoc.sniperai.com_Sanity_test_classes.TC049_Rec_RsplusCofiguratiosPage" time="48.069" errors="0" timestamp="2025-01-13T17:16:56 IST" skipped="0">
  <testcase classname="kpmgpoc.sniperai.com_Sanity_test_classes.TC049_Rec_RsplusCofiguratiosPage" name="RSplusCofig" time="48.069"/>
  <system-out/>
</testsuite> <!-- kpmgpoc.sniperai.com_Sanity_test_classes.TC049_Rec_RsplusCofiguratiosPage -->
