<?xml version="1.0" encoding="UTF-8"?>
<!-- Generated by org.testng.reporters.JUnitReportReporter -->
<testsuite hostname="DESKTOP-0G0FBLN" failures="0" tests="1" name="jc.sniperai.com_Sanity_test_classes.TC042_Rec_ScoreReprePage" time="24.031" errors="0" timestamp="2025-01-08T08:53:37 IST" skipped="0">
  <testcase classname="jc.sniperai.com_Sanity_test_classes.TC042_Rec_ScoreReprePage" name="ScoreRepreConfig" time="24.031"/>
  <system-out/>
</testsuite> <!-- jc.sniperai.com_Sanity_test_classes.TC042_Rec_ScoreReprePage -->
