<?xml version="1.0" encoding="UTF-8"?>
<!-- Generated by org.testng.reporters.JUnitReportReporter -->
<testsuite hostname="RS0070" failures="0" tests="1" name="sftest.sniperai.com_Sanity_test_classes.TC020_Login_RecruiterModule" time="12.587" errors="0" timestamp="2025-09-24T17:46:09 IST" skipped="0">
  <testcase classname="sftest.sniperai.com_Sanity_test_classes.TC020_Login_RecruiterModule" name="RecruiterLogin" time="12.587"/>
</testsuite> <!-- sftest.sniperai.com_Sanity_test_classes.TC020_Login_RecruiterModule -->
