<?xml version="1.0" encoding="UTF-8"?>
<!-- Generated by org.testng.reporters.JUnitReportReporter -->
<testsuite hostname="DESKTOP-0G0FBLN" failures="0" tests="1" name="cbtg.sniperai.com_Sanity_test_classes.TC032_Rec_SuccessReport_Download" time="26.678" errors="0" timestamp="2025-02-20T08:18:31 IST" skipped="0">
  <testcase classname="cbtg.sniperai.com_Sanity_test_classes.TC032_Rec_SuccessReport_Download" name="SuccessEmailReport" time="26.678"/>
  <system-out/>
</testsuite> <!-- cbtg.sniperai.com_Sanity_test_classes.TC032_Rec_SuccessReport_Download -->
