<?xml version="1.0" encoding="UTF-8"?>
<!-- Generated by org.testng.reporters.JUnitReportReporter -->
<testsuite hostname="DESKTOP-0G0FBLN" failures="0" tests="1" name="cbtg.sniperai.com_Sanity_test_classes.TC051_RsplusCandidates" time="26.279" errors="0" timestamp="2025-02-20T08:18:31 IST" skipped="0">
  <testcase classname="cbtg.sniperai.com_Sanity_test_classes.TC051_RsplusCandidates" name="RSplusCadidates" time="26.279"/>
  <system-out/>
</testsuite> <!-- cbtg.sniperai.com_Sanity_test_classes.TC051_RsplusCandidates -->
