<?xml version="1.0" encoding="UTF-8"?>
<!-- Generated by org.testng.reporters.JUnitReportReporter -->
<testsuite hostname="DESKTOP-0G0FBLN" failures="0" tests="1" name="cbtg.sniperai.com_Sanity_test_classes.TC039_Rec_JobSettingsPage" time="24.751" errors="0" timestamp="2025-02-20T08:18:31 IST" skipped="0">
  <testcase classname="cbtg.sniperai.com_Sanity_test_classes.TC039_Rec_JobSettingsPage" name="JobSettingsPage" time="24.751"/>
  <system-out/>
</testsuite> <!-- cbtg.sniperai.com_Sanity_test_classes.TC039_Rec_JobSettingsPage -->
