<?xml version="1.0" encoding="UTF-8"?>
<!-- Generated by org.testng.reporters.JUnitXMLReporter -->
<testsuite ignored="0" hostname="DESKTOP-0G0FBLN" failures="0" tests="14" name="Test" time="428.64" errors="0" timestamp="2024-11-19T11:35:25 IST">
  <testcase classname="clientpoc.sniperai.com_Sanity_test_classes.TC001Open_Terms_Page" name="TermsPage" time="8.1"/>
  <testcase classname="clientpoc.sniperai.com_Sanity_test_classes.TC020_Login_RecruiterModule" name="RecruiterLogin" time="6.533"/>
  <testcase classname="clientpoc.sniperai.com_Sanity_test_classes.TC021_JobListPage_Actions" name="JobListPageActions_Rec" time="10.361"/>
  <testcase classname="clientpoc.sniperai.com_Sanity_test_classes.TC022_Rec_UserCreationPage" name="OpenUserCreationPage" time="13.623"/>
  <testcase classname="clientpoc.sniperai.com_Sanity_test_classes.TC029_Rec_RawReport_Dowload" name="DownloadRawReport" time="10.649"/>
  <testcase classname="clientpoc.sniperai.com_Sanity_test_classes.TC037_Rec_SettingsPage" name="SettingsPage" time="23.564"/>
  <testcase classname="clientpoc.sniperai.com_Sanity_test_classes.TC039_Rec_JobSettingsPage" name="JobSettingsPage" time="39.248"/>
  <testcase classname="clientpoc.sniperai.com_Sanity_test_classes.TC041_Rec_LinkedInConfigPage" name="LinkedInConfig" time="16.011"/>
  <testcase classname="clientpoc.sniperai.com_Sanity_test_classes.TC042_Rec_ScoreReprePage" name="ScoreRepreConfig" time="10.363"/>
  <testcase classname="clientpoc.sniperai.com_Sanity_test_classes.TC043_Rec_VideoInterviewConfig" name="VideoInterviewConfig" time="12.624"/>
  <testcase classname="clientpoc.sniperai.com_Sanity_test_classes.TC049_Rec_RsplusCofiguratiosPage" name="RSplusCofig" time="7.341"/>
  <testcase classname="clientpoc.sniperai.com_Sanity_test_classes.TC050_Rec_RsplusReports" name="RSplusReports" time="8.102"/>
  <testcase classname="clientpoc.sniperai.com_Sanity_test_classes.TC055_Rec_CandidatesPage" name="CandidatesPage" time="10.848"/>
  <testcase classname="clientpoc.sniperai.com_Sanity_test_classes.TC056_CadidatesPageActios" name="CandidatesPageActions" time="13.811"/>
</testsuite> <!-- Test -->
