<?xml version="1.0" encoding="UTF-8"?>
<!-- Generated by org.testng.reporters.JUnitXMLReporter -->
<testsuite ignored="0" hostname="DESKTOP-0G0FBLN" failures="0" tests="3" name="Test" time="55.35" errors="0" timestamp="2024-10-09T19:15:49 IST">
  <testcase classname="socgenindia.sniperai.com_Sanity_test_classes.TC001Open_Terms_Page" name="TermsPage" time="6.72"/>
  <testcase classname="socgenindia.sniperai.com_Sanity_test_classes.TC020_Login_RecruiterModule" name="RecruiterLogin" time="10.756"/>
  <testcase classname="socgenindia.sniperai.com_Sanity_test_classes.TC021_JobListPage_Actions" name="JobListPageActions_Rec" time="12.302"/>
</testsuite> <!-- Test -->
