<?xml version="1.0" encoding="UTF-8"?>
<!-- Generated by org.testng.reporters.JUnitReportReporter -->
<testsuite hostname="DESKTOP-0G0FBLN" failures="0" tests="1" name="alcoapreprod.sniperai.com_Sanity_test_classes.TC056_CadidatesPageActios" time="36.499" errors="0" timestamp="2025-01-07T19:07:25 IST" skipped="0">
  <testcase classname="alcoapreprod.sniperai.com_Sanity_test_classes.TC056_CadidatesPageActios" name="CandidatesPageActions" time="36.499"/>
  <system-out/>
</testsuite> <!-- alcoapreprod.sniperai.com_Sanity_test_classes.TC056_CadidatesPageActios -->
