<?xml version="1.0" encoding="UTF-8"?>
<!-- Generated by org.testng.reporters.JUnitReportReporter -->
<testsuite hostname="DESKTOP-0G0FBLN" failures="0" tests="1" name="afgDev.sniperai.com_Sanity_test_classes.TC021_JobListPage_Actions" time="37.049" errors="0" timestamp="2025-01-07T19:07:24 IST" skipped="0">
  <testcase classname="afgDev.sniperai.com_Sanity_test_classes.TC021_JobListPage_Actions" name="JobListPageActions" time="37.049"/>
  <system-out/>
</testsuite> <!-- afgDev.sniperai.com_Sanity_test_classes.TC021_JobListPage_Actions -->
