<?xml version="1.0" encoding="UTF-8"?>
<!-- Generated by org.testng.reporters.JUnitReportReporter -->
<testsuite hostname="DESKTOP-0G0FBLN" failures="0" tests="1" name="edgeGrouppreprod.sniperai.com_Sanity_test_classes.TC037_Rec_SettingsPage" time="25.327" errors="0" timestamp="2025-01-07T19:07:24 IST" skipped="0">
  <testcase classname="edgeGrouppreprod.sniperai.com_Sanity_test_classes.TC037_Rec_SettingsPage" name="SettingsPage" time="25.327"/>
  <system-out/>
</testsuite> <!-- edgeGrouppreprod.sniperai.com_Sanity_test_classes.TC037_Rec_SettingsPage -->
