<?xml version="1.0" encoding="UTF-8"?>
<!-- Generated by org.testng.reporters.JUnitReportReporter -->
<testsuite hostname="DESKTOP-0G0FBLN" failures="0" tests="1" name="edgeGrouppreprod.sniperai.com_Sanity_test_classes.TC001Open_Terms_Page" time="11.609" errors="0" timestamp="2025-01-07T19:07:24 IST" skipped="0">
  <testcase classname="edgeGrouppreprod.sniperai.com_Sanity_test_classes.TC001Open_Terms_Page" name="TermsPage" time="11.609"/>
  <system-out/>
</testsuite> <!-- edgeGrouppreprod.sniperai.com_Sanity_test_classes.TC001Open_Terms_Page -->
