<?xml version="1.0" encoding="UTF-8"?>
<!-- Generated by org.testng.reporters.JUnitReportReporter -->
<testsuite hostname="DESKTOP-0G0FBLN" failures="0" tests="1" name="hcltechpreprod.sniperai.com_Sanity_test_classes.TC047_Rec_UtilitiesScoreLock" time="21.574" errors="0" timestamp="2025-01-07T19:07:24 IST" skipped="0">
  <testcase classname="hcltechpreprod.sniperai.com_Sanity_test_classes.TC047_Rec_UtilitiesScoreLock" name="ScoreLockUtility" time="21.574"/>
  <system-out/>
</testsuite> <!-- hcltechpreprod.sniperai.com_Sanity_test_classes.TC047_Rec_UtilitiesScoreLock -->
