<?xml version="1.0" encoding="UTF-8"?>
<!-- Generated by org.testng.reporters.JUnitReportReporter -->
<testsuite hostname="DESKTOP-0G0FBLN" failures="0" tests="1" name="rstpreprod.sniperai.com_Sanity_test_classes.TC030_Rec_ReccomdSummaryRP_Download" time="18.103" errors="0" timestamp="2025-01-07T19:07:24 IST" skipped="0">
  <testcase classname="rstpreprod.sniperai.com_Sanity_test_classes.TC030_Rec_ReccomdSummaryRP_Download" name="DownloadReccomdSummaryRep" time="18.103"/>
  <system-out/>
</testsuite> <!-- rstpreprod.sniperai.com_Sanity_test_classes.TC030_Rec_ReccomdSummaryRP_Download -->
