<?xml version="1.0" encoding="UTF-8"?>
<!-- Generated by org.testng.reporters.JUnitReportReporter -->
<testsuite hostname="DESKTOP-0G0FBLN" failures="0" tests="1" name="sftest.sniperai.com_Sanity_test_classes.TC011_Login_Candidate_Module" time="18.509" errors="0" timestamp="2025-01-07T19:07:24 IST" skipped="0">
  <testcase classname="sftest.sniperai.com_Sanity_test_classes.TC011_Login_Candidate_Module" name="CandidateLogin" time="18.509"/>
  <system-out/>
</testsuite> <!-- sftest.sniperai.com_Sanity_test_classes.TC011_Login_Candidate_Module -->
