<?xml version="1.0" encoding="UTF-8"?>
<!-- Generated by org.testng.reporters.JUnitReportReporter -->
<testsuite hostname="DESKTOP-0G0FBLN" failures="0" tests="1" name="ixceedpreprod.sniperai.com_Sanity_test_classes.TC020_Login_RecruiterModule" time="16.388" errors="0" timestamp="2025-01-07T19:07:25 IST" skipped="0">
  <testcase classname="ixceedpreprod.sniperai.com_Sanity_test_classes.TC020_Login_RecruiterModule" name="RecruiterLogin" time="16.388"/>
  <system-out/>
</testsuite> <!-- ixceedpreprod.sniperai.com_Sanity_test_classes.TC020_Login_RecruiterModule -->
