<?xml version="1.0" encoding="UTF-8"?>
<!-- Generated by org.testng.reporters.JUnitReportReporter -->
<testsuite hostname="DESKTOP-0G0FBLN" failures="0" tests="1" name="johnclementspreprod.sniperai.com_Sanity_test_classes.TC021_JobListPage_Actions" time="26.834" errors="0" timestamp="2025-01-07T19:07:24 IST" skipped="0">
  <testcase classname="johnclementspreprod.sniperai.com_Sanity_test_classes.TC021_JobListPage_Actions" name="JobListPageActions_Rec" time="26.834"/>
  <system-out/>
</testsuite> <!-- johnclementspreprod.sniperai.com_Sanity_test_classes.TC021_JobListPage_Actions -->
