<?xml version="1.0" encoding="UTF-8"?>
<!-- Generated by org.testng.reporters.JUnitReportReporter -->
<testsuite hostname="DESKTOP-0G0FBLN" failures="0" tests="1" name="cbtgpreprod.sniperai.com_Sanity_test_classes.TC020_Login_RecruiterModule" time="19.455" errors="0" timestamp="2025-01-07T19:07:25 IST" skipped="0">
  <testcase classname="cbtgpreprod.sniperai.com_Sanity_test_classes.TC020_Login_RecruiterModule" name="RecruiterLogin" time="19.455"/>
  <system-out/>
</testsuite> <!-- cbtgpreprod.sniperai.com_Sanity_test_classes.TC020_Login_RecruiterModule -->
