<?xml version="1.0" encoding="UTF-8"?>
<!-- Generated by org.testng.reporters.JUnitReportReporter -->
<testsuite hostname="DESKTOP-0G0FBLN" failures="0" tests="1" name="alcoapreprod.sniperai.com_Sanity_test_classes.TC045_UtilitiesSkillAffinity" time="20.406" errors="0" timestamp="2025-01-07T19:07:24 IST" skipped="0">
  <testcase classname="alcoapreprod.sniperai.com_Sanity_test_classes.TC045_UtilitiesSkillAffinity" name="SkillAffinityUtility" time="20.406"/>
  <system-out/>
</testsuite> <!-- alcoapreprod.sniperai.com_Sanity_test_classes.TC045_UtilitiesSkillAffinity -->
