<?xml version="1.0" encoding="UTF-8"?>
<!-- Generated by org.testng.reporters.JUnitReportReporter -->
<testsuite hostname="DESKTOP-0G0FBLN" failures="0" tests="1" name="ptteppreprod.sniperai.com_Sanity_test_classes.TC021_JobListPage_Actions" time="25.180" errors="0" timestamp="2025-01-07T19:07:25 IST" skipped="0">
  <testcase classname="ptteppreprod.sniperai.com_Sanity_test_classes.TC021_JobListPage_Actions" name="JobListPageActions_Rec" time="25.180"/>
  <system-out/>
</testsuite> <!-- ptteppreprod.sniperai.com_Sanity_test_classes.TC021_JobListPage_Actions -->
