<?xml version="1.0" encoding="UTF-8"?>
<!-- Generated by org.testng.reporters.JUnitReportReporter -->
<testsuite hostname="DESKTOP-0G0FBLN" failures="0" tests="1" name="sftest.sniperai.com_Sanity_test_classes.TC003VerifySignUpPage" time="10.789" errors="0" timestamp="2025-01-07T19:07:25 IST" skipped="0">
  <testcase classname="sftest.sniperai.com_Sanity_test_classes.TC003VerifySignUpPage" name="SignUp" time="10.789"/>
  <system-out/>
</testsuite> <!-- sftest.sniperai.com_Sanity_test_classes.TC003VerifySignUpPage -->
