<?xml version="1.0" encoding="UTF-8"?>
<!-- Generated by org.testng.reporters.JUnitReportReporter -->
<testsuite hostname="DESKTOP-0G0FBLN" failures="0" tests="1" name="afgPreprod.sniperai.com_Sanity_test_classes.TC055_Rec_CandidatesPage" time="25.279" errors="0" timestamp="2025-01-07T19:07:24 IST" skipped="0">
  <testcase classname="afgPreprod.sniperai.com_Sanity_test_classes.TC055_Rec_CandidatesPage" name="CandidatesPage" time="25.279"/>
  <system-out/>
</testsuite> <!-- afgPreprod.sniperai.com_Sanity_test_classes.TC055_Rec_CandidatesPage -->
