<?xml version="1.0" encoding="UTF-8"?>
<!-- Generated by org.testng.reporters.JUnitReportReporter -->
<testsuite hostname="DESKTOP-0G0FBLN" failures="0" tests="1" name="insightinc.sniperai.com_Sanity_test_classes.TC022_Rec_UserCreationPage" time="30.840" errors="0" timestamp="2024-10-02T19:12:51 IST" skipped="0">
  <testcase classname="insightinc.sniperai.com_Sanity_test_classes.TC022_Rec_UserCreationPage" name="OpenUserCreationPage" time="30.840"/>
  <system-out/>
</testsuite> <!-- insightinc.sniperai.com_Sanity_test_classes.TC022_Rec_UserCreationPage -->
