<?xml version="1.0" encoding="UTF-8"?>
<!-- Generated by org.testng.reporters.JUnitReportReporter -->
<testsuite hostname="DESKTOP-0G0FBLN" failures="0" tests="1" name="design.sniperai.com_Sanity_test_classes.TC040_Rec_JobWizardSettings" time="88.390" errors="0" timestamp="2024-09-01T21:10:12 IST" skipped="0">
  <testcase classname="design.sniperai.com_Sanity_test_classes.TC040_Rec_JobWizardSettings" name="JobWizardSettingsPage" time="88.390"/>
  <system-out/>
</testsuite> <!-- design.sniperai.com_Sanity_test_classes.TC040_Rec_JobWizardSettings -->
