<?xml version="1.0" encoding="UTF-8"?>
<!-- Generated by org.testng.reporters.JUnitXMLReporter -->
<testsuite ignored="0" hostname="DESKTOP-0G0FBLN" failures="0" tests="11" name="Test" time="742.715" errors="0" timestamp="2024-11-19T11:04:59 IST">
  <testcase classname="natwest.sniperai.com_Sanity_test_classes.A003_BaseTestClass_Rec_Design" name="@BeforeMethod SetUp" time="181.698">
    <failure type="org.openqa.selenium.TimeoutException" message="java.util.concurrent.TimeoutException
Build info: version: &amp;apos;4.25.0&amp;apos;, revision: &amp;apos;030fcf7918&amp;apos;
System info: os.name: &amp;apos;Windows 10&amp;apos;, os.arch: &amp;apos;amd64&amp;apos;, os.version: &amp;apos;10.0&amp;apos;, java.version: &amp;apos;11.0.23&amp;apos;
Driver info: org.openqa.selenium.chrome.ChromeDriver
Command: [d40d9a0164afccc649e1ae78ed810e8e, get {url=https://natwest.sniperai.com/}]
Capabilities {acceptInsecureCerts: false, browserName: chrome, browserVersion: 129.0.6668.101, chrome: {chromedriverVersion: 129.0.6668.70 (df87d5cf12b1..., userDataDir: C:\Users\Shubz008\AppData\L...}, fedcm:accounts: true, goog:chromeOptions: {debuggerAddress: localhost:61017}, networkConnectionEnabled: false, pageLoadStrategy: normal, platformName: windows, proxy: Proxy(), se:cdp: ws://localhost:61017/devtoo..., se:cdpVersion: 129.0.6668.101, setWindowRect: true, strictFileInteractability: false, timeouts: {implicit: 0, pageLoad: 300000, script: 30000}, unhandledPromptBehavior: dismiss and notify, webauthn:extension:credBlob: true, webauthn:extension:largeBlob: true, webauthn:extension:minPinLength: true, webauthn:extension:prf: true, webauthn:virtualAuthenticators: true}
Session ID: d40d9a0164afccc649e1ae78ed810e8e">
      <![CDATA[org.openqa.selenium.TimeoutException: java.util.concurrent.TimeoutException
Build info: version: '4.25.0', revision: '030fcf7918'
System info: os.name: 'Windows 10', os.arch: 'amd64', os.version: '10.0', java.version: '11.0.23'
Driver info: org.openqa.selenium.chrome.ChromeDriver
Command: [d40d9a0164afccc649e1ae78ed810e8e, get {url=https://natwest.sniperai.com/}]
Capabilities {acceptInsecureCerts: false, browserName: chrome, browserVersion: 129.0.6668.101, chrome: {chromedriverVersion: 129.0.6668.70 (df87d5cf12b1..., userDataDir: C:\Users\Shubz008\AppData\L...}, fedcm:accounts: true, goog:chromeOptions: {debuggerAddress: localhost:61017}, networkConnectionEnabled: false, pageLoadStrategy: normal, platformName: windows, proxy: Proxy(), se:cdp: ws://localhost:61017/devtoo..., se:cdpVersion: 129.0.6668.101, setWindowRect: true, strictFileInteractability: false, timeouts: {implicit: 0, pageLoad: 300000, script: 30000}, unhandledPromptBehavior: dismiss and notify, webauthn:extension:credBlob: true, webauthn:extension:largeBlob: true, webauthn:extension:minPinLength: true, webauthn:extension:prf: true, webauthn:virtualAuthenticators: true}
Session ID: d40d9a0164afccc649e1ae78ed810e8e
at org.openqa.selenium.remote.http.jdk.JdkHttpClient.execute0(JdkHttpClient.java:418)
at org.openqa.selenium.remote.http.AddSeleniumUserAgent.lambda$apply$0(AddSeleniumUserAgent.java:42)
at org.openqa.selenium.remote.http.Filter.lambda$andFinally$1(Filter.java:55)
at org.openqa.selenium.remote.http.jdk.JdkHttpClient.execute(JdkHttpClient.java:374)
at org.openqa.selenium.remote.HttpCommandExecutor.execute(HttpCommandExecutor.java:187)
at org.openqa.selenium.remote.service.DriverCommandExecutor.invokeExecute(DriverCommandExecutor.java:216)
at org.openqa.selenium.remote.service.DriverCommandExecutor.execute(DriverCommandExecutor.java:174)
at org.openqa.selenium.remote.RemoteWebDriver.execute(RemoteWebDriver.java:545)
at org.openqa.selenium.remote.RemoteWebDriver.get(RemoteWebDriver.java:313)
at natwest.sniperai.com_Sanity_test_classes.A003_BaseTestClass_Rec_Design.navigateToUrl(A003_BaseTestClass_Rec_Design.java:44)
at natwest.sniperai.com_Sanity_test_classes.A003_BaseTestClass_Rec_Design.SetUp(A003_BaseTestClass_Rec_Design.java:29)
at java.base/java.util.ArrayList.forEach(ArrayList.java:1541)
Caused by: java.util.concurrent.TimeoutException
at java.base/java.util.concurrent.CompletableFuture.timedGet(CompletableFuture.java:1888)
at java.base/java.util.concurrent.CompletableFuture.get(CompletableFuture.java:2023)
at org.openqa.selenium.remote.http.jdk.JdkHttpClient.execute0(JdkHttpClient.java:401)
... 43 more
... Removed 32 stack frames]]>
    </failure>
  </testcase> <!-- @BeforeMethod SetUp -->
  <testcase classname="natwest.sniperai.com_Sanity_test_classes.A003_BaseTestClass_Rec_Design" name="@AfterMethod teardown" time="-1.731993950996E9">
    <skipped/>
  </testcase> <!-- @AfterMethod teardown -->
  <testcase classname="natwest.sniperai.com_Sanity_test_classes.A003_BaseTestClass_Rec_Design" name="@BeforeMethod SetUp" time="181.364">
    <failure type="org.openqa.selenium.TimeoutException" message="java.util.concurrent.TimeoutException
Build info: version: &amp;apos;4.25.0&amp;apos;, revision: &amp;apos;030fcf7918&amp;apos;
System info: os.name: &amp;apos;Windows 10&amp;apos;, os.arch: &amp;apos;amd64&amp;apos;, os.version: &amp;apos;10.0&amp;apos;, java.version: &amp;apos;11.0.23&amp;apos;
Driver info: org.openqa.selenium.chrome.ChromeDriver
Command: [7d1a75bdf594246a6672354dc09aa8ab, get {url=https://natwest.sniperai.com/}]
Capabilities {acceptInsecureCerts: false, browserName: chrome, browserVersion: 129.0.6668.101, chrome: {chromedriverVersion: 129.0.6668.70 (df87d5cf12b1..., userDataDir: C:\Users\Shubz008\AppData\L...}, fedcm:accounts: true, goog:chromeOptions: {debuggerAddress: localhost:61661}, networkConnectionEnabled: false, pageLoadStrategy: normal, platformName: windows, proxy: Proxy(), se:cdp: ws://localhost:61661/devtoo..., se:cdpVersion: 129.0.6668.101, setWindowRect: true, strictFileInteractability: false, timeouts: {implicit: 0, pageLoad: 300000, script: 30000}, unhandledPromptBehavior: dismiss and notify, webauthn:extension:credBlob: true, webauthn:extension:largeBlob: true, webauthn:extension:minPinLength: true, webauthn:extension:prf: true, webauthn:virtualAuthenticators: true}
Session ID: 7d1a75bdf594246a6672354dc09aa8ab">
      <![CDATA[org.openqa.selenium.TimeoutException: java.util.concurrent.TimeoutException
Build info: version: '4.25.0', revision: '030fcf7918'
System info: os.name: 'Windows 10', os.arch: 'amd64', os.version: '10.0', java.version: '11.0.23'
Driver info: org.openqa.selenium.chrome.ChromeDriver
Command: [7d1a75bdf594246a6672354dc09aa8ab, get {url=https://natwest.sniperai.com/}]
Capabilities {acceptInsecureCerts: false, browserName: chrome, browserVersion: 129.0.6668.101, chrome: {chromedriverVersion: 129.0.6668.70 (df87d5cf12b1..., userDataDir: C:\Users\Shubz008\AppData\L...}, fedcm:accounts: true, goog:chromeOptions: {debuggerAddress: localhost:61661}, networkConnectionEnabled: false, pageLoadStrategy: normal, platformName: windows, proxy: Proxy(), se:cdp: ws://localhost:61661/devtoo..., se:cdpVersion: 129.0.6668.101, setWindowRect: true, strictFileInteractability: false, timeouts: {implicit: 0, pageLoad: 300000, script: 30000}, unhandledPromptBehavior: dismiss and notify, webauthn:extension:credBlob: true, webauthn:extension:largeBlob: true, webauthn:extension:minPinLength: true, webauthn:extension:prf: true, webauthn:virtualAuthenticators: true}
Session ID: 7d1a75bdf594246a6672354dc09aa8ab
at org.openqa.selenium.remote.http.jdk.JdkHttpClient.execute0(JdkHttpClient.java:418)
at org.openqa.selenium.remote.http.AddSeleniumUserAgent.lambda$apply$0(AddSeleniumUserAgent.java:42)
at org.openqa.selenium.remote.http.Filter.lambda$andFinally$1(Filter.java:55)
at org.openqa.selenium.remote.http.jdk.JdkHttpClient.execute(JdkHttpClient.java:374)
at org.openqa.selenium.remote.HttpCommandExecutor.execute(HttpCommandExecutor.java:187)
at org.openqa.selenium.remote.service.DriverCommandExecutor.invokeExecute(DriverCommandExecutor.java:216)
at org.openqa.selenium.remote.service.DriverCommandExecutor.execute(DriverCommandExecutor.java:174)
at org.openqa.selenium.remote.RemoteWebDriver.execute(RemoteWebDriver.java:545)
at org.openqa.selenium.remote.RemoteWebDriver.get(RemoteWebDriver.java:313)
at natwest.sniperai.com_Sanity_test_classes.A003_BaseTestClass_Rec_Design.navigateToUrl(A003_BaseTestClass_Rec_Design.java:44)
at natwest.sniperai.com_Sanity_test_classes.A003_BaseTestClass_Rec_Design.SetUp(A003_BaseTestClass_Rec_Design.java:29)
at java.base/java.util.ArrayList.forEach(ArrayList.java:1541)
Caused by: java.util.concurrent.TimeoutException
at java.base/java.util.concurrent.CompletableFuture.timedGet(CompletableFuture.java:1888)
at java.base/java.util.concurrent.CompletableFuture.get(CompletableFuture.java:2023)
at org.openqa.selenium.remote.http.jdk.JdkHttpClient.execute0(JdkHttpClient.java:401)
... 43 more
... Removed 32 stack frames]]>
    </failure>
  </testcase> <!-- @BeforeMethod SetUp -->
  <testcase classname="natwest.sniperai.com_Sanity_test_classes.A003_BaseTestClass_Rec_Design" name="@AfterMethod teardown" time="-1.731994391235E9">
    <skipped/>
  </testcase> <!-- @AfterMethod teardown -->
  <testcase classname="natwest.sniperai.com_Sanity_test_classes.TC001Open_Terms_Page" name="TermsPage" time="7.045"/>
  <testcase classname="natwest.sniperai.com_Sanity_test_classes.TC020_Login_RecruiterModule" name="RecruiterLogin" time="0.0">
    <skipped/>
  </testcase> <!-- RecruiterLogin -->
  <testcase classname="natwest.sniperai.com_Sanity_test_classes.TC021_JobListPage_Actions" name="JobListPageActions_Rec" time="10.289"/>
  <testcase classname="natwest.sniperai.com_Sanity_test_classes.TC022_Rec_UserCreationPage" name="OpenUserCreationPage" time="9.165"/>
  <testcase classname="natwest.sniperai.com_Sanity_test_classes.TC029_Rec_RawReport_Dowload" name="DownloadRawReport" time="9.043"/>
  <testcase classname="natwest.sniperai.com_Sanity_test_classes.TC037_Rec_SettingsPage" name="SettingsPage" time="12.913"/>
  <testcase classname="natwest.sniperai.com_Sanity_test_classes.TC039_Rec_JobSettingsPage" name="JobSettingsPage" time="10.479"/>
  <testcase classname="natwest.sniperai.com_Sanity_test_classes.TC042_Rec_ScoreReprePage" name="ScoreRepreConfig" time="8.07"/>
  <testcase classname="natwest.sniperai.com_Sanity_test_classes.TC043_Rec_VideoInterviewConfig" name="VideoInterviewConfig" time="0.0">
    <skipped/>
  </testcase> <!-- VideoInterviewConfig -->
  <testcase classname="natwest.sniperai.com_Sanity_test_classes.TC055_Rec_CandidatesPage" name="CandidatesPage" time="8.436"/>
  <testcase classname="natwest.sniperai.com_Sanity_test_classes.TC056_CadidatesPageActios" name="CandidatesPageActions" time="11.705"/>
</testsuite> <!-- Test -->
