<?xml version="1.0" encoding="UTF-8"?>
<!-- Generated by org.testng.reporters.JUnitReportReporter -->
<testsuite hostname="DESKTOP-0G0FBLN" failures="0" tests="2" name="sauceDemo.TestClass_Copy.TC002AddToCartFunctionality_Copy" time="-1732472320.000" errors="1" timestamp="2024-11-24T23:49:17 IST" skipped="1">
  <testcase classname="sauceDemo.TestClass_Copy.TC002AddToCartFunctionality_Copy" name="SetUpMethod" time="-1732472320.000">
    <error message="
Parameter &#039;browserName&#039; is required by BeforeMethod on method SetUpMethod but has not been marked @Optional or defined
in C:\Users\Shubz008\eclipse-workspace\VelocityTestNG\HighPtestng.xml" type="org.testng.TestNGException">
      <![CDATA[org.testng.TestNGException: 
Parameter 'browserName' is required by BeforeMethod on method SetUpMethod but has not been marked @Optional or defined
in C:\Users\Shubz008\eclipse-workspace\VelocityTestNG\HighPtestng.xml
at org.testng.internal.Parameters.createParams(Parameters.java:270)
at org.testng.internal.Parameters.createParametersForMethod(Parameters.java:358)
at org.testng.internal.Parameters.createParameters(Parameters.java:700)
at org.testng.internal.Parameters.createConfigurationParameters(Parameters.java:168)
at org.testng.internal.ConfigInvoker.invokeConfigurations(ConfigInvoker.java:302)
at org.testng.internal.TestInvoker.runConfigMethods(TestInvoker.java:700)
at org.testng.internal.TestInvoker.invokeMethod(TestInvoker.java:527)
at org.testng.internal.TestInvoker.invokeTestMethod(TestInvoker.java:173)
at org.testng.internal.MethodRunner.runInSequence(MethodRunner.java:46)
at org.testng.internal.TestInvoker$MethodInvocationAgent.invoke(TestInvoker.java:824)
at org.testng.internal.TestInvoker.invokeTestMethods(TestInvoker.java:146)
at org.testng.internal.TestMethodWorker.invokeTestMethods(TestMethodWorker.java:146)
at org.testng.internal.TestMethodWorker.run(TestMethodWorker.java:128)
at java.base/java.util.concurrent.ThreadPoolExecutor.runWorker(ThreadPoolExecutor.java:1128)
at java.base/java.util.concurrent.ThreadPoolExecutor$Worker.run(ThreadPoolExecutor.java:628)
at java.base/java.lang.Thread.run(Thread.java:834)
]]>
    </error>
  </testcase> <!-- SetUpMethod -->
  <system-out/>
  <testcase classname="sauceDemo.TestClass_Copy.TC002AddToCartFunctionality_Copy" name="AddProductFunctionality" time="0.000">
    <skipped/>
  </testcase> <!-- AddProductFunctionality -->
  <system-out/>
</testsuite> <!-- sauceDemo.TestClass_Copy.TC002AddToCartFunctionality_Copy -->
