<?xml version="1.0" encoding="UTF-8"?>
<!-- Generated by org.testng.reporters.JUnitReportReporter -->
<testsuite hostname="DESKTOP-0G0FBLN" failures="0" tests="4" name="VelocityTestNG1.TestNG2" time="0.066" errors="0" timestamp="2024-05-12T19:14:28 IST" skipped="0">
  <testcase classname="VelocityTestNG1.TestNG2" name="TestCase2" time="0.023"/>
  <system-out/>
  <testcase classname="VelocityTestNG1.TestNG2" name="TestCase3" time="0.017"/>
  <system-out/>
  <testcase classname="VelocityTestNG1.TestNG2" name="TestCase4" time="0.008"/>
  <system-out/>
  <testcase classname="VelocityTestNG1.TestNG2" name="TestCase1" time="0.018"/>
  <system-out/>
</testsuite> <!-- VelocityTestNG1.TestNG2 -->
