<?xml version="1.0" encoding="UTF-8"?>
<!-- Generated by org.testng.reporters.JUnitXMLReporter -->
<testsuite ignored="0" hostname="DESKTOP-0G0FBLN" failures="0" tests="16" name="Test" time="499.402" errors="0" timestamp="2024-10-07T20:24:16 IST">
  <testcase classname="aldaajanpoc.sniperai.com_Sanity_test_classes.TC001Open_Terms_Page" name="TermsPage" time="16.098"/>
  <testcase classname="aldaajanpoc.sniperai.com_Sanity_test_classes.TC020_Login_RecruiterModule" name="RecruiterLogin" time="8.728"/>
  <testcase classname="aldaajanpoc.sniperai.com_Sanity_test_classes.TC021_JobListPage_Actions" name="JobListPageActions_Rec" time="14.115"/>
  <testcase classname="aldaajanpoc.sniperai.com_Sanity_test_classes.TC022_Rec_UserCreationPage" name="OpenUserCreationPage" time="13.266"/>
  <testcase classname="aldaajanpoc.sniperai.com_Sanity_test_classes.TC029_Rec_RawReport_Dowload" name="DownloadRawReport" time="10.447"/>
  <testcase classname="aldaajanpoc.sniperai.com_Sanity_test_classes.TC037_Rec_SettingsPage" name="SettingsPage" time="9.614"/>
  <testcase classname="aldaajanpoc.sniperai.com_Sanity_test_classes.TC039_Rec_JobSettingsPage" name="JobSettingsPage" time="7.566"/>
  <testcase classname="aldaajanpoc.sniperai.com_Sanity_test_classes.TC040_Rec_JobWizardSettings" name="JobWizardSettingsPage" time="9.567"/>
  <testcase classname="aldaajanpoc.sniperai.com_Sanity_test_classes.TC041_Rec_LinkedInConfigPage" name="LinkedInConfig" time="19.682"/>
  <testcase classname="aldaajanpoc.sniperai.com_Sanity_test_classes.TC042_Rec_ScoreReprePage" name="ScoreRepreConfig" time="9.682"/>
  <testcase classname="aldaajanpoc.sniperai.com_Sanity_test_classes.TC043_Rec_VideoInterviewConfig" name="VideoInterviewConfig" time="11.473"/>
  <testcase classname="aldaajanpoc.sniperai.com_Sanity_test_classes.TC049_Rec_RsplusCofiguratiosPage" name="RSplusCofig" time="8.761"/>
  <testcase classname="aldaajanpoc.sniperai.com_Sanity_test_classes.TC050_Rec_RsplusReports" name="RSplusReports" time="9.396"/>
  <testcase classname="aldaajanpoc.sniperai.com_Sanity_test_classes.TC051_RsplusCandidates" name="RSplusCadidates" time="9.532"/>
  <testcase classname="aldaajanpoc.sniperai.com_Sanity_test_classes.TC055_Rec_CandidatesPage" name="CandidatesPage" time="9.414"/>
  <testcase classname="aldaajanpoc.sniperai.com_Sanity_test_classes.TC056_CadidatesPageActios" name="CandidatesPageActions" time="20.931"/>
</testsuite> <!-- Test -->
