<?xml version="1.0" encoding="UTF-8"?>
<!-- Generated by org.testng.reporters.JUnitXMLReporter -->
<testsuite ignored="0" hostname="DESKTOP-0G0FBLN" failures="1" tests="17" name="Test" time="420.996" errors="0" timestamp="2024-11-18T17:17:46 IST">
  <testcase classname="cbtgpreprod.sniperai.com_Sanity_test_classes.TC001Open_Terms_Page" name="TermsPage" time="11.795"/>
  <testcase classname="cbtgpreprod.sniperai.com_Sanity_test_classes.TC020_Login_RecruiterModule" name="RecruiterLogin" time="3.054"/>
  <testcase classname="cbtgpreprod.sniperai.com_Sanity_test_classes.TC021_JobListPage_Actions" name="JobListPageActions_Rec" time="23.427"/>
  <testcase classname="cbtgpreprod.sniperai.com_Sanity_test_classes.TC022_Rec_UserCreationPage" name="OpenUserCreationPage" time="15.376"/>
  <testcase classname="cbtgpreprod.sniperai.com_Sanity_test_classes.TC024_Rec_AddSupportRecruiterPage" name="OpenAddSupportRecPage" time="5.199"/>
  <testcase classname="cbtgpreprod.sniperai.com_Sanity_test_classes.TC029_Rec_RawReport_Dowload" name="DownloadRawReport" time="10.597"/>
  <testcase classname="cbtgpreprod.sniperai.com_Sanity_test_classes.TC030_Rec_ReccomdSummaryRP_Download" name="DownloadReccomdSummaryRep" time="10.321"/>
  <testcase classname="cbtgpreprod.sniperai.com_Sanity_test_classes.TC037_Rec_SettingsPage" name="SettingsPage" time="29.944"/>
  <testcase classname="cbtgpreprod.sniperai.com_Sanity_test_classes.TC039_Rec_JobSettingsPage" name="JobSettingsPage" time="9.644"/>
  <testcase classname="cbtgpreprod.sniperai.com_Sanity_test_classes.TC042_Rec_ScoreReprePage" name="ScoreRepreConfig" time="8.897"/>
  <testcase classname="cbtgpreprod.sniperai.com_Sanity_test_classes.TC044_Rec_UtilitiesSkillUpload" name="SkillUploadUtility" time="9.027"/>
  <testcase classname="cbtgpreprod.sniperai.com_Sanity_test_classes.TC045_UtilitiesSkillAffinity" name="SkillAffinityUtility" time="4.455"/>
  <testcase classname="cbtgpreprod.sniperai.com_Sanity_test_classes.TC046_Rec_UtilitiesJobRefresh" name="JobRefreshUtility" time="9.125"/>
  <testcase classname="cbtgpreprod.sniperai.com_Sanity_test_classes.TC047_Rec_UtilitiesScoreLock" name="ScoreLockUtility" time="4.389"/>
  <testcase classname="cbtgpreprod.sniperai.com_Sanity_test_classes.TC048_Rec_UtilitiesAddSupportRec" name="AddSupportRecruiterUtility" time="4.702"/>
  <testcase classname="cbtgpreprod.sniperai.com_Sanity_test_classes.TC055_Rec_CandidatesPage" name="CandidatesPage" time="6.035">
    <failure type="java.lang.AssertionError" message="Candidates page is not opened : Test case is failed">
      <![CDATA[java.lang.AssertionError: Candidates page is not opened : Test case is failed
at cbtgpreprod.sniperai.com_Sanity_test_classes.TC055_Rec_CandidatesPage.CandidatesPage(TC055_Rec_CandidatesPage.java:45)
at java.base/java.util.ArrayList.forEach(ArrayList.java:1541)
... Removed 28 stack frames]]>
    </failure>
  </testcase> <!-- CandidatesPage -->
  <testcase classname="cbtgpreprod.sniperai.com_Sanity_test_classes.TC056_CadidatesPageActios" name="CandidatesPageActions" time="16.183"/>
</testsuite> <!-- Test -->
