<?xml version="1.0" encoding="UTF-8"?>
<testng-results ignored="0" total="17" passed="17" failed="0" skipped="0">
  <reporter-output>
  </reporter-output>
  <suite started-at="2024-10-09T19:37:58 IST" name="Suite" finished-at="2024-10-09T19:46:25 IST" duration-ms="507273">
    <groups>
    </groups>
    <test started-at="2024-10-09T19:37:58 IST" name="Test" finished-at="2024-10-09T19:46:25 IST" duration-ms="507273">
      <class name="aacpoc.sniperai.com_Sanity_test_classes.TC056_CadidatesPageActios">
        <test-method is-config="true" signature="SetUp()[pri:0, instance:aacpoc.sniperai.com_Sanity_test_classes.TC056_CadidatesPageActios@69e153c5]" started-at="2024-10-09T19:45:53 IST" name="SetUp" finished-at="2024-10-09T19:46:05 IST" duration-ms="11928" status="PASS">
          <reporter-output>
          </reporter-output>
        </test-method> <!-- SetUp -->
        <test-method signature="CandidatesPageActions()[pri:0, instance:aacpoc.sniperai.com_Sanity_test_classes.TC056_CadidatesPageActios@69e153c5]" started-at="2024-10-09T19:46:05 IST" name="CandidatesPageActions" finished-at="2024-10-09T19:46:19 IST" duration-ms="14275" status="PASS">
          <reporter-output>
          </reporter-output>
        </test-method> <!-- CandidatesPageActions -->
        <test-method is-config="true" signature="teardown(org.testng.ITestResult)[pri:0, instance:aacpoc.sniperai.com_Sanity_test_classes.TC056_CadidatesPageActios@69e153c5]" started-at="2024-10-09T19:46:19 IST" name="teardown" finished-at="2024-10-09T19:46:25 IST" duration-ms="5915" status="PASS">
          <params>
            <param index="0">
              <value>
                <![CDATA[[TestResult name=CandidatesPageActions status=SUCCESS method=TC056_CadidatesPageActios.CandidatesPageActions()[pri:0, instance:aacpoc.sniperai.com_Sanity_test_classes.TC056_CadidatesPageActios@69e153c5] output={null}]]]>
              </value>
            </param>
          </params>
          <reporter-output>
          </reporter-output>
        </test-method> <!-- teardown -->
      </class> <!-- aacpoc.sniperai.com_Sanity_test_classes.TC056_CadidatesPageActios -->
      <class name="aacpoc.sniperai.com_Sanity_test_classes.TC022_Rec_UserCreationPage">
        <test-method is-config="true" signature="SetUp()[pri:0, instance:aacpoc.sniperai.com_Sanity_test_classes.TC022_Rec_UserCreationPage@2e8c1c9b]" started-at="2024-10-09T19:39:15 IST" name="SetUp" finished-at="2024-10-09T19:39:30 IST" duration-ms="14858" status="PASS">
          <reporter-output>
          </reporter-output>
        </test-method> <!-- SetUp -->
        <test-method signature="OpenUserCreationPage()[pri:0, instance:aacpoc.sniperai.com_Sanity_test_classes.TC022_Rec_UserCreationPage@2e8c1c9b]" started-at="2024-10-09T19:39:30 IST" name="OpenUserCreationPage" finished-at="2024-10-09T19:39:40 IST" duration-ms="9467" status="PASS">
          <reporter-output>
          </reporter-output>
        </test-method> <!-- OpenUserCreationPage -->
        <test-method is-config="true" signature="teardown(org.testng.ITestResult)[pri:0, instance:aacpoc.sniperai.com_Sanity_test_classes.TC022_Rec_UserCreationPage@2e8c1c9b]" started-at="2024-10-09T19:39:40 IST" name="teardown" finished-at="2024-10-09T19:39:46 IST" duration-ms="6681" status="PASS">
          <params>
            <param index="0">
              <value>
                <![CDATA[[TestResult name=OpenUserCreationPage status=SUCCESS method=TC022_Rec_UserCreationPage.OpenUserCreationPage()[pri:0, instance:aacpoc.sniperai.com_Sanity_test_classes.TC022_Rec_UserCreationPage@2e8c1c9b] output={null}]]]>
              </value>
            </param>
          </params>
          <reporter-output>
          </reporter-output>
        </test-method> <!-- teardown -->
      </class> <!-- aacpoc.sniperai.com_Sanity_test_classes.TC022_Rec_UserCreationPage -->
      <class name="aacpoc.sniperai.com_Sanity_test_classes.TC037_Rec_SettingsPage">
        <test-method is-config="true" signature="SetUp()[pri:0, instance:aacpoc.sniperai.com_Sanity_test_classes.TC037_Rec_SettingsPage@1530c739]" started-at="2024-10-09T19:40:30 IST" name="SetUp" finished-at="2024-10-09T19:40:47 IST" duration-ms="17009" status="PASS">
          <reporter-output>
          </reporter-output>
        </test-method> <!-- SetUp -->
        <test-method signature="SettingsPage()[pri:0, instance:aacpoc.sniperai.com_Sanity_test_classes.TC037_Rec_SettingsPage@1530c739]" started-at="2024-10-09T19:40:47 IST" name="SettingsPage" finished-at="2024-10-09T19:41:00 IST" duration-ms="12874" status="PASS">
          <reporter-output>
          </reporter-output>
        </test-method> <!-- SettingsPage -->
        <test-method is-config="true" signature="teardown(org.testng.ITestResult)[pri:0, instance:aacpoc.sniperai.com_Sanity_test_classes.TC037_Rec_SettingsPage@1530c739]" started-at="2024-10-09T19:41:00 IST" name="teardown" finished-at="2024-10-09T19:41:02 IST" duration-ms="2915" status="PASS">
          <params>
            <param index="0">
              <value>
                <![CDATA[[TestResult name=SettingsPage status=SUCCESS method=TC037_Rec_SettingsPage.SettingsPage()[pri:0, instance:aacpoc.sniperai.com_Sanity_test_classes.TC037_Rec_SettingsPage@1530c739] output={null}]]]>
              </value>
            </param>
          </params>
          <reporter-output>
          </reporter-output>
        </test-method> <!-- teardown -->
      </class> <!-- aacpoc.sniperai.com_Sanity_test_classes.TC037_Rec_SettingsPage -->
      <class name="aacpoc.sniperai.com_Sanity_test_classes.TC055_Rec_CandidatesPage">
        <test-method is-config="true" signature="SetUp()[pri:0, instance:aacpoc.sniperai.com_Sanity_test_classes.TC055_Rec_CandidatesPage@7674f035]" started-at="2024-10-09T19:45:25 IST" name="SetUp" finished-at="2024-10-09T19:45:35 IST" duration-ms="10167" status="PASS">
          <reporter-output>
          </reporter-output>
        </test-method> <!-- SetUp -->
        <test-method signature="CandidatesPage()[pri:0, instance:aacpoc.sniperai.com_Sanity_test_classes.TC055_Rec_CandidatesPage@7674f035]" started-at="2024-10-09T19:45:35 IST" name="CandidatesPage" finished-at="2024-10-09T19:45:47 IST" duration-ms="11926" status="PASS">
          <reporter-output>
          </reporter-output>
        </test-method> <!-- CandidatesPage -->
        <test-method is-config="true" signature="teardown(org.testng.ITestResult)[pri:0, instance:aacpoc.sniperai.com_Sanity_test_classes.TC055_Rec_CandidatesPage@7674f035]" started-at="2024-10-09T19:45:47 IST" name="teardown" finished-at="2024-10-09T19:45:53 IST" duration-ms="5905" status="PASS">
          <params>
            <param index="0">
              <value>
                <![CDATA[[TestResult name=CandidatesPage status=SUCCESS method=TC055_Rec_CandidatesPage.CandidatesPage()[pri:0, instance:aacpoc.sniperai.com_Sanity_test_classes.TC055_Rec_CandidatesPage@7674f035] output={null}]]]>
              </value>
            </param>
          </params>
          <reporter-output>
          </reporter-output>
        </test-method> <!-- teardown -->
      </class> <!-- aacpoc.sniperai.com_Sanity_test_classes.TC055_Rec_CandidatesPage -->
      <class name="aacpoc.sniperai.com_Sanity_test_classes.TC041_Rec_LinkedInConfigPage">
        <test-method is-config="true" signature="SetUp()[pri:0, instance:aacpoc.sniperai.com_Sanity_test_classes.TC041_Rec_LinkedInConfigPage@15bb5034]" started-at="2024-10-09T19:41:50 IST" name="SetUp" finished-at="2024-10-09T19:42:04 IST" duration-ms="13679" status="PASS">
          <reporter-output>
          </reporter-output>
        </test-method> <!-- SetUp -->
        <test-method signature="LinkedInConfig()[pri:0, instance:aacpoc.sniperai.com_Sanity_test_classes.TC041_Rec_LinkedInConfigPage@15bb5034]" started-at="2024-10-09T19:42:04 IST" name="LinkedInConfig" finished-at="2024-10-09T19:42:21 IST" duration-ms="16925" status="PASS">
          <reporter-output>
          </reporter-output>
        </test-method> <!-- LinkedInConfig -->
        <test-method is-config="true" signature="teardown(org.testng.ITestResult)[pri:0, instance:aacpoc.sniperai.com_Sanity_test_classes.TC041_Rec_LinkedInConfigPage@15bb5034]" started-at="2024-10-09T19:42:21 IST" name="teardown" finished-at="2024-10-09T19:42:23 IST" duration-ms="1704" status="PASS">
          <params>
            <param index="0">
              <value>
                <![CDATA[[TestResult name=LinkedInConfig status=SUCCESS method=TC041_Rec_LinkedInConfigPage.LinkedInConfig()[pri:0, instance:aacpoc.sniperai.com_Sanity_test_classes.TC041_Rec_LinkedInConfigPage@15bb5034] output={null}]]]>
              </value>
            </param>
          </params>
          <reporter-output>
          </reporter-output>
        </test-method> <!-- teardown -->
      </class> <!-- aacpoc.sniperai.com_Sanity_test_classes.TC041_Rec_LinkedInConfigPage -->
      <class name="aacpoc.sniperai.com_Sanity_test_classes.TC049_Rec_RsplusCofiguratiosPage">
        <test-method is-config="true" signature="SetUp()[pri:0, instance:aacpoc.sniperai.com_Sanity_test_classes.TC049_Rec_RsplusCofiguratiosPage@8f2ef19]" started-at="2024-10-09T19:43:24 IST" name="SetUp" finished-at="2024-10-09T19:43:45 IST" duration-ms="20678" status="PASS">
          <reporter-output>
          </reporter-output>
        </test-method> <!-- SetUp -->
        <test-method signature="RSplusCofig()[pri:0, instance:aacpoc.sniperai.com_Sanity_test_classes.TC049_Rec_RsplusCofiguratiosPage@8f2ef19]" started-at="2024-10-09T19:43:45 IST" name="RSplusCofig" finished-at="2024-10-09T19:43:54 IST" duration-ms="9595" status="PASS">
          <reporter-output>
          </reporter-output>
        </test-method> <!-- RSplusCofig -->
        <test-method is-config="true" signature="teardown(org.testng.ITestResult)[pri:0, instance:aacpoc.sniperai.com_Sanity_test_classes.TC049_Rec_RsplusCofiguratiosPage@8f2ef19]" started-at="2024-10-09T19:43:54 IST" name="teardown" finished-at="2024-10-09T19:43:56 IST" duration-ms="1908" status="PASS">
          <params>
            <param index="0">
              <value>
                <![CDATA[[TestResult name=RSplusCofig status=SUCCESS method=TC049_Rec_RsplusCofiguratiosPage.RSplusCofig()[pri:0, instance:aacpoc.sniperai.com_Sanity_test_classes.TC049_Rec_RsplusCofiguratiosPage@8f2ef19] output={null}]]]>
              </value>
            </param>
          </params>
          <reporter-output>
          </reporter-output>
        </test-method> <!-- teardown -->
      </class> <!-- aacpoc.sniperai.com_Sanity_test_classes.TC049_Rec_RsplusCofiguratiosPage -->
      <class name="aacpoc.sniperai.com_Sanity_test_classes.TC030_Rec_ReccomdSummaryRP_Download">
        <test-method is-config="true" signature="SetUp()[pri:0, instance:aacpoc.sniperai.com_Sanity_test_classes.TC030_Rec_ReccomdSummaryRP_Download@449a4f23]" started-at="2024-10-09T19:40:09 IST" name="SetUp" finished-at="2024-10-09T19:40:20 IST" duration-ms="11328" status="PASS">
          <reporter-output>
          </reporter-output>
        </test-method> <!-- SetUp -->
        <test-method signature="DownloadReccomdSummaryRep()[pri:0, instance:aacpoc.sniperai.com_Sanity_test_classes.TC030_Rec_ReccomdSummaryRP_Download@449a4f23]" started-at="2024-10-09T19:40:20 IST" name="DownloadReccomdSummaryRep" finished-at="2024-10-09T19:40:28 IST" duration-ms="7852" status="PASS">
          <reporter-output>
          </reporter-output>
        </test-method> <!-- DownloadReccomdSummaryRep -->
        <test-method is-config="true" signature="teardown(org.testng.ITestResult)[pri:0, instance:aacpoc.sniperai.com_Sanity_test_classes.TC030_Rec_ReccomdSummaryRP_Download@449a4f23]" started-at="2024-10-09T19:40:28 IST" name="teardown" finished-at="2024-10-09T19:40:30 IST" duration-ms="1717" status="PASS">
          <params>
            <param index="0">
              <value>
                <![CDATA[[TestResult name=DownloadReccomdSummaryRep status=SUCCESS method=TC030_Rec_ReccomdSummaryRP_Download.DownloadReccomdSummaryRep()[pri:0, instance:aacpoc.sniperai.com_Sanity_test_classes.TC030_Rec_ReccomdSummaryRP_Download@449a4f23] output={null}]]]>
              </value>
            </param>
          </params>
          <reporter-output>
          </reporter-output>
        </test-method> <!-- teardown -->
      </class> <!-- aacpoc.sniperai.com_Sanity_test_classes.TC030_Rec_ReccomdSummaryRP_Download -->
      <class name="aacpoc.sniperai.com_Sanity_test_classes.TC039_Rec_JobSettingsPage">
        <test-method is-config="true" signature="SetUp()[pri:0, instance:aacpoc.sniperai.com_Sanity_test_classes.TC039_Rec_JobSettingsPage@6e9175d8]" started-at="2024-10-09T19:41:02 IST" name="SetUp" finished-at="2024-10-09T19:41:13 IST" duration-ms="10805" status="PASS">
          <reporter-output>
          </reporter-output>
        </test-method> <!-- SetUp -->
        <test-method signature="JobSettingsPage()[pri:0, instance:aacpoc.sniperai.com_Sanity_test_classes.TC039_Rec_JobSettingsPage@6e9175d8]" started-at="2024-10-09T19:41:13 IST" name="JobSettingsPage" finished-at="2024-10-09T19:41:24 IST" duration-ms="10968" status="PASS">
          <reporter-output>
          </reporter-output>
        </test-method> <!-- JobSettingsPage -->
        <test-method is-config="true" signature="teardown(org.testng.ITestResult)[pri:0, instance:aacpoc.sniperai.com_Sanity_test_classes.TC039_Rec_JobSettingsPage@6e9175d8]" started-at="2024-10-09T19:41:24 IST" name="teardown" finished-at="2024-10-09T19:41:27 IST" duration-ms="2595" status="PASS">
          <params>
            <param index="0">
              <value>
                <![CDATA[[TestResult name=JobSettingsPage status=SUCCESS method=TC039_Rec_JobSettingsPage.JobSettingsPage()[pri:0, instance:aacpoc.sniperai.com_Sanity_test_classes.TC039_Rec_JobSettingsPage@6e9175d8] output={null}]]]>
              </value>
            </param>
          </params>
          <reporter-output>
          </reporter-output>
        </test-method> <!-- teardown -->
      </class> <!-- aacpoc.sniperai.com_Sanity_test_classes.TC039_Rec_JobSettingsPage -->
      <class name="aacpoc.sniperai.com_Sanity_test_classes.TC051_RsplusCandidates">
        <test-method is-config="true" signature="SetUp()[pri:0, instance:aacpoc.sniperai.com_Sanity_test_classes.TC051_RsplusCandidates@2cf3d63b]" started-at="2024-10-09T19:44:57 IST" name="SetUp" finished-at="2024-10-09T19:45:12 IST" duration-ms="14188" status="PASS">
          <reporter-output>
          </reporter-output>
        </test-method> <!-- SetUp -->
        <test-method signature="RSplusCadidates()[pri:0, instance:aacpoc.sniperai.com_Sanity_test_classes.TC051_RsplusCandidates@2cf3d63b]" started-at="2024-10-09T19:45:12 IST" name="RSplusCadidates" finished-at="2024-10-09T19:45:23 IST" duration-ms="11219" status="PASS">
          <reporter-output>
          </reporter-output>
        </test-method> <!-- RSplusCadidates -->
        <test-method is-config="true" signature="teardown(org.testng.ITestResult)[pri:0, instance:aacpoc.sniperai.com_Sanity_test_classes.TC051_RsplusCandidates@2cf3d63b]" started-at="2024-10-09T19:45:23 IST" name="teardown" finished-at="2024-10-09T19:45:25 IST" duration-ms="2430" status="PASS">
          <params>
            <param index="0">
              <value>
                <![CDATA[[TestResult name=RSplusCadidates status=SUCCESS method=TC051_RsplusCandidates.RSplusCadidates()[pri:0, instance:aacpoc.sniperai.com_Sanity_test_classes.TC051_RsplusCandidates@2cf3d63b] output={null}]]]>
              </value>
            </param>
          </params>
          <reporter-output>
          </reporter-output>
        </test-method> <!-- teardown -->
      </class> <!-- aacpoc.sniperai.com_Sanity_test_classes.TC051_RsplusCandidates -->
      <class name="aacpoc.sniperai.com_Sanity_test_classes.TC040_Rec_JobWizardSettings">
        <test-method is-config="true" signature="SetUp()[pri:0, instance:aacpoc.sniperai.com_Sanity_test_classes.TC040_Rec_JobWizardSettings@7d0b7e3c]" started-at="2024-10-09T19:41:27 IST" name="SetUp" finished-at="2024-10-09T19:41:36 IST" duration-ms="9620" status="PASS">
          <reporter-output>
          </reporter-output>
        </test-method> <!-- SetUp -->
        <test-method signature="JobWizardSettingsPage()[pri:0, instance:aacpoc.sniperai.com_Sanity_test_classes.TC040_Rec_JobWizardSettings@7d0b7e3c]" started-at="2024-10-09T19:41:36 IST" name="JobWizardSettingsPage" finished-at="2024-10-09T19:41:48 IST" duration-ms="11955" status="PASS">
          <reporter-output>
          </reporter-output>
        </test-method> <!-- JobWizardSettingsPage -->
        <test-method is-config="true" signature="teardown(org.testng.ITestResult)[pri:0, instance:aacpoc.sniperai.com_Sanity_test_classes.TC040_Rec_JobWizardSettings@7d0b7e3c]" started-at="2024-10-09T19:41:48 IST" name="teardown" finished-at="2024-10-09T19:41:50 IST" duration-ms="1969" status="PASS">
          <params>
            <param index="0">
              <value>
                <![CDATA[[TestResult name=JobWizardSettingsPage status=SUCCESS method=TC040_Rec_JobWizardSettings.JobWizardSettingsPage()[pri:0, instance:aacpoc.sniperai.com_Sanity_test_classes.TC040_Rec_JobWizardSettings@7d0b7e3c] output={null}]]]>
              </value>
            </param>
          </params>
          <reporter-output>
          </reporter-output>
        </test-method> <!-- teardown -->
      </class> <!-- aacpoc.sniperai.com_Sanity_test_classes.TC040_Rec_JobWizardSettings -->
      <class name="aacpoc.sniperai.com_Sanity_test_classes.TC020_Login_RecruiterModule">
        <test-method is-config="true" signature="SetUp()[pri:0, instance:aacpoc.sniperai.com_Sanity_test_classes.TC020_Login_RecruiterModule@6e6f2380]" started-at="2024-10-09T19:38:24 IST" name="SetUp" finished-at="2024-10-09T19:38:38 IST" duration-ms="13620" status="PASS">
          <reporter-output>
          </reporter-output>
        </test-method> <!-- SetUp -->
        <test-method signature="RecruiterLogin()[pri:0, instance:aacpoc.sniperai.com_Sanity_test_classes.TC020_Login_RecruiterModule@6e6f2380]" started-at="2024-10-09T19:38:38 IST" name="RecruiterLogin" finished-at="2024-10-09T19:38:46 IST" duration-ms="7647" status="PASS">
          <reporter-output>
          </reporter-output>
        </test-method> <!-- RecruiterLogin -->
        <test-method is-config="true" signature="teardown(org.testng.ITestResult)[pri:0, instance:aacpoc.sniperai.com_Sanity_test_classes.TC020_Login_RecruiterModule@6e6f2380]" started-at="2024-10-09T19:38:46 IST" name="teardown" finished-at="2024-10-09T19:38:50 IST" duration-ms="4698" status="PASS">
          <params>
            <param index="0">
              <value>
                <![CDATA[[TestResult name=RecruiterLogin status=SUCCESS method=TC020_Login_RecruiterModule.RecruiterLogin()[pri:0, instance:aacpoc.sniperai.com_Sanity_test_classes.TC020_Login_RecruiterModule@6e6f2380] output={null}]]]>
              </value>
            </param>
          </params>
          <reporter-output>
          </reporter-output>
        </test-method> <!-- teardown -->
      </class> <!-- aacpoc.sniperai.com_Sanity_test_classes.TC020_Login_RecruiterModule -->
      <class name="aacpoc.sniperai.com_Sanity_test_classes.TC021_JobListPage_Actions">
        <test-method is-config="true" signature="SetUp()[pri:0, instance:aacpoc.sniperai.com_Sanity_test_classes.TC021_JobListPage_Actions@76a4ebf2]" started-at="2024-10-09T19:38:50 IST" name="SetUp" finished-at="2024-10-09T19:39:00 IST" duration-ms="9457" status="PASS">
          <reporter-output>
          </reporter-output>
        </test-method> <!-- SetUp -->
        <test-method signature="JobListPageActions_Rec()[pri:0, instance:aacpoc.sniperai.com_Sanity_test_classes.TC021_JobListPage_Actions@76a4ebf2]" started-at="2024-10-09T19:39:00 IST" name="JobListPageActions_Rec" finished-at="2024-10-09T19:39:13 IST" duration-ms="13158" status="PASS">
          <reporter-output>
          </reporter-output>
        </test-method> <!-- JobListPageActions_Rec -->
        <test-method is-config="true" signature="teardown(org.testng.ITestResult)[pri:0, instance:aacpoc.sniperai.com_Sanity_test_classes.TC021_JobListPage_Actions@76a4ebf2]" started-at="2024-10-09T19:39:13 IST" name="teardown" finished-at="2024-10-09T19:39:15 IST" duration-ms="2376" status="PASS">
          <params>
            <param index="0">
              <value>
                <![CDATA[[TestResult name=JobListPageActions_Rec status=SUCCESS method=TC021_JobListPage_Actions.JobListPageActions_Rec()[pri:0, instance:aacpoc.sniperai.com_Sanity_test_classes.TC021_JobListPage_Actions@76a4ebf2] output={null}]]]>
              </value>
            </param>
          </params>
          <reporter-output>
          </reporter-output>
        </test-method> <!-- teardown -->
      </class> <!-- aacpoc.sniperai.com_Sanity_test_classes.TC021_JobListPage_Actions -->
      <class name="aacpoc.sniperai.com_Sanity_test_classes.TC029_Rec_RawReport_Dowload">
        <test-method is-config="true" signature="SetUp()[pri:0, instance:aacpoc.sniperai.com_Sanity_test_classes.TC029_Rec_RawReport_Dowload@53fe15ff]" started-at="2024-10-09T19:39:46 IST" name="SetUp" finished-at="2024-10-09T19:39:57 IST" duration-ms="11024" status="PASS">
          <reporter-output>
          </reporter-output>
        </test-method> <!-- SetUp -->
        <test-method signature="DownloadRawReport()[pri:0, instance:aacpoc.sniperai.com_Sanity_test_classes.TC029_Rec_RawReport_Dowload@53fe15ff]" started-at="2024-10-09T19:39:57 IST" name="DownloadRawReport" finished-at="2024-10-09T19:40:07 IST" duration-ms="9703" status="PASS">
          <reporter-output>
          </reporter-output>
        </test-method> <!-- DownloadRawReport -->
        <test-method is-config="true" signature="teardown(org.testng.ITestResult)[pri:0, instance:aacpoc.sniperai.com_Sanity_test_classes.TC029_Rec_RawReport_Dowload@53fe15ff]" started-at="2024-10-09T19:40:07 IST" name="teardown" finished-at="2024-10-09T19:40:09 IST" duration-ms="1728" status="PASS">
          <params>
            <param index="0">
              <value>
                <![CDATA[[TestResult name=DownloadRawReport status=SUCCESS method=TC029_Rec_RawReport_Dowload.DownloadRawReport()[pri:0, instance:aacpoc.sniperai.com_Sanity_test_classes.TC029_Rec_RawReport_Dowload@53fe15ff] output={null}]]]>
              </value>
            </param>
          </params>
          <reporter-output>
          </reporter-output>
        </test-method> <!-- teardown -->
      </class> <!-- aacpoc.sniperai.com_Sanity_test_classes.TC029_Rec_RawReport_Dowload -->
      <class name="aacpoc.sniperai.com_Sanity_test_classes.TC001Open_Terms_Page">
        <test-method is-config="true" signature="SetUp()[pri:0, instance:aacpoc.sniperai.com_Sanity_test_classes.TC001Open_Terms_Page@242b836]" started-at="2024-10-09T19:37:58 IST" name="SetUp" finished-at="2024-10-09T19:38:04 IST" duration-ms="5883" status="PASS">
          <reporter-output>
          </reporter-output>
        </test-method> <!-- SetUp -->
        <test-method signature="TermsPage()[pri:0, instance:aacpoc.sniperai.com_Sanity_test_classes.TC001Open_Terms_Page@242b836]" started-at="2024-10-09T19:38:04 IST" name="TermsPage" finished-at="2024-10-09T19:38:22 IST" duration-ms="18047" status="PASS">
          <reporter-output>
          </reporter-output>
        </test-method> <!-- TermsPage -->
        <test-method is-config="true" signature="teardown(org.testng.ITestResult)[pri:0, instance:aacpoc.sniperai.com_Sanity_test_classes.TC001Open_Terms_Page@242b836]" started-at="2024-10-09T19:38:22 IST" name="teardown" finished-at="2024-10-09T19:38:24 IST" duration-ms="2241" status="PASS">
          <params>
            <param index="0">
              <value>
                <![CDATA[[TestResult name=TermsPage status=SUCCESS method=TC001Open_Terms_Page.TermsPage()[pri:0, instance:aacpoc.sniperai.com_Sanity_test_classes.TC001Open_Terms_Page@242b836] output={null}]]]>
              </value>
            </param>
          </params>
          <reporter-output>
          </reporter-output>
        </test-method> <!-- teardown -->
      </class> <!-- aacpoc.sniperai.com_Sanity_test_classes.TC001Open_Terms_Page -->
      <class name="aacpoc.sniperai.com_Sanity_test_classes.TC050_Rec_RsplusReports">
        <test-method is-config="true" signature="SetUp()[pri:0, instance:aacpoc.sniperai.com_Sanity_test_classes.TC050_Rec_RsplusReports@470734c3]" started-at="2024-10-09T19:43:56 IST" name="SetUp" finished-at="2024-10-09T19:44:18 IST" duration-ms="21399" status="PASS">
          <reporter-output>
          </reporter-output>
        </test-method> <!-- SetUp -->
        <test-method signature="RSplusReports()[pri:0, instance:aacpoc.sniperai.com_Sanity_test_classes.TC050_Rec_RsplusReports@470734c3]" started-at="2024-10-09T19:44:18 IST" name="RSplusReports" finished-at="2024-10-09T19:44:27 IST" duration-ms="9000" status="PASS">
          <reporter-output>
          </reporter-output>
        </test-method> <!-- RSplusReports -->
        <test-method is-config="true" signature="teardown(org.testng.ITestResult)[pri:0, instance:aacpoc.sniperai.com_Sanity_test_classes.TC050_Rec_RsplusReports@470734c3]" started-at="2024-10-09T19:44:27 IST" name="teardown" finished-at="2024-10-09T19:44:57 IST" duration-ms="30792" status="PASS">
          <params>
            <param index="0">
              <value>
                <![CDATA[[TestResult name=RSplusReports status=SUCCESS method=TC050_Rec_RsplusReports.RSplusReports()[pri:0, instance:aacpoc.sniperai.com_Sanity_test_classes.TC050_Rec_RsplusReports@470734c3] output={null}]]]>
              </value>
            </param>
          </params>
          <reporter-output>
          </reporter-output>
        </test-method> <!-- teardown -->
      </class> <!-- aacpoc.sniperai.com_Sanity_test_classes.TC050_Rec_RsplusReports -->
      <class name="aacpoc.sniperai.com_Sanity_test_classes.TC043_Rec_VideoInterviewConfig">
        <test-method is-config="true" signature="SetUp()[pri:0, instance:aacpoc.sniperai.com_Sanity_test_classes.TC043_Rec_VideoInterviewConfig@2eae8e6e]" started-at="2024-10-09T19:42:48 IST" name="SetUp" finished-at="2024-10-09T19:43:09 IST" duration-ms="21429" status="PASS">
          <reporter-output>
          </reporter-output>
        </test-method> <!-- SetUp -->
        <test-method signature="VideoInterviewConfig()[pri:0, instance:aacpoc.sniperai.com_Sanity_test_classes.TC043_Rec_VideoInterviewConfig@2eae8e6e]" started-at="2024-10-09T19:43:09 IST" name="VideoInterviewConfig" finished-at="2024-10-09T19:43:21 IST" duration-ms="11845" status="PASS">
          <reporter-output>
          </reporter-output>
        </test-method> <!-- VideoInterviewConfig -->
        <test-method is-config="true" signature="teardown(org.testng.ITestResult)[pri:0, instance:aacpoc.sniperai.com_Sanity_test_classes.TC043_Rec_VideoInterviewConfig@2eae8e6e]" started-at="2024-10-09T19:43:21 IST" name="teardown" finished-at="2024-10-09T19:43:24 IST" duration-ms="2702" status="PASS">
          <params>
            <param index="0">
              <value>
                <![CDATA[[TestResult name=VideoInterviewConfig status=SUCCESS method=TC043_Rec_VideoInterviewConfig.VideoInterviewConfig()[pri:0, instance:aacpoc.sniperai.com_Sanity_test_classes.TC043_Rec_VideoInterviewConfig@2eae8e6e] output={null}]]]>
              </value>
            </param>
          </params>
          <reporter-output>
          </reporter-output>
        </test-method> <!-- teardown -->
      </class> <!-- aacpoc.sniperai.com_Sanity_test_classes.TC043_Rec_VideoInterviewConfig -->
      <class name="aacpoc.sniperai.com_Sanity_test_classes.TC042_Rec_ScoreReprePage">
        <test-method is-config="true" signature="SetUp()[pri:0, instance:aacpoc.sniperai.com_Sanity_test_classes.TC042_Rec_ScoreReprePage@4b741d6d]" started-at="2024-10-09T19:42:23 IST" name="SetUp" finished-at="2024-10-09T19:42:34 IST" duration-ms="11338" status="PASS">
          <reporter-output>
          </reporter-output>
        </test-method> <!-- SetUp -->
        <test-method signature="ScoreRepreConfig()[pri:0, instance:aacpoc.sniperai.com_Sanity_test_classes.TC042_Rec_ScoreReprePage@4b741d6d]" started-at="2024-10-09T19:42:34 IST" name="ScoreRepreConfig" finished-at="2024-10-09T19:42:46 IST" duration-ms="11962" status="PASS">
          <reporter-output>
          </reporter-output>
        </test-method> <!-- ScoreRepreConfig -->
        <test-method is-config="true" signature="teardown(org.testng.ITestResult)[pri:0, instance:aacpoc.sniperai.com_Sanity_test_classes.TC042_Rec_ScoreReprePage@4b741d6d]" started-at="2024-10-09T19:42:46 IST" name="teardown" finished-at="2024-10-09T19:42:48 IST" duration-ms="2053" status="PASS">
          <params>
            <param index="0">
              <value>
                <![CDATA[[TestResult name=ScoreRepreConfig status=SUCCESS method=TC042_Rec_ScoreReprePage.ScoreRepreConfig()[pri:0, instance:aacpoc.sniperai.com_Sanity_test_classes.TC042_Rec_ScoreReprePage@4b741d6d] output={null}]]]>
              </value>
            </param>
          </params>
          <reporter-output>
          </reporter-output>
        </test-method> <!-- teardown -->
      </class> <!-- aacpoc.sniperai.com_Sanity_test_classes.TC042_Rec_ScoreReprePage -->
    </test> <!-- Test -->
  </suite> <!-- Suite -->
</testng-results>
