<?xml version="1.0" encoding="UTF-8"?>
<testng-results ignored="0" total="28" passed="27" failed="1" skipped="0">
  <reporter-output>
  </reporter-output>
  <suite started-at="2024-09-15T23:24:19 IST" name="Suite" finished-at="2024-09-15T23:40:11 IST" duration-ms="952470">
    <groups>
    </groups>
    <test started-at="2024-09-15T23:24:19 IST" name="Test" finished-at="2024-09-15T23:40:11 IST" duration-ms="952470">
      <class name="johnclementspreprod.sniperai.com_Sanity_test_classes.TC020_Login_RecruiterModule">
        <test-method is-config="true" signature="SetUp()[pri:0, instance:johnclementspreprod.sniperai.com_Sanity_test_classes.TC020_Login_RecruiterModule@54422e18]" started-at="2024-09-15T23:29:58 IST" name="SetUp" finished-at="2024-09-15T23:30:20 IST" duration-ms="22155" status="PASS">
          <reporter-output>
          </reporter-output>
        </test-method> <!-- SetUp -->
        <test-method signature="RecruiterLogin()[pri:0, instance:johnclementspreprod.sniperai.com_Sanity_test_classes.TC020_Login_RecruiterModule@54422e18]" started-at="2024-09-15T23:30:20 IST" name="RecruiterLogin" finished-at="2024-09-15T23:30:22 IST" duration-ms="1892" status="PASS">
          <reporter-output>
          </reporter-output>
        </test-method> <!-- RecruiterLogin -->
        <test-method is-config="true" signature="teardown(org.testng.ITestResult)[pri:0, instance:johnclementspreprod.sniperai.com_Sanity_test_classes.TC020_Login_RecruiterModule@54422e18]" started-at="2024-09-15T23:30:22 IST" name="teardown" finished-at="2024-09-15T23:30:24 IST" duration-ms="2555" status="PASS">
          <params>
            <param index="0">
              <value>
                <![CDATA[[TestResult name=RecruiterLogin status=SUCCESS method=TC020_Login_RecruiterModule.RecruiterLogin()[pri:0, instance:johnclementspreprod.sniperai.com_Sanity_test_classes.TC020_Login_RecruiterModule@54422e18] output={null}]]]>
              </value>
            </param>
          </params>
          <reporter-output>
          </reporter-output>
        </test-method> <!-- teardown -->
      </class> <!-- johnclementspreprod.sniperai.com_Sanity_test_classes.TC020_Login_RecruiterModule -->
      <class name="johnclementspreprod.sniperai.com_Sanity_test_classes.TC003VerifySignUpPage">
        <test-method is-config="true" signature="SetUp()[pri:0, instance:johnclementspreprod.sniperai.com_Sanity_test_classes.TC003VerifySignUpPage@74ea2410]" started-at="2024-09-15T23:24:53 IST" name="SetUp" finished-at="2024-09-15T23:25:01 IST" duration-ms="8820" status="PASS">
          <reporter-output>
          </reporter-output>
        </test-method> <!-- SetUp -->
        <test-method signature="SignUp()[pri:0, instance:johnclementspreprod.sniperai.com_Sanity_test_classes.TC003VerifySignUpPage@74ea2410]" started-at="2024-09-15T23:25:01 IST" name="SignUp" finished-at="2024-09-15T23:25:08 IST" duration-ms="6501" status="PASS">
          <reporter-output>
          </reporter-output>
        </test-method> <!-- SignUp -->
        <test-method is-config="true" signature="teardown(org.testng.ITestResult)[pri:0, instance:johnclementspreprod.sniperai.com_Sanity_test_classes.TC003VerifySignUpPage@74ea2410]" started-at="2024-09-15T23:25:08 IST" name="teardown" finished-at="2024-09-15T23:25:11 IST" duration-ms="2593" status="PASS">
          <params>
            <param index="0">
              <value>
                <![CDATA[[TestResult name=SignUp status=SUCCESS method=TC003VerifySignUpPage.SignUp()[pri:0, instance:johnclementspreprod.sniperai.com_Sanity_test_classes.TC003VerifySignUpPage@74ea2410] output={null}]]]>
              </value>
            </param>
          </params>
          <reporter-output>
          </reporter-output>
        </test-method> <!-- teardown -->
      </class> <!-- johnclementspreprod.sniperai.com_Sanity_test_classes.TC003VerifySignUpPage -->
      <class name="johnclementspreprod.sniperai.com_Sanity_test_classes.TC019_ApplicationsPageTesting">
        <test-method is-config="true" signature="SetUp()[pri:0, instance:johnclementspreprod.sniperai.com_Sanity_test_classes.TC019_ApplicationsPageTesting@543295b0]" started-at="2024-09-15T23:29:29 IST" name="SetUp" finished-at="2024-09-15T23:29:46 IST" duration-ms="17439" status="PASS">
          <reporter-output>
          </reporter-output>
        </test-method> <!-- SetUp -->
        <test-method signature="ApplicationsPageTesting()[pri:0, instance:johnclementspreprod.sniperai.com_Sanity_test_classes.TC019_ApplicationsPageTesting@543295b0]" started-at="2024-09-15T23:29:46 IST" name="ApplicationsPageTesting" finished-at="2024-09-15T23:29:56 IST" duration-ms="9826" status="PASS">
          <reporter-output>
          </reporter-output>
        </test-method> <!-- ApplicationsPageTesting -->
        <test-method is-config="true" signature="teardown(org.testng.ITestResult)[pri:0, instance:johnclementspreprod.sniperai.com_Sanity_test_classes.TC019_ApplicationsPageTesting@543295b0]" started-at="2024-09-15T23:29:56 IST" name="teardown" finished-at="2024-09-15T23:29:58 IST" duration-ms="1989" status="PASS">
          <params>
            <param index="0">
              <value>
                <![CDATA[[TestResult name=ApplicationsPageTesting status=SUCCESS method=TC019_ApplicationsPageTesting.ApplicationsPageTesting()[pri:0, instance:johnclementspreprod.sniperai.com_Sanity_test_classes.TC019_ApplicationsPageTesting@543295b0] output={null}]]]>
              </value>
            </param>
          </params>
          <reporter-output>
          </reporter-output>
        </test-method> <!-- teardown -->
      </class> <!-- johnclementspreprod.sniperai.com_Sanity_test_classes.TC019_ApplicationsPageTesting -->
      <class name="johnclementspreprod.sniperai.com_Sanity_test_classes.TC024_Rec_AddSupportRecruiterPage">
        <test-method is-config="true" signature="SetUp()[pri:0, instance:johnclementspreprod.sniperai.com_Sanity_test_classes.TC024_Rec_AddSupportRecruiterPage@7ef82753]" started-at="2024-09-15T23:31:25 IST" name="SetUp" finished-at="2024-09-15T23:31:45 IST" duration-ms="19804" status="PASS">
          <reporter-output>
          </reporter-output>
        </test-method> <!-- SetUp -->
        <test-method signature="OpenAddSupportRecPage()[pri:0, instance:johnclementspreprod.sniperai.com_Sanity_test_classes.TC024_Rec_AddSupportRecruiterPage@7ef82753]" started-at="2024-09-15T23:31:45 IST" name="OpenAddSupportRecPage" finished-at="2024-09-15T23:31:52 IST" duration-ms="7413" status="PASS">
          <reporter-output>
          </reporter-output>
        </test-method> <!-- OpenAddSupportRecPage -->
        <test-method is-config="true" signature="teardown(org.testng.ITestResult)[pri:0, instance:johnclementspreprod.sniperai.com_Sanity_test_classes.TC024_Rec_AddSupportRecruiterPage@7ef82753]" started-at="2024-09-15T23:31:52 IST" name="teardown" finished-at="2024-09-15T23:31:55 IST" duration-ms="2554" status="PASS">
          <params>
            <param index="0">
              <value>
                <![CDATA[[TestResult name=OpenAddSupportRecPage status=SUCCESS method=TC024_Rec_AddSupportRecruiterPage.OpenAddSupportRecPage()[pri:0, instance:johnclementspreprod.sniperai.com_Sanity_test_classes.TC024_Rec_AddSupportRecruiterPage@7ef82753] output={null}]]]>
              </value>
            </param>
          </params>
          <reporter-output>
          </reporter-output>
        </test-method> <!-- teardown -->
      </class> <!-- johnclementspreprod.sniperai.com_Sanity_test_classes.TC024_Rec_AddSupportRecruiterPage -->
      <class name="johnclementspreprod.sniperai.com_Sanity_test_classes.TC046_Rec_UtilitiesJobRefresh">
        <test-method is-config="true" signature="SetUp()[pri:0, instance:johnclementspreprod.sniperai.com_Sanity_test_classes.TC046_Rec_UtilitiesJobRefresh@7161d8d1]" started-at="2024-09-15T23:37:59 IST" name="SetUp" finished-at="2024-09-15T23:38:09 IST" duration-ms="9361" status="PASS">
          <reporter-output>
          </reporter-output>
        </test-method> <!-- SetUp -->
        <test-method signature="JobRefreshUtility()[pri:0, instance:johnclementspreprod.sniperai.com_Sanity_test_classes.TC046_Rec_UtilitiesJobRefresh@7161d8d1]" started-at="2024-09-15T23:38:09 IST" name="JobRefreshUtility" finished-at="2024-09-15T23:38:23 IST" duration-ms="14536" status="PASS">
          <reporter-output>
          </reporter-output>
        </test-method> <!-- JobRefreshUtility -->
        <test-method is-config="true" signature="teardown(org.testng.ITestResult)[pri:0, instance:johnclementspreprod.sniperai.com_Sanity_test_classes.TC046_Rec_UtilitiesJobRefresh@7161d8d1]" started-at="2024-09-15T23:38:23 IST" name="teardown" finished-at="2024-09-15T23:38:25 IST" duration-ms="2040" status="PASS">
          <params>
            <param index="0">
              <value>
                <![CDATA[[TestResult name=JobRefreshUtility status=SUCCESS method=TC046_Rec_UtilitiesJobRefresh.JobRefreshUtility()[pri:0, instance:johnclementspreprod.sniperai.com_Sanity_test_classes.TC046_Rec_UtilitiesJobRefresh@7161d8d1] output={null}]]]>
              </value>
            </param>
          </params>
          <reporter-output>
          </reporter-output>
        </test-method> <!-- teardown -->
      </class> <!-- johnclementspreprod.sniperai.com_Sanity_test_classes.TC046_Rec_UtilitiesJobRefresh -->
      <class name="johnclementspreprod.sniperai.com_Sanity_test_classes.TC015_Open_contactsPage">
        <test-method is-config="true" signature="SetUp()[pri:0, instance:johnclementspreprod.sniperai.com_Sanity_test_classes.TC015_Open_contactsPage@793f29ff]" started-at="2024-09-15T23:27:16 IST" name="SetUp" finished-at="2024-09-15T23:27:24 IST" duration-ms="8610" status="PASS">
          <reporter-output>
          </reporter-output>
        </test-method> <!-- SetUp -->
        <test-method signature="OpenContactsPage()[pri:0, instance:johnclementspreprod.sniperai.com_Sanity_test_classes.TC015_Open_contactsPage@793f29ff]" started-at="2024-09-15T23:27:24 IST" name="OpenContactsPage" finished-at="2024-09-15T23:27:42 IST" duration-ms="17824" status="FAIL">
          <exception class="org.openqa.selenium.NoSuchElementException">
            <message>
              <![CDATA[no such element: Unable to locate element: {"method":"xpath","selector":"//a [text()='Contact']"}
  (Session info: chrome=128.0.6613.120)
For documentation on this error, please visit: https://www.selenium.dev/documentation/webdriver/troubleshooting/errors#no-such-element-exception
Build info: version: '4.20.0', revision: '866c76ca80'
System info: os.name: 'Windows 10', os.arch: 'amd64', os.version: '10.0', java.version: '11.0.23'
Driver info: org.openqa.selenium.chrome.ChromeDriver
Command: [4c1398791b499f1b05dbf51f8800ebb0, findElement {value=//a [text()='Contact'], using=xpath}]
Capabilities {acceptInsecureCerts: false, browserName: chrome, browserVersion: 128.0.6613.120, chrome: {chromedriverVersion: 127.0.6533.72 (9755e24ca85a..., userDataDir: C:\Users\Shubz008\AppData\L...}, fedcm:accounts: true, goog:chromeOptions: {debuggerAddress: localhost:64457}, networkConnectionEnabled: false, pageLoadStrategy: normal, platformName: windows, proxy: Proxy(), se:cdp: ws://localhost:64457/devtoo..., se:cdpVersion: 128.0.6613.120, setWindowRect: true, strictFileInteractability: false, timeouts: {implicit: 0, pageLoad: 300000, script: 30000}, unhandledPromptBehavior: dismiss and notify, webauthn:extension:credBlob: true, webauthn:extension:largeBlob: true, webauthn:extension:minPinLength: true, webauthn:extension:prf: true, webauthn:virtualAuthenticators: true}
Session ID: 4c1398791b499f1b05dbf51f8800ebb0]]>
            </message>
            <full-stacktrace>
              <![CDATA[org.openqa.selenium.NoSuchElementException: no such element: Unable to locate element: {"method":"xpath","selector":"//a [text()='Contact']"}
  (Session info: chrome=128.0.6613.120)
For documentation on this error, please visit: https://www.selenium.dev/documentation/webdriver/troubleshooting/errors#no-such-element-exception
Build info: version: '4.20.0', revision: '866c76ca80'
System info: os.name: 'Windows 10', os.arch: 'amd64', os.version: '10.0', java.version: '11.0.23'
Driver info: org.openqa.selenium.chrome.ChromeDriver
Command: [4c1398791b499f1b05dbf51f8800ebb0, findElement {value=//a [text()='Contact'], using=xpath}]
Capabilities {acceptInsecureCerts: false, browserName: chrome, browserVersion: 128.0.6613.120, chrome: {chromedriverVersion: 127.0.6533.72 (9755e24ca85a..., userDataDir: C:\Users\Shubz008\AppData\L...}, fedcm:accounts: true, goog:chromeOptions: {debuggerAddress: localhost:64457}, networkConnectionEnabled: false, pageLoadStrategy: normal, platformName: windows, proxy: Proxy(), se:cdp: ws://localhost:64457/devtoo..., se:cdpVersion: 128.0.6613.120, setWindowRect: true, strictFileInteractability: false, timeouts: {implicit: 0, pageLoad: 300000, script: 30000}, unhandledPromptBehavior: dismiss and notify, webauthn:extension:credBlob: true, webauthn:extension:largeBlob: true, webauthn:extension:minPinLength: true, webauthn:extension:prf: true, webauthn:virtualAuthenticators: true}
Session ID: 4c1398791b499f1b05dbf51f8800ebb0
at java.base/jdk.internal.reflect.NativeConstructorAccessorImpl.newInstance0(Native Method)
at java.base/jdk.internal.reflect.NativeConstructorAccessorImpl.newInstance(NativeConstructorAccessorImpl.java:62)
at java.base/jdk.internal.reflect.DelegatingConstructorAccessorImpl.newInstance(DelegatingConstructorAccessorImpl.java:45)
at java.base/java.lang.reflect.Constructor.newInstance(Constructor.java:490)
at org.openqa.selenium.remote.ErrorCodec.decode(ErrorCodec.java:167)
at org.openqa.selenium.remote.codec.w3c.W3CHttpResponseCodec.decode(W3CHttpResponseCodec.java:138)
at org.openqa.selenium.remote.codec.w3c.W3CHttpResponseCodec.decode(W3CHttpResponseCodec.java:50)
at org.openqa.selenium.remote.HttpCommandExecutor.execute(HttpCommandExecutor.java:190)
at org.openqa.selenium.remote.service.DriverCommandExecutor.invokeExecute(DriverCommandExecutor.java:216)
at org.openqa.selenium.remote.service.DriverCommandExecutor.execute(DriverCommandExecutor.java:174)
at org.openqa.selenium.remote.RemoteWebDriver.execute(RemoteWebDriver.java:518)
at org.openqa.selenium.remote.ElementLocation$ElementFinder$2.findElement(ElementLocation.java:165)
at org.openqa.selenium.remote.ElementLocation.findElement(ElementLocation.java:59)
at org.openqa.selenium.remote.RemoteWebDriver.findElement(RemoteWebDriver.java:355)
at org.openqa.selenium.remote.RemoteWebDriver.findElement(RemoteWebDriver.java:349)
at org.openqa.selenium.support.pagefactory.DefaultElementLocator.findElement(DefaultElementLocator.java:68)
at org.openqa.selenium.support.pagefactory.internal.LocatingElementHandler.invoke(LocatingElementHandler.java:38)
at com.sun.proxy.$Proxy13.click(Unknown Source)
at dev_preprod_CanMod_POM_classes.Can_DashboardPage.Contact(Can_DashboardPage.java:114)
at johnclementspreprod.sniperai.com_Sanity_test_classes.TC015_Open_contactsPage.OpenContactsPage(TC015_Open_contactsPage.java:19)
at java.base/jdk.internal.reflect.NativeMethodAccessorImpl.invoke0(Native Method)
at java.base/jdk.internal.reflect.NativeMethodAccessorImpl.invoke(NativeMethodAccessorImpl.java:62)
at java.base/jdk.internal.reflect.DelegatingMethodAccessorImpl.invoke(DelegatingMethodAccessorImpl.java:43)
at java.base/java.lang.reflect.Method.invoke(Method.java:566)
at org.testng.internal.MethodInvocationHelper.invokeMethod(MethodInvocationHelper.java:133)
at org.testng.internal.TestInvoker.invokeMethod(TestInvoker.java:598)
at org.testng.internal.TestInvoker.invokeTestMethod(TestInvoker.java:173)
at org.testng.internal.MethodRunner.runInSequence(MethodRunner.java:46)
at org.testng.internal.TestInvoker$MethodInvocationAgent.invoke(TestInvoker.java:824)
at org.testng.internal.TestInvoker.invokeTestMethods(TestInvoker.java:146)
at org.testng.internal.TestMethodWorker.invokeTestMethods(TestMethodWorker.java:146)
at org.testng.internal.TestMethodWorker.run(TestMethodWorker.java:128)
at java.base/java.util.ArrayList.forEach(ArrayList.java:1541)
at org.testng.TestRunner.privateRun(TestRunner.java:794)
at org.testng.TestRunner.run(TestRunner.java:596)
at org.testng.SuiteRunner.runTest(SuiteRunner.java:377)
at org.testng.SuiteRunner.runSequentially(SuiteRunner.java:371)
at org.testng.SuiteRunner.privateRun(SuiteRunner.java:332)
at org.testng.SuiteRunner.run(SuiteRunner.java:276)
at org.testng.SuiteRunnerWorker.runSuite(SuiteRunnerWorker.java:53)
at org.testng.SuiteRunnerWorker.run(SuiteRunnerWorker.java:96)
at org.testng.TestNG.runSuitesSequentially(TestNG.java:1212)
at org.testng.TestNG.runSuitesLocally(TestNG.java:1134)
at org.testng.TestNG.runSuites(TestNG.java:1063)
at org.testng.TestNG.run(TestNG.java:1031)
at org.testng.remote.AbstractRemoteTestNG.run(AbstractRemoteTestNG.java:115)
at org.testng.remote.RemoteTestNG.initAndRun(RemoteTestNG.java:293)
at org.testng.remote.RemoteTestNG.main(RemoteTestNG.java:91)
]]>
            </full-stacktrace>
          </exception> <!-- org.openqa.selenium.NoSuchElementException -->
          <reporter-output>
          </reporter-output>
        </test-method> <!-- OpenContactsPage -->
        <test-method is-config="true" signature="teardown(org.testng.ITestResult)[pri:0, instance:johnclementspreprod.sniperai.com_Sanity_test_classes.TC015_Open_contactsPage@793f29ff]" started-at="2024-09-15T23:27:42 IST" name="teardown" finished-at="2024-09-15T23:27:44 IST" duration-ms="2173" status="PASS">
          <params>
            <param index="0">
              <value>
                <![CDATA[[TestResult name=OpenContactsPage status=FAILURE method=TC015_Open_contactsPage.OpenContactsPage()[pri:0, instance:johnclementspreprod.sniperai.com_Sanity_test_classes.TC015_Open_contactsPage@793f29ff] output={null}]]]>
              </value>
            </param>
          </params>
          <reporter-output>
          </reporter-output>
        </test-method> <!-- teardown -->
      </class> <!-- johnclementspreprod.sniperai.com_Sanity_test_classes.TC015_Open_contactsPage -->
      <class name="johnclementspreprod.sniperai.com_Sanity_test_classes.TC042_Rec_ScoreReprePage">
        <test-method is-config="true" signature="SetUp()[pri:0, instance:johnclementspreprod.sniperai.com_Sanity_test_classes.TC042_Rec_ScoreReprePage@2034b64c]" started-at="2024-09-15T23:36:53 IST" name="SetUp" finished-at="2024-09-15T23:37:05 IST" duration-ms="11846" status="PASS">
          <reporter-output>
          </reporter-output>
        </test-method> <!-- SetUp -->
        <test-method signature="ScoreRepreConfig()[pri:0, instance:johnclementspreprod.sniperai.com_Sanity_test_classes.TC042_Rec_ScoreReprePage@2034b64c]" started-at="2024-09-15T23:37:05 IST" name="ScoreRepreConfig" finished-at="2024-09-15T23:37:13 IST" duration-ms="8589" status="PASS">
          <reporter-output>
          </reporter-output>
        </test-method> <!-- ScoreRepreConfig -->
        <test-method is-config="true" signature="teardown(org.testng.ITestResult)[pri:0, instance:johnclementspreprod.sniperai.com_Sanity_test_classes.TC042_Rec_ScoreReprePage@2034b64c]" started-at="2024-09-15T23:37:13 IST" name="teardown" finished-at="2024-09-15T23:37:16 IST" duration-ms="2395" status="PASS">
          <params>
            <param index="0">
              <value>
                <![CDATA[[TestResult name=ScoreRepreConfig status=SUCCESS method=TC042_Rec_ScoreReprePage.ScoreRepreConfig()[pri:0, instance:johnclementspreprod.sniperai.com_Sanity_test_classes.TC042_Rec_ScoreReprePage@2034b64c] output={null}]]]>
              </value>
            </param>
          </params>
          <reporter-output>
          </reporter-output>
        </test-method> <!-- teardown -->
      </class> <!-- johnclementspreprod.sniperai.com_Sanity_test_classes.TC042_Rec_ScoreReprePage -->
      <class name="johnclementspreprod.sniperai.com_Sanity_test_classes.TC048_Rec_UtilitiesAddSupportRec">
        <test-method is-config="true" signature="SetUp()[pri:0, instance:johnclementspreprod.sniperai.com_Sanity_test_classes.TC048_Rec_UtilitiesAddSupportRec@1cf6d1be]" started-at="2024-09-15T23:38:49 IST" name="SetUp" finished-at="2024-09-15T23:39:06 IST" duration-ms="17389" status="PASS">
          <reporter-output>
          </reporter-output>
        </test-method> <!-- SetUp -->
        <test-method signature="AddSupportRecruiterUtility()[pri:0, instance:johnclementspreprod.sniperai.com_Sanity_test_classes.TC048_Rec_UtilitiesAddSupportRec@1cf6d1be]" started-at="2024-09-15T23:39:06 IST" name="AddSupportRecruiterUtility" finished-at="2024-09-15T23:39:09 IST" duration-ms="3325" status="PASS">
          <reporter-output>
          </reporter-output>
        </test-method> <!-- AddSupportRecruiterUtility -->
        <test-method is-config="true" signature="teardown(org.testng.ITestResult)[pri:0, instance:johnclementspreprod.sniperai.com_Sanity_test_classes.TC048_Rec_UtilitiesAddSupportRec@1cf6d1be]" started-at="2024-09-15T23:39:09 IST" name="teardown" finished-at="2024-09-15T23:39:13 IST" duration-ms="3464" status="PASS">
          <params>
            <param index="0">
              <value>
                <![CDATA[[TestResult name=AddSupportRecruiterUtility status=SUCCESS method=TC048_Rec_UtilitiesAddSupportRec.AddSupportRecruiterUtility()[pri:0, instance:johnclementspreprod.sniperai.com_Sanity_test_classes.TC048_Rec_UtilitiesAddSupportRec@1cf6d1be] output={null}]]]>
              </value>
            </param>
          </params>
          <reporter-output>
          </reporter-output>
        </test-method> <!-- teardown -->
      </class> <!-- johnclementspreprod.sniperai.com_Sanity_test_classes.TC048_Rec_UtilitiesAddSupportRec -->
      <class name="johnclementspreprod.sniperai.com_Sanity_test_classes.TC026_Req_BotCandidatePage">
        <test-method is-config="true" signature="SetUp()[pri:0, instance:johnclementspreprod.sniperai.com_Sanity_test_classes.TC026_Req_BotCandidatePage@3b0fe47a]" started-at="2024-09-15T23:31:55 IST" name="SetUp" finished-at="2024-09-15T23:32:03 IST" duration-ms="8022" status="PASS">
          <reporter-output>
          </reporter-output>
        </test-method> <!-- SetUp -->
        <test-method signature="OpenBotCandidatesPage()[pri:0, instance:johnclementspreprod.sniperai.com_Sanity_test_classes.TC026_Req_BotCandidatePage@3b0fe47a]" started-at="2024-09-15T23:32:03 IST" name="OpenBotCandidatesPage" finished-at="2024-09-15T23:32:17 IST" duration-ms="14210" status="PASS">
          <reporter-output>
          </reporter-output>
        </test-method> <!-- OpenBotCandidatesPage -->
        <test-method is-config="true" signature="teardown(org.testng.ITestResult)[pri:0, instance:johnclementspreprod.sniperai.com_Sanity_test_classes.TC026_Req_BotCandidatePage@3b0fe47a]" started-at="2024-09-15T23:32:17 IST" name="teardown" finished-at="2024-09-15T23:32:20 IST" duration-ms="2617" status="PASS">
          <params>
            <param index="0">
              <value>
                <![CDATA[[TestResult name=OpenBotCandidatesPage status=SUCCESS method=TC026_Req_BotCandidatePage.OpenBotCandidatesPage()[pri:0, instance:johnclementspreprod.sniperai.com_Sanity_test_classes.TC026_Req_BotCandidatePage@3b0fe47a] output={null}]]]>
              </value>
            </param>
          </params>
          <reporter-output>
          </reporter-output>
        </test-method> <!-- teardown -->
      </class> <!-- johnclementspreprod.sniperai.com_Sanity_test_classes.TC026_Req_BotCandidatePage -->
      <class name="johnclementspreprod.sniperai.com_Sanity_test_classes.TC030_Rec_ReccomdSummaryRP_Download">
        <test-method is-config="true" signature="SetUp()[pri:0, instance:johnclementspreprod.sniperai.com_Sanity_test_classes.TC030_Rec_ReccomdSummaryRP_Download@235ecd9f]" started-at="2024-09-15T23:35:44 IST" name="SetUp" finished-at="2024-09-15T23:35:54 IST" duration-ms="10728" status="PASS">
          <reporter-output>
          </reporter-output>
        </test-method> <!-- SetUp -->
        <test-method signature="DownloadReccomdSummaryRep()[pri:0, instance:johnclementspreprod.sniperai.com_Sanity_test_classes.TC030_Rec_ReccomdSummaryRP_Download@235ecd9f]" started-at="2024-09-15T23:35:54 IST" name="DownloadReccomdSummaryRep" finished-at="2024-09-15T23:36:03 IST" duration-ms="8925" status="PASS">
          <reporter-output>
          </reporter-output>
        </test-method> <!-- DownloadReccomdSummaryRep -->
        <test-method is-config="true" signature="teardown(org.testng.ITestResult)[pri:0, instance:johnclementspreprod.sniperai.com_Sanity_test_classes.TC030_Rec_ReccomdSummaryRP_Download@235ecd9f]" started-at="2024-09-15T23:36:03 IST" name="teardown" finished-at="2024-09-15T23:36:05 IST" duration-ms="1993" status="PASS">
          <params>
            <param index="0">
              <value>
                <![CDATA[[TestResult name=DownloadReccomdSummaryRep status=SUCCESS method=TC030_Rec_ReccomdSummaryRP_Download.DownloadReccomdSummaryRep()[pri:0, instance:johnclementspreprod.sniperai.com_Sanity_test_classes.TC030_Rec_ReccomdSummaryRP_Download@235ecd9f] output={null}]]]>
              </value>
            </param>
          </params>
          <reporter-output>
          </reporter-output>
        </test-method> <!-- teardown -->
      </class> <!-- johnclementspreprod.sniperai.com_Sanity_test_classes.TC030_Rec_ReccomdSummaryRP_Download -->
      <class name="johnclementspreprod.sniperai.com_Sanity_test_classes.TC014_Can_Change_Password">
        <test-method is-config="true" signature="SetUp()[pri:0, instance:johnclementspreprod.sniperai.com_Sanity_test_classes.TC014_Can_Change_Password@2af004b]" started-at="2024-09-15T23:26:51 IST" name="SetUp" finished-at="2024-09-15T23:27:03 IST" duration-ms="11919" status="PASS">
          <reporter-output>
          </reporter-output>
        </test-method> <!-- SetUp -->
        <test-method signature="ChangePassword()[pri:0, instance:johnclementspreprod.sniperai.com_Sanity_test_classes.TC014_Can_Change_Password@2af004b]" started-at="2024-09-15T23:27:03 IST" name="ChangePassword" finished-at="2024-09-15T23:27:14 IST" duration-ms="10802" status="PASS">
          <reporter-output>
          </reporter-output>
        </test-method> <!-- ChangePassword -->
        <test-method is-config="true" signature="teardown(org.testng.ITestResult)[pri:0, instance:johnclementspreprod.sniperai.com_Sanity_test_classes.TC014_Can_Change_Password@2af004b]" started-at="2024-09-15T23:27:14 IST" name="teardown" finished-at="2024-09-15T23:27:16 IST" duration-ms="2053" status="PASS">
          <params>
            <param index="0">
              <value>
                <![CDATA[[TestResult name=ChangePassword status=SUCCESS method=TC014_Can_Change_Password.ChangePassword()[pri:0, instance:johnclementspreprod.sniperai.com_Sanity_test_classes.TC014_Can_Change_Password@2af004b] output={null}]]]>
              </value>
            </param>
          </params>
          <reporter-output>
          </reporter-output>
        </test-method> <!-- teardown -->
      </class> <!-- johnclementspreprod.sniperai.com_Sanity_test_classes.TC014_Can_Change_Password -->
      <class name="johnclementspreprod.sniperai.com_Sanity_test_classes.TC021_JobListPage_Actions">
        <test-method is-config="true" signature="SetUp()[pri:0, instance:johnclementspreprod.sniperai.com_Sanity_test_classes.TC021_JobListPage_Actions@117159c0]" started-at="2024-09-15T23:30:24 IST" name="SetUp" finished-at="2024-09-15T23:30:35 IST" duration-ms="10891" status="PASS">
          <reporter-output>
          </reporter-output>
        </test-method> <!-- SetUp -->
        <test-method signature="JobListPageActions_Rec()[pri:0, instance:johnclementspreprod.sniperai.com_Sanity_test_classes.TC021_JobListPage_Actions@117159c0]" started-at="2024-09-15T23:30:35 IST" name="JobListPageActions_Rec" finished-at="2024-09-15T23:30:55 IST" duration-ms="19913" status="PASS">
          <reporter-output>
          </reporter-output>
        </test-method> <!-- JobListPageActions_Rec -->
        <test-method is-config="true" signature="teardown(org.testng.ITestResult)[pri:0, instance:johnclementspreprod.sniperai.com_Sanity_test_classes.TC021_JobListPage_Actions@117159c0]" started-at="2024-09-15T23:30:55 IST" name="teardown" finished-at="2024-09-15T23:31:01 IST" duration-ms="5946" status="PASS">
          <params>
            <param index="0">
              <value>
                <![CDATA[[TestResult name=JobListPageActions_Rec status=SUCCESS method=TC021_JobListPage_Actions.JobListPageActions_Rec()[pri:0, instance:johnclementspreprod.sniperai.com_Sanity_test_classes.TC021_JobListPage_Actions@117159c0] output={null}]]]>
              </value>
            </param>
          </params>
          <reporter-output>
          </reporter-output>
        </test-method> <!-- teardown -->
      </class> <!-- johnclementspreprod.sniperai.com_Sanity_test_classes.TC021_JobListPage_Actions -->
      <class name="johnclementspreprod.sniperai.com_Sanity_test_classes.TC022_Rec_UserCreationPage">
        <test-method is-config="true" signature="SetUp()[pri:0, instance:johnclementspreprod.sniperai.com_Sanity_test_classes.TC022_Rec_UserCreationPage@3e27ba32]" started-at="2024-09-15T23:31:01 IST" name="SetUp" finished-at="2024-09-15T23:31:10 IST" duration-ms="8734" status="PASS">
          <reporter-output>
          </reporter-output>
        </test-method> <!-- SetUp -->
        <test-method signature="OpenUserCreationPage()[pri:0, instance:johnclementspreprod.sniperai.com_Sanity_test_classes.TC022_Rec_UserCreationPage@3e27ba32]" started-at="2024-09-15T23:31:10 IST" name="OpenUserCreationPage" finished-at="2024-09-15T23:31:23 IST" duration-ms="13123" status="PASS">
          <reporter-output>
          </reporter-output>
        </test-method> <!-- OpenUserCreationPage -->
        <test-method is-config="true" signature="teardown(org.testng.ITestResult)[pri:0, instance:johnclementspreprod.sniperai.com_Sanity_test_classes.TC022_Rec_UserCreationPage@3e27ba32]" started-at="2024-09-15T23:31:23 IST" name="teardown" finished-at="2024-09-15T23:31:25 IST" duration-ms="2134" status="PASS">
          <params>
            <param index="0">
              <value>
                <![CDATA[[TestResult name=OpenUserCreationPage status=SUCCESS method=TC022_Rec_UserCreationPage.OpenUserCreationPage()[pri:0, instance:johnclementspreprod.sniperai.com_Sanity_test_classes.TC022_Rec_UserCreationPage@3e27ba32] output={null}]]]>
              </value>
            </param>
          </params>
          <reporter-output>
          </reporter-output>
        </test-method> <!-- teardown -->
      </class> <!-- johnclementspreprod.sniperai.com_Sanity_test_classes.TC022_Rec_UserCreationPage -->
      <class name="johnclementspreprod.sniperai.com_Sanity_test_classes.TC034_Rec_ChatotHistReport_Download">
        <test-method is-config="true" signature="SetUp()[pri:0, instance:johnclementspreprod.sniperai.com_Sanity_test_classes.TC034_Rec_ChatotHistReport_Download@1ca3b418]" started-at="2024-09-15T23:36:05 IST" name="SetUp" finished-at="2024-09-15T23:36:16 IST" duration-ms="10730" status="PASS">
          <reporter-output>
          </reporter-output>
        </test-method> <!-- SetUp -->
        <test-method signature="ChatotHistoryReport()[pri:0, instance:johnclementspreprod.sniperai.com_Sanity_test_classes.TC034_Rec_ChatotHistReport_Download@1ca3b418]" started-at="2024-09-15T23:36:16 IST" name="ChatotHistoryReport" finished-at="2024-09-15T23:36:28 IST" duration-ms="11669" status="PASS">
          <reporter-output>
          </reporter-output>
        </test-method> <!-- ChatotHistoryReport -->
        <test-method is-config="true" signature="teardown(org.testng.ITestResult)[pri:0, instance:johnclementspreprod.sniperai.com_Sanity_test_classes.TC034_Rec_ChatotHistReport_Download@1ca3b418]" started-at="2024-09-15T23:36:28 IST" name="teardown" finished-at="2024-09-15T23:36:29 IST" duration-ms="1724" status="PASS">
          <params>
            <param index="0">
              <value>
                <![CDATA[[TestResult name=ChatotHistoryReport status=SUCCESS method=TC034_Rec_ChatotHistReport_Download.ChatotHistoryReport()[pri:0, instance:johnclementspreprod.sniperai.com_Sanity_test_classes.TC034_Rec_ChatotHistReport_Download@1ca3b418] output={null}]]]>
              </value>
            </param>
          </params>
          <reporter-output>
          </reporter-output>
        </test-method> <!-- teardown -->
      </class> <!-- johnclementspreprod.sniperai.com_Sanity_test_classes.TC034_Rec_ChatotHistReport_Download -->
      <class name="johnclementspreprod.sniperai.com_Sanity_test_classes.TC011_Login_Candidate_Module">
        <test-method is-config="true" signature="SetUp()[pri:0, instance:johnclementspreprod.sniperai.com_Sanity_test_classes.TC011_Login_Candidate_Module@17f62e33]" started-at="2024-09-15T23:25:11 IST" name="SetUp" finished-at="2024-09-15T23:25:44 IST" duration-ms="33753" status="PASS">
          <reporter-output>
          </reporter-output>
        </test-method> <!-- SetUp -->
        <test-method signature="CandidateLogin()[pri:0, instance:johnclementspreprod.sniperai.com_Sanity_test_classes.TC011_Login_Candidate_Module@17f62e33]" started-at="2024-09-15T23:25:44 IST" name="CandidateLogin" finished-at="2024-09-15T23:25:47 IST" duration-ms="2291" status="PASS">
          <reporter-output>
          </reporter-output>
        </test-method> <!-- CandidateLogin -->
        <test-method is-config="true" signature="teardown(org.testng.ITestResult)[pri:0, instance:johnclementspreprod.sniperai.com_Sanity_test_classes.TC011_Login_Candidate_Module@17f62e33]" started-at="2024-09-15T23:25:47 IST" name="teardown" finished-at="2024-09-15T23:25:51 IST" duration-ms="4380" status="PASS">
          <params>
            <param index="0">
              <value>
                <![CDATA[[TestResult name=CandidateLogin status=SUCCESS method=TC011_Login_Candidate_Module.CandidateLogin()[pri:0, instance:johnclementspreprod.sniperai.com_Sanity_test_classes.TC011_Login_Candidate_Module@17f62e33] output={null}]]]>
              </value>
            </param>
          </params>
          <reporter-output>
          </reporter-output>
        </test-method> <!-- teardown -->
      </class> <!-- johnclementspreprod.sniperai.com_Sanity_test_classes.TC011_Login_Candidate_Module -->
      <class name="johnclementspreprod.sniperai.com_Sanity_test_classes.TC045_UtilitiesSkillAffinity">
        <test-method is-config="true" signature="SetUp()[pri:0, instance:johnclementspreprod.sniperai.com_Sanity_test_classes.TC045_UtilitiesSkillAffinity@74d1dc36]" started-at="2024-09-15T23:37:34 IST" name="SetUp" finished-at="2024-09-15T23:37:54 IST" duration-ms="19680" status="PASS">
          <reporter-output>
          </reporter-output>
        </test-method> <!-- SetUp -->
        <test-method signature="SkillAffinityUtility()[pri:0, instance:johnclementspreprod.sniperai.com_Sanity_test_classes.TC045_UtilitiesSkillAffinity@74d1dc36]" started-at="2024-09-15T23:37:54 IST" name="SkillAffinityUtility" finished-at="2024-09-15T23:37:57 IST" duration-ms="2960" status="PASS">
          <reporter-output>
          </reporter-output>
        </test-method> <!-- SkillAffinityUtility -->
        <test-method is-config="true" signature="teardown(org.testng.ITestResult)[pri:0, instance:johnclementspreprod.sniperai.com_Sanity_test_classes.TC045_UtilitiesSkillAffinity@74d1dc36]" started-at="2024-09-15T23:37:57 IST" name="teardown" finished-at="2024-09-15T23:37:59 IST" duration-ms="2412" status="PASS">
          <params>
            <param index="0">
              <value>
                <![CDATA[[TestResult name=SkillAffinityUtility status=SUCCESS method=TC045_UtilitiesSkillAffinity.SkillAffinityUtility()[pri:0, instance:johnclementspreprod.sniperai.com_Sanity_test_classes.TC045_UtilitiesSkillAffinity@74d1dc36] output={null}]]]>
              </value>
            </param>
          </params>
          <reporter-output>
          </reporter-output>
        </test-method> <!-- teardown -->
      </class> <!-- johnclementspreprod.sniperai.com_Sanity_test_classes.TC045_UtilitiesSkillAffinity -->
      <class name="johnclementspreprod.sniperai.com_Sanity_test_classes.TC056_CadidatesPageActios">
        <test-method is-config="true" signature="SetUp()[pri:0, instance:johnclementspreprod.sniperai.com_Sanity_test_classes.TC056_CadidatesPageActios@19e4653c]" started-at="2024-09-15T23:39:36 IST" name="SetUp" finished-at="2024-09-15T23:39:45 IST" duration-ms="9420" status="PASS">
          <reporter-output>
          </reporter-output>
        </test-method> <!-- SetUp -->
        <test-method signature="CandidatesPageActions()[pri:0, instance:johnclementspreprod.sniperai.com_Sanity_test_classes.TC056_CadidatesPageActios@19e4653c]" started-at="2024-09-15T23:39:45 IST" name="CandidatesPageActions" finished-at="2024-09-15T23:40:08 IST" duration-ms="23397" status="PASS">
          <reporter-output>
          </reporter-output>
        </test-method> <!-- CandidatesPageActions -->
        <test-method is-config="true" signature="teardown(org.testng.ITestResult)[pri:0, instance:johnclementspreprod.sniperai.com_Sanity_test_classes.TC056_CadidatesPageActios@19e4653c]" started-at="2024-09-15T23:40:08 IST" name="teardown" finished-at="2024-09-15T23:40:11 IST" duration-ms="2756" status="PASS">
          <params>
            <param index="0">
              <value>
                <![CDATA[[TestResult name=CandidatesPageActions status=SUCCESS method=TC056_CadidatesPageActios.CandidatesPageActions()[pri:0, instance:johnclementspreprod.sniperai.com_Sanity_test_classes.TC056_CadidatesPageActios@19e4653c] output={null}]]]>
              </value>
            </param>
          </params>
          <reporter-output>
          </reporter-output>
        </test-method> <!-- teardown -->
      </class> <!-- johnclementspreprod.sniperai.com_Sanity_test_classes.TC056_CadidatesPageActios -->
      <class name="johnclementspreprod.sniperai.com_Sanity_test_classes.TC029_Rec_RawReport_Dowload">
        <test-method is-config="true" signature="SetUp()[pri:0, instance:johnclementspreprod.sniperai.com_Sanity_test_classes.TC029_Rec_RawReport_Dowload@202b0582]" started-at="2024-09-15T23:32:20 IST" name="SetUp" finished-at="2024-09-15T23:32:40 IST" duration-ms="19850" status="PASS">
          <reporter-output>
          </reporter-output>
        </test-method> <!-- SetUp -->
        <test-method signature="DownloadRawReport()[pri:0, instance:johnclementspreprod.sniperai.com_Sanity_test_classes.TC029_Rec_RawReport_Dowload@202b0582]" started-at="2024-09-15T23:32:40 IST" name="DownloadRawReport" finished-at="2024-09-15T23:35:34 IST" duration-ms="174705" status="PASS">
          <reporter-output>
          </reporter-output>
        </test-method> <!-- DownloadRawReport -->
        <test-method is-config="true" signature="teardown(org.testng.ITestResult)[pri:0, instance:johnclementspreprod.sniperai.com_Sanity_test_classes.TC029_Rec_RawReport_Dowload@202b0582]" started-at="2024-09-15T23:35:34 IST" name="teardown" finished-at="2024-09-15T23:35:44 IST" duration-ms="9276" status="PASS">
          <params>
            <param index="0">
              <value>
                <![CDATA[[TestResult name=DownloadRawReport status=SUCCESS method=TC029_Rec_RawReport_Dowload.DownloadRawReport()[pri:0, instance:johnclementspreprod.sniperai.com_Sanity_test_classes.TC029_Rec_RawReport_Dowload@202b0582] output={null}]]]>
              </value>
            </param>
          </params>
          <reporter-output>
          </reporter-output>
        </test-method> <!-- teardown -->
      </class> <!-- johnclementspreprod.sniperai.com_Sanity_test_classes.TC029_Rec_RawReport_Dowload -->
      <class name="johnclementspreprod.sniperai.com_Sanity_test_classes.TC044_Rec_UtilitiesSkillUpload">
        <test-method is-config="true" signature="SetUp()[pri:0, instance:johnclementspreprod.sniperai.com_Sanity_test_classes.TC044_Rec_UtilitiesSkillUpload@75d3a5e0]" started-at="2024-09-15T23:37:16 IST" name="SetUp" finished-at="2024-09-15T23:37:25 IST" duration-ms="9129" status="PASS">
          <reporter-output>
          </reporter-output>
        </test-method> <!-- SetUp -->
        <test-method signature="SkillUploadUtility()[pri:0, instance:johnclementspreprod.sniperai.com_Sanity_test_classes.TC044_Rec_UtilitiesSkillUpload@75d3a5e0]" started-at="2024-09-15T23:37:25 IST" name="SkillUploadUtility" finished-at="2024-09-15T23:37:32 IST" duration-ms="7458" status="PASS">
          <reporter-output>
          </reporter-output>
        </test-method> <!-- SkillUploadUtility -->
        <test-method is-config="true" signature="teardown(org.testng.ITestResult)[pri:0, instance:johnclementspreprod.sniperai.com_Sanity_test_classes.TC044_Rec_UtilitiesSkillUpload@75d3a5e0]" started-at="2024-09-15T23:37:32 IST" name="teardown" finished-at="2024-09-15T23:37:34 IST" duration-ms="1969" status="PASS">
          <params>
            <param index="0">
              <value>
                <![CDATA[[TestResult name=SkillUploadUtility status=SUCCESS method=TC044_Rec_UtilitiesSkillUpload.SkillUploadUtility()[pri:0, instance:johnclementspreprod.sniperai.com_Sanity_test_classes.TC044_Rec_UtilitiesSkillUpload@75d3a5e0] output={null}]]]>
              </value>
            </param>
          </params>
          <reporter-output>
          </reporter-output>
        </test-method> <!-- teardown -->
      </class> <!-- johnclementspreprod.sniperai.com_Sanity_test_classes.TC044_Rec_UtilitiesSkillUpload -->
      <class name="johnclementspreprod.sniperai.com_Sanity_test_classes.TC001Open_Terms_Page">
        <test-method is-config="true" signature="SetUp()[pri:0, instance:johnclementspreprod.sniperai.com_Sanity_test_classes.TC001Open_Terms_Page@51c668e3]" started-at="2024-09-15T23:24:19 IST" name="SetUp" finished-at="2024-09-15T23:24:29 IST" duration-ms="9952" status="PASS">
          <reporter-output>
          </reporter-output>
        </test-method> <!-- SetUp -->
        <test-method signature="TermsPage()[pri:0, instance:johnclementspreprod.sniperai.com_Sanity_test_classes.TC001Open_Terms_Page@51c668e3]" started-at="2024-09-15T23:24:29 IST" name="TermsPage" finished-at="2024-09-15T23:24:38 IST" duration-ms="9176" status="PASS">
          <reporter-output>
          </reporter-output>
        </test-method> <!-- TermsPage -->
        <test-method is-config="true" signature="teardown(org.testng.ITestResult)[pri:0, instance:johnclementspreprod.sniperai.com_Sanity_test_classes.TC001Open_Terms_Page@51c668e3]" started-at="2024-09-15T23:24:38 IST" name="teardown" finished-at="2024-09-15T23:24:38 IST" duration-ms="551" status="PASS">
          <params>
            <param index="0">
              <value>
                <![CDATA[[TestResult name=TermsPage status=SUCCESS method=TC001Open_Terms_Page.TermsPage()[pri:0, instance:johnclementspreprod.sniperai.com_Sanity_test_classes.TC001Open_Terms_Page@51c668e3] output={null}]]]>
              </value>
            </param>
          </params>
          <reporter-output>
          </reporter-output>
        </test-method> <!-- teardown -->
      </class> <!-- johnclementspreprod.sniperai.com_Sanity_test_classes.TC001Open_Terms_Page -->
      <class name="johnclementspreprod.sniperai.com_Sanity_test_classes.TC047_Rec_UtilitiesScoreLock">
        <test-method is-config="true" signature="SetUp()[pri:0, instance:johnclementspreprod.sniperai.com_Sanity_test_classes.TC047_Rec_UtilitiesScoreLock@74e28667]" started-at="2024-09-15T23:38:25 IST" name="SetUp" finished-at="2024-09-15T23:38:38 IST" duration-ms="12857" status="PASS">
          <reporter-output>
          </reporter-output>
        </test-method> <!-- SetUp -->
        <test-method signature="ScoreLockUtility()[pri:0, instance:johnclementspreprod.sniperai.com_Sanity_test_classes.TC047_Rec_UtilitiesScoreLock@74e28667]" started-at="2024-09-15T23:38:38 IST" name="ScoreLockUtility" finished-at="2024-09-15T23:38:46 IST" duration-ms="7892" status="PASS">
          <reporter-output>
          </reporter-output>
        </test-method> <!-- ScoreLockUtility -->
        <test-method is-config="true" signature="teardown(org.testng.ITestResult)[pri:0, instance:johnclementspreprod.sniperai.com_Sanity_test_classes.TC047_Rec_UtilitiesScoreLock@74e28667]" started-at="2024-09-15T23:38:46 IST" name="teardown" finished-at="2024-09-15T23:38:49 IST" duration-ms="2459" status="PASS">
          <params>
            <param index="0">
              <value>
                <![CDATA[[TestResult name=ScoreLockUtility status=SUCCESS method=TC047_Rec_UtilitiesScoreLock.ScoreLockUtility()[pri:0, instance:johnclementspreprod.sniperai.com_Sanity_test_classes.TC047_Rec_UtilitiesScoreLock@74e28667] output={null}]]]>
              </value>
            </param>
          </params>
          <reporter-output>
          </reporter-output>
        </test-method> <!-- teardown -->
      </class> <!-- johnclementspreprod.sniperai.com_Sanity_test_classes.TC047_Rec_UtilitiesScoreLock -->
      <class name="johnclementspreprod.sniperai.com_Sanity_test_classes.TC013_Can_Profile_Update">
        <test-method is-config="true" signature="SetUp()[pri:0, instance:johnclementspreprod.sniperai.com_Sanity_test_classes.TC013_Can_Profile_Update@27406a17]" started-at="2024-09-15T23:26:14 IST" name="SetUp" finished-at="2024-09-15T23:26:29 IST" duration-ms="14770" status="PASS">
          <reporter-output>
          </reporter-output>
        </test-method> <!-- SetUp -->
        <test-method signature="ProfilePageUpdate()[pri:0, instance:johnclementspreprod.sniperai.com_Sanity_test_classes.TC013_Can_Profile_Update@27406a17]" started-at="2024-09-15T23:26:29 IST" name="ProfilePageUpdate" finished-at="2024-09-15T23:26:45 IST" duration-ms="16822" status="PASS">
          <reporter-output>
          </reporter-output>
        </test-method> <!-- ProfilePageUpdate -->
        <test-method is-config="true" signature="teardown(org.testng.ITestResult)[pri:0, instance:johnclementspreprod.sniperai.com_Sanity_test_classes.TC013_Can_Profile_Update@27406a17]" started-at="2024-09-15T23:26:45 IST" name="teardown" finished-at="2024-09-15T23:26:51 IST" duration-ms="5452" status="PASS">
          <params>
            <param index="0">
              <value>
                <![CDATA[[TestResult name=ProfilePageUpdate status=SUCCESS method=TC013_Can_Profile_Update.ProfilePageUpdate()[pri:0, instance:johnclementspreprod.sniperai.com_Sanity_test_classes.TC013_Can_Profile_Update@27406a17] output={null}]]]>
              </value>
            </param>
          </params>
          <reporter-output>
          </reporter-output>
        </test-method> <!-- teardown -->
      </class> <!-- johnclementspreprod.sniperai.com_Sanity_test_classes.TC013_Can_Profile_Update -->
      <class name="johnclementspreprod.sniperai.com_Sanity_test_classes.TC037_Rec_SettingsPage">
        <test-method is-config="true" signature="SetUp()[pri:0, instance:johnclementspreprod.sniperai.com_Sanity_test_classes.TC037_Rec_SettingsPage@58cbafc2]" started-at="2024-09-15T23:36:29 IST" name="SetUp" finished-at="2024-09-15T23:36:38 IST" duration-ms="8651" status="PASS">
          <reporter-output>
          </reporter-output>
        </test-method> <!-- SetUp -->
        <test-method signature="SettingsPage()[pri:0, instance:johnclementspreprod.sniperai.com_Sanity_test_classes.TC037_Rec_SettingsPage@58cbafc2]" started-at="2024-09-15T23:36:38 IST" name="SettingsPage" finished-at="2024-09-15T23:36:51 IST" duration-ms="12890" status="PASS">
          <reporter-output>
          </reporter-output>
        </test-method> <!-- SettingsPage -->
        <test-method is-config="true" signature="teardown(org.testng.ITestResult)[pri:0, instance:johnclementspreprod.sniperai.com_Sanity_test_classes.TC037_Rec_SettingsPage@58cbafc2]" started-at="2024-09-15T23:36:51 IST" name="teardown" finished-at="2024-09-15T23:36:53 IST" duration-ms="2030" status="PASS">
          <params>
            <param index="0">
              <value>
                <![CDATA[[TestResult name=SettingsPage status=SUCCESS method=TC037_Rec_SettingsPage.SettingsPage()[pri:0, instance:johnclementspreprod.sniperai.com_Sanity_test_classes.TC037_Rec_SettingsPage@58cbafc2] output={null}]]]>
              </value>
            </param>
          </params>
          <reporter-output>
          </reporter-output>
        </test-method> <!-- teardown -->
      </class> <!-- johnclementspreprod.sniperai.com_Sanity_test_classes.TC037_Rec_SettingsPage -->
      <class name="johnclementspreprod.sniperai.com_Sanity_test_classes.TC017_Actions_JobsPage">
        <test-method is-config="true" signature="SetUp()[pri:0, instance:johnclementspreprod.sniperai.com_Sanity_test_classes.TC017_Actions_JobsPage@563f38c4]" started-at="2024-09-15T23:28:22 IST" name="SetUp" finished-at="2024-09-15T23:28:31 IST" duration-ms="8608" status="PASS">
          <reporter-output>
          </reporter-output>
        </test-method> <!-- SetUp -->
        <test-method signature="JobsPageGTesting()[pri:0, instance:johnclementspreprod.sniperai.com_Sanity_test_classes.TC017_Actions_JobsPage@563f38c4]" started-at="2024-09-15T23:28:31 IST" name="JobsPageGTesting" finished-at="2024-09-15T23:29:24 IST" duration-ms="53645" status="PASS">
          <reporter-output>
          </reporter-output>
        </test-method> <!-- JobsPageGTesting -->
        <test-method is-config="true" signature="teardown(org.testng.ITestResult)[pri:0, instance:johnclementspreprod.sniperai.com_Sanity_test_classes.TC017_Actions_JobsPage@563f38c4]" started-at="2024-09-15T23:29:24 IST" name="teardown" finished-at="2024-09-15T23:29:29 IST" duration-ms="4107" status="PASS">
          <params>
            <param index="0">
              <value>
                <![CDATA[[TestResult name=JobsPageGTesting status=SUCCESS method=TC017_Actions_JobsPage.JobsPageGTesting()[pri:0, instance:johnclementspreprod.sniperai.com_Sanity_test_classes.TC017_Actions_JobsPage@563f38c4] output={null}]]]>
              </value>
            </param>
          </params>
          <reporter-output>
          </reporter-output>
        </test-method> <!-- teardown -->
      </class> <!-- johnclementspreprod.sniperai.com_Sanity_test_classes.TC017_Actions_JobsPage -->
      <class name="johnclementspreprod.sniperai.com_Sanity_test_classes.TC016_Open_JobsPage">
        <test-method is-config="true" signature="SetUp()[pri:0, instance:johnclementspreprod.sniperai.com_Sanity_test_classes.TC016_Open_JobsPage@3e8c3cb]" started-at="2024-09-15T23:27:44 IST" name="SetUp" finished-at="2024-09-15T23:27:56 IST" duration-ms="12011" status="PASS">
          <reporter-output>
          </reporter-output>
        </test-method> <!-- SetUp -->
        <test-method signature="OpenJobsPage()[pri:0, instance:johnclementspreprod.sniperai.com_Sanity_test_classes.TC016_Open_JobsPage@3e8c3cb]" started-at="2024-09-15T23:27:56 IST" name="OpenJobsPage" finished-at="2024-09-15T23:28:17 IST" duration-ms="20625" status="PASS">
          <reporter-output>
          </reporter-output>
        </test-method> <!-- OpenJobsPage -->
        <test-method is-config="true" signature="teardown(org.testng.ITestResult)[pri:0, instance:johnclementspreprod.sniperai.com_Sanity_test_classes.TC016_Open_JobsPage@3e8c3cb]" started-at="2024-09-15T23:28:17 IST" name="teardown" finished-at="2024-09-15T23:28:22 IST" duration-ms="5303" status="PASS">
          <params>
            <param index="0">
              <value>
                <![CDATA[[TestResult name=OpenJobsPage status=SUCCESS method=TC016_Open_JobsPage.OpenJobsPage()[pri:0, instance:johnclementspreprod.sniperai.com_Sanity_test_classes.TC016_Open_JobsPage@3e8c3cb] output={null}]]]>
              </value>
            </param>
          </params>
          <reporter-output>
          </reporter-output>
        </test-method> <!-- teardown -->
      </class> <!-- johnclementspreprod.sniperai.com_Sanity_test_classes.TC016_Open_JobsPage -->
      <class name="johnclementspreprod.sniperai.com_Sanity_test_classes.TC012_Applicatios_Page_Can_mod">
        <test-method is-config="true" signature="SetUp()[pri:0, instance:johnclementspreprod.sniperai.com_Sanity_test_classes.TC012_Applicatios_Page_Can_mod@76b1e9b8]" started-at="2024-09-15T23:25:51 IST" name="SetUp" finished-at="2024-09-15T23:26:01 IST" duration-ms="10024" status="PASS">
          <reporter-output>
          </reporter-output>
        </test-method> <!-- SetUp -->
        <test-method signature="AppliedJobsFromDB()[pri:0, instance:johnclementspreprod.sniperai.com_Sanity_test_classes.TC012_Applicatios_Page_Can_mod@76b1e9b8]" started-at="2024-09-15T23:26:01 IST" name="AppliedJobsFromDB" finished-at="2024-09-15T23:26:11 IST" duration-ms="9950" status="PASS">
          <reporter-output>
          </reporter-output>
        </test-method> <!-- AppliedJobsFromDB -->
        <test-method is-config="true" signature="teardown(org.testng.ITestResult)[pri:0, instance:johnclementspreprod.sniperai.com_Sanity_test_classes.TC012_Applicatios_Page_Can_mod@76b1e9b8]" started-at="2024-09-15T23:26:11 IST" name="teardown" finished-at="2024-09-15T23:26:14 IST" duration-ms="2860" status="PASS">
          <params>
            <param index="0">
              <value>
                <![CDATA[[TestResult name=AppliedJobsFromDB status=SUCCESS method=TC012_Applicatios_Page_Can_mod.AppliedJobsFromDB()[pri:0, instance:johnclementspreprod.sniperai.com_Sanity_test_classes.TC012_Applicatios_Page_Can_mod@76b1e9b8] output={null}]]]>
              </value>
            </param>
          </params>
          <reporter-output>
          </reporter-output>
        </test-method> <!-- teardown -->
      </class> <!-- johnclementspreprod.sniperai.com_Sanity_test_classes.TC012_Applicatios_Page_Can_mod -->
      <class name="johnclementspreprod.sniperai.com_Sanity_test_classes.TC055_Rec_CandidatesPage">
        <test-method is-config="true" signature="SetUp()[pri:0, instance:johnclementspreprod.sniperai.com_Sanity_test_classes.TC055_Rec_CandidatesPage@663c9e7a]" started-at="2024-09-15T23:39:13 IST" name="SetUp" finished-at="2024-09-15T23:39:22 IST" duration-ms="9127" status="PASS">
          <reporter-output>
          </reporter-output>
        </test-method> <!-- SetUp -->
        <test-method signature="CandidatesPage()[pri:0, instance:johnclementspreprod.sniperai.com_Sanity_test_classes.TC055_Rec_CandidatesPage@663c9e7a]" started-at="2024-09-15T23:39:22 IST" name="CandidatesPage" finished-at="2024-09-15T23:39:34 IST" duration-ms="11897" status="PASS">
          <reporter-output>
          </reporter-output>
        </test-method> <!-- CandidatesPage -->
        <test-method is-config="true" signature="teardown(org.testng.ITestResult)[pri:0, instance:johnclementspreprod.sniperai.com_Sanity_test_classes.TC055_Rec_CandidatesPage@663c9e7a]" started-at="2024-09-15T23:39:34 IST" name="teardown" finished-at="2024-09-15T23:39:36 IST" duration-ms="1766" status="PASS">
          <params>
            <param index="0">
              <value>
                <![CDATA[[TestResult name=CandidatesPage status=SUCCESS method=TC055_Rec_CandidatesPage.CandidatesPage()[pri:0, instance:johnclementspreprod.sniperai.com_Sanity_test_classes.TC055_Rec_CandidatesPage@663c9e7a] output={null}]]]>
              </value>
            </param>
          </params>
          <reporter-output>
          </reporter-output>
        </test-method> <!-- teardown -->
      </class> <!-- johnclementspreprod.sniperai.com_Sanity_test_classes.TC055_Rec_CandidatesPage -->
      <class name="johnclementspreprod.sniperai.com_Sanity_test_classes.TC002ForgotPassword_Button">
        <test-method is-config="true" signature="SetUp()[pri:0, instance:johnclementspreprod.sniperai.com_Sanity_test_classes.TC002ForgotPassword_Button@25ce9dc4]" started-at="2024-09-15T23:24:38 IST" name="SetUp" finished-at="2024-09-15T23:24:45 IST" duration-ms="6296" status="PASS">
          <reporter-output>
          </reporter-output>
        </test-method> <!-- SetUp -->
        <test-method signature="ForgotPassword()[pri:0, instance:johnclementspreprod.sniperai.com_Sanity_test_classes.TC002ForgotPassword_Button@25ce9dc4]" started-at="2024-09-15T23:24:45 IST" name="ForgotPassword" finished-at="2024-09-15T23:24:51 IST" duration-ms="5921" status="PASS">
          <reporter-output>
          </reporter-output>
        </test-method> <!-- ForgotPassword -->
        <test-method is-config="true" signature="teardown(org.testng.ITestResult)[pri:0, instance:johnclementspreprod.sniperai.com_Sanity_test_classes.TC002ForgotPassword_Button@25ce9dc4]" started-at="2024-09-15T23:24:51 IST" name="teardown" finished-at="2024-09-15T23:24:53 IST" duration-ms="1979" status="PASS">
          <params>
            <param index="0">
              <value>
                <![CDATA[[TestResult name=ForgotPassword status=SUCCESS method=TC002ForgotPassword_Button.ForgotPassword()[pri:0, instance:johnclementspreprod.sniperai.com_Sanity_test_classes.TC002ForgotPassword_Button@25ce9dc4] output={null}]]]>
              </value>
            </param>
          </params>
          <reporter-output>
          </reporter-output>
        </test-method> <!-- teardown -->
      </class> <!-- johnclementspreprod.sniperai.com_Sanity_test_classes.TC002ForgotPassword_Button -->
    </test> <!-- Test -->
  </suite> <!-- Suite -->
</testng-results>
