<?xml version="1.0" encoding="UTF-8"?>
<!-- Generated by org.testng.reporters.JUnitReportReporter -->
<testsuite hostname="RS0070" failures="0" tests="1" name="design.sniperai.com_Sanity_test_classes.TC033_Rec_FailedReport_Download" time="19.865" errors="0" timestamp="2025-09-24T16:10:30 IST" skipped="0">
  <testcase classname="design.sniperai.com_Sanity_test_classes.TC033_Rec_FailedReport_Download" name="FailedEmailReport" time="19.865"/>
</testsuite> <!-- design.sniperai.com_Sanity_test_classes.TC033_Rec_FailedReport_Download -->
