<?xml version="1.0" encoding="UTF-8"?>
<!-- Generated by org.testng.reporters.JUnitReportReporter -->
<testsuite hostname="DESKTOP-0G0FBLN" failures="0" tests="1" name="design.sniperai.com_Sanity_test_classes.TC004Verify_JobOpeningsPage" time="22.837" errors="0" timestamp="2024-10-22T13:25:22 IST" skipped="0">
  <testcase classname="design.sniperai.com_Sanity_test_classes.TC004Verify_JobOpeningsPage" name="JobOpeningsPage" time="22.837"/>
  <system-out/>
</testsuite> <!-- design.sniperai.com_Sanity_test_classes.TC004Verify_JobOpeningsPage -->
