<?xml version="1.0" encoding="UTF-8"?>
<!-- Generated by org.testng.reporters.JUnitXMLReporter -->
<testsuite ignored="0" hostname="DESKTOP-0G0FBLN" failures="0" tests="17" name="Test" time="404.334" errors="0" timestamp="2025-01-07T18:24:02 IST">
  <testcase classname="cbtgpreprod.sniperai.com_Sanity_test_classes.TC001Open_Terms_Page" name="TermsPage" time="3.723"/>
  <testcase classname="cbtgpreprod.sniperai.com_Sanity_test_classes.TC020_Login_RecruiterModule" name="RecruiterLogin" time="2.028"/>
  <testcase classname="cbtgpreprod.sniperai.com_Sanity_test_classes.TC021_JobListPage_Actions" name="JobListPageActions_Rec" time="17.036"/>
  <testcase classname="cbtgpreprod.sniperai.com_Sanity_test_classes.TC022_Rec_UserCreationPage" name="OpenUserCreationPage" time="11.725"/>
  <testcase classname="cbtgpreprod.sniperai.com_Sanity_test_classes.TC024_Rec_AddSupportRecruiterPage" name="OpenAddSupportRecPage" time="5.935"/>
  <testcase classname="cbtgpreprod.sniperai.com_Sanity_test_classes.TC029_Rec_RawReport_Dowload" name="DownloadRawReport" time="6.252"/>
  <testcase classname="cbtgpreprod.sniperai.com_Sanity_test_classes.TC030_Rec_ReccomdSummaryRP_Download" name="DownloadReccomdSummaryRep" time="5.0"/>
  <testcase classname="cbtgpreprod.sniperai.com_Sanity_test_classes.TC037_Rec_SettingsPage" name="SettingsPage" time="8.517"/>
  <testcase classname="cbtgpreprod.sniperai.com_Sanity_test_classes.TC039_Rec_JobSettingsPage" name="JobSettingsPage" time="5.549"/>
  <testcase classname="cbtgpreprod.sniperai.com_Sanity_test_classes.TC042_Rec_ScoreReprePage" name="ScoreRepreConfig" time="4.149"/>
  <testcase classname="cbtgpreprod.sniperai.com_Sanity_test_classes.TC044_Rec_UtilitiesSkillUpload" name="SkillUploadUtility" time="4.348"/>
  <testcase classname="cbtgpreprod.sniperai.com_Sanity_test_classes.TC045_UtilitiesSkillAffinity" name="SkillAffinityUtility" time="4.783"/>
  <testcase classname="cbtgpreprod.sniperai.com_Sanity_test_classes.TC046_Rec_UtilitiesJobRefresh" name="JobRefreshUtility" time="6.747"/>
  <testcase classname="cbtgpreprod.sniperai.com_Sanity_test_classes.TC047_Rec_UtilitiesScoreLock" name="ScoreLockUtility" time="4.79"/>
  <testcase classname="cbtgpreprod.sniperai.com_Sanity_test_classes.TC048_Rec_UtilitiesAddSupportRec" name="AddSupportRecruiterUtility" time="11.206"/>
  <testcase classname="cbtgpreprod.sniperai.com_Sanity_test_classes.TC055_Rec_CandidatesPage" name="CandidatesPage" time="10.004"/>
  <testcase classname="cbtgpreprod.sniperai.com_Sanity_test_classes.TC056_CadidatesPageActios" name="CandidatesPageActions" time="16.265"/>
</testsuite> <!-- Test -->
