<?xml version="1.0" encoding="UTF-8"?>
<!-- Generated by org.testng.reporters.JUnitReportReporter -->
<testsuite hostname="DESKTOP-0G0FBLN" failures="0" tests="1" name="aacpoc.sniperai.com_Sanity_test_classes.TC030_Rec_ReccomdSummaryRP_Download" time="20.897" errors="0" timestamp="2024-10-09T19:46:26 IST" skipped="0">
  <testcase classname="aacpoc.sniperai.com_Sanity_test_classes.TC030_Rec_ReccomdSummaryRP_Download" name="DownloadReccomdSummaryRep" time="20.897"/>
  <system-out/>
</testsuite> <!-- aacpoc.sniperai.com_Sanity_test_classes.TC030_Rec_ReccomdSummaryRP_Download -->
