<?xml version="1.0" encoding="UTF-8"?>
<!-- Generated by org.testng.reporters.JUnitReportReporter -->
<testsuite hostname="DESKTOP-0G0FBLN" failures="0" tests="1" name="edgegroup.sniperai.com_Sanity_test_classes.TC001Open_Terms_Page" time="38.621" errors="0" timestamp="2024-09-29T23:30:19 IST" skipped="0">
  <testcase classname="edgegroup.sniperai.com_Sanity_test_classes.TC001Open_Terms_Page" name="TermsPage" time="38.621"/>
  <system-out/>
</testsuite> <!-- edgegroup.sniperai.com_Sanity_test_classes.TC001Open_Terms_Page -->
