<?xml version="1.0" encoding="UTF-8"?>
<!-- Generated by org.testng.reporters.JUnitReportReporter -->
<testsuite hostname="DESKTOP-0G0FBLN" failures="0" tests="1" name="afg.sniperai.com_Sanity_test_classes.TC022_Rec_UserCreationPage" time="32.972" errors="0" timestamp="2025-03-03T07:26:29 IST" skipped="0">
  <testcase classname="afg.sniperai.com_Sanity_test_classes.TC022_Rec_UserCreationPage" name="OpenUserCreationPage" time="32.972"/>
  <system-out/>
</testsuite> <!-- afg.sniperai.com_Sanity_test_classes.TC022_Rec_UserCreationPage -->
