<?xml version="1.0" encoding="UTF-8"?>
<!-- Generated by org.testng.reporters.JUnitXMLReporter -->
<testsuite ignored="0" hostname="RS0070" failures="1" tests="3" name="Test_parameterization_chrome" time="37.953" errors="0" timestamp="2025-12-26T11:18:32 IST">
  <testcase classname="day69_Parameterization.Parameterization_CrossbrowserTesting" name="login" time="5.011"/>
  <testcase classname="day69_Parameterization.Parameterization_CrossbrowserTesting" name="login" time="4.335">
    <failure type="java.lang.AssertionError" message="expected [https://naveenautomationlabs.com/opencart/index.php?route=account/account] but found [https://naveenautomationlabs.com/opencart/index.php?route=account/login]">
      <![CDATA[java.lang.AssertionError: expected [https://naveenautomationlabs.com/opencart/index.php?route=account/account] but found [https://naveenautomationlabs.com/opencart/index.php?route=account/login]
at day69_Parameterization.Parameterization_CrossbrowserTesting.login(Parameterization_CrossbrowserTesting.java:54)
at java.base/java.util.concurrent.Executors$RunnableAdapter.call(Executors.java:572)
at java.base/java.util.concurrent.FutureTask.run(FutureTask.java:317)
at java.base/java.util.concurrent.ThreadPoolExecutor.runWorker(ThreadPoolExecutor.java:1144)
at java.base/java.util.concurrent.ThreadPoolExecutor$Worker.run(ThreadPoolExecutor.java:642)
at java.base/java.lang.Thread.run(Thread.java:1583)
... Removed 17 stack frames]]>
    </failure>
  </testcase> <!-- login -->
  <testcase classname="day69_Parameterization.Parameterization_CrossbrowserTesting" name="login" time="4.974"/>
</testsuite> <!-- Test_parameterization_chrome -->
