<?xml version="1.0" encoding="UTF-8"?>
<!-- Generated by org.testng.reporters.JUnitReportReporter -->
<testsuite hostname="DESKTOP-0G0FBLN" failures="0" tests="1" name="bcforwardpoc.sniperai.com_Sanity_test_classes.TC041_Rec_LinkedInConfigPage" time="18.735" errors="0" timestamp="2025-01-08T08:01:29 IST" skipped="0">
  <testcase classname="bcforwardpoc.sniperai.com_Sanity_test_classes.TC041_Rec_LinkedInConfigPage" name="LinkedInConfig" time="18.735"/>
  <system-out/>
</testsuite> <!-- bcforwardpoc.sniperai.com_Sanity_test_classes.TC041_Rec_LinkedInConfigPage -->
