<?xml version="1.0" encoding="UTF-8"?>
<!-- Generated by org.testng.reporters.JUnitReportReporter -->
<testsuite hostname="DESKTOP-0G0FBLN" failures="0" tests="1" name="bcforwardpoc.sniperai.com_Sanity_test_classes.TC020_Login_RecruiterModule" time="19.881" errors="0" timestamp="2025-01-08T08:01:29 IST" skipped="0">
  <testcase classname="bcforwardpoc.sniperai.com_Sanity_test_classes.TC020_Login_RecruiterModule" name="RecruiterLogin" time="19.881"/>
  <system-out/>
</testsuite> <!-- bcforwardpoc.sniperai.com_Sanity_test_classes.TC020_Login_RecruiterModule -->
