<?xml version="1.0" encoding="UTF-8"?>
<!-- Generated by org.testng.reporters.JUnitReportReporter -->
<testsuite hostname="DESKTOP-0G0FBLN" failures="0" tests="1" name="mag.sniperai.com_Sanity_test_classes.TC046_Rec_UtilitiesJobRefresh" time="19.367" errors="0" timestamp="2025-01-08T08:39:44 IST" skipped="0">
  <testcase classname="mag.sniperai.com_Sanity_test_classes.TC046_Rec_UtilitiesJobRefresh" name="JobRefreshUtility" time="19.367"/>
  <system-out/>
</testsuite> <!-- mag.sniperai.com_Sanity_test_classes.TC046_Rec_UtilitiesJobRefresh -->
