<?xml version="1.0" encoding="UTF-8"?>
<testng-results ignored="0" total="10" passed="9" failed="1" skipped="0">
  <reporter-output>
  </reporter-output>
  <suite started-at="2025-02-20T07:28:57 IST" name="Suite" finished-at="2025-02-20T07:36:40 IST" duration-ms="462497">
    <groups>
    </groups>
    <test started-at="2025-02-20T07:28:57 IST" name="Test" finished-at="2025-02-20T07:36:40 IST" duration-ms="462497">
      <class name="recruitmentsmart.sniperai.com_Sanity_test_classes.TC021_JobListPage_Actions">
        <test-method is-config="true" signature="SetUp()[pri:0, instance:recruitmentsmart.sniperai.com_Sanity_test_classes.TC021_JobListPage_Actions@f78a47e]" started-at="2025-02-20T07:31:09 IST" name="SetUp" finished-at="2025-02-20T07:31:52 IST" duration-ms="43800" status="PASS">
          <reporter-output>
          </reporter-output>
        </test-method> <!-- SetUp -->
        <test-method signature="JobListPageActions_Rec()[pri:0, instance:recruitmentsmart.sniperai.com_Sanity_test_classes.TC021_JobListPage_Actions@f78a47e]" started-at="2025-02-20T07:31:52 IST" name="JobListPageActions_Rec" finished-at="2025-02-20T07:32:10 IST" duration-ms="17204" status="PASS">
          <reporter-output>
          </reporter-output>
        </test-method> <!-- JobListPageActions_Rec -->
        <test-method is-config="true" signature="teardown(org.testng.ITestResult)[pri:0, instance:recruitmentsmart.sniperai.com_Sanity_test_classes.TC021_JobListPage_Actions@f78a47e]" started-at="2025-02-20T07:32:10 IST" name="teardown" finished-at="2025-02-20T07:32:13 IST" duration-ms="3372" status="PASS">
          <params>
            <param index="0">
              <value>
                <![CDATA[[TestResult name=JobListPageActions_Rec status=SUCCESS method=TC021_JobListPage_Actions.JobListPageActions_Rec()[pri:0, instance:recruitmentsmart.sniperai.com_Sanity_test_classes.TC021_JobListPage_Actions@f78a47e] output={null}]]]>
              </value>
            </param>
          </params>
          <reporter-output>
          </reporter-output>
        </test-method> <!-- teardown -->
      </class> <!-- recruitmentsmart.sniperai.com_Sanity_test_classes.TC021_JobListPage_Actions -->
      <class name="recruitmentsmart.sniperai.com_Sanity_test_classes.TC020_Login_RecruiterModule">
        <test-method is-config="true" signature="SetUp()[pri:0, instance:recruitmentsmart.sniperai.com_Sanity_test_classes.TC020_Login_RecruiterModule@26d9b808]" started-at="2025-02-20T07:30:18 IST" name="SetUp" finished-at="2025-02-20T07:30:37 IST" duration-ms="19226" status="PASS">
          <reporter-output>
          </reporter-output>
        </test-method> <!-- SetUp -->
        <test-method signature="RecruiterLogin()[pri:0, instance:recruitmentsmart.sniperai.com_Sanity_test_classes.TC020_Login_RecruiterModule@26d9b808]" started-at="2025-02-20T07:30:37 IST" name="RecruiterLogin" finished-at="2025-02-20T07:31:02 IST" duration-ms="24392" status="PASS">
          <reporter-output>
          </reporter-output>
        </test-method> <!-- RecruiterLogin -->
        <test-method is-config="true" signature="teardown(org.testng.ITestResult)[pri:0, instance:recruitmentsmart.sniperai.com_Sanity_test_classes.TC020_Login_RecruiterModule@26d9b808]" started-at="2025-02-20T07:31:02 IST" name="teardown" finished-at="2025-02-20T07:31:09 IST" duration-ms="6768" status="PASS">
          <params>
            <param index="0">
              <value>
                <![CDATA[[TestResult name=RecruiterLogin status=SUCCESS method=TC020_Login_RecruiterModule.RecruiterLogin()[pri:0, instance:recruitmentsmart.sniperai.com_Sanity_test_classes.TC020_Login_RecruiterModule@26d9b808] output={null}]]]>
              </value>
            </param>
          </params>
          <reporter-output>
          </reporter-output>
        </test-method> <!-- teardown -->
      </class> <!-- recruitmentsmart.sniperai.com_Sanity_test_classes.TC020_Login_RecruiterModule -->
      <class name="recruitmentsmart.sniperai.com_Sanity_test_classes.TC043_Rec_VideoInterviewConfig">
        <test-method is-config="true" signature="SetUp()[pri:0, instance:recruitmentsmart.sniperai.com_Sanity_test_classes.TC043_Rec_VideoInterviewConfig@11392934]" started-at="2025-02-20T07:35:07 IST" name="SetUp" finished-at="2025-02-20T07:35:20 IST" duration-ms="12697" status="PASS">
          <reporter-output>
          </reporter-output>
        </test-method> <!-- SetUp -->
        <test-method signature="VideoInterviewConfig()[pri:0, instance:recruitmentsmart.sniperai.com_Sanity_test_classes.TC043_Rec_VideoInterviewConfig@11392934]" started-at="2025-02-20T07:35:20 IST" name="VideoInterviewConfig" finished-at="2025-02-20T07:35:30 IST" duration-ms="10043" status="PASS">
          <reporter-output>
          </reporter-output>
        </test-method> <!-- VideoInterviewConfig -->
        <test-method is-config="true" signature="teardown(org.testng.ITestResult)[pri:0, instance:recruitmentsmart.sniperai.com_Sanity_test_classes.TC043_Rec_VideoInterviewConfig@11392934]" started-at="2025-02-20T07:35:30 IST" name="teardown" finished-at="2025-02-20T07:35:33 IST" duration-ms="3287" status="PASS">
          <params>
            <param index="0">
              <value>
                <![CDATA[[TestResult name=VideoInterviewConfig status=SUCCESS method=TC043_Rec_VideoInterviewConfig.VideoInterviewConfig()[pri:0, instance:recruitmentsmart.sniperai.com_Sanity_test_classes.TC043_Rec_VideoInterviewConfig@11392934] output={null}]]]>
              </value>
            </param>
          </params>
          <reporter-output>
          </reporter-output>
        </test-method> <!-- teardown -->
      </class> <!-- recruitmentsmart.sniperai.com_Sanity_test_classes.TC043_Rec_VideoInterviewConfig -->
      <class name="recruitmentsmart.sniperai.com_Sanity_test_classes.TC037_Rec_SettingsPage">
        <test-method is-config="true" signature="SetUp()[pri:0, instance:recruitmentsmart.sniperai.com_Sanity_test_classes.TC037_Rec_SettingsPage@1ed4ae0f]" started-at="2025-02-20T07:34:04 IST" name="SetUp" finished-at="2025-02-20T07:34:25 IST" duration-ms="21309" status="PASS">
          <reporter-output>
          </reporter-output>
        </test-method> <!-- SetUp -->
        <test-method signature="SettingsPage()[pri:0, instance:recruitmentsmart.sniperai.com_Sanity_test_classes.TC037_Rec_SettingsPage@1ed4ae0f]" started-at="2025-02-20T07:34:25 IST" name="SettingsPage" finished-at="2025-02-20T07:34:41 IST" duration-ms="16179" status="PASS">
          <reporter-output>
          </reporter-output>
        </test-method> <!-- SettingsPage -->
        <test-method is-config="true" signature="teardown(org.testng.ITestResult)[pri:0, instance:recruitmentsmart.sniperai.com_Sanity_test_classes.TC037_Rec_SettingsPage@1ed4ae0f]" started-at="2025-02-20T07:34:41 IST" name="teardown" finished-at="2025-02-20T07:34:43 IST" duration-ms="1739" status="PASS">
          <params>
            <param index="0">
              <value>
                <![CDATA[[TestResult name=SettingsPage status=SUCCESS method=TC037_Rec_SettingsPage.SettingsPage()[pri:0, instance:recruitmentsmart.sniperai.com_Sanity_test_classes.TC037_Rec_SettingsPage@1ed4ae0f] output={null}]]]>
              </value>
            </param>
          </params>
          <reporter-output>
          </reporter-output>
        </test-method> <!-- teardown -->
      </class> <!-- recruitmentsmart.sniperai.com_Sanity_test_classes.TC037_Rec_SettingsPage -->
      <class name="recruitmentsmart.sniperai.com_Sanity_test_classes.TC042_Rec_ScoreReprePage">
        <test-method is-config="true" signature="SetUp()[pri:0, instance:recruitmentsmart.sniperai.com_Sanity_test_classes.TC042_Rec_ScoreReprePage@54c5a2ff]" started-at="2025-02-20T07:34:43 IST" name="SetUp" finished-at="2025-02-20T07:34:54 IST" duration-ms="11208" status="PASS">
          <reporter-output>
          </reporter-output>
        </test-method> <!-- SetUp -->
        <test-method signature="ScoreRepreConfig()[pri:0, instance:recruitmentsmart.sniperai.com_Sanity_test_classes.TC042_Rec_ScoreReprePage@54c5a2ff]" started-at="2025-02-20T07:34:54 IST" name="ScoreRepreConfig" finished-at="2025-02-20T07:35:05 IST" duration-ms="10869" status="PASS">
          <reporter-output>
          </reporter-output>
        </test-method> <!-- ScoreRepreConfig -->
        <test-method is-config="true" signature="teardown(org.testng.ITestResult)[pri:0, instance:recruitmentsmart.sniperai.com_Sanity_test_classes.TC042_Rec_ScoreReprePage@54c5a2ff]" started-at="2025-02-20T07:35:05 IST" name="teardown" finished-at="2025-02-20T07:35:07 IST" duration-ms="2097" status="PASS">
          <params>
            <param index="0">
              <value>
                <![CDATA[[TestResult name=ScoreRepreConfig status=SUCCESS method=TC042_Rec_ScoreReprePage.ScoreRepreConfig()[pri:0, instance:recruitmentsmart.sniperai.com_Sanity_test_classes.TC042_Rec_ScoreReprePage@54c5a2ff] output={null}]]]>
              </value>
            </param>
          </params>
          <reporter-output>
          </reporter-output>
        </test-method> <!-- teardown -->
      </class> <!-- recruitmentsmart.sniperai.com_Sanity_test_classes.TC042_Rec_ScoreReprePage -->
      <class name="recruitmentsmart.sniperai.com_Sanity_test_classes.TC001Open_Terms_Page">
        <test-method is-config="true" signature="SetUp()[pri:0, instance:recruitmentsmart.sniperai.com_Sanity_test_classes.TC001Open_Terms_Page@54e1c68b]" started-at="2025-02-20T07:28:57 IST" name="SetUp" finished-at="2025-02-20T07:29:36 IST" duration-ms="38979" status="PASS">
          <reporter-output>
          </reporter-output>
        </test-method> <!-- SetUp -->
        <test-method signature="TermsPage()[pri:0, instance:recruitmentsmart.sniperai.com_Sanity_test_classes.TC001Open_Terms_Page@54e1c68b]" started-at="2025-02-20T07:29:36 IST" name="TermsPage" finished-at="2025-02-20T07:30:16 IST" duration-ms="39863" status="PASS">
          <reporter-output>
          </reporter-output>
        </test-method> <!-- TermsPage -->
        <test-method is-config="true" signature="teardown(org.testng.ITestResult)[pri:0, instance:recruitmentsmart.sniperai.com_Sanity_test_classes.TC001Open_Terms_Page@54e1c68b]" started-at="2025-02-20T07:30:16 IST" name="teardown" finished-at="2025-02-20T07:30:18 IST" duration-ms="1887" status="PASS">
          <params>
            <param index="0">
              <value>
                <![CDATA[[TestResult name=TermsPage status=SUCCESS method=TC001Open_Terms_Page.TermsPage()[pri:0, instance:recruitmentsmart.sniperai.com_Sanity_test_classes.TC001Open_Terms_Page@54e1c68b] output={null}]]]>
              </value>
            </param>
          </params>
          <reporter-output>
          </reporter-output>
        </test-method> <!-- teardown -->
      </class> <!-- recruitmentsmart.sniperai.com_Sanity_test_classes.TC001Open_Terms_Page -->
      <class name="recruitmentsmart.sniperai.com_Sanity_test_classes.TC029_Rec_RawReport_Dowload">
        <test-method is-config="true" signature="SetUp()[pri:0, instance:recruitmentsmart.sniperai.com_Sanity_test_classes.TC029_Rec_RawReport_Dowload@7526515b]" started-at="2025-02-20T07:32:48 IST" name="SetUp" finished-at="2025-02-20T07:33:42 IST" duration-ms="53754" status="PASS">
          <reporter-output>
          </reporter-output>
        </test-method> <!-- SetUp -->
        <test-method signature="DownloadRawReport()[pri:0, instance:recruitmentsmart.sniperai.com_Sanity_test_classes.TC029_Rec_RawReport_Dowload@7526515b]" started-at="2025-02-20T07:33:42 IST" name="DownloadRawReport" finished-at="2025-02-20T07:33:59 IST" duration-ms="17177" status="PASS">
          <reporter-output>
          </reporter-output>
        </test-method> <!-- DownloadRawReport -->
        <test-method is-config="true" signature="teardown(org.testng.ITestResult)[pri:0, instance:recruitmentsmart.sniperai.com_Sanity_test_classes.TC029_Rec_RawReport_Dowload@7526515b]" started-at="2025-02-20T07:33:59 IST" name="teardown" finished-at="2025-02-20T07:34:04 IST" duration-ms="4549" status="PASS">
          <params>
            <param index="0">
              <value>
                <![CDATA[[TestResult name=DownloadRawReport status=SUCCESS method=TC029_Rec_RawReport_Dowload.DownloadRawReport()[pri:0, instance:recruitmentsmart.sniperai.com_Sanity_test_classes.TC029_Rec_RawReport_Dowload@7526515b] output={null}]]]>
              </value>
            </param>
          </params>
          <reporter-output>
          </reporter-output>
        </test-method> <!-- teardown -->
      </class> <!-- recruitmentsmart.sniperai.com_Sanity_test_classes.TC029_Rec_RawReport_Dowload -->
      <class name="recruitmentsmart.sniperai.com_Sanity_test_classes.TC056_CadidatesPageActios">
        <test-method is-config="true" signature="SetUp()[pri:0, instance:recruitmentsmart.sniperai.com_Sanity_test_classes.TC056_CadidatesPageActios@6e6f2380]" started-at="2025-02-20T07:36:02 IST" name="SetUp" finished-at="2025-02-20T07:36:13 IST" duration-ms="11633" status="PASS">
          <reporter-output>
          </reporter-output>
        </test-method> <!-- SetUp -->
        <test-method signature="CandidatesPageActions()[pri:0, instance:recruitmentsmart.sniperai.com_Sanity_test_classes.TC056_CadidatesPageActios@6e6f2380]" started-at="2025-02-20T07:36:13 IST" name="CandidatesPageActions" finished-at="2025-02-20T07:36:38 IST" duration-ms="24396" status="FAIL">
          <exception class="org.openqa.selenium.NoSuchElementException">
            <message>
              <![CDATA[no such element: Unable to locate element: {"method":"xpath","selector":"(//i [@class='fa fa-fw fa-sort sorting-arrow '])[1]"}
  (Session info: chrome=131.0.6778.265)
For documentation on this error, please visit: https://www.selenium.dev/documentation/webdriver/troubleshooting/errors#no-such-element-exception
Build info: version: '4.25.0', revision: '030fcf7918'
System info: os.name: 'Windows 10', os.arch: 'amd64', os.version: '10.0', java.version: '11.0.23'
Driver info: org.openqa.selenium.chrome.ChromeDriver
Command: [aab2052af4d3f9ece5620f877571c173, findElement {using=xpath, value=(//i [@class='fa fa-fw fa-sort sorting-arrow '])[1]}]
Capabilities {acceptInsecureCerts: false, browserName: chrome, browserVersion: 131.0.6778.265, chrome: {chromedriverVersion: 131.0.6778.204 (52183f9e99a..., userDataDir: C:\Users\Shubz008\AppData\L...}, fedcm:accounts: true, goog:chromeOptions: {debuggerAddress: localhost:55727}, networkConnectionEnabled: false, pageLoadStrategy: normal, platformName: windows, proxy: Proxy(), se:cdp: ws://localhost:55727/devtoo..., se:cdpVersion: 131.0.6778.265, setWindowRect: true, strictFileInteractability: false, timeouts: {implicit: 0, pageLoad: 300000, script: 30000}, unhandledPromptBehavior: dismiss and notify, webauthn:extension:credBlob: true, webauthn:extension:largeBlob: true, webauthn:extension:minPinLength: true, webauthn:extension:prf: true, webauthn:virtualAuthenticators: true}
Session ID: aab2052af4d3f9ece5620f877571c173]]>
            </message>
            <full-stacktrace>
              <![CDATA[org.openqa.selenium.NoSuchElementException: no such element: Unable to locate element: {"method":"xpath","selector":"(//i [@class='fa fa-fw fa-sort sorting-arrow '])[1]"}
  (Session info: chrome=131.0.6778.265)
For documentation on this error, please visit: https://www.selenium.dev/documentation/webdriver/troubleshooting/errors#no-such-element-exception
Build info: version: '4.25.0', revision: '030fcf7918'
System info: os.name: 'Windows 10', os.arch: 'amd64', os.version: '10.0', java.version: '11.0.23'
Driver info: org.openqa.selenium.chrome.ChromeDriver
Command: [aab2052af4d3f9ece5620f877571c173, findElement {using=xpath, value=(//i [@class='fa fa-fw fa-sort sorting-arrow '])[1]}]
Capabilities {acceptInsecureCerts: false, browserName: chrome, browserVersion: 131.0.6778.265, chrome: {chromedriverVersion: 131.0.6778.204 (52183f9e99a..., userDataDir: C:\Users\Shubz008\AppData\L...}, fedcm:accounts: true, goog:chromeOptions: {debuggerAddress: localhost:55727}, networkConnectionEnabled: false, pageLoadStrategy: normal, platformName: windows, proxy: Proxy(), se:cdp: ws://localhost:55727/devtoo..., se:cdpVersion: 131.0.6778.265, setWindowRect: true, strictFileInteractability: false, timeouts: {implicit: 0, pageLoad: 300000, script: 30000}, unhandledPromptBehavior: dismiss and notify, webauthn:extension:credBlob: true, webauthn:extension:largeBlob: true, webauthn:extension:minPinLength: true, webauthn:extension:prf: true, webauthn:virtualAuthenticators: true}
Session ID: aab2052af4d3f9ece5620f877571c173
at java.base/jdk.internal.reflect.NativeConstructorAccessorImpl.newInstance0(Native Method)
at java.base/jdk.internal.reflect.NativeConstructorAccessorImpl.newInstance(NativeConstructorAccessorImpl.java:62)
at java.base/jdk.internal.reflect.DelegatingConstructorAccessorImpl.newInstance(DelegatingConstructorAccessorImpl.java:45)
at java.base/java.lang.reflect.Constructor.newInstance(Constructor.java:490)
at org.openqa.selenium.remote.ErrorCodec.decode(ErrorCodec.java:167)
at org.openqa.selenium.remote.codec.w3c.W3CHttpResponseCodec.decode(W3CHttpResponseCodec.java:138)
at org.openqa.selenium.remote.codec.w3c.W3CHttpResponseCodec.decode(W3CHttpResponseCodec.java:50)
at org.openqa.selenium.remote.HttpCommandExecutor.execute(HttpCommandExecutor.java:190)
at org.openqa.selenium.remote.service.DriverCommandExecutor.invokeExecute(DriverCommandExecutor.java:216)
at org.openqa.selenium.remote.service.DriverCommandExecutor.execute(DriverCommandExecutor.java:174)
at org.openqa.selenium.remote.RemoteWebDriver.execute(RemoteWebDriver.java:545)
at org.openqa.selenium.remote.ElementLocation$ElementFinder$2.findElement(ElementLocation.java:165)
at org.openqa.selenium.remote.ElementLocation.findElement(ElementLocation.java:59)
at org.openqa.selenium.remote.RemoteWebDriver.findElement(RemoteWebDriver.java:368)
at org.openqa.selenium.remote.RemoteWebDriver.findElement(RemoteWebDriver.java:362)
at org.openqa.selenium.support.pagefactory.DefaultElementLocator.findElement(DefaultElementLocator.java:68)
at org.openqa.selenium.support.pagefactory.internal.LocatingElementHandler.invoke(LocatingElementHandler.java:38)
at com.sun.proxy.$Proxy13.click(Unknown Source)
at recruitmentsmart_RecMod_POM_classes.Rec_CandidatesPage_POM_Class.NameSortingFilter(Rec_CandidatesPage_POM_Class.java:349)
at recruitmentsmart.sniperai.com_Sanity_test_classes.TC056_CadidatesPageActios.CandidatesPageActions(TC056_CadidatesPageActios.java:64)
at java.base/jdk.internal.reflect.NativeMethodAccessorImpl.invoke0(Native Method)
at java.base/jdk.internal.reflect.NativeMethodAccessorImpl.invoke(NativeMethodAccessorImpl.java:62)
at java.base/jdk.internal.reflect.DelegatingMethodAccessorImpl.invoke(DelegatingMethodAccessorImpl.java:43)
at java.base/java.lang.reflect.Method.invoke(Method.java:566)
at org.testng.internal.MethodInvocationHelper.invokeMethod(MethodInvocationHelper.java:133)
at org.testng.internal.TestInvoker.invokeMethod(TestInvoker.java:598)
at org.testng.internal.TestInvoker.invokeTestMethod(TestInvoker.java:173)
at org.testng.internal.MethodRunner.runInSequence(MethodRunner.java:46)
at org.testng.internal.TestInvoker$MethodInvocationAgent.invoke(TestInvoker.java:824)
at org.testng.internal.TestInvoker.invokeTestMethods(TestInvoker.java:146)
at org.testng.internal.TestMethodWorker.invokeTestMethods(TestMethodWorker.java:146)
at org.testng.internal.TestMethodWorker.run(TestMethodWorker.java:128)
at java.base/java.util.ArrayList.forEach(ArrayList.java:1541)
at org.testng.TestRunner.privateRun(TestRunner.java:794)
at org.testng.TestRunner.run(TestRunner.java:596)
at org.testng.SuiteRunner.runTest(SuiteRunner.java:377)
at org.testng.SuiteRunner.runSequentially(SuiteRunner.java:371)
at org.testng.SuiteRunner.privateRun(SuiteRunner.java:332)
at org.testng.SuiteRunner.run(SuiteRunner.java:276)
at org.testng.SuiteRunnerWorker.runSuite(SuiteRunnerWorker.java:53)
at org.testng.SuiteRunnerWorker.run(SuiteRunnerWorker.java:96)
at org.testng.TestNG.runSuitesSequentially(TestNG.java:1212)
at org.testng.TestNG.runSuitesLocally(TestNG.java:1134)
at org.testng.TestNG.runSuites(TestNG.java:1063)
at org.testng.TestNG.run(TestNG.java:1031)
at org.testng.remote.AbstractRemoteTestNG.run(AbstractRemoteTestNG.java:115)
at org.testng.remote.RemoteTestNG.initAndRun(RemoteTestNG.java:293)
at org.testng.remote.RemoteTestNG.main(RemoteTestNG.java:91)
]]>
            </full-stacktrace>
          </exception> <!-- org.openqa.selenium.NoSuchElementException -->
          <reporter-output>
          </reporter-output>
        </test-method> <!-- CandidatesPageActions -->
        <test-method is-config="true" signature="teardown(org.testng.ITestResult)[pri:0, instance:recruitmentsmart.sniperai.com_Sanity_test_classes.TC056_CadidatesPageActios@6e6f2380]" started-at="2025-02-20T07:36:38 IST" name="teardown" finished-at="2025-02-20T07:36:40 IST" duration-ms="2037" status="PASS">
          <params>
            <param index="0">
              <value>
                <![CDATA[[TestResult name=CandidatesPageActions status=FAILURE method=TC056_CadidatesPageActios.CandidatesPageActions()[pri:0, instance:recruitmentsmart.sniperai.com_Sanity_test_classes.TC056_CadidatesPageActios@6e6f2380] output={null}]]]>
              </value>
            </param>
          </params>
          <reporter-output>
          </reporter-output>
        </test-method> <!-- teardown -->
      </class> <!-- recruitmentsmart.sniperai.com_Sanity_test_classes.TC056_CadidatesPageActios -->
      <class name="recruitmentsmart.sniperai.com_Sanity_test_classes.TC022_Rec_UserCreationPage">
        <test-method is-config="true" signature="SetUp()[pri:0, instance:recruitmentsmart.sniperai.com_Sanity_test_classes.TC022_Rec_UserCreationPage@644baf4a]" started-at="2025-02-20T07:32:13 IST" name="SetUp" finished-at="2025-02-20T07:32:30 IST" duration-ms="16807" status="PASS">
          <reporter-output>
          </reporter-output>
        </test-method> <!-- SetUp -->
        <test-method signature="OpenUserCreationPage()[pri:0, instance:recruitmentsmart.sniperai.com_Sanity_test_classes.TC022_Rec_UserCreationPage@644baf4a]" started-at="2025-02-20T07:32:30 IST" name="OpenUserCreationPage" finished-at="2025-02-20T07:32:44 IST" duration-ms="14346" status="PASS">
          <reporter-output>
          </reporter-output>
        </test-method> <!-- OpenUserCreationPage -->
        <test-method is-config="true" signature="teardown(org.testng.ITestResult)[pri:0, instance:recruitmentsmart.sniperai.com_Sanity_test_classes.TC022_Rec_UserCreationPage@644baf4a]" started-at="2025-02-20T07:32:44 IST" name="teardown" finished-at="2025-02-20T07:32:48 IST" duration-ms="4163" status="PASS">
          <params>
            <param index="0">
              <value>
                <![CDATA[[TestResult name=OpenUserCreationPage status=SUCCESS method=TC022_Rec_UserCreationPage.OpenUserCreationPage()[pri:0, instance:recruitmentsmart.sniperai.com_Sanity_test_classes.TC022_Rec_UserCreationPage@644baf4a] output={null}]]]>
              </value>
            </param>
          </params>
          <reporter-output>
          </reporter-output>
        </test-method> <!-- teardown -->
      </class> <!-- recruitmentsmart.sniperai.com_Sanity_test_classes.TC022_Rec_UserCreationPage -->
      <class name="recruitmentsmart.sniperai.com_Sanity_test_classes.TC055_Rec_CandidatesPage">
        <test-method is-config="true" signature="SetUp()[pri:0, instance:recruitmentsmart.sniperai.com_Sanity_test_classes.TC055_Rec_CandidatesPage@6892b3b6]" started-at="2025-02-20T07:35:33 IST" name="SetUp" finished-at="2025-02-20T07:35:43 IST" duration-ms="10069" status="PASS">
          <reporter-output>
          </reporter-output>
        </test-method> <!-- SetUp -->
        <test-method signature="CandidatesPage()[pri:0, instance:recruitmentsmart.sniperai.com_Sanity_test_classes.TC055_Rec_CandidatesPage@6892b3b6]" started-at="2025-02-20T07:35:43 IST" name="CandidatesPage" finished-at="2025-02-20T07:35:59 IST" duration-ms="16193" status="PASS">
          <reporter-output>
          </reporter-output>
        </test-method> <!-- CandidatesPage -->
        <test-method is-config="true" signature="teardown(org.testng.ITestResult)[pri:0, instance:recruitmentsmart.sniperai.com_Sanity_test_classes.TC055_Rec_CandidatesPage@6892b3b6]" started-at="2025-02-20T07:35:59 IST" name="teardown" finished-at="2025-02-20T07:36:02 IST" duration-ms="2279" status="PASS">
          <params>
            <param index="0">
              <value>
                <![CDATA[[TestResult name=CandidatesPage status=SUCCESS method=TC055_Rec_CandidatesPage.CandidatesPage()[pri:0, instance:recruitmentsmart.sniperai.com_Sanity_test_classes.TC055_Rec_CandidatesPage@6892b3b6] output={null}]]]>
              </value>
            </param>
          </params>
          <reporter-output>
          </reporter-output>
        </test-method> <!-- teardown -->
      </class> <!-- recruitmentsmart.sniperai.com_Sanity_test_classes.TC055_Rec_CandidatesPage -->
    </test> <!-- Test -->
  </suite> <!-- Suite -->
</testng-results>
