<?xml version="1.0" encoding="UTF-8"?>
<!-- Generated by org.testng.reporters.JUnitXMLReporter -->
<testsuite ignored="0" hostname="RS0070" failures="0" tests="4" name="Test_ExtentReports" time="20.057" errors="0" timestamp="2026-01-11T11:21:26 IST">
  <testcase classname="day71_ExtentReportsTestNG.TestClass" name="OpenWebPage" time="11.516"/>
  <testcase classname="day71_ExtentReportsTestNG.TestClass" name="CheckPresenseOfLogo" time="0.079"/>
  <testcase classname="day71_ExtentReportsTestNG.TestClass" name="Login" time="3.473"/>
  <testcase classname="day71_ExtentReportsTestNG.TestClass" name="Logout" time="4.355"/>
</testsuite> <!-- Test_ExtentReports -->
