<?xml version="1.0" encoding="UTF-8"?>
<!-- Generated by org.testng.reporters.JUnitXMLReporter -->
<testsuite ignored="0" hostname="RS0070" failures="0" tests="4" name="Test_ExtentReports" time="12.572" errors="0" timestamp="2026-05-30T15:37:33 IST">
  <testcase classname="day71_ExtentReportsTestNG.TestClass" name="OpenWebPage" time="7.769"/>
  <testcase classname="day71_ExtentReportsTestNG.TestClass" name="CheckPresenseOfLogo" time="0.035"/>
  <testcase classname="day71_ExtentReportsTestNG.TestClass" name="Login" time="3.217"/>
  <testcase classname="day71_ExtentReportsTestNG.TestClass" name="Logout" time="1.192"/>
</testsuite> <!-- Test_ExtentReports -->
