<?xml version="1.0" encoding="UTF-8"?>
<testng-results ignored="0" total="20" passed="19" failed="1" skipped="0">
  <reporter-output>
  </reporter-output>
  <suite started-at="2025-01-13T16:39:52 IST" name="Suite" finished-at="2025-01-13T16:48:53 IST" duration-ms="541202">
    <groups>
    </groups>
    <test started-at="2025-01-13T16:39:52 IST" name="Test" finished-at="2025-01-13T16:48:53 IST" duration-ms="541202">
      <class name="kpmgpoc.sniperai.com_Sanity_test_classes.TC022_Rec_UserCreationPage">
        <test-method is-config="true" signature="SetUp()[pri:0, instance:kpmgpoc.sniperai.com_Sanity_test_classes.TC022_Rec_UserCreationPage@6e9175d8]" started-at="2025-01-13T16:41:07 IST" name="SetUp" finished-at="2025-01-13T16:41:22 IST" duration-ms="14195" status="PASS">
          <reporter-output>
          </reporter-output>
        </test-method> <!-- SetUp -->
        <test-method signature="OpenUserCreationPage()[pri:0, instance:kpmgpoc.sniperai.com_Sanity_test_classes.TC022_Rec_UserCreationPage@6e9175d8]" started-at="2025-01-13T16:41:22 IST" name="OpenUserCreationPage" finished-at="2025-01-13T16:41:37 IST" duration-ms="15272" status="PASS">
          <reporter-output>
          </reporter-output>
        </test-method> <!-- OpenUserCreationPage -->
        <test-method is-config="true" signature="teardown(org.testng.ITestResult)[pri:0, instance:kpmgpoc.sniperai.com_Sanity_test_classes.TC022_Rec_UserCreationPage@6e9175d8]" started-at="2025-01-13T16:41:37 IST" name="teardown" finished-at="2025-01-13T16:41:40 IST" duration-ms="3229" status="PASS">
          <params>
            <param index="0">
              <value>
                <![CDATA[[TestResult name=OpenUserCreationPage status=SUCCESS method=TC022_Rec_UserCreationPage.OpenUserCreationPage()[pri:0, instance:kpmgpoc.sniperai.com_Sanity_test_classes.TC022_Rec_UserCreationPage@6e9175d8] output={null}]]]>
              </value>
            </param>
          </params>
          <reporter-output>
          </reporter-output>
        </test-method> <!-- teardown -->
      </class> <!-- kpmgpoc.sniperai.com_Sanity_test_classes.TC022_Rec_UserCreationPage -->
      <class name="kpmgpoc.sniperai.com_Sanity_test_classes.TC001Open_Terms_Page">
        <test-method is-config="true" signature="SetUp()[pri:0, instance:kpmgpoc.sniperai.com_Sanity_test_classes.TC001Open_Terms_Page@534a5a98]" started-at="2025-01-13T16:39:52 IST" name="SetUp" finished-at="2025-01-13T16:39:57 IST" duration-ms="4763" status="PASS">
          <reporter-output>
          </reporter-output>
        </test-method> <!-- SetUp -->
        <test-method signature="TermsPage()[pri:0, instance:kpmgpoc.sniperai.com_Sanity_test_classes.TC001Open_Terms_Page@534a5a98]" started-at="2025-01-13T16:39:57 IST" name="TermsPage" finished-at="2025-01-13T16:40:12 IST" duration-ms="14884" status="PASS">
          <reporter-output>
          </reporter-output>
        </test-method> <!-- TermsPage -->
        <test-method is-config="true" signature="teardown(org.testng.ITestResult)[pri:0, instance:kpmgpoc.sniperai.com_Sanity_test_classes.TC001Open_Terms_Page@534a5a98]" started-at="2025-01-13T16:40:12 IST" name="teardown" finished-at="2025-01-13T16:40:12 IST" duration-ms="549" status="PASS">
          <params>
            <param index="0">
              <value>
                <![CDATA[[TestResult name=TermsPage status=SUCCESS method=TC001Open_Terms_Page.TermsPage()[pri:0, instance:kpmgpoc.sniperai.com_Sanity_test_classes.TC001Open_Terms_Page@534a5a98] output={null}]]]>
              </value>
            </param>
          </params>
          <reporter-output>
          </reporter-output>
        </test-method> <!-- teardown -->
      </class> <!-- kpmgpoc.sniperai.com_Sanity_test_classes.TC001Open_Terms_Page -->
      <class name="kpmgpoc.sniperai.com_Sanity_test_classes.TC030_Rec_ReccomdSummaryRP_Download">
        <test-method is-config="true" signature="SetUp()[pri:0, instance:kpmgpoc.sniperai.com_Sanity_test_classes.TC030_Rec_ReccomdSummaryRP_Download@4b741d6d]" started-at="2025-01-13T16:42:30 IST" name="SetUp" finished-at="2025-01-13T16:42:41 IST" duration-ms="11314" status="PASS">
          <reporter-output>
          </reporter-output>
        </test-method> <!-- SetUp -->
        <test-method signature="DownloadReccomdSummaryRep()[pri:0, instance:kpmgpoc.sniperai.com_Sanity_test_classes.TC030_Rec_ReccomdSummaryRP_Download@4b741d6d]" started-at="2025-01-13T16:42:41 IST" name="DownloadReccomdSummaryRep" finished-at="2025-01-13T16:42:51 IST" duration-ms="9296" status="PASS">
          <reporter-output>
          </reporter-output>
        </test-method> <!-- DownloadReccomdSummaryRep -->
        <test-method is-config="true" signature="teardown(org.testng.ITestResult)[pri:0, instance:kpmgpoc.sniperai.com_Sanity_test_classes.TC030_Rec_ReccomdSummaryRP_Download@4b741d6d]" started-at="2025-01-13T16:42:51 IST" name="teardown" finished-at="2025-01-13T16:42:53 IST" duration-ms="2293" status="PASS">
          <params>
            <param index="0">
              <value>
                <![CDATA[[TestResult name=DownloadReccomdSummaryRep status=SUCCESS method=TC030_Rec_ReccomdSummaryRP_Download.DownloadReccomdSummaryRep()[pri:0, instance:kpmgpoc.sniperai.com_Sanity_test_classes.TC030_Rec_ReccomdSummaryRP_Download@4b741d6d] output={null}]]]>
              </value>
            </param>
          </params>
          <reporter-output>
          </reporter-output>
        </test-method> <!-- teardown -->
      </class> <!-- kpmgpoc.sniperai.com_Sanity_test_classes.TC030_Rec_ReccomdSummaryRP_Download -->
      <class name="kpmgpoc.sniperai.com_Sanity_test_classes.TC041_Rec_LinkedInConfigPage">
        <test-method is-config="true" signature="SetUp()[pri:0, instance:kpmgpoc.sniperai.com_Sanity_test_classes.TC041_Rec_LinkedInConfigPage@69e153c5]" started-at="2025-01-13T16:44:06 IST" name="SetUp" finished-at="2025-01-13T16:44:18 IST" duration-ms="11768" status="PASS">
          <reporter-output>
          </reporter-output>
        </test-method> <!-- SetUp -->
        <test-method signature="LinkedInConfig()[pri:0, instance:kpmgpoc.sniperai.com_Sanity_test_classes.TC041_Rec_LinkedInConfigPage@69e153c5]" started-at="2025-01-13T16:44:18 IST" name="LinkedInConfig" finished-at="2025-01-13T16:44:27 IST" duration-ms="9289" status="PASS">
          <reporter-output>
          </reporter-output>
        </test-method> <!-- LinkedInConfig -->
        <test-method is-config="true" signature="teardown(org.testng.ITestResult)[pri:0, instance:kpmgpoc.sniperai.com_Sanity_test_classes.TC041_Rec_LinkedInConfigPage@69e153c5]" started-at="2025-01-13T16:44:27 IST" name="teardown" finished-at="2025-01-13T16:44:31 IST" duration-ms="3783" status="PASS">
          <params>
            <param index="0">
              <value>
                <![CDATA[[TestResult name=LinkedInConfig status=SUCCESS method=TC041_Rec_LinkedInConfigPage.LinkedInConfig()[pri:0, instance:kpmgpoc.sniperai.com_Sanity_test_classes.TC041_Rec_LinkedInConfigPage@69e153c5] output={null}]]]>
              </value>
            </param>
          </params>
          <reporter-output>
          </reporter-output>
        </test-method> <!-- teardown -->
      </class> <!-- kpmgpoc.sniperai.com_Sanity_test_classes.TC041_Rec_LinkedInConfigPage -->
      <class name="kpmgpoc.sniperai.com_Sanity_test_classes.TC047_Rec_UtilitiesScoreLock">
        <test-method is-config="true" signature="SetUp()[pri:0, instance:kpmgpoc.sniperai.com_Sanity_test_classes.TC047_Rec_UtilitiesScoreLock@27406a17]" started-at="2025-01-13T16:46:37 IST" name="SetUp" finished-at="2025-01-13T16:46:56 IST" duration-ms="19227" status="PASS">
          <reporter-output>
          </reporter-output>
        </test-method> <!-- SetUp -->
        <test-method signature="ScoreLockUtility()[pri:0, instance:kpmgpoc.sniperai.com_Sanity_test_classes.TC047_Rec_UtilitiesScoreLock@27406a17]" started-at="2025-01-13T16:46:56 IST" name="ScoreLockUtility" finished-at="2025-01-13T16:47:04 IST" duration-ms="7871" status="PASS">
          <reporter-output>
          </reporter-output>
        </test-method> <!-- ScoreLockUtility -->
        <test-method is-config="true" signature="teardown(org.testng.ITestResult)[pri:0, instance:kpmgpoc.sniperai.com_Sanity_test_classes.TC047_Rec_UtilitiesScoreLock@27406a17]" started-at="2025-01-13T16:47:04 IST" name="teardown" finished-at="2025-01-13T16:47:06 IST" duration-ms="2169" status="PASS">
          <params>
            <param index="0">
              <value>
                <![CDATA[[TestResult name=ScoreLockUtility status=SUCCESS method=TC047_Rec_UtilitiesScoreLock.ScoreLockUtility()[pri:0, instance:kpmgpoc.sniperai.com_Sanity_test_classes.TC047_Rec_UtilitiesScoreLock@27406a17] output={null}]]]>
              </value>
            </param>
          </params>
          <reporter-output>
          </reporter-output>
        </test-method> <!-- teardown -->
      </class> <!-- kpmgpoc.sniperai.com_Sanity_test_classes.TC047_Rec_UtilitiesScoreLock -->
      <class name="kpmgpoc.sniperai.com_Sanity_test_classes.TC043_Rec_VideoInterviewConfig">
        <test-method is-config="true" signature="SetUp()[pri:0, instance:kpmgpoc.sniperai.com_Sanity_test_classes.TC043_Rec_VideoInterviewConfig@25ce9dc4]" started-at="2025-01-13T16:44:57 IST" name="SetUp" finished-at="2025-01-13T16:45:09 IST" duration-ms="11959" status="PASS">
          <reporter-output>
          </reporter-output>
        </test-method> <!-- SetUp -->
        <test-method signature="VideoInterviewConfig()[pri:0, instance:kpmgpoc.sniperai.com_Sanity_test_classes.TC043_Rec_VideoInterviewConfig@25ce9dc4]" started-at="2025-01-13T16:45:09 IST" name="VideoInterviewConfig" finished-at="2025-01-13T16:45:22 IST" duration-ms="12548" status="PASS">
          <reporter-output>
          </reporter-output>
        </test-method> <!-- VideoInterviewConfig -->
        <test-method is-config="true" signature="teardown(org.testng.ITestResult)[pri:0, instance:kpmgpoc.sniperai.com_Sanity_test_classes.TC043_Rec_VideoInterviewConfig@25ce9dc4]" started-at="2025-01-13T16:45:22 IST" name="teardown" finished-at="2025-01-13T16:45:24 IST" duration-ms="2432" status="PASS">
          <params>
            <param index="0">
              <value>
                <![CDATA[[TestResult name=VideoInterviewConfig status=SUCCESS method=TC043_Rec_VideoInterviewConfig.VideoInterviewConfig()[pri:0, instance:kpmgpoc.sniperai.com_Sanity_test_classes.TC043_Rec_VideoInterviewConfig@25ce9dc4] output={null}]]]>
              </value>
            </param>
          </params>
          <reporter-output>
          </reporter-output>
        </test-method> <!-- teardown -->
      </class> <!-- kpmgpoc.sniperai.com_Sanity_test_classes.TC043_Rec_VideoInterviewConfig -->
      <class name="kpmgpoc.sniperai.com_Sanity_test_classes.TC029_Rec_RawReport_Dowload">
        <test-method is-config="true" signature="SetUp()[pri:0, instance:kpmgpoc.sniperai.com_Sanity_test_classes.TC029_Rec_RawReport_Dowload@15bb5034]" started-at="2025-01-13T16:42:06 IST" name="SetUp" finished-at="2025-01-13T16:42:17 IST" duration-ms="11024" status="PASS">
          <reporter-output>
          </reporter-output>
        </test-method> <!-- SetUp -->
        <test-method signature="DownloadRawReport()[pri:0, instance:kpmgpoc.sniperai.com_Sanity_test_classes.TC029_Rec_RawReport_Dowload@15bb5034]" started-at="2025-01-13T16:42:17 IST" name="DownloadRawReport" finished-at="2025-01-13T16:42:28 IST" duration-ms="11263" status="PASS">
          <reporter-output>
          </reporter-output>
        </test-method> <!-- DownloadRawReport -->
        <test-method is-config="true" signature="teardown(org.testng.ITestResult)[pri:0, instance:kpmgpoc.sniperai.com_Sanity_test_classes.TC029_Rec_RawReport_Dowload@15bb5034]" started-at="2025-01-13T16:42:28 IST" name="teardown" finished-at="2025-01-13T16:42:30 IST" duration-ms="2247" status="PASS">
          <params>
            <param index="0">
              <value>
                <![CDATA[[TestResult name=DownloadRawReport status=SUCCESS method=TC029_Rec_RawReport_Dowload.DownloadRawReport()[pri:0, instance:kpmgpoc.sniperai.com_Sanity_test_classes.TC029_Rec_RawReport_Dowload@15bb5034] output={null}]]]>
              </value>
            </param>
          </params>
          <reporter-output>
          </reporter-output>
        </test-method> <!-- teardown -->
      </class> <!-- kpmgpoc.sniperai.com_Sanity_test_classes.TC029_Rec_RawReport_Dowload -->
      <class name="kpmgpoc.sniperai.com_Sanity_test_classes.TC045_UtilitiesSkillAffinity">
        <test-method is-config="true" signature="SetUp()[pri:0, instance:kpmgpoc.sniperai.com_Sanity_test_classes.TC045_UtilitiesSkillAffinity@17f62e33]" started-at="2025-01-13T16:45:48 IST" name="SetUp" finished-at="2025-01-13T16:46:00 IST" duration-ms="11896" status="PASS">
          <reporter-output>
          </reporter-output>
        </test-method> <!-- SetUp -->
        <test-method signature="SkillAffinityUtility()[pri:0, instance:kpmgpoc.sniperai.com_Sanity_test_classes.TC045_UtilitiesSkillAffinity@17f62e33]" started-at="2025-01-13T16:46:00 IST" name="SkillAffinityUtility" finished-at="2025-01-13T16:46:10 IST" duration-ms="9961" status="PASS">
          <reporter-output>
          </reporter-output>
        </test-method> <!-- SkillAffinityUtility -->
        <test-method is-config="true" signature="teardown(org.testng.ITestResult)[pri:0, instance:kpmgpoc.sniperai.com_Sanity_test_classes.TC045_UtilitiesSkillAffinity@17f62e33]" started-at="2025-01-13T16:46:10 IST" name="teardown" finished-at="2025-01-13T16:46:12 IST" duration-ms="1979" status="PASS">
          <params>
            <param index="0">
              <value>
                <![CDATA[[TestResult name=SkillAffinityUtility status=SUCCESS method=TC045_UtilitiesSkillAffinity.SkillAffinityUtility()[pri:0, instance:kpmgpoc.sniperai.com_Sanity_test_classes.TC045_UtilitiesSkillAffinity@17f62e33] output={null}]]]>
              </value>
            </param>
          </params>
          <reporter-output>
          </reporter-output>
        </test-method> <!-- teardown -->
      </class> <!-- kpmgpoc.sniperai.com_Sanity_test_classes.TC045_UtilitiesSkillAffinity -->
      <class name="kpmgpoc.sniperai.com_Sanity_test_classes.TC044_Rec_UtilitiesSkillUpload">
        <test-method is-config="true" signature="SetUp()[pri:0, instance:kpmgpoc.sniperai.com_Sanity_test_classes.TC044_Rec_UtilitiesSkillUpload@74ea2410]" started-at="2025-01-13T16:45:24 IST" name="SetUp" finished-at="2025-01-13T16:45:37 IST" duration-ms="12724" status="PASS">
          <reporter-output>
          </reporter-output>
        </test-method> <!-- SetUp -->
        <test-method signature="SkillUploadUtility()[pri:0, instance:kpmgpoc.sniperai.com_Sanity_test_classes.TC044_Rec_UtilitiesSkillUpload@74ea2410]" started-at="2025-01-13T16:45:37 IST" name="SkillUploadUtility" finished-at="2025-01-13T16:45:46 IST" duration-ms="8878" status="PASS">
          <reporter-output>
          </reporter-output>
        </test-method> <!-- SkillUploadUtility -->
        <test-method is-config="true" signature="teardown(org.testng.ITestResult)[pri:0, instance:kpmgpoc.sniperai.com_Sanity_test_classes.TC044_Rec_UtilitiesSkillUpload@74ea2410]" started-at="2025-01-13T16:45:46 IST" name="teardown" finished-at="2025-01-13T16:45:48 IST" duration-ms="1890" status="PASS">
          <params>
            <param index="0">
              <value>
                <![CDATA[[TestResult name=SkillUploadUtility status=SUCCESS method=TC044_Rec_UtilitiesSkillUpload.SkillUploadUtility()[pri:0, instance:kpmgpoc.sniperai.com_Sanity_test_classes.TC044_Rec_UtilitiesSkillUpload@74ea2410] output={null}]]]>
              </value>
            </param>
          </params>
          <reporter-output>
          </reporter-output>
        </test-method> <!-- teardown -->
      </class> <!-- kpmgpoc.sniperai.com_Sanity_test_classes.TC044_Rec_UtilitiesSkillUpload -->
      <class name="kpmgpoc.sniperai.com_Sanity_test_classes.TC040_Rec_JobWizardSettings">
        <test-method is-config="true" signature="SetUp()[pri:0, instance:kpmgpoc.sniperai.com_Sanity_test_classes.TC040_Rec_JobWizardSettings@7674f035]" started-at="2025-01-13T16:43:45 IST" name="SetUp" finished-at="2025-01-13T16:43:57 IST" duration-ms="12067" status="PASS">
          <reporter-output>
          </reporter-output>
        </test-method> <!-- SetUp -->
        <test-method signature="JobWizardSettingsPage()[pri:0, instance:kpmgpoc.sniperai.com_Sanity_test_classes.TC040_Rec_JobWizardSettings@7674f035]" started-at="2025-01-13T16:43:57 IST" name="JobWizardSettingsPage" finished-at="2025-01-13T16:44:05 IST" duration-ms="7150" status="PASS">
          <reporter-output>
          </reporter-output>
        </test-method> <!-- JobWizardSettingsPage -->
        <test-method is-config="true" signature="teardown(org.testng.ITestResult)[pri:0, instance:kpmgpoc.sniperai.com_Sanity_test_classes.TC040_Rec_JobWizardSettings@7674f035]" started-at="2025-01-13T16:44:05 IST" name="teardown" finished-at="2025-01-13T16:44:06 IST" duration-ms="1868" status="PASS">
          <params>
            <param index="0">
              <value>
                <![CDATA[[TestResult name=JobWizardSettingsPage status=SUCCESS method=TC040_Rec_JobWizardSettings.JobWizardSettingsPage()[pri:0, instance:kpmgpoc.sniperai.com_Sanity_test_classes.TC040_Rec_JobWizardSettings@7674f035] output={null}]]]>
              </value>
            </param>
          </params>
          <reporter-output>
          </reporter-output>
        </test-method> <!-- teardown -->
      </class> <!-- kpmgpoc.sniperai.com_Sanity_test_classes.TC040_Rec_JobWizardSettings -->
      <class name="kpmgpoc.sniperai.com_Sanity_test_classes.TC039_Rec_JobSettingsPage">
        <test-method is-config="true" signature="SetUp()[pri:0, instance:kpmgpoc.sniperai.com_Sanity_test_classes.TC039_Rec_JobSettingsPage@2cf3d63b]" started-at="2025-01-13T16:43:20 IST" name="SetUp" finished-at="2025-01-13T16:43:32 IST" duration-ms="12292" status="PASS">
          <reporter-output>
          </reporter-output>
        </test-method> <!-- SetUp -->
        <test-method signature="JobSettingsPage()[pri:0, instance:kpmgpoc.sniperai.com_Sanity_test_classes.TC039_Rec_JobSettingsPage@2cf3d63b]" started-at="2025-01-13T16:43:32 IST" name="JobSettingsPage" finished-at="2025-01-13T16:43:43 IST" duration-ms="10374" status="PASS">
          <reporter-output>
          </reporter-output>
        </test-method> <!-- JobSettingsPage -->
        <test-method is-config="true" signature="teardown(org.testng.ITestResult)[pri:0, instance:kpmgpoc.sniperai.com_Sanity_test_classes.TC039_Rec_JobSettingsPage@2cf3d63b]" started-at="2025-01-13T16:43:43 IST" name="teardown" finished-at="2025-01-13T16:43:45 IST" duration-ms="2679" status="PASS">
          <params>
            <param index="0">
              <value>
                <![CDATA[[TestResult name=JobSettingsPage status=SUCCESS method=TC039_Rec_JobSettingsPage.JobSettingsPage()[pri:0, instance:kpmgpoc.sniperai.com_Sanity_test_classes.TC039_Rec_JobSettingsPage@2cf3d63b] output={null}]]]>
              </value>
            </param>
          </params>
          <reporter-output>
          </reporter-output>
        </test-method> <!-- teardown -->
      </class> <!-- kpmgpoc.sniperai.com_Sanity_test_classes.TC039_Rec_JobSettingsPage -->
      <class name="kpmgpoc.sniperai.com_Sanity_test_classes.TC037_Rec_SettingsPage">
        <test-method is-config="true" signature="SetUp()[pri:0, instance:kpmgpoc.sniperai.com_Sanity_test_classes.TC037_Rec_SettingsPage@470734c3]" started-at="2025-01-13T16:42:53 IST" name="SetUp" finished-at="2025-01-13T16:43:07 IST" duration-ms="13744" status="PASS">
          <reporter-output>
          </reporter-output>
        </test-method> <!-- SetUp -->
        <test-method signature="SettingsPage()[pri:0, instance:kpmgpoc.sniperai.com_Sanity_test_classes.TC037_Rec_SettingsPage@470734c3]" started-at="2025-01-13T16:43:07 IST" name="SettingsPage" finished-at="2025-01-13T16:43:18 IST" duration-ms="11240" status="PASS">
          <reporter-output>
          </reporter-output>
        </test-method> <!-- SettingsPage -->
        <test-method is-config="true" signature="teardown(org.testng.ITestResult)[pri:0, instance:kpmgpoc.sniperai.com_Sanity_test_classes.TC037_Rec_SettingsPage@470734c3]" started-at="2025-01-13T16:43:18 IST" name="teardown" finished-at="2025-01-13T16:43:20 IST" duration-ms="1993" status="PASS">
          <params>
            <param index="0">
              <value>
                <![CDATA[[TestResult name=SettingsPage status=SUCCESS method=TC037_Rec_SettingsPage.SettingsPage()[pri:0, instance:kpmgpoc.sniperai.com_Sanity_test_classes.TC037_Rec_SettingsPage@470734c3] output={null}]]]>
              </value>
            </param>
          </params>
          <reporter-output>
          </reporter-output>
        </test-method> <!-- teardown -->
      </class> <!-- kpmgpoc.sniperai.com_Sanity_test_classes.TC037_Rec_SettingsPage -->
      <class name="kpmgpoc.sniperai.com_Sanity_test_classes.TC024_Rec_AddSupportRecruiterPage">
        <test-method is-config="true" signature="SetUp()[pri:0, instance:kpmgpoc.sniperai.com_Sanity_test_classes.TC024_Rec_AddSupportRecruiterPage@7d0b7e3c]" started-at="2025-01-13T16:41:40 IST" name="SetUp" finished-at="2025-01-13T16:41:49 IST" duration-ms="9127" status="PASS">
          <reporter-output>
          </reporter-output>
        </test-method> <!-- SetUp -->
        <test-method signature="OpenAddSupportRecPage()[pri:0, instance:kpmgpoc.sniperai.com_Sanity_test_classes.TC024_Rec_AddSupportRecruiterPage@7d0b7e3c]" started-at="2025-01-13T16:41:49 IST" name="OpenAddSupportRecPage" finished-at="2025-01-13T16:42:01 IST" duration-ms="12118" status="PASS">
          <reporter-output>
          </reporter-output>
        </test-method> <!-- OpenAddSupportRecPage -->
        <test-method is-config="true" signature="teardown(org.testng.ITestResult)[pri:0, instance:kpmgpoc.sniperai.com_Sanity_test_classes.TC024_Rec_AddSupportRecruiterPage@7d0b7e3c]" started-at="2025-01-13T16:42:01 IST" name="teardown" finished-at="2025-01-13T16:42:06 IST" duration-ms="4178" status="PASS">
          <params>
            <param index="0">
              <value>
                <![CDATA[[TestResult name=OpenAddSupportRecPage status=SUCCESS method=TC024_Rec_AddSupportRecruiterPage.OpenAddSupportRecPage()[pri:0, instance:kpmgpoc.sniperai.com_Sanity_test_classes.TC024_Rec_AddSupportRecruiterPage@7d0b7e3c] output={null}]]]>
              </value>
            </param>
          </params>
          <reporter-output>
          </reporter-output>
        </test-method> <!-- teardown -->
      </class> <!-- kpmgpoc.sniperai.com_Sanity_test_classes.TC024_Rec_AddSupportRecruiterPage -->
      <class name="kpmgpoc.sniperai.com_Sanity_test_classes.TC021_JobListPage_Actions">
        <test-method is-config="true" signature="SetUp()[pri:0, instance:kpmgpoc.sniperai.com_Sanity_test_classes.TC021_JobListPage_Actions@78e4deb0]" started-at="2025-01-13T16:40:37 IST" name="SetUp" finished-at="2025-01-13T16:40:52 IST" duration-ms="14339" status="PASS">
          <reporter-output>
          </reporter-output>
        </test-method> <!-- SetUp -->
        <test-method signature="JobListPageActions_Rec()[pri:0, instance:kpmgpoc.sniperai.com_Sanity_test_classes.TC021_JobListPage_Actions@78e4deb0]" started-at="2025-01-13T16:40:52 IST" name="JobListPageActions_Rec" finished-at="2025-01-13T16:41:04 IST" duration-ms="12887" status="PASS">
          <reporter-output>
          </reporter-output>
        </test-method> <!-- JobListPageActions_Rec -->
        <test-method is-config="true" signature="teardown(org.testng.ITestResult)[pri:0, instance:kpmgpoc.sniperai.com_Sanity_test_classes.TC021_JobListPage_Actions@78e4deb0]" started-at="2025-01-13T16:41:04 IST" name="teardown" finished-at="2025-01-13T16:41:07 IST" duration-ms="2965" status="PASS">
          <params>
            <param index="0">
              <value>
                <![CDATA[[TestResult name=JobListPageActions_Rec status=SUCCESS method=TC021_JobListPage_Actions.JobListPageActions_Rec()[pri:0, instance:kpmgpoc.sniperai.com_Sanity_test_classes.TC021_JobListPage_Actions@78e4deb0] output={null}]]]>
              </value>
            </param>
          </params>
          <reporter-output>
          </reporter-output>
        </test-method> <!-- teardown -->
      </class> <!-- kpmgpoc.sniperai.com_Sanity_test_classes.TC021_JobListPage_Actions -->
      <class name="kpmgpoc.sniperai.com_Sanity_test_classes.TC042_Rec_ScoreReprePage">
        <test-method is-config="true" signature="SetUp()[pri:0, instance:kpmgpoc.sniperai.com_Sanity_test_classes.TC042_Rec_ScoreReprePage@173ed316]" started-at="2025-01-13T16:44:31 IST" name="SetUp" finished-at="2025-01-13T16:44:46 IST" duration-ms="14973" status="PASS">
          <reporter-output>
          </reporter-output>
        </test-method> <!-- SetUp -->
        <test-method signature="ScoreRepreConfig()[pri:0, instance:kpmgpoc.sniperai.com_Sanity_test_classes.TC042_Rec_ScoreReprePage@173ed316]" started-at="2025-01-13T16:44:46 IST" name="ScoreRepreConfig" finished-at="2025-01-13T16:44:55 IST" duration-ms="9204" status="PASS">
          <reporter-output>
          </reporter-output>
        </test-method> <!-- ScoreRepreConfig -->
        <test-method is-config="true" signature="teardown(org.testng.ITestResult)[pri:0, instance:kpmgpoc.sniperai.com_Sanity_test_classes.TC042_Rec_ScoreReprePage@173ed316]" started-at="2025-01-13T16:44:55 IST" name="teardown" finished-at="2025-01-13T16:44:57 IST" duration-ms="1944" status="PASS">
          <params>
            <param index="0">
              <value>
                <![CDATA[[TestResult name=ScoreRepreConfig status=SUCCESS method=TC042_Rec_ScoreReprePage.ScoreRepreConfig()[pri:0, instance:kpmgpoc.sniperai.com_Sanity_test_classes.TC042_Rec_ScoreReprePage@173ed316] output={null}]]]>
              </value>
            </param>
          </params>
          <reporter-output>
          </reporter-output>
        </test-method> <!-- teardown -->
      </class> <!-- kpmgpoc.sniperai.com_Sanity_test_classes.TC042_Rec_ScoreReprePage -->
      <class name="kpmgpoc.sniperai.com_Sanity_test_classes.TC048_Rec_UtilitiesAddSupportRec">
        <test-method is-config="true" signature="SetUp()[pri:0, instance:kpmgpoc.sniperai.com_Sanity_test_classes.TC048_Rec_UtilitiesAddSupportRec@2af004b]" started-at="2025-01-13T16:47:06 IST" name="SetUp" finished-at="2025-01-13T16:47:16 IST" duration-ms="9782" status="PASS">
          <reporter-output>
          </reporter-output>
        </test-method> <!-- SetUp -->
        <test-method signature="AddSupportRecruiterUtility()[pri:0, instance:kpmgpoc.sniperai.com_Sanity_test_classes.TC048_Rec_UtilitiesAddSupportRec@2af004b]" started-at="2025-01-13T16:47:16 IST" name="AddSupportRecruiterUtility" finished-at="2025-01-13T16:47:40 IST" duration-ms="24210" status="FAIL">
          <exception class="org.openqa.selenium.ElementNotInteractableException">
            <message>
              <![CDATA[element not interactable
  (Session info: chrome=131.0.6778.265)
Build info: version: '4.25.0', revision: '030fcf7918'
System info: os.name: 'Windows 10', os.arch: 'amd64', os.version: '10.0', java.version: '11.0.23'
Driver info: org.openqa.selenium.chrome.ChromeDriver
Command: [9a42cef682a44740b47c42a34f618dfa, clickElement {id=f.FB262DAD82F4C4112025AB965B4CD9D2.d.333AC59798B0069582A93116AD6952DC.e.99}]
Capabilities {acceptInsecureCerts: false, browserName: chrome, browserVersion: 131.0.6778.265, chrome: {chromedriverVersion: 131.0.6778.204 (52183f9e99a..., userDataDir: C:\Users\Shubz008\AppData\L...}, fedcm:accounts: true, goog:chromeOptions: {debuggerAddress: localhost:53379}, networkConnectionEnabled: false, pageLoadStrategy: normal, platformName: windows, proxy: Proxy(), se:cdp: ws://localhost:53379/devtoo..., se:cdpVersion: 131.0.6778.265, setWindowRect: true, strictFileInteractability: false, timeouts: {implicit: 0, pageLoad: 300000, script: 30000}, unhandledPromptBehavior: dismiss and notify, webauthn:extension:credBlob: true, webauthn:extension:largeBlob: true, webauthn:extension:minPinLength: true, webauthn:extension:prf: true, webauthn:virtualAuthenticators: true}
Element: [[ChromeDriver: chrome on windows (9a42cef682a44740b47c42a34f618dfa)] -> xpath: (//a [text() = 'Add Support Recruiter'])[2]]
Session ID: 9a42cef682a44740b47c42a34f618dfa]]>
            </message>
            <full-stacktrace>
              <![CDATA[org.openqa.selenium.ElementNotInteractableException: element not interactable
  (Session info: chrome=131.0.6778.265)
Build info: version: '4.25.0', revision: '030fcf7918'
System info: os.name: 'Windows 10', os.arch: 'amd64', os.version: '10.0', java.version: '11.0.23'
Driver info: org.openqa.selenium.chrome.ChromeDriver
Command: [9a42cef682a44740b47c42a34f618dfa, clickElement {id=f.FB262DAD82F4C4112025AB965B4CD9D2.d.333AC59798B0069582A93116AD6952DC.e.99}]
Capabilities {acceptInsecureCerts: false, browserName: chrome, browserVersion: 131.0.6778.265, chrome: {chromedriverVersion: 131.0.6778.204 (52183f9e99a..., userDataDir: C:\Users\Shubz008\AppData\L...}, fedcm:accounts: true, goog:chromeOptions: {debuggerAddress: localhost:53379}, networkConnectionEnabled: false, pageLoadStrategy: normal, platformName: windows, proxy: Proxy(), se:cdp: ws://localhost:53379/devtoo..., se:cdpVersion: 131.0.6778.265, setWindowRect: true, strictFileInteractability: false, timeouts: {implicit: 0, pageLoad: 300000, script: 30000}, unhandledPromptBehavior: dismiss and notify, webauthn:extension:credBlob: true, webauthn:extension:largeBlob: true, webauthn:extension:minPinLength: true, webauthn:extension:prf: true, webauthn:virtualAuthenticators: true}
Element: [[ChromeDriver: chrome on windows (9a42cef682a44740b47c42a34f618dfa)] -> xpath: (//a [text() = 'Add Support Recruiter'])[2]]
Session ID: 9a42cef682a44740b47c42a34f618dfa
at java.base/jdk.internal.reflect.NativeConstructorAccessorImpl.newInstance0(Native Method)
at java.base/jdk.internal.reflect.NativeConstructorAccessorImpl.newInstance(NativeConstructorAccessorImpl.java:62)
at java.base/jdk.internal.reflect.DelegatingConstructorAccessorImpl.newInstance(DelegatingConstructorAccessorImpl.java:45)
at java.base/java.lang.reflect.Constructor.newInstance(Constructor.java:490)
at org.openqa.selenium.remote.ErrorCodec.decode(ErrorCodec.java:167)
at org.openqa.selenium.remote.codec.w3c.W3CHttpResponseCodec.decode(W3CHttpResponseCodec.java:138)
at org.openqa.selenium.remote.codec.w3c.W3CHttpResponseCodec.decode(W3CHttpResponseCodec.java:50)
at org.openqa.selenium.remote.HttpCommandExecutor.execute(HttpCommandExecutor.java:190)
at org.openqa.selenium.remote.service.DriverCommandExecutor.invokeExecute(DriverCommandExecutor.java:216)
at org.openqa.selenium.remote.service.DriverCommandExecutor.execute(DriverCommandExecutor.java:174)
at org.openqa.selenium.remote.RemoteWebDriver.execute(RemoteWebDriver.java:545)
at org.openqa.selenium.remote.RemoteWebElement.execute(RemoteWebElement.java:223)
at org.openqa.selenium.remote.RemoteWebElement.click(RemoteWebElement.java:76)
at jdk.internal.reflect.GeneratedMethodAccessor1.invoke(Unknown Source)
at java.base/jdk.internal.reflect.DelegatingMethodAccessorImpl.invoke(DelegatingMethodAccessorImpl.java:43)
at java.base/java.lang.reflect.Method.invoke(Method.java:566)
at org.openqa.selenium.support.pagefactory.internal.LocatingElementHandler.invoke(LocatingElementHandler.java:51)
at com.sun.proxy.$Proxy13.click(Unknown Source)
at kpmgpoc_RecMod_POM_classes.Rec_JobListPage_POM_Class.AddSupportRecruiterUtility(Rec_JobListPage_POM_Class.java:504)
at kpmgpoc.sniperai.com_Sanity_test_classes.TC048_Rec_UtilitiesAddSupportRec.AddSupportRecruiterUtility(TC048_Rec_UtilitiesAddSupportRec.java:27)
at java.base/jdk.internal.reflect.NativeMethodAccessorImpl.invoke0(Native Method)
at java.base/jdk.internal.reflect.NativeMethodAccessorImpl.invoke(NativeMethodAccessorImpl.java:62)
at java.base/jdk.internal.reflect.DelegatingMethodAccessorImpl.invoke(DelegatingMethodAccessorImpl.java:43)
at java.base/java.lang.reflect.Method.invoke(Method.java:566)
at org.testng.internal.MethodInvocationHelper.invokeMethod(MethodInvocationHelper.java:133)
at org.testng.internal.TestInvoker.invokeMethod(TestInvoker.java:598)
at org.testng.internal.TestInvoker.invokeTestMethod(TestInvoker.java:173)
at org.testng.internal.MethodRunner.runInSequence(MethodRunner.java:46)
at org.testng.internal.TestInvoker$MethodInvocationAgent.invoke(TestInvoker.java:824)
at org.testng.internal.TestInvoker.invokeTestMethods(TestInvoker.java:146)
at org.testng.internal.TestMethodWorker.invokeTestMethods(TestMethodWorker.java:146)
at org.testng.internal.TestMethodWorker.run(TestMethodWorker.java:128)
at java.base/java.util.ArrayList.forEach(ArrayList.java:1541)
at org.testng.TestRunner.privateRun(TestRunner.java:794)
at org.testng.TestRunner.run(TestRunner.java:596)
at org.testng.SuiteRunner.runTest(SuiteRunner.java:377)
at org.testng.SuiteRunner.runSequentially(SuiteRunner.java:371)
at org.testng.SuiteRunner.privateRun(SuiteRunner.java:332)
at org.testng.SuiteRunner.run(SuiteRunner.java:276)
at org.testng.SuiteRunnerWorker.runSuite(SuiteRunnerWorker.java:53)
at org.testng.SuiteRunnerWorker.run(SuiteRunnerWorker.java:96)
at org.testng.TestNG.runSuitesSequentially(TestNG.java:1212)
at org.testng.TestNG.runSuitesLocally(TestNG.java:1134)
at org.testng.TestNG.runSuites(TestNG.java:1063)
at org.testng.TestNG.run(TestNG.java:1031)
at org.testng.remote.AbstractRemoteTestNG.run(AbstractRemoteTestNG.java:115)
at org.testng.remote.RemoteTestNG.initAndRun(RemoteTestNG.java:293)
at org.testng.remote.RemoteTestNG.main(RemoteTestNG.java:91)
]]>
            </full-stacktrace>
          </exception> <!-- org.openqa.selenium.ElementNotInteractableException -->
          <reporter-output>
          </reporter-output>
        </test-method> <!-- AddSupportRecruiterUtility -->
        <test-method is-config="true" signature="teardown(org.testng.ITestResult)[pri:0, instance:kpmgpoc.sniperai.com_Sanity_test_classes.TC048_Rec_UtilitiesAddSupportRec@2af004b]" started-at="2025-01-13T16:47:40 IST" name="teardown" finished-at="2025-01-13T16:48:00 IST" duration-ms="20403" status="FAIL">
          <params>
            <param index="0">
              <value>
                <![CDATA[[TestResult name=AddSupportRecruiterUtility status=FAILURE method=TC048_Rec_UtilitiesAddSupportRec.AddSupportRecruiterUtility()[pri:0, instance:kpmgpoc.sniperai.com_Sanity_test_classes.TC048_Rec_UtilitiesAddSupportRec@2af004b] output={null}]]]>
              </value>
            </param>
          </params>
          <exception class="org.openqa.selenium.ElementNotInteractableException">
            <message>
              <![CDATA[element not interactable
  (Session info: chrome=131.0.6778.265)
Build info: version: '4.25.0', revision: '030fcf7918'
System info: os.name: 'Windows 10', os.arch: 'amd64', os.version: '10.0', java.version: '11.0.23'
Driver info: org.openqa.selenium.chrome.ChromeDriver
Command: [9a42cef682a44740b47c42a34f618dfa, clickElement {id=f.FB262DAD82F4C4112025AB965B4CD9D2.d.333AC59798B0069582A93116AD6952DC.e.100}]
Capabilities {acceptInsecureCerts: false, browserName: chrome, browserVersion: 131.0.6778.265, chrome: {chromedriverVersion: 131.0.6778.204 (52183f9e99a..., userDataDir: C:\Users\Shubz008\AppData\L...}, fedcm:accounts: true, goog:chromeOptions: {debuggerAddress: localhost:53379}, networkConnectionEnabled: false, pageLoadStrategy: normal, platformName: windows, proxy: Proxy(), se:cdp: ws://localhost:53379/devtoo..., se:cdpVersion: 131.0.6778.265, setWindowRect: true, strictFileInteractability: false, timeouts: {implicit: 0, pageLoad: 300000, script: 30000}, unhandledPromptBehavior: dismiss and notify, webauthn:extension:credBlob: true, webauthn:extension:largeBlob: true, webauthn:extension:minPinLength: true, webauthn:extension:prf: true, webauthn:virtualAuthenticators: true}
Element: [[ChromeDriver: chrome on windows (9a42cef682a44740b47c42a34f618dfa)] -> xpath: //span [text() = 'Sign out']]
Session ID: 9a42cef682a44740b47c42a34f618dfa]]>
            </message>
            <full-stacktrace>
              <![CDATA[org.openqa.selenium.ElementNotInteractableException: element not interactable
  (Session info: chrome=131.0.6778.265)
Build info: version: '4.25.0', revision: '030fcf7918'
System info: os.name: 'Windows 10', os.arch: 'amd64', os.version: '10.0', java.version: '11.0.23'
Driver info: org.openqa.selenium.chrome.ChromeDriver
Command: [9a42cef682a44740b47c42a34f618dfa, clickElement {id=f.FB262DAD82F4C4112025AB965B4CD9D2.d.333AC59798B0069582A93116AD6952DC.e.100}]
Capabilities {acceptInsecureCerts: false, browserName: chrome, browserVersion: 131.0.6778.265, chrome: {chromedriverVersion: 131.0.6778.204 (52183f9e99a..., userDataDir: C:\Users\Shubz008\AppData\L...}, fedcm:accounts: true, goog:chromeOptions: {debuggerAddress: localhost:53379}, networkConnectionEnabled: false, pageLoadStrategy: normal, platformName: windows, proxy: Proxy(), se:cdp: ws://localhost:53379/devtoo..., se:cdpVersion: 131.0.6778.265, setWindowRect: true, strictFileInteractability: false, timeouts: {implicit: 0, pageLoad: 300000, script: 30000}, unhandledPromptBehavior: dismiss and notify, webauthn:extension:credBlob: true, webauthn:extension:largeBlob: true, webauthn:extension:minPinLength: true, webauthn:extension:prf: true, webauthn:virtualAuthenticators: true}
Element: [[ChromeDriver: chrome on windows (9a42cef682a44740b47c42a34f618dfa)] -> xpath: //span [text() = 'Sign out']]
Session ID: 9a42cef682a44740b47c42a34f618dfa
at java.base/jdk.internal.reflect.NativeConstructorAccessorImpl.newInstance0(Native Method)
at java.base/jdk.internal.reflect.NativeConstructorAccessorImpl.newInstance(NativeConstructorAccessorImpl.java:62)
at java.base/jdk.internal.reflect.DelegatingConstructorAccessorImpl.newInstance(DelegatingConstructorAccessorImpl.java:45)
at java.base/java.lang.reflect.Constructor.newInstance(Constructor.java:490)
at org.openqa.selenium.remote.ErrorCodec.decode(ErrorCodec.java:167)
at org.openqa.selenium.remote.codec.w3c.W3CHttpResponseCodec.decode(W3CHttpResponseCodec.java:138)
at org.openqa.selenium.remote.codec.w3c.W3CHttpResponseCodec.decode(W3CHttpResponseCodec.java:50)
at org.openqa.selenium.remote.HttpCommandExecutor.execute(HttpCommandExecutor.java:190)
at org.openqa.selenium.remote.service.DriverCommandExecutor.invokeExecute(DriverCommandExecutor.java:216)
at org.openqa.selenium.remote.service.DriverCommandExecutor.execute(DriverCommandExecutor.java:174)
at org.openqa.selenium.remote.RemoteWebDriver.execute(RemoteWebDriver.java:545)
at org.openqa.selenium.remote.RemoteWebElement.execute(RemoteWebElement.java:223)
at org.openqa.selenium.remote.RemoteWebElement.click(RemoteWebElement.java:76)
at jdk.internal.reflect.GeneratedMethodAccessor1.invoke(Unknown Source)
at java.base/jdk.internal.reflect.DelegatingMethodAccessorImpl.invoke(DelegatingMethodAccessorImpl.java:43)
at java.base/java.lang.reflect.Method.invoke(Method.java:566)
at org.openqa.selenium.support.pagefactory.internal.LocatingElementHandler.invoke(LocatingElementHandler.java:51)
at com.sun.proxy.$Proxy13.click(Unknown Source)
at kpmgpoc_RecMod_POM_classes.Rec_JobListPage_POM_Class.Signout(Rec_JobListPage_POM_Class.java:570)
at kpmgpoc.sniperai.com_Sanity_test_classes.A003_BaseTestClass_Rec_Design.logoutAndQuitDriver(A003_BaseTestClass_Rec_Design.java:124)
at kpmgpoc.sniperai.com_Sanity_test_classes.A003_BaseTestClass_Rec_Design.teardown(A003_BaseTestClass_Rec_Design.java:114)
at jdk.internal.reflect.GeneratedMethodAccessor4.invoke(Unknown Source)
at java.base/jdk.internal.reflect.DelegatingMethodAccessorImpl.invoke(DelegatingMethodAccessorImpl.java:43)
at java.base/java.lang.reflect.Method.invoke(Method.java:566)
at org.testng.internal.MethodInvocationHelper.invokeMethod(MethodInvocationHelper.java:133)
at org.testng.internal.MethodInvocationHelper.invokeMethodConsideringTimeout(MethodInvocationHelper.java:62)
at org.testng.internal.ConfigInvoker.invokeConfigurationMethod(ConfigInvoker.java:385)
at org.testng.internal.ConfigInvoker.invokeConfigurations(ConfigInvoker.java:321)
at org.testng.internal.TestInvoker.runConfigMethods(TestInvoker.java:700)
at org.testng.internal.TestInvoker.runAfterGroupsConfigurations(TestInvoker.java:676)
at org.testng.internal.TestInvoker.invokeMethod(TestInvoker.java:660)
at org.testng.internal.TestInvoker.invokeTestMethod(TestInvoker.java:173)
at org.testng.internal.MethodRunner.runInSequence(MethodRunner.java:46)
at org.testng.internal.TestInvoker$MethodInvocationAgent.invoke(TestInvoker.java:824)
at org.testng.internal.TestInvoker.invokeTestMethods(TestInvoker.java:146)
at org.testng.internal.TestMethodWorker.invokeTestMethods(TestMethodWorker.java:146)
at org.testng.internal.TestMethodWorker.run(TestMethodWorker.java:128)
at java.base/java.util.ArrayList.forEach(ArrayList.java:1541)
at org.testng.TestRunner.privateRun(TestRunner.java:794)
at org.testng.TestRunner.run(TestRunner.java:596)
at org.testng.SuiteRunner.runTest(SuiteRunner.java:377)
at org.testng.SuiteRunner.runSequentially(SuiteRunner.java:371)
at org.testng.SuiteRunner.privateRun(SuiteRunner.java:332)
at org.testng.SuiteRunner.run(SuiteRunner.java:276)
at org.testng.SuiteRunnerWorker.runSuite(SuiteRunnerWorker.java:53)
at org.testng.SuiteRunnerWorker.run(SuiteRunnerWorker.java:96)
at org.testng.TestNG.runSuitesSequentially(TestNG.java:1212)
at org.testng.TestNG.runSuitesLocally(TestNG.java:1134)
at org.testng.TestNG.runSuites(TestNG.java:1063)
at org.testng.TestNG.run(TestNG.java:1031)
at org.testng.remote.AbstractRemoteTestNG.run(AbstractRemoteTestNG.java:115)
at org.testng.remote.RemoteTestNG.initAndRun(RemoteTestNG.java:293)
at org.testng.remote.RemoteTestNG.main(RemoteTestNG.java:91)
]]>
            </full-stacktrace>
          </exception> <!-- org.openqa.selenium.ElementNotInteractableException -->
          <reporter-output>
          </reporter-output>
        </test-method> <!-- teardown -->
      </class> <!-- kpmgpoc.sniperai.com_Sanity_test_classes.TC048_Rec_UtilitiesAddSupportRec -->
      <class name="kpmgpoc.sniperai.com_Sanity_test_classes.TC055_Rec_CandidatesPage">
        <test-method is-config="true" signature="SetUp()[pri:0, instance:kpmgpoc.sniperai.com_Sanity_test_classes.TC055_Rec_CandidatesPage@248e319b]" started-at="2025-01-13T16:48:00 IST" name="SetUp" finished-at="2025-01-13T16:48:13 IST" duration-ms="12643" status="PASS">
          <reporter-output>
          </reporter-output>
        </test-method> <!-- SetUp -->
        <test-method signature="CandidatesPage()[pri:0, instance:kpmgpoc.sniperai.com_Sanity_test_classes.TC055_Rec_CandidatesPage@248e319b]" started-at="2025-01-13T16:48:13 IST" name="CandidatesPage" finished-at="2025-01-13T16:48:22 IST" duration-ms="9075" status="PASS">
          <reporter-output>
          </reporter-output>
        </test-method> <!-- CandidatesPage -->
        <test-method is-config="true" signature="teardown(org.testng.ITestResult)[pri:0, instance:kpmgpoc.sniperai.com_Sanity_test_classes.TC055_Rec_CandidatesPage@248e319b]" started-at="2025-01-13T16:48:22 IST" name="teardown" finished-at="2025-01-13T16:48:24 IST" duration-ms="2299" status="PASS">
          <params>
            <param index="0">
              <value>
                <![CDATA[[TestResult name=CandidatesPage status=SUCCESS method=TC055_Rec_CandidatesPage.CandidatesPage()[pri:0, instance:kpmgpoc.sniperai.com_Sanity_test_classes.TC055_Rec_CandidatesPage@248e319b] output={null}]]]>
              </value>
            </param>
          </params>
          <reporter-output>
          </reporter-output>
        </test-method> <!-- teardown -->
      </class> <!-- kpmgpoc.sniperai.com_Sanity_test_classes.TC055_Rec_CandidatesPage -->
      <class name="kpmgpoc.sniperai.com_Sanity_test_classes.TC056_CadidatesPageActios">
        <test-method is-config="true" signature="SetUp()[pri:0, instance:kpmgpoc.sniperai.com_Sanity_test_classes.TC056_CadidatesPageActios@5d0bf09b]" started-at="2025-01-13T16:48:24 IST" name="SetUp" finished-at="2025-01-13T16:48:39 IST" duration-ms="14192" status="PASS">
          <reporter-output>
          </reporter-output>
        </test-method> <!-- SetUp -->
        <test-method signature="CandidatesPageActions()[pri:0, instance:kpmgpoc.sniperai.com_Sanity_test_classes.TC056_CadidatesPageActios@5d0bf09b]" started-at="2025-01-13T16:48:39 IST" name="CandidatesPageActions" finished-at="2025-01-13T16:48:51 IST" duration-ms="12790" status="PASS">
          <reporter-output>
          </reporter-output>
        </test-method> <!-- CandidatesPageActions -->
        <test-method is-config="true" signature="teardown(org.testng.ITestResult)[pri:0, instance:kpmgpoc.sniperai.com_Sanity_test_classes.TC056_CadidatesPageActios@5d0bf09b]" started-at="2025-01-13T16:48:51 IST" name="teardown" finished-at="2025-01-13T16:48:53 IST" duration-ms="2076" status="PASS">
          <params>
            <param index="0">
              <value>
                <![CDATA[[TestResult name=CandidatesPageActions status=SUCCESS method=TC056_CadidatesPageActios.CandidatesPageActions()[pri:0, instance:kpmgpoc.sniperai.com_Sanity_test_classes.TC056_CadidatesPageActios@5d0bf09b] output={null}]]]>
              </value>
            </param>
          </params>
          <reporter-output>
          </reporter-output>
        </test-method> <!-- teardown -->
      </class> <!-- kpmgpoc.sniperai.com_Sanity_test_classes.TC056_CadidatesPageActios -->
      <class name="kpmgpoc.sniperai.com_Sanity_test_classes.TC046_Rec_UtilitiesJobRefresh">
        <test-method is-config="true" signature="SetUp()[pri:0, instance:kpmgpoc.sniperai.com_Sanity_test_classes.TC046_Rec_UtilitiesJobRefresh@76b1e9b8]" started-at="2025-01-13T16:46:12 IST" name="SetUp" finished-at="2025-01-13T16:46:26 IST" duration-ms="14739" status="PASS">
          <reporter-output>
          </reporter-output>
        </test-method> <!-- SetUp -->
        <test-method signature="JobRefreshUtility()[pri:0, instance:kpmgpoc.sniperai.com_Sanity_test_classes.TC046_Rec_UtilitiesJobRefresh@76b1e9b8]" started-at="2025-01-13T16:46:26 IST" name="JobRefreshUtility" finished-at="2025-01-13T16:46:35 IST" duration-ms="8288" status="PASS">
          <reporter-output>
          </reporter-output>
        </test-method> <!-- JobRefreshUtility -->
        <test-method is-config="true" signature="teardown(org.testng.ITestResult)[pri:0, instance:kpmgpoc.sniperai.com_Sanity_test_classes.TC046_Rec_UtilitiesJobRefresh@76b1e9b8]" started-at="2025-01-13T16:46:35 IST" name="teardown" finished-at="2025-01-13T16:46:37 IST" duration-ms="1895" status="PASS">
          <params>
            <param index="0">
              <value>
                <![CDATA[[TestResult name=JobRefreshUtility status=SUCCESS method=TC046_Rec_UtilitiesJobRefresh.JobRefreshUtility()[pri:0, instance:kpmgpoc.sniperai.com_Sanity_test_classes.TC046_Rec_UtilitiesJobRefresh@76b1e9b8] output={null}]]]>
              </value>
            </param>
          </params>
          <reporter-output>
          </reporter-output>
        </test-method> <!-- teardown -->
      </class> <!-- kpmgpoc.sniperai.com_Sanity_test_classes.TC046_Rec_UtilitiesJobRefresh -->
      <class name="kpmgpoc.sniperai.com_Sanity_test_classes.TC020_Login_RecruiterModule">
        <test-method is-config="true" signature="SetUp()[pri:0, instance:kpmgpoc.sniperai.com_Sanity_test_classes.TC020_Login_RecruiterModule@5b1669c0]" started-at="2025-01-13T16:40:12 IST" name="SetUp" finished-at="2025-01-13T16:40:26 IST" duration-ms="13979" status="PASS">
          <reporter-output>
          </reporter-output>
        </test-method> <!-- SetUp -->
        <test-method signature="RecruiterLogin()[pri:0, instance:kpmgpoc.sniperai.com_Sanity_test_classes.TC020_Login_RecruiterModule@5b1669c0]" started-at="2025-01-13T16:40:26 IST" name="RecruiterLogin" finished-at="2025-01-13T16:40:35 IST" duration-ms="8328" status="PASS">
          <reporter-output>
          </reporter-output>
        </test-method> <!-- RecruiterLogin -->
        <test-method is-config="true" signature="teardown(org.testng.ITestResult)[pri:0, instance:kpmgpoc.sniperai.com_Sanity_test_classes.TC020_Login_RecruiterModule@5b1669c0]" started-at="2025-01-13T16:40:35 IST" name="teardown" finished-at="2025-01-13T16:40:37 IST" duration-ms="2524" status="PASS">
          <params>
            <param index="0">
              <value>
                <![CDATA[[TestResult name=RecruiterLogin status=SUCCESS method=TC020_Login_RecruiterModule.RecruiterLogin()[pri:0, instance:kpmgpoc.sniperai.com_Sanity_test_classes.TC020_Login_RecruiterModule@5b1669c0] output={null}]]]>
              </value>
            </param>
          </params>
          <reporter-output>
          </reporter-output>
        </test-method> <!-- teardown -->
      </class> <!-- kpmgpoc.sniperai.com_Sanity_test_classes.TC020_Login_RecruiterModule -->
    </test> <!-- Test -->
  </suite> <!-- Suite -->
</testng-results>
