<?xml version="1.0" encoding="UTF-8"?>
<testng-results ignored="0" total="2" passed="0" failed="2" skipped="0">
  <reporter-output>
  </reporter-output>
  <suite started-at="2026-02-06T13:42:03 IST" name="Suite" finished-at="2026-02-06T13:43:52 IST" duration-ms="108665">
    <groups>
    </groups>
    <test started-at="2026-02-06T13:42:03 IST" name="Test" finished-at="2026-02-06T13:43:51 IST" duration-ms="107974">
      <class name="LinkedIn_Test_Classes.TC001_Fetch_LinkedIn_Candidates">
        <test-method is-config="true" signature="SetUp()[pri:0, instance:LinkedIn_Test_Classes.TC001_Fetch_LinkedIn_Candidates@587e5365]" started-at="2026-02-06T13:42:03 IST" name="SetUp" finished-at="2026-02-06T13:42:10 IST" duration-ms="6972" status="PASS">
          <reporter-output>
          </reporter-output>
        </test-method> <!-- SetUp -->
        <test-method signature="JobListPageActions_Rec()[pri:0, instance:LinkedIn_Test_Classes.TC001_Fetch_LinkedIn_Candidates@587e5365]" started-at="2026-02-06T13:42:10 IST" name="JobListPageActions_Rec" finished-at="2026-02-06T13:43:50 IST" duration-ms="99599" status="FAIL">
          <exception class="java.lang.AssertionError">
            <message>
              <![CDATA[Test case failed: No notification found within timeout]]>
            </message>
            <full-stacktrace>
              <![CDATA[java.lang.AssertionError: Test case failed: No notification found within timeout
at org.testng.Assert.fail(Assert.java:111)
at LinkedIn_Test_Classes.TC001_Fetch_LinkedIn_Candidates.JobListPageActions_Rec(TC001_Fetch_LinkedIn_Candidates.java:82)
at java.base/jdk.internal.reflect.DirectMethodHandleAccessor.invoke(DirectMethodHandleAccessor.java:103)
at java.base/java.lang.reflect.Method.invoke(Method.java:580)
at org.testng.internal.invokers.MethodInvocationHelper.invokeMethod(MethodInvocationHelper.java:141)
at org.testng.internal.invokers.TestInvoker.invokeMethod(TestInvoker.java:687)
at org.testng.internal.invokers.TestInvoker.invokeTestMethod(TestInvoker.java:230)
at org.testng.internal.invokers.MethodRunner.runInSequence(MethodRunner.java:63)
at org.testng.internal.invokers.TestInvoker$MethodInvocationAgent.invoke(TestInvoker.java:995)
at org.testng.internal.invokers.TestInvoker.invokeTestMethods(TestInvoker.java:203)
at org.testng.internal.invokers.TestMethodWorker.invokeTestMethods(TestMethodWorker.java:154)
at org.testng.internal.invokers.TestMethodWorker.run(TestMethodWorker.java:134)
at java.base/java.util.ArrayList.forEach(ArrayList.java:1596)
at org.testng.TestRunner.privateRun(TestRunner.java:741)
at org.testng.TestRunner.run(TestRunner.java:616)
at org.testng.SuiteRunner.runTest(SuiteRunner.java:421)
at org.testng.SuiteRunner$SuiteWorker.run(SuiteRunner.java:463)
at org.testng.internal.thread.ThreadUtil.lambda$execute$0(ThreadUtil.java:64)
at java.base/java.util.concurrent.FutureTask.run(FutureTask.java:317)
at java.base/java.util.concurrent.ThreadPoolExecutor.runWorker(ThreadPoolExecutor.java:1144)
at java.base/java.util.concurrent.ThreadPoolExecutor$Worker.run(ThreadPoolExecutor.java:642)
at java.base/java.lang.Thread.run(Thread.java:1583)
]]>
            </full-stacktrace>
          </exception> <!-- java.lang.AssertionError -->
          <reporter-output>
          </reporter-output>
        </test-method> <!-- JobListPageActions_Rec -->
        <test-method is-config="true" signature="teardown(org.testng.ITestResult)[pri:0, instance:LinkedIn_Test_Classes.TC001_Fetch_LinkedIn_Candidates@587e5365]" started-at="2026-02-06T13:43:50 IST" name="teardown" finished-at="2026-02-06T13:43:51 IST" duration-ms="1344" status="PASS">
          <params>
            <param index="0">
              <value>
                <![CDATA[[TestResult name=JobListPageActions_Rec status=FAILURE method=TC001_Fetch_LinkedIn_Candidates.JobListPageActions_Rec()[pri:0, instance:LinkedIn_Test_Classes.TC001_Fetch_LinkedIn_Candidates@587e5365] output={null}]]]>
              </value>
            </param>
          </params>
          <reporter-output>
          </reporter-output>
        </test-method> <!-- teardown -->
      </class> <!-- LinkedIn_Test_Classes.TC001_Fetch_LinkedIn_Candidates -->
    </test> <!-- Test -->
    <test started-at="2026-02-06T13:42:03 IST" name="Test1" finished-at="2026-02-06T13:43:52 IST" duration-ms="108665">
      <class name="LinkedIn_Test_Classes.TC001_Fetch_LinkedIn_Candidates">
        <test-method is-config="true" signature="SetUp()[pri:0, instance:LinkedIn_Test_Classes.TC001_Fetch_LinkedIn_Candidates@757acd7b]" started-at="2026-02-06T13:42:03 IST" name="SetUp" finished-at="2026-02-06T13:42:10 IST" duration-ms="6618" status="PASS">
          <reporter-output>
          </reporter-output>
        </test-method> <!-- SetUp -->
        <test-method signature="JobListPageActions_Rec()[pri:0, instance:LinkedIn_Test_Classes.TC001_Fetch_LinkedIn_Candidates@757acd7b]" started-at="2026-02-06T13:42:10 IST" name="JobListPageActions_Rec" finished-at="2026-02-06T13:43:50 IST" duration-ms="100715" status="FAIL">
          <exception class="java.lang.AssertionError">
            <message>
              <![CDATA[Test case failed: No notification found within timeout]]>
            </message>
            <full-stacktrace>
              <![CDATA[java.lang.AssertionError: Test case failed: No notification found within timeout
at org.testng.Assert.fail(Assert.java:111)
at LinkedIn_Test_Classes.TC001_Fetch_LinkedIn_Candidates.JobListPageActions_Rec(TC001_Fetch_LinkedIn_Candidates.java:82)
at java.base/jdk.internal.reflect.DirectMethodHandleAccessor.invoke(DirectMethodHandleAccessor.java:103)
at java.base/java.lang.reflect.Method.invoke(Method.java:580)
at org.testng.internal.invokers.MethodInvocationHelper.invokeMethod(MethodInvocationHelper.java:141)
at org.testng.internal.invokers.TestInvoker.invokeMethod(TestInvoker.java:687)
at org.testng.internal.invokers.TestInvoker.invokeTestMethod(TestInvoker.java:230)
at org.testng.internal.invokers.MethodRunner.runInSequence(MethodRunner.java:63)
at org.testng.internal.invokers.TestInvoker$MethodInvocationAgent.invoke(TestInvoker.java:995)
at org.testng.internal.invokers.TestInvoker.invokeTestMethods(TestInvoker.java:203)
at org.testng.internal.invokers.TestMethodWorker.invokeTestMethods(TestMethodWorker.java:154)
at org.testng.internal.invokers.TestMethodWorker.run(TestMethodWorker.java:134)
at java.base/java.util.ArrayList.forEach(ArrayList.java:1596)
at org.testng.TestRunner.privateRun(TestRunner.java:741)
at org.testng.TestRunner.run(TestRunner.java:616)
at org.testng.SuiteRunner.runTest(SuiteRunner.java:421)
at org.testng.SuiteRunner$SuiteWorker.run(SuiteRunner.java:463)
at org.testng.internal.thread.ThreadUtil.lambda$execute$0(ThreadUtil.java:64)
at java.base/java.util.concurrent.FutureTask.run(FutureTask.java:317)
at java.base/java.util.concurrent.ThreadPoolExecutor.runWorker(ThreadPoolExecutor.java:1144)
at java.base/java.util.concurrent.ThreadPoolExecutor$Worker.run(ThreadPoolExecutor.java:642)
at java.base/java.lang.Thread.run(Thread.java:1583)
]]>
            </full-stacktrace>
          </exception> <!-- java.lang.AssertionError -->
          <reporter-output>
          </reporter-output>
        </test-method> <!-- JobListPageActions_Rec -->
        <test-method is-config="true" signature="teardown(org.testng.ITestResult)[pri:0, instance:LinkedIn_Test_Classes.TC001_Fetch_LinkedIn_Candidates@757acd7b]" started-at="2026-02-06T13:43:50 IST" name="teardown" finished-at="2026-02-06T13:43:52 IST" duration-ms="1282" status="PASS">
          <params>
            <param index="0">
              <value>
                <![CDATA[[TestResult name=JobListPageActions_Rec status=FAILURE method=TC001_Fetch_LinkedIn_Candidates.JobListPageActions_Rec()[pri:0, instance:LinkedIn_Test_Classes.TC001_Fetch_LinkedIn_Candidates@757acd7b] output={null}]]]>
              </value>
            </param>
          </params>
          <reporter-output>
          </reporter-output>
        </test-method> <!-- teardown -->
      </class> <!-- LinkedIn_Test_Classes.TC001_Fetch_LinkedIn_Candidates -->
    </test> <!-- Test1 -->
  </suite> <!-- Suite -->
</testng-results>
