<?xml version="1.0" encoding="UTF-8"?>
<!-- Generated by org.testng.reporters.JUnitReportReporter -->
<testsuite hostname="DESKTOP-0G0FBLN" failures="0" tests="1" name="ixceedpreprod.sniperai.com_Sanity_test_classes.TC020_Login_RecruiterModule" time="41.731" errors="0" timestamp="2024-09-11T01:12:44 IST" skipped="0">
  <testcase classname="ixceedpreprod.sniperai.com_Sanity_test_classes.TC020_Login_RecruiterModule" name="RecruiterLogin" time="41.731"/>
  <system-out/>
</testsuite> <!-- ixceedpreprod.sniperai.com_Sanity_test_classes.TC020_Login_RecruiterModule -->
