<?xml version="1.0" encoding="UTF-8"?>
<!-- Generated by org.testng.reporters.JUnitReportReporter -->
<testsuite hostname="DESKTOP-0G0FBLN" failures="0" tests="1" name="demov1.sniperai.com_Sanity_test_classes.TC017_Actions_JobsPage" time="29.425" errors="0" timestamp="2024-09-29T12:16:10 IST" skipped="0">
  <testcase classname="demov1.sniperai.com_Sanity_test_classes.TC017_Actions_JobsPage" name="JobsPageGTesting" time="29.425"/>
  <system-out/>
</testsuite> <!-- demov1.sniperai.com_Sanity_test_classes.TC017_Actions_JobsPage -->
