<?xml version="1.0" encoding="UTF-8"?>
<!-- Generated by org.testng.reporters.JUnitReportReporter -->
<testsuite hostname="DESKTOP-0G0FBLN" failures="0" tests="1" name="deloittepoc.sniperai.com_Sanity_test_classes.TC039_Rec_JobSettingsPage" time="24.474" errors="0" timestamp="2024-10-05T17:33:22 IST" skipped="0">
  <testcase classname="deloittepoc.sniperai.com_Sanity_test_classes.TC039_Rec_JobSettingsPage" name="JobSettingsPage" time="24.474"/>
  <system-out/>
</testsuite> <!-- deloittepoc.sniperai.com_Sanity_test_classes.TC039_Rec_JobSettingsPage -->
