<?xml version="1.0" encoding="UTF-8"?>
<!-- Generated by org.testng.reporters.JUnitReportReporter -->
<testsuite hostname="DESKTOP-0G0FBLN" failures="0" tests="2" name="design.sniperai.com_Sanity_test_classes.TC020_Login_RecruiterModule" time="6.205" errors="1" timestamp="2024-09-03T19:40:19 IST" skipped="1">
  <testcase classname="design.sniperai.com_Sanity_test_classes.TC020_Login_RecruiterModule" name="RecruiterLogin" time="0.000">
    <skipped/>
  </testcase> <!-- RecruiterLogin -->
  <system-out/>
  <testcase classname="design.sniperai.com_Sanity_test_classes.TC020_Login_RecruiterModule" name="SetUp" time="6.205">
    <error message="Tried to allocate an array of length 109,046,816, but the maximum length for this record type is 100,000,000.
If the file is not corrupt or large, please open an issue on bugzilla to request 
increasing the maximum allowable size for this record type.
As a temporary workaround, consider setting a higher override value with IOUtils.setByteArrayMaxOverride()" type="org.apache.poi.util.RecordFormatException">
      <![CDATA[org.apache.poi.util.RecordFormatException: Tried to allocate an array of length 109,046,816, but the maximum length for this record type is 100,000,000.
If the file is not corrupt or large, please open an issue on bugzilla to request 
increasing the maximum allowable size for this record type.
As a temporary workaround, consider setting a higher override value with IOUtils.setByteArrayMaxOverride()
at org.apache.poi.util.IOUtils.throwRFE(IOUtils.java:599)
at org.apache.poi.util.IOUtils.checkLength(IOUtils.java:276)
at org.apache.poi.util.IOUtils.toByteArray(IOUtils.java:230)
at org.apache.poi.util.IOUtils.toByteArray(IOUtils.java:203)
at org.apache.poi.openxml4j.util.ZipArchiveFakeEntry.<init>(ZipArchiveFakeEntry.java:82)
at org.apache.poi.openxml4j.util.ZipInputStreamZipEntrySource.<init>(ZipInputStreamZipEntrySource.java:98)
at org.apache.poi.openxml4j.opc.ZipPackage.<init>(ZipPackage.java:132)
at org.apache.poi.openxml4j.opc.OPCPackage.open(OPCPackage.java:312)
at org.apache.poi.ooxml.util.PackageHelper.open(PackageHelper.java:59)
at org.apache.poi.xssf.usermodel.XSSFWorkbook.<init>(XSSFWorkbook.java:289)
at org.apache.poi.xssf.usermodel.XSSFWorkbook.<init>(XSSFWorkbook.java:285)
at utility_Classes.Excel_Data_UtilityClass.readRecruiterCredentials(Excel_Data_UtilityClass.java:18)
at dev_prepod_Sanity_POM_Classes.LoginPage.fetchRecruiterCredentials(LoginPage.java:98)
at design.sniperai.com_Sanity_test_classes.A003_BaseTestClass_Rec_Design.performLogin(A003_BaseTestClass_Rec_Design.java:54)
at design.sniperai.com_Sanity_test_classes.A003_BaseTestClass_Rec_Design.SetUp(A003_BaseTestClass_Rec_Design.java:31)
at java.base/jdk.internal.reflect.NativeMethodAccessorImpl.invoke0(Native Method)
at java.base/jdk.internal.reflect.NativeMethodAccessorImpl.invoke(NativeMethodAccessorImpl.java:62)
at java.base/jdk.internal.reflect.DelegatingMethodAccessorImpl.invoke(DelegatingMethodAccessorImpl.java:43)
at java.base/java.lang.reflect.Method.invoke(Method.java:566)
at org.testng.internal.MethodInvocationHelper.invokeMethod(MethodInvocationHelper.java:133)
at org.testng.internal.MethodInvocationHelper.invokeMethodConsideringTimeout(MethodInvocationHelper.java:62)
at org.testng.internal.ConfigInvoker.invokeConfigurationMethod(ConfigInvoker.java:385)
at org.testng.internal.ConfigInvoker.invokeConfigurations(ConfigInvoker.java:321)
at org.testng.internal.TestInvoker.runConfigMethods(TestInvoker.java:700)
at org.testng.internal.TestInvoker.invokeMethod(TestInvoker.java:527)
at org.testng.internal.TestInvoker.invokeTestMethod(TestInvoker.java:173)
at org.testng.internal.MethodRunner.runInSequence(MethodRunner.java:46)
at org.testng.internal.TestInvoker$MethodInvocationAgent.invoke(TestInvoker.java:824)
at org.testng.internal.TestInvoker.invokeTestMethods(TestInvoker.java:146)
at org.testng.internal.TestMethodWorker.invokeTestMethods(TestMethodWorker.java:146)
at org.testng.internal.TestMethodWorker.run(TestMethodWorker.java:128)
at java.base/java.util.ArrayList.forEach(ArrayList.java:1541)
at org.testng.TestRunner.privateRun(TestRunner.java:794)
at org.testng.TestRunner.run(TestRunner.java:596)
at org.testng.SuiteRunner.runTest(SuiteRunner.java:377)
at org.testng.SuiteRunner.runSequentially(SuiteRunner.java:371)
at org.testng.SuiteRunner.privateRun(SuiteRunner.java:332)
at org.testng.SuiteRunner.run(SuiteRunner.java:276)
at org.testng.SuiteRunnerWorker.runSuite(SuiteRunnerWorker.java:53)
at org.testng.SuiteRunnerWorker.run(SuiteRunnerWorker.java:96)
at org.testng.TestNG.runSuitesSequentially(TestNG.java:1212)
at org.testng.TestNG.runSuitesLocally(TestNG.java:1134)
at org.testng.TestNG.runSuites(TestNG.java:1063)
at org.testng.TestNG.run(TestNG.java:1031)
at org.testng.remote.AbstractRemoteTestNG.run(AbstractRemoteTestNG.java:115)
at org.testng.remote.RemoteTestNG.initAndRun(RemoteTestNG.java:293)
at org.testng.remote.RemoteTestNG.main(RemoteTestNG.java:91)
]]>
    </error>
  </testcase> <!-- SetUp -->
  <system-out/>
</testsuite> <!-- design.sniperai.com_Sanity_test_classes.TC020_Login_RecruiterModule -->
