<?xml version="1.0" encoding="UTF-8"?>
<!-- Generated by org.testng.reporters.JUnitReportReporter -->
<testsuite hostname="DESKTOP-0G0FBLN" failures="0" tests="1" name="demov1.sniperai.com_Sanity_test_classes.TC041_Rec_LinkedInConfigPage" time="24.668" errors="0" timestamp="2025-04-23T07:27:49 IST" skipped="0">
  <testcase classname="demov1.sniperai.com_Sanity_test_classes.TC041_Rec_LinkedInConfigPage" name="LinkedInConfig" time="24.668"/>
  <system-out/>
</testsuite> <!-- demov1.sniperai.com_Sanity_test_classes.TC041_Rec_LinkedInConfigPage -->
