<?xml version="1.0" encoding="UTF-8"?>
<testng-results ignored="0" total="11" passed="11" failed="0" skipped="0">
  <reporter-output>
  </reporter-output>
  <suite started-at="2026-02-21T22:33:27 IST" name="Default suite" finished-at="2026-02-21T22:33:42 IST" duration-ms="15293">
    <groups>
    </groups>
    <test started-at="2026-02-21T22:33:27 IST" name="Default test" finished-at="2026-02-21T22:33:42 IST" duration-ms="15293">
      <class name="carts_and_orders.CartsAndOrdersMethods">
        <test-method is-config="true" signature="setup()[pri:0, instance:carts_and_orders.CartsAndOrdersMethods@77f1baf5]" started-at="2026-02-21T22:33:27 IST" name="setup" finished-at="2026-02-21T22:33:28 IST" duration-ms="585" status="PASS">
          <reporter-output>
          </reporter-output>
        </test-method> <!-- setup -->
        <test-method signature="createAndGetCart()[pri:1, instance:carts_and_orders.CartsAndOrdersMethods@77f1baf5]" started-at="2026-02-21T22:33:28 IST" name="createAndGetCart" finished-at="2026-02-21T22:33:31 IST" duration-ms="3850" status="PASS">
          <reporter-output>
          </reporter-output>
        </test-method> <!-- createAndGetCart -->
        <test-method is-config="true" signature="setup()[pri:0, instance:carts_and_orders.CartsAndOrdersMethods@77f1baf5]" started-at="2026-02-21T22:33:31 IST" name="setup" finished-at="2026-02-21T22:33:31 IST" duration-ms="1" status="PASS">
          <reporter-output>
          </reporter-output>
        </test-method> <!-- setup -->
        <test-method signature="addItemsIntoCart()[pri:2, instance:carts_and_orders.CartsAndOrdersMethods@77f1baf5]" started-at="2026-02-21T22:33:31 IST" name="addItemsIntoCart" finished-at="2026-02-21T22:33:33 IST" depends-on-methods="carts_and_orders.CartsAndOrdersMethods.createAndGetCart" duration-ms="1555" status="PASS">
          <reporter-output>
          </reporter-output>
        </test-method> <!-- addItemsIntoCart -->
        <test-method is-config="true" signature="setup()[pri:0, instance:carts_and_orders.CartsAndOrdersMethods@77f1baf5]" started-at="2026-02-21T22:33:33 IST" name="setup" finished-at="2026-02-21T22:33:33 IST" duration-ms="2" status="PASS">
          <reporter-output>
          </reporter-output>
        </test-method> <!-- setup -->
        <test-method signature="getCart()[pri:3, instance:carts_and_orders.CartsAndOrdersMethods@77f1baf5]" started-at="2026-02-21T22:33:33 IST" name="getCart" finished-at="2026-02-21T22:33:34 IST" depends-on-methods="carts_and_orders.CartsAndOrdersMethods.addItemsIntoCart" duration-ms="885" status="PASS">
          <reporter-output>
          </reporter-output>
        </test-method> <!-- getCart -->
        <test-method signature="getCartItems()[pri:4, instance:carts_and_orders.CartsAndOrdersMethods@77f1baf5]" started-at="2026-02-21T22:33:34 IST" name="getCartItems" finished-at="2026-02-21T22:33:35 IST" depends-on-methods="carts_and_orders.CartsAndOrdersMethods.addItemsIntoCart" duration-ms="1126" status="PASS">
          <reporter-output>
          </reporter-output>
        </test-method> <!-- getCartItems -->
        <test-method is-config="true" signature="setup()[pri:0, instance:carts_and_orders.CartsAndOrdersMethods@77f1baf5]" started-at="2026-02-21T22:33:34 IST" name="setup" finished-at="2026-02-21T22:33:34 IST" duration-ms="0" status="PASS">
          <reporter-output>
          </reporter-output>
        </test-method> <!-- setup -->
        <test-method signature="modifyCartItems()[pri:5, instance:carts_and_orders.CartsAndOrdersMethods@77f1baf5]" started-at="2026-02-21T22:33:35 IST" name="modifyCartItems" finished-at="2026-02-21T22:33:36 IST" depends-on-methods="carts_and_orders.CartsAndOrdersMethods.getCartItems" duration-ms="951" status="PASS">
          <reporter-output>
          </reporter-output>
        </test-method> <!-- modifyCartItems -->
        <test-method is-config="true" signature="setup()[pri:0, instance:carts_and_orders.CartsAndOrdersMethods@77f1baf5]" started-at="2026-02-21T22:33:35 IST" name="setup" finished-at="2026-02-21T22:33:35 IST" duration-ms="0" status="PASS">
          <reporter-output>
          </reporter-output>
        </test-method> <!-- setup -->
        <test-method is-config="true" signature="setup()[pri:0, instance:carts_and_orders.CartsAndOrdersMethods@77f1baf5]" started-at="2026-02-21T22:33:36 IST" name="setup" finished-at="2026-02-21T22:33:36 IST" duration-ms="1" status="PASS">
          <reporter-output>
          </reporter-output>
        </test-method> <!-- setup -->
        <test-method signature="replaceItemFromCart()[pri:6, instance:carts_and_orders.CartsAndOrdersMethods@77f1baf5]" started-at="2026-02-21T22:33:36 IST" name="replaceItemFromCart" finished-at="2026-02-21T22:33:37 IST" depends-on-methods="carts_and_orders.CartsAndOrdersMethods.getCartItems" duration-ms="1054" status="PASS">
          <reporter-output>
          </reporter-output>
        </test-method> <!-- replaceItemFromCart -->
        <test-method signature="createNewOrder()[pri:8, instance:carts_and_orders.CartsAndOrdersMethods@77f1baf5]" started-at="2026-02-21T22:33:37 IST" name="createNewOrder" finished-at="2026-02-21T22:33:38 IST" depends-on-methods="carts_and_orders.CartsAndOrdersMethods.addItemsIntoCart" duration-ms="1078" status="PASS">
          <reporter-output>
          </reporter-output>
        </test-method> <!-- createNewOrder -->
        <test-method is-config="true" signature="setup()[pri:0, instance:carts_and_orders.CartsAndOrdersMethods@77f1baf5]" started-at="2026-02-21T22:33:37 IST" name="setup" finished-at="2026-02-21T22:33:37 IST" duration-ms="0" status="PASS">
          <reporter-output>
          </reporter-output>
        </test-method> <!-- setup -->
        <test-method signature="getAllOrders()[pri:9, instance:carts_and_orders.CartsAndOrdersMethods@77f1baf5]" started-at="2026-02-21T22:33:38 IST" name="getAllOrders" finished-at="2026-02-21T22:33:39 IST" depends-on-methods="carts_and_orders.CartsAndOrdersMethods.createNewOrder" duration-ms="1037" status="PASS">
          <reporter-output>
          </reporter-output>
        </test-method> <!-- getAllOrders -->
        <test-method is-config="true" signature="setup()[pri:0, instance:carts_and_orders.CartsAndOrdersMethods@77f1baf5]" started-at="2026-02-21T22:33:38 IST" name="setup" finished-at="2026-02-21T22:33:38 IST" duration-ms="0" status="PASS">
          <reporter-output>
          </reporter-output>
        </test-method> <!-- setup -->
        <test-method signature="getSingleOrder()[pri:10, instance:carts_and_orders.CartsAndOrdersMethods@77f1baf5]" started-at="2026-02-21T22:33:39 IST" name="getSingleOrder" finished-at="2026-02-21T22:33:40 IST" depends-on-methods="carts_and_orders.CartsAndOrdersMethods.createNewOrder" duration-ms="1053" status="PASS">
          <reporter-output>
          </reporter-output>
        </test-method> <!-- getSingleOrder -->
        <test-method is-config="true" signature="setup()[pri:0, instance:carts_and_orders.CartsAndOrdersMethods@77f1baf5]" started-at="2026-02-21T22:33:39 IST" name="setup" finished-at="2026-02-21T22:33:39 IST" duration-ms="0" status="PASS">
          <reporter-output>
          </reporter-output>
        </test-method> <!-- setup -->
        <test-method is-config="true" signature="setup()[pri:0, instance:carts_and_orders.CartsAndOrdersMethods@77f1baf5]" started-at="2026-02-21T22:33:40 IST" name="setup" finished-at="2026-02-21T22:33:40 IST" duration-ms="1" status="PASS">
          <reporter-output>
          </reporter-output>
        </test-method> <!-- setup -->
        <test-method signature="updateOrder()[pri:11, instance:carts_and_orders.CartsAndOrdersMethods@77f1baf5]" started-at="2026-02-21T22:33:40 IST" name="updateOrder" finished-at="2026-02-21T22:33:41 IST" depends-on-methods="carts_and_orders.CartsAndOrdersMethods.createNewOrder" duration-ms="920" status="PASS">
          <reporter-output>
          </reporter-output>
        </test-method> <!-- updateOrder -->
        <test-method is-config="true" signature="setup()[pri:0, instance:carts_and_orders.CartsAndOrdersMethods@77f1baf5]" started-at="2026-02-21T22:33:41 IST" name="setup" finished-at="2026-02-21T22:33:41 IST" duration-ms="2" status="PASS">
          <reporter-output>
          </reporter-output>
        </test-method> <!-- setup -->
        <test-method signature="deleteOrder()[pri:13, instance:carts_and_orders.CartsAndOrdersMethods@77f1baf5]" started-at="2026-02-21T22:33:41 IST" name="deleteOrder" finished-at="2026-02-21T22:33:42 IST" depends-on-methods="carts_and_orders.CartsAndOrdersMethods.createNewOrder" duration-ms="1086" status="PASS">
          <reporter-output>
          </reporter-output>
        </test-method> <!-- deleteOrder -->
      </class> <!-- carts_and_orders.CartsAndOrdersMethods -->
    </test> <!-- Default test -->
  </suite> <!-- Default suite -->
</testng-results>
