<?xml version="1.0" encoding="UTF-8"?>
<!-- Generated by org.testng.reporters.JUnitXMLReporter -->
<testsuite ignored="0" hostname="DESKTOP-0G0FBLN" failures="0" tests="17" name="Test" time="357.476" errors="0" timestamp="2025-01-08T09:04:47 IST">
  <testcase classname="aacpoc.sniperai.com_Sanity_test_classes.TC001Open_Terms_Page" name="TermsPage" time="6.658"/>
  <testcase classname="aacpoc.sniperai.com_Sanity_test_classes.TC020_Login_RecruiterModule" name="RecruiterLogin" time="6.313"/>
  <testcase classname="aacpoc.sniperai.com_Sanity_test_classes.TC021_JobListPage_Actions" name="JobListPageActions_Rec" time="10.068"/>
  <testcase classname="aacpoc.sniperai.com_Sanity_test_classes.TC022_Rec_UserCreationPage" name="OpenUserCreationPage" time="7.799"/>
  <testcase classname="aacpoc.sniperai.com_Sanity_test_classes.TC029_Rec_RawReport_Dowload" name="DownloadRawReport" time="8.878"/>
  <testcase classname="aacpoc.sniperai.com_Sanity_test_classes.TC030_Rec_ReccomdSummaryRP_Download" name="DownloadReccomdSummaryRep" time="9.668"/>
  <testcase classname="aacpoc.sniperai.com_Sanity_test_classes.TC037_Rec_SettingsPage" name="SettingsPage" time="8.487"/>
  <testcase classname="aacpoc.sniperai.com_Sanity_test_classes.TC039_Rec_JobSettingsPage" name="JobSettingsPage" time="7.314"/>
  <testcase classname="aacpoc.sniperai.com_Sanity_test_classes.TC040_Rec_JobWizardSettings" name="JobWizardSettingsPage" time="7.426"/>
  <testcase classname="aacpoc.sniperai.com_Sanity_test_classes.TC041_Rec_LinkedInConfigPage" name="LinkedInConfig" time="10.391"/>
  <testcase classname="aacpoc.sniperai.com_Sanity_test_classes.TC042_Rec_ScoreReprePage" name="ScoreRepreConfig" time="7.403"/>
  <testcase classname="aacpoc.sniperai.com_Sanity_test_classes.TC043_Rec_VideoInterviewConfig" name="VideoInterviewConfig" time="11.463"/>
  <testcase classname="aacpoc.sniperai.com_Sanity_test_classes.TC049_Rec_RsplusCofiguratiosPage" name="RSplusCofig" time="7.434"/>
  <testcase classname="aacpoc.sniperai.com_Sanity_test_classes.TC050_Rec_RsplusReports" name="RSplusReports" time="7.234"/>
  <testcase classname="aacpoc.sniperai.com_Sanity_test_classes.TC051_RsplusCandidates" name="RSplusCadidates" time="7.448"/>
  <testcase classname="aacpoc.sniperai.com_Sanity_test_classes.TC055_Rec_CandidatesPage" name="CandidatesPage" time="8.496"/>
  <testcase classname="aacpoc.sniperai.com_Sanity_test_classes.TC056_CadidatesPageActios" name="CandidatesPageActions" time="11.203"/>
</testsuite> <!-- Test -->
